    57841.916666666664241          79200.000000000            -22069991.631            -10983925.352             -9929704.961               52.5320019            -2657.5030747             2815.0468432
    57841.927083333335759          80100.000000000            -21833339.238            -13274512.423             -7318139.076              472.5906943            -2425.4030896             2980.1048330
    57841.937500000000000          81000.000000000            -21221793.888            -15337167.794             -4580889.294              884.4359304            -2151.7163129             3093.9486858
    57841.947916666664241          81900.000000000            -20245937.354            -17136531.974             -1764983.316             1281.0140895            -1841.1510617             3154.6499782
    57841.958333333335759          82800.000000000            -18922588.708            -18641771.024              1081222.729             1655.5377005            -1499.0413904             3161.1890299
    57841.968750000000000          83700.000000000            -17274512.742            -19827099.335              3908870.512             2001.6001445            -1131.2557537             3113.4708948
    57841.979166666664241          84600.000000000            -15330028.021            -20672216.151              6669433.130             2313.2836653             -744.0969457             3012.3257934
    57841.989583333335759          85500.000000000            -13122521.414            -21162648.749              9315542.134             2585.2589303             -344.1950209             2859.4940608
    57842.000000000000000              0.000000000            -10689877.416            -21289996.765             11801794.156             2812.8745473               61.6050003             2657.5959429
    57842.010416666664241            900.000000000             -8073831.970            -21052073.800             14085523.748             2992.2351282              466.3587777             2410.0868162
    57842.020833333335759           1800.000000000             -5319261.638            -20452944.151             16127529.642             3120.2666964              863.1397601             2121.1986324
    57842.031250000000000           2700.000000000             -2473419.985            -19502854.187             17892742.493             3194.7684475             1245.1558716             1795.8685899
    57842.041666666664241           3600.000000000               414866.189            -18218059.597             19350823.101             3214.4500934             1605.8639294             1439.6562102
    57842.052083333335759           4500.000000000              3296027.515            -16620551.357             20476681.287             3178.9542385             1939.0800004             1058.6501494
    57842.062500000000000           5400.000000000              6120596.003            -14737684.845             21250906.819             3088.8634482             2239.0839801              659.3662035
    57842.072916666664241           6300.000000000              8840048.391            -12601718.055             21660105.163             2945.6918784             2500.7167664              248.6380742
    57842.083333333335759           7200.000000000             11407635.045            -10249266.268             21697132.290             2751.8615375             2719.4684943             -166.4974395
    57842.093750000000000           8100.000000000             13779180.663             -7720681.858             21361224.296             2510.6634512             2891.5564080             -578.9190788
    57842.104166666664241           9000.000000000             15913843.411             -5059369.195             20658019.204             2226.2042011             3013.9910579             -981.5417705
    57842.114583333335759           9900.000000000             17774819.604             -2311045.653             19599469.993             1903.3385183             3084.6296408            -1367.4373921
    57842.125000000000000          10800.000000000             19329981.774               477039.199             18203649.605             1547.5888211             3102.2154494            -1729.9537142
    57842.135416666664241          11700.000000000             20552438.857              3256913.328             16494450.470             1165.0528187             3066.4025618            -2062.8295367
    57842.145833333335759          12600.000000000             21421008.349              5980707.287             14501182.872              762.3005262             2977.7651076            -2360.3040184
    57842.156250000000000          13500.000000000             21920591.600              8601480.500             12258078.275              346.2622775             2837.7906718            -2617.2182118
    57842.166666666664241          14400.000000000             22042444.933             11074034.384              9803705.506              -75.8904520             2648.8576678            -2829.1068717
    57842.177083333335759          15300.000000000             21784341.029             13355697.944              7180309.380             -496.8693876             2414.1968057            -2992.2787079
    57842.187500000000000          16200.000000000             21150616.892             15407071.670              4433082.925             -909.3967532             2137.8371023            -3103.8834091
    57842.197916666664241          17100.000000000             20152106.805             17192716.185              1609385.800            -1306.3331771             1824.5372194            -3161.9639830
    57842.208333333335759          18000.000000000             18805960.793             18681772.896             -1242077.330            -1680.8037728             1479.7032544            -3165.4932262
    57842.218750000000000          18900.000000000             17135351.367             19848505.092             -4072103.764            -2026.3199403             1109.2944333            -3114.3934598
    57842.229166666664241          19800.000000000             15169073.475             20672749.367             -6831849.765            -2336.8944898              719.7184531            -3009.5390249
    57842.239583333335759          20700.000000000             12941044.697             21140268.940             -9473681.985            -2607.1478092              317.7184740            -2852.7414161
    57842.250000000000000          21600.000000000             10489714.725             21243002.323            -11952007.782            -2832.4029942              -89.7460455            -2646.7173221
    57842.260416666664241          22500.000000000              7857394.875             20979202.838            -14224069.317            -3008.7681109             -495.6223421            -2395.0402234
    57842.270833333335759          23400.000000000              5089519.947             20353466.613            -16250687.048            -3133.2040605             -892.8887851            -2102.0765531
    57842.281250000000000          24300.000000000              2233855.944             19376648.836            -17996939.312            -3203.5768513            -1274.6783721            -1772.9077420
    57842.291666666664241          25200.000000000              -660331.903             18065670.146            -19432765.982            -3218.6934284            -1634.3989697            -1413.2397405
    57842.302083333335759          26100.000000000             -3543135.760             16443217.111            -20533485.728            -3178.3205691            -1965.8481029            -1029.3018218
    57842.312500000000000          27000.000000000             -6364871.136             14537342.615            -21280218.108            -3083.1866899            -2263.3202629             -627.7366354
    57842.322916666664241          27900.000000000             -9076936.812             12380973.730            -21660203.555            -2934.9667400            -2521.7048974             -215.4835874
    57842.333333333335759          28800.000000000            -11632653.732             10011336.202            -21667016.189            -2736.2506519            -2736.5734697              200.3423135
    57842.343750000000000          29700.000000000            -13988068.371              7469306.034            -21300666.378            -2490.4960953            -2904.2542030              612.5739843
    57842.354166666664241          30600.000000000            -16102706.880              4798699.775            -20567591.846            -2201.9665192            -3021.8933681             1014.1160269
    57842.364583333335759          31500.000000000            -17940267.289              2045516.054            -19480538.088            -1875.6556886            -3087.5022172             1398.0666170
    57842.375000000000000          32400.000000000            -19469238.238              -742858.416            -18058330.696            -1517.2001073            -3099.9889094             1757.8354936
    57842.385416666664241          33300.000000000            -20663434.007             -3518464.646            -16325543.971            -1132.7808911            -3059.1750181             2087.2561087
    57842.395833333335759          34200.000000000            -21502437.136             -6233595.032            -14312071.929             -729.0167988            -2965.7964561             2380.6901133
    57842.406250000000000          35100.000000000            -21971941.460             -8841610.851            -12052609.347             -312.8502550            -2821.4888978             2633.1224880
    57842.416666666664241          36000.000000000            -22063990.144            -11297739.780             -9586051.986              108.5717035            -2628.7580251             2840.2457854
    57842.427083333335759          36900.000000000            -21777105.035            -13559840.009             -6954826.417              528.0195478            -2390.9351631             2998.5321322
    57842.437500000000000          37800.000000000            -21116305.489            -15589118.138             -4204160.982              938.3043925            -2112.1191116             3105.2918419
    57842.447916666664241          38700.000000000            -20093016.699            -17350788.901             -1381310.389             1332.4000834            -1797.1052044             3158.7177158
    57842.458333333335759          39600.000000000            -18724869.377            -18814665.743              1465252.860             1703.5621986            -1451.3028385             3157.9143544
    57842.468750000000000          40500.000000000            -17035394.476            -19955672.528              4286666.510             2045.4419894            -1080.6429060             3102.9120573
    57842.479166666664241          41400.000000000            -15053618.336            -20754267.967              7034512.096             2352.1933871             -691.4767212             2994.6651584
    57842.489583333335759          42300.000000000            -12813565.318            -21196775.913              9661640.024             2618.5713362             -290.4681630             2835.0349040
    57842.500000000000000          43200.000000000            -10353676.423            -21275616.193             12122972.404             2840.0198837              115.5191523             2626.7572408
    57842.510416666664241          44100.000000000             -7716153.774            -20989432.373             14376270.329             3012.7486398              519.5377990             2373.3961231
    57842.520833333335759          45000.000000000             -4946241.968            -20343114.486             16382852.914             3133.7964353              914.6736801             2079.2831683
    57842.531250000000000          45900.000000000             -2091458.258            -19347716.511             18108256.260             3201.0812152             1294.1624955             1749.4446894
    57842.541666666664241          46800.000000000               799215.683            -18020270.019             19522821.514             3213.4354277             1651.5036993             1389.5173051
    57842.552083333335759          47700.000000000              3676167.119            -16383497.054             20602202.339             3170.6263872             1980.5701650             1005.6534751
    57842.562500000000000          48600.000000000              6489997.052            -14465426.897             21327783.373             3073.3612971             2275.7118533              604.4184354
    57842.572916666664241          49500.000000000              9192362.586            -12298922.833             21687002.662             2923.2768316             2531.8518675              192.6801151
    57842.583333333335759          50400.000000000             11736803.004             -9921126.466             21673572.470             2722.9133711             2744.5733776             -222.5062919
    57842.593750000000000          51300.000000000             14079535.846             -7372828.445             21287594.469             2475.6741895             2910.1960029             -634.0173414
    57842.604166666664241          52200.000000000             16180209.671             -4697775.684             20535566.873             2185.7700918             3025.8403585            -1034.7821111
    57842.614583333335759          53100.000000000             18002600.699             -1941926.251             19430282.805             1858.1502074             3089.4796022            -1417.9028345
    57842.625000000000000          54000.000000000             19515241.271               847335.890             17990620.874             1498.4198629             3099.9769662            -1776.7734460
    57842.635416666664241          54900.000000000             20691969.010              3622013.300             16241230.759             1112.7466801             3057.1084333            -2105.1940508
    57842.645833333335759          55800.000000000             21512386.673              6334320.944             14212118.344              707.7562822             2961.5699180            -2397.4793188
    57842.656250000000000          56700.000000000             21962224.064              8937511.413             11938136.783              290.4192209             2814.9685501            -2648.5588177
    57842.666666666664241          57600.000000000             22033594.911             11386685.082              9458391.612             -132.0690292             2619.7979293            -2854.0673659
    57842.677083333335759          58500.000000000             21725143.382             13639570.832              6815569.727             -552.4129592             2379.3975169            -3010.4235922
    57842.687500000000000          59400.000000000             21042076.838             15657263.269              4055203.585             -963.3445645             2097.8966593            -3114.8950570
    57842.697916666664241          60300.000000000             19996083.481             17404902.931              1224883.382            -1357.7511723             1780.1440713            -3165.6485133
    57842.708333333335759          61200.000000000             18605135.756             18852286.928             -1626568.867            -1728.8011161             1431.6239503            -3161.7841632
    57842.718750000000000          62100.000000000             16893182.520             19974398.608             -4449948.564            -2070.0648096             1058.3602097            -3103.3530916
    57842.729166666664241          63000.000000000             14889735.224             20751846.343             -7196525.694            -2375.6288316              666.8106146            -2991.3574236
    57842.739583333335759          63900.000000000             12629355.410             21171203.257             -9818894.324            -2640.2007664              263.7528467            -2827.7331322
    57842.750000000000000          64800.000000000             10151052.797             21225241.588            -12271798.917            -2859.2027480             -143.8352871            -2615.3158186
    57842.760416666664241          65700.000000000              7497604.936             20913057.494            -14512922.445            -3028.8519131             -548.8991650            -2357.7901615
    57842.770833333335759          66600.000000000              4714810.925             20240084.180            -16503622.032            -3146.2262733             -944.4317870            -2059.6240852
    57842.781250000000000          67500.000000000              1850692.844             19217993.423            -18209598.971            -3209.3148552            -1323.5969602            -1725.9890081
    57842.791666666664241          68400.000000000             -1045340.542             17864487.666            -19601491.307            -3217.0513054            -1679.8489275            -1362.6677965
    57842.802083333335759          69300.000000000             -3923352.705             16202986.859            -20655378.719            -3169.3305137            -2007.0462639             -975.9522552
    57842.812500000000000          70200.000000000             -6733745.540             14262216.146            -21353191.184            -3067.0081465            -2299.5580312             -572.5321447
    57842.822916666664241          71100.000000000             -9428117.511             12075702.167            -21683014.720            -2911.8833082            -2552.3603877             -159.3778124
    57842.833333333335759          72000.000000000            -11960098.784              9681187.324            -21639289.426            -2706.6648409            -2761.1220648              256.3814143
    57842.843750000000000          72900.000000000            -14286148.944              7119972.631            -21222896.978            -2454.9220429            -2922.2773650              667.5809160
    57842.854166666664241          73800.000000000            -16366303.726              4436200.912            -20441136.683            -2161.0208239            -3033.0855712             1067.1444086
    57842.864583333335759          74700.000000000            -18164858.188              1676092.982            -19307591.066            -1830.0465289            -3091.6759023             1448.2054199
    57842.875000000000000          75600.000000000            -19650974.943             -1112849.900            -17841883.870            -1467.7148476            -3097.0773968             1804.2245950
    57842.885416666664241          76500.000000000            -20799207.445             -3882663.519            -16069335.081            -1080.2723939            -3049.2333448             2129.1009082
    57842.895833333335759          77400.000000000            -21589929.787             -6585744.191            -14020519.278             -674.3886810            -2949.0001386             2417.2749714
    57842.906250000000000          78300.000000000            -22009666.094             -9175664.221            -11730735.207             -257.0413409            -2798.1306557             2663.8227700
    57842.916666666664241          79200.000000000            -22051314.299            -11607965.577             -9239395.866              164.6034663            -2599.2425290             2864.5383169
    57842.927083333335759          80100.000000000            -21714260.877            -13840918.424             -6589349.693              583.3134381            -2355.7719085             3016.0038979
    57842.937500000000000          81000.000000000            -21004384.949            -15836231.816             -3826144.547              991.9132539            -2071.9135477             3115.6467920
    57842.947916666664241          81900.000000000            -19933952.006            -17559704.703              -997247.064             1383.4063771            -1752.5482770             3161.7815767
    57842.958333333335759          82800.000000000            -18521399.381            -18981806.458              1848769.313             1751.0935036            -1403.1591328             3153.6373748
    57842.968750000000000          83700.000000000            -16791017.354            -20078177.352              4663053.912             2088.6856968            -1029.7375949             3091.3696601
    57842.979166666664241          84600.000000000            -14772531.535            -20830040.791              7397312.015             2390.4103504             -638.6815431             2976.0564998
    57842.989583333335759          85500.000000000            -12500593.760            -21224520.633             10004627.714             2651.1082642             -236.6866644             2809.6793794
    57843.000000000000000              0.000000000            -10014190.193            -21254858.507             12440262.700             2866.3202819              169.3668664             2595.0890067
