    57841.916666666664241          79200.000000000             16073269.610             18672514.912             -9965810.466              287.6573166             1259.0905367             2815.2382159
    57841.927083333335759          80100.000000000             16296373.369             19667560.353             -7353762.756              200.8788391              951.6600338             2980.9826043
    57841.937500000000000          81000.000000000             16421995.615             20386116.912             -4615419.347               71.3079057              646.2673798             3095.4976565
    57841.947916666664241          81900.000000000             16412636.683             20834275.830             -1797826.821              -98.5085138              352.3016976             3156.8434617
    57841.958333333335759          82800.000000000             16233868.292             21026334.214              1050629.675             -304.3125734               78.5522546             3163.9893161
    57841.968750000000000          83700.000000000             15855808.307             20984105.808              3881053.147             -540.2906551             -167.1183844             3116.8298997
    57841.979166666664241          84600.000000000             15254428.274             20735953.108              6644869.053             -799.2887074             -378.0647556             3016.1858837
    57841.989583333335759          85500.000000000             14412643.064             20315578.716              9294653.136            -1073.0795255             -549.1014399             2863.7890382
    57842.000000000000000              0.000000000             13321140.377             19760622.919             11784939.016            -1352.6717281             -676.6893770             2662.2521727
    57842.010416666664241            900.000000000             11978917.783             19111121.777             14072992.090            -1628.6486286             -759.0585483             2415.0244804
    57842.020833333335759           1800.000000000             10393506.126             18407885.244             16119536.978            -1891.5240925             -796.2624603             2126.3330862
    57842.031250000000000           2700.000000000              8580870.081             17690857.788             17889426.518            -2132.1018622             -790.1624433             1801.1118000
    57842.041666666664241           3600.000000000              6564988.874             16997524.567             19352241.312            -2341.8247184             -744.3424396             1444.9182505
    57842.052083333335759           4500.000000000              4377132.323             16361424.439             20482809.970            -2513.1002420             -663.9575694             1063.8407302
    57842.062500000000000           5400.000000000              2054858.896             15810826.989             21261641.410            -2639.5908219             -555.5222543              664.3962076
    57842.072916666664241           6300.000000000              -359226.950             15367624.499             21675261.992            -2716.4568784             -426.6459533              253.4210774
    57842.083333333335759           7200.000000000             -2818911.715             15046481.631             21716451.672            -2740.5440050             -285.7265427             -162.0436911
    57842.093750000000000           8100.000000000             -5275950.212             14854275.813             21384374.925            -2710.5067946             -141.6129964             -574.8712576
    57842.104166666664241           9000.000000000             -7681723.919             14789850.245             20684603.781            -2626.8644652               -3.2502110             -977.9696471
    57842.114583333335759           9900.000000000             -9988917.753             14844089.509             19629031.987            -2491.9859272              120.6804304            -1364.4026279
    57842.125000000000000          10800.000000000            -12153151.645             15000315.415             18235681.048            -2310.0045861              222.1109339            -1727.5087881
    57842.135416666664241          11700.000000000            -14134504.837             15234988.312             16528400.644            -2086.6658369              293.9134540            -2061.0168257
    57842.145833333335759          12600.000000000            -15898874.608             15518687.266             14536467.755            -1829.1127975              330.1911682            -2359.1550475
    57842.156250000000000          13500.000000000            -17419117.291             15817331.495             12294090.574            -1545.6182493              326.5217858            -2616.7530902
    57842.166666666664241          14400.000000000            -18675927.535             16093595.940              9839825.113            -1245.2729032              280.1439582            -2829.3339243
    57842.177083333335759          15300.000000000            -19658421.768             16308465.967              7215914.067             -937.6419032              190.0790176            -2993.1943112
    57842.187500000000000          16200.000000000            -20364403.157             16422870.528              4467559.092             -632.4028229               57.1829613            -3105.4720362
    57842.197916666664241          17100.000000000            -20800297.695             16399329.748              1642139.092             -338.9792509             -115.8736629            -3164.1984572
    57842.208333333335759          18000.000000000            -20980763.924             16203552.023             -1211611.731              -66.1843283             -324.6974588            -3168.3351815
    57842.218750000000000          18900.000000000            -20927991.627             15805917.552             -4044451.352              178.1117102             -563.3320792            -3117.7939989
    57842.229166666664241          19800.000000000            -20670717.057             15182789.488             -6807487.597              387.2768433             -824.4801764            -3013.4395649
    57842.239583333335759          20700.000000000            -20242993.596             14317600.547             -9453030.410              556.1637249            -1099.7787436            -2857.0747059
    57842.250000000000000          21600.000000000            -19682766.289             13201671.789            -11935423.156              681.2975585            -1380.1170228            -2651.4086136
    57842.260416666664241          22500.000000000            -19030306.531             11834730.779            -14211837.833              760.9980004            -1655.9844447            -2400.0085751
    57842.270833333335759          23400.000000000            -18326568.602             10225108.185            -16243019.789              795.4303743            -1917.8348743            -2107.2362412
    57842.281250000000000          24300.000000000            -17611532.730              8389604.604            -17993968.617              786.5843263            -2156.4528200            -1778.1697550
    57842.291666666664241          25200.000000000            -16922599.733              6353032.309            -19434543.178              738.1809563            -2363.3072386            -1418.5133287
    57842.302083333335759          26100.000000000            -16293100.077              4147449.376            -20539980.275              655.5123037            -2530.8791181            -1034.4960740
    57842.312500000000000          27000.000000000            -15750975.485              1811115.591            -21291318.166              545.2197259            -2652.9501269             -632.7620558
    57842.322916666664241          27900.000000000            -15317684.240              -612789.644            -21675717.954              415.0200710            -2724.8412104             -220.2536431
    57842.333333333335759          28800.000000000            -15007372.401             -3077638.141            -21686677.778              273.3905489            -2743.5920257              195.9096994
    57842.343750000000000          29700.000000000            -14826342.605             -5534955.978            -21324136.673              129.2247423            -2708.0744532              608.5550209
    57842.354166666664241          30600.000000000            -14772840.410             -7936097.386            -20594466.908               -8.5267483            -2619.0360020             1010.5797489
    57842.364583333335759          31500.000000000            -14837165.725            -10233925.496            -19510355.526             -131.2170131            -2479.0716388             1395.0737044
    57842.375000000000000          32400.000000000            -15002104.227            -12384435.899            -18090577.656             -230.8509034            -2292.5253233             1755.4372385
    57842.385416666664241          33300.000000000            -15243661.279            -14348261.347            -16359665.996             -300.4070239            -2065.3252095             2085.4935454
    57842.395833333335759          34200.000000000            -15532069.216            -16092000.627            -14347482.512             -334.1212649            -1804.7589908             2379.5933257
    57842.406250000000000          35100.000000000            -15833028.355            -17589321.498            -12088700.028             -327.7210145            -1519.1981258             2632.7101063
    57842.416666666664241          36000.000000000            -16109133.184            -18821796.379             -9622202.817             -278.6011183            -1217.7816058             2840.5246794
    57842.427083333335759          36900.000000000            -16321428.097            -19779439.725             -6990416.605             -185.9349110             -910.0714371             2999.4973054
    57842.437500000000000          37800.000000000            -16431032.176            -20460927.557             -4238579.541              -50.7161504             -605.6930629             3106.9265286
    57842.447916666664241          38700.000000000            -16400769.965            -20873491.727             -1413966.616              124.2696579             -313.9744900             3160.9936779
    57842.458333333335759          39600.000000000            -16196744.991            -21032494.016              1434919.270              334.5433563              -43.5979081             3160.7923730
    57842.468750000000000          40500.000000000            -15789795.112            -20960697.316              4259175.869              574.0958053              197.7229240             3106.3426104
    57842.479166666664241          41400.000000000            -15156773.349            -20687262.689              7010335.825              835.6107939              403.5272607             2998.5892718
    57842.489583333335759          42300.000000000            -14281604.565            -20246511.546              9641192.586             1110.7386106              568.8431379             2839.3851619
    57842.500000000000000          43200.000000000            -13156077.012            -19676501.005             12106604.216             1390.4097941              690.3654292             2631.4589384
    57842.510416666664241          44100.000000000            -11780337.869            -19017467.564             14364261.767             1665.1770830              766.5695037             2378.3685409
    57842.520833333335759          45000.000000000            -10163073.185            -18310199.149             16375409.513             1925.5725449              797.7562586             2084.4409484
    57842.531250000000000          45900.000000000             -8321364.654            -17594398.221             18105505.188             2162.4663200              786.0269039             1754.6992891
    57842.541666666664241          46800.000000000             -6280227.915            -16907098.895             19524809.382             2367.4133748              735.1885279             1394.7785050
    57842.552083333335759          47700.000000000             -4071849.118            -16281198.937             20608894.379             2532.9751199              650.5940831             1010.8309161
    57842.562500000000000          48600.000000000             -1734547.967            -15744163.082             21339064.011             2653.0036920              538.9228923              609.4231602
    57842.572916666664241          49500.000000000               688494.165            -15316947.606             21702677.463             2722.8780845              407.9100179              197.4260874
    57842.583333333335759          50400.000000000              3150693.511            -15013187.700             21693371.435             2739.6830861              266.0347680             -218.1007140
    57842.593750000000000          51300.000000000              5603655.810            -14838679.171             21311176.627             2702.3241027              122.1801819             -630.0280035
    57842.604166666664241          52200.000000000              7998840.890            -14791174.844             20562526.094             2611.5733054              -14.7235296            -1031.2777559
    57842.614583333335759          53100.000000000             10289237.033            -14860503.972             19460154.735             2470.0451045             -136.0579370            -1414.9439116
    57842.625000000000000          54000.000000000             12430981.609            -15029010.600             18022890.889             2282.1016027             -233.8639196            -1774.4110604
    57842.635416666664241          54900.000000000             14384866.249            -15272294.478             16275342.786             2053.6913413             -301.1642899            -2103.4690685
    57842.645833333335759          55800.000000000             16117668.990            -15560226.357             14247484.412             1792.1272283             -332.2488912            -2396.4216456
    57842.656250000000000          56700.000000000             17603262.209            -15858198.689             11974147.147             1505.8119237             -322.9108979            -2648.1868657
    57842.666666666664241          57600.000000000             18823453.579            -16128563.422              9494425.260             1203.9210691             -270.6248571            -2854.3877182
    57842.677083333335759          58500.000000000             19768527.454            -16332201.002              6851005.103              896.0564820             -174.6592168            -3011.4308727
    57842.687500000000000          59400.000000000             20437465.606            -16430159.287              4089429.328              591.8827174              -36.1186185            -3116.5720102
    57842.697916666664241          60300.000000000             20837838.671            -16385298.098              1257308.908              300.7611618              142.0860088            -3167.9662925
    57842.708333333335759          61200.000000000             20985372.568            -16163874.569             -1596503.142               31.3960143              355.3386487            -3164.7028233
    57842.718750000000000          62100.000000000             20903206.915            -15737006.663             -4422761.531             -208.4938818              597.4869193            -3106.8222794
    57842.729166666664241          63000.000000000             20620874.632            -15081956.791             -7172686.562             -412.4643766              861.0718156            -2995.3172514
    57842.739583333335759          63900.000000000             20173042.994            -14183184.478             -9798814.498             -575.5850636             1137.6094971            -2832.1152214
    57842.750000000000000          64800.000000000             19598065.790            -13033126.092            -12255824.884             -694.6185985             1417.9140370            -2620.0444921
    57842.760416666664241          65700.000000000             18936403.707            -11632670.394            -14501329.787             -768.1332467             1692.4484021            -2362.7837645
    57842.770833333335759          66600.000000000             18228975.209             -9991310.658            -16496610.683             -796.5443186             1951.6898221            -2064.7964096
    57842.781250000000000          67500.000000000             17515502.790             -8126966.872            -18207289.788             -782.0830131             2186.4951637            -1731.2507944
    57842.791666666664241          68400.000000000             16832919.494             -6065484.498            -19603924.020             -728.6940961             2388.4519804            -1367.9282863
    57842.802083333335759          69300.000000000             16213898.074             -3839828.898            -20662511.292             -641.8666661             2550.2015388             -981.1207662
    57842.812500000000000          70200.000000000             15685560.075             -1489006.397            -21364900.590             -528.4048837             2665.7212977             -577.5196401
    57842.822916666664241          71100.000000000             15268414.904               943246.474            -21699099.116             -396.1478650             2730.5559684             -164.0984381
    57842.833333333335759          72000.000000000             14975569.762              3409955.183            -21659471.686             -253.6498793             2741.9883515              252.0088530
    57842.843750000000000          72900.000000000             14812240.576              5862523.539            -21246829.526             -109.8334663             2699.1435275              663.6315612
    57842.854166666664241          73800.000000000             14775582.227              8252412.279            -20468407.523               26.3709306             2603.0225781             1063.6860657
    57842.864583333335759          74700.000000000             14854843.923             10532815.790            -19337730.916              146.3847720             2456.4647480             1445.2974022
    57842.875000000000000          75600.000000000             15031842.902             12660273.083            -17874374.271              242.3267257             2264.0396948             1801.9167175
    57842.885416666664241          76500.000000000             15281737.338             14596151.855            -16103617.335              307.3301395             2031.8741428             2127.4326459
    57842.895833333335759          77400.000000000             15574067.831             16307949.486            -14056004.067              335.8204825             1767.4197412             2416.2747963
    57842.906250000000000          78300.000000000             15874026.526             17770361.957            -11766812.726              323.7421344             1479.1711470             2663.5076772
    57842.916666666664241          79200.000000000             16143904.216             18966080.667             -9275446.289              268.7258819             1176.3452223             2864.9135469
    57842.927083333335759          80100.000000000             16344659.057             19886287.611             -6624753.804              170.1907719              868.5336918             3017.0628591
    57842.937500000000000          81000.000000000             16437545.858             20530830.987             -3860294.346               29.3765087              565.3425862             3117.3711845
    57842.947916666664241          81900.000000000             16385742.761             20908075.516             -1029556.179             -150.6947526              276.0322727             3164.1417141
    57842.958333333335759          82800.000000000             16155912.239             21034434.231              1818855.601             -365.3256602                9.1718155             3156.5926989
    57842.968750000000000          83700.000000000             15719635.965             20933600.609              4636049.181             -608.3157765             -227.6791648             3094.8694382
    57842.979166666664241          84600.000000000             15054668.017             20635511.325              7373679.924             -872.1918892             -428.2490481             2980.0406939
    57842.989583333335759          85500.000000000             14145957.846             20175080.158              9984774.078            -1148.4876697             -587.7826377             2814.0796706
    57843.000000000000000              0.000000000             12986403.308             19590752.175             12424528.553            -1428.0619672             -703.2108341             2599.8299596
