   57842.000000000000        0.0000000000000000       -10689877.415373385       -21289996.769422937        11801794.154034551        2812.7283944356254        61.527364913182510        2657.7212691403956     
   57842.010416666664        900.00000000000000       -8073831.9689457305       -21052073.803049054        14085523.744285636        2992.0938334180846        466.29747251460435        2410.2363474811759     
   57842.020833333336        1800.0000000000000       -5319261.6365108946       -20452944.151136663        16127529.638624797        3120.1332379032738        863.09571070772790        2121.3699404890258     
   57842.031250000000        2700.0000000000000       -2473419.9831966637       -19502854.184726886        17892742.489298463        3194.6447291660297        1245.1299246548883        1796.0586413580327     
   57842.041666666664        3600.0000000000000        414866.18939409917       -18218059.593920235        19350823.096540295        3214.3384343029329        1605.8564328704276        1439.8618246004139     
   57842.052083333328        4500.0000000000000        3296027.5161111774       -16620551.352049537        20476681.282630756        3178.8565002921514        1939.0911515738521        1058.8677880778203     
   57842.062500000000        5400.0000000000000        6120596.0041204989       -14737684.837896695        21250906.814404923        3088.7813303615321        2239.1135642979661        659.59214530679344     
   57842.072916666664        6300.0000000000000        8840048.3930009790       -12601718.047974797        21660105.158816103        2945.6268055861096        2500.7642789522092        248.86845023676810     
   57842.083333333336        7200.0000000000000        11407635.047109095       -10249266.259259678        21697132.286210869        2751.8146400123296        2719.5331256891150       -166.26657810697884     
   57842.093750000000        8100.0000000000000        13779180.663317148       -7720681.8509742059        21361224.292646784        2510.6355546084715        2891.6370587755032       -578.69169453262975     
   57842.104166666672        9000.0000000000000        15913843.411072480       -5059369.1867937846        20658019.202005066        2226.1958030886040        3014.0863532048320       -981.32177294675319     
   57842.114583333336        9900.0000000000000        17774819.603887670       -2311045.6453818982        19599469.992827144        1903.3497778647425        3084.7379525466813       -1367.2285684706230     
   57842.125000000000        10800.000000000000        19329981.772464797        477039.20533775742        18203649.607514240        1547.6195588922492        3102.3349299309602       -1729.7596698803686     
   57842.135416666664        11700.000000000000        20552438.853832170        3256913.3324963157        16494450.474115390        1165.1025193824532        3066.5311697830966       -2062.6536252679375     
   57842.145833333336        12600.000000000000        21421008.345252544        5980707.2921859119        14501182.878048146        762.36834119487776        2977.9006358795332       -2360.1492875649315     
   57842.156250000000        13500.000000000000        21920591.595158011        8601480.5021597780        12258078.281902380        346.34704306251456        2837.9307966522802       -2617.0873482166699     
   57842.166666666664        14400.000000000000        22042444.928054739        11074034.385689158        9803705.5149600562       -75.790196939978841        2648.9999815500769       -2829.0021510221359     
   57842.177083333328        15300.000000000000        21784341.023549017        13355697.943853395        7180309.3902193140       -496.75537402443985        2414.3388570174288       -2992.2019579360817     
   57842.187500000000        16200.000000000000        21150616.888090163        15407071.669420952        4433082.9355574530       -909.27095570347103        2137.9764389405464       -3103.8359722502883     
   57842.197916666664        17100.000000000000        20152106.800846852        17192716.183395091        1609385.8113070228       -1306.1977747077513        1824.6714333457198       -3161.9466937484071     
   57842.208333333336        18000.000000000000        18805960.787999094        18681772.894578002       -1242077.3180435207       -1680.6611133312681        1479.8300228668202       -3165.5063944156082     
   57842.218750000000        18900.000000000000        17135351.363080170        19848505.088438857       -4072103.7518908605       -2026.1724955416798        1109.4115591065929       -3114.4368651194964     
   57842.229166666672        19800.000000000000        15169073.469602091        20672749.364596501       -6831849.7537578167       -2336.7448170437037        719.82390219858326       -3009.6119204851557     
   57842.239583333336        20700.000000000000        12941044.691529287        21140268.937169116       -9473681.9746712483       -2606.9984988505839        317.81041452414206       -2852.8425391256014     
   57842.250000000000        21600.000000000000        10489714.720568310        21243002.319379907       -11952007.772739081       -2832.2566304804900       -89.669211544445261       -2646.8449202544903     
   57842.260416666664        22500.000000000000        7857394.8694273653        20979202.833294049       -14224069.308916749       -3008.6272216432435       -495.56194918353401       -2395.1920821493331     
   57842.270833333336        23400.000000000000        5089519.9391856091        20353466.610392500       -16250687.040406153       -3133.0710771012828       -892.84588418536703       -2102.2500380943152     
   57842.281250000000        24300.000000000000        2233855.9344831659        19376648.832962684       -17996939.306037590       -3203.4540627461447       -1274.6537072446733       -1773.0998468088651     
   57842.291666666664        25200.000000000000       -660331.91200462321        18065670.143502101       -19432765.978528515       -3218.5829445734466       -1634.3929670958257       -1413.4471353309561     
   57842.302083333328        26100.000000000000       -3543135.7693058499        16443217.108780125       -20533485.725413959       -3178.2242858223635       -1965.8608656244376       -1029.5209147221990     
   57842.312500000000        27000.000000000000       -6364871.1458497597        14537342.613249637       -21280218.105901990       -3083.1062532827909       -2263.3515637308615       -627.96363973980476     
   57842.322916666664        27900.000000000000       -9076936.8207636867        12380973.729631694       -21660203.552810244       -2934.9035235155720       -2521.7541898427057       -215.71458407925292     
   57842.333333333336        28800.000000000000       -11632653.740377484        10011336.202608595       -21667016.188221235       -2736.2057306044435       -2736.6398956366625        200.11131062147976     
   57842.343750000000        29700.000000000000       -13988068.379694115        7469306.0350835035       -21300666.377580162       -2490.4702273533426       -2904.3366061812230        612.34695284732140     
   57842.354166666672        30600.000000000000       -16102706.888604051        4798699.7764181010       -20567591.845566202       -2201.9601371886824       -3021.9903188848566        1013.8968721774152     
   57842.364583333336        31500.000000000000       -17940267.298108112        2045516.0560775294       -19480538.087453317       -1875.6688898316104       -3087.6120337281882        1397.8591020049716     
   57842.375000000000        32400.000000000000       -19469238.246173486       -742858.41212835244       -18058330.695687767       -1517.2326547467953       -3100.1096904402802        1757.6431780885580     
   57842.385416666664        33300.000000000000       -20663434.015629690       -3518464.6412610570       -16325543.971177815       -1132.8322168030966       -3059.3046783869527        2087.0822874601167     
   57842.395833333336        34200.000000000000       -21502437.143867444       -6233595.0263813389       -14312071.929340830       -729.08601711897927       -2965.9327570278360        2380.5377577509021     
   57842.406250000000        35100.000000000000       -21971941.468261082       -8841610.8444571644       -12052609.347281331       -312.93617208847604       -2821.6294896823947        2632.9941996158532     
   57842.416666666664        36000.000000000000       -22063990.152328432       -11297739.773133848       -9586051.9876782894        108.47056229388454       -2628.9004897650789        2840.1437528841966     
   57842.427083333328        36900.000000000000       -21777105.043263633       -13559840.002437593       -6954826.4189650547        527.90491844368103       -2391.0770504265224        2998.4580916161140     
   57842.437500000000        37800.000000000000       -21116305.495446481       -15589118.131267279       -4204160.9844322298        938.17823770225073       -2112.2579866691212        3105.2470469133386     
   57842.447916666664        38700.000000000000       -20093016.704310924       -17350788.894587800       -1381310.3927302924        1332.2645611848789       -1797.2386855795614        3158.7029254351814     
   57842.458333333336        39600.000000000000       -18724869.381455008       -18814665.738290381        1465252.8566958590        1703.4196295441902       -1451.4286404479053        3157.9298100719220     
   57842.468750000000        40500.000000000000       -17035394.479188304       -19955672.523524649        4286666.5047919983        2045.2948095982356       -1080.7588762810017        3102.9574861860474     
   57842.479166666672        41400.000000000000       -15053618.338266378       -20754267.963937849        7034512.0909796562        2352.0441152714434       -691.58087728834039        2994.7397789360848     
   57842.489583333336        42300.000000000000       -12813565.318151962       -21196775.909867264        9661640.0191745255        2618.4225251776916       -290.55872956363510        2835.1374336432423     
   57842.500000000000        43200.000000000000       -10353676.421909926       -21275616.191370204        12122972.399132079        2839.8740778412057        115.44372100924545        2626.8859249965262     
   57842.510416666664        44100.000000000000       -7716153.7725134529       -20989432.370569408        14376270.324691307        3012.6083391581915        519.47878740962381        2373.5487616823452     
   57842.520833333336        45000.000000000000       -4946241.9633539198       -20343114.483262170        16382852.909360705        3133.6640442551529        914.63209287534255        2079.4571500845591     
   57842.531250000000        45900.000000000000       -2091458.2530457191       -19347716.506950963        18108256.254200693        3200.9590062497564        1294.1390379132902        1749.6370442899715     
   57842.541666666664        46800.000000000000        799215.68844978802       -18020270.013765689        19522821.509110920        3213.3255039445185        1651.4987696518303        1389.7247444823845     
   57842.552083333328        47700.000000000000        3676167.1250355458       -16383497.047901560        20602202.332643688        3170.5306428127797        1980.5838455433682        1005.8724524617772     
   57842.562500000000        48600.000000000000        6489997.0594738806       -14465426.891007410        21327783.366847917        3073.2813872474817        2275.7439111903227        604.64520573235814     
   57842.572916666664        49500.000000000000        9192362.5942501891       -12298922.826830862        21687002.655031893        2923.2141441610484        2531.9017567280989        192.91079307493663     
   57842.583333333336        50400.000000000000        11736803.013700921       -9921126.4585602134        21673572.463147596        2722.8689957352367        2744.6402483221596       -222.27565902019532     
   57842.593750000000        51300.000000000000        14079535.854947085       -7372828.4381365059        21287594.463261828        2475.6489086050424        2910.2787155629767       -633.79071541138160     
   57842.604166666672        52200.000000000000        16180209.681422476       -4697775.6777131576        20535566.867773715        2185.7643568006292        3025.9375049098553       -1034.5633891460873     
   57842.614583333336        53100.000000000000        18002600.708165415       -1941926.2464959715        19430282.800251491        1858.1641308790154        3089.5895230953288       -1417.6957824088918     
   57842.625000000000        54000.000000000000        19515241.278995525        847335.89279423677        17990620.871293236        1498.4532221849129        3100.0977859675340       -1776.5816400757640     
   57842.635416666664        54900.000000000000        20691969.017467849        3622013.3010836807        16241230.757399794        1112.7989120390960        3057.2380856511554       -2105.0208079976383     
   57842.645833333336        55800.000000000000        21512386.679869626        6334320.9441443346        14212118.343802210        707.82649344341314        2961.7061786621271       -2397.3276398602743     
   57842.656250000000        56700.000000000000        21962224.069537688        8937511.4107963089        11938136.783944514        290.50620571304012        2815.1090830167941       -2648.4313377246804     
   57842.666666666664        57600.000000000000        22033594.915530253        11386685.077394255        9458391.6147383135       -131.96677006967866        2619.9403163157413       -2853.9663046469805     
   57842.677083333328        58500.000000000000        21725143.386584155        13639570.825888699        6815569.7317627259       -552.29719295968027        2379.5393061649634       -3010.3507130299922     
   57842.687500000000        59400.000000000000        21042076.841552008        15657263.261785539        4055203.5903885132       -963.21729540758542        2098.0354012669422       -3114.8516363892018     
   57842.697916666664        60300.000000000000        19996083.485462543        17404902.921099391        1224883.3873944939       -1357.6146062875575        1780.2773690315564       -3165.6353158793981     
   57842.708333333336        61200.000000000000        18605135.759380233        18852286.918647941       -1626568.8618965719       -1728.6576197261691        1431.7494940936958       -3161.8014271577331     
   57842.718750000000        62100.000000000000        16893182.524755403        19974398.595402475       -4449948.5585880643       -2069.9168717740104        1058.4758213772607       -3103.4005258951624     
   57842.729166666672        63000.000000000000        14889735.228182305        20751846.329655621       -7196525.6893615723       -2375.4790157619400        666.91428945279847       -2991.4342103134231     
   57842.739583333336        63900.000000000000        12629355.415644353        21171203.242621172       -9818894.3194312025       -2640.0516658905026        263.84278199666574       -2827.8379427539653     
   57842.750000000000        64800.000000000000        10151052.802343797        21225241.573766258       -12271798.913868638       -2859.0569437298873       -143.76065657989227       -2615.4468338665201     
   57842.760416666664        65700.000000000000        7497604.9404394254        20913057.479157027       -14512922.442813808       -3028.7119209976781       -548.84113547371089       -2357.9451090828848     
   57842.770833333336        66600.000000000000        4714810.9286596049        20240084.165252451       -16503622.031303134       -3146.0945100387762       -944.39136668193214       -2059.8002780296329     
   57842.781250000000        67500.000000000000        1850692.8467426153        19217993.408862159       -18209598.972394377       -3209.1935874119536       -1323.5748510562282       -1726.1833902934345     
   57842.791666666664        68400.000000000000       -1045340.5395174881        17864487.652191635       -19601491.309590176       -3216.9426166853518       -1679.8455113375639       -1362.8769989303075     
   57842.802083333328        69300.000000000000       -3923352.7027683137        16202986.846704088       -20655378.722380944       -3169.2362690039490       -2007.0615975375786       -976.17265781705100     
   57842.812500000000        70200.000000000000       -6733745.5384132676        14262216.134161467       -21353191.189079057       -3066.9299560548798       -2299.5918445356797       -572.75993704592372     
   57842.822916666664        71100.000000000000       -9428117.5099660046        12075702.156501051       -21683014.725913879       -2911.8225057908840       -2552.4120896494178       -159.60906131810373     
   57842.833333333336        72000.000000000000       -11960098.782822549        9681187.3141718302       -21639289.431741558       -2706.6224604137810       -2761.1907551712643        256.15069840175363     
   57842.843750000000        72900.000000000000       -14286148.942165554        7119972.6227543158       -21222896.983718250       -2454.8987986885104       -2922.3618479265433        667.35470386297061     
   57842.854166666672        73800.000000000000       -16366303.724751497        4436200.9052413087       -20441136.688853215       -2161.0171046773639       -3033.1843819390351        1066.9265920496448     
   57842.864583333336        74700.000000000000       -18164858.187321324        1676092.9757374390       -19307591.070674140       -1830.0623858486335       -3091.7873275106990        1447.9997389560301     
   57842.875000000000        75600.000000000000       -19650974.942344029       -1112849.9043721443       -17841883.875211973       -1467.7499988178474       -3097.1995064557796        1804.0345775240112     
   57842.885416666664        76500.000000000000       -20799207.445735242       -3882663.5210338482       -16069335.084256079       -1080.3262267660571       -3049.3640311864156        2128.9298063159245     
   57842.895833333336        77400.000000000000       -21589929.787567779       -6585744.1923292689       -14020519.281403091       -674.46026481037393       -2949.1371462963884        2417.1257120286409     
   57842.906250000000        78300.000000000000       -22009666.094396327       -9175664.2202986870       -11730735.209687933       -257.12944495771785       -2798.2716222290701        2663.6979022177343     
   57842.916666666664        79200.000000000000       -22051314.299159531       -11607965.573895965       -9239395.8688839767        164.50035601686716       -2599.3850319853700        2864.4399671362407     
   57842.927083333328        80100.000000000000       -21714260.877439234       -13840918.420275474       -6589349.6965391291        583.19709091020775       -2355.9134979239961        3015.9337408601600     
   57842.937500000000        81000.000000000000       -21004384.948058650       -15836231.811402084       -3826144.5498818886        991.78566141532724       -2072.0517914819493        3115.6060167602918     
   57842.947916666664        81900.000000000000       -19933952.005244873       -17559704.697796416       -997247.06769016467        1383.2697231177003       -1752.6808082528496        3161.7708698381093     
   57842.958333333336        82800.000000000000       -18521399.378259908       -18981806.453979101        1848769.3097523698        1750.9501276452811       -1403.2836804895044        3153.6569102429744     
   57842.968750000000        83700.000000000000       -16791017.350315291       -20078177.347195186        4663053.9074593550        2088.5380474221497       -1029.8520287798665        3091.4190932910133     
   57842.979166666672        84600.000000000000       -14772531.530674573       -20830040.787243716        7397312.0118300030        2390.2609585843607       -638.78390817213631        2976.1349912372038     
   57842.989583333336        85500.000000000000       -12500593.754345268       -21224520.628465019        10004627.710259458        2650.9596571539978       -236.77522886552015        2809.7855117128588     
