   1.0000000000000000        0.0000000000000000        0.0000000000000000        0.0000000000000000        0.0000000000000000        0.0000000000000000     
   0.0000000000000000        1.0000000000000000        0.0000000000000000        0.0000000000000000        0.0000000000000000        0.0000000000000000     
   0.0000000000000000        0.0000000000000000        1.0000000000000000        0.0000000000000000        0.0000000000000000        0.0000000000000000     
   1.0016593577107291      -6.48844391859370023E-003  1.07974628457004687E-002   900.65844937897657       -1.9484751136310554        3.2747249090170336     
 -6.48502223051716613E-003  0.99556071718036887      -6.87215474890724536E-003  -1.9479611128324299        898.60438542661473       -1.9802916399903241     
  1.07928521081160182E-002 -6.87284146735756517E-003   1.0028533403903177        3.2740322892727596       -1.9803947972858331        900.75040724430278     
   1.0114090110523544      -2.59547403155703238E-002  4.41280496221856042E-002   1809.3983928752539       -15.404069843041114        26.776587677571452     
 -2.58455914805144696E-002  0.98082911609026224      -2.54240638163596849E-002  -15.371189168968439        1787.4633105312521       -13.932097313106167     
  4.39809693992428696E-002 -2.54459689884069390E-002   1.0089239148889231        26.732280084778587       -13.938696115733453        1803.5594813969924     
   1.0370140348795611      -5.79554719575673394E-002  0.10087709712083671        2745.9665318759780       -50.263327467791555        90.872018646980763     
 -5.71333415453358570E-002  0.95407244483835296      -5.26217558575207411E-002  -49.890363754839150        2653.4496373767524       -40.683279777068876     
  9.97692468477115041E-002 -5.27867465673921774E-002   1.0146785102463309        90.369432589376316       -40.758128156140188        2703.7416429537511     
   1.0867194315881437      -0.10161545688142132       0.18138564431359233        3742.6583479976730       -112.61835048032981        213.23550280654550     
 -9.81964828473247675E-002  0.91408835901458718      -8.55104609969908752E-002  -110.53949776882790        3480.7602307486286       -81.971284587560561     
  0.17677839960372241      -8.61965931461556867E-002   1.0168737372152570        210.43411050830639       -82.388474754426667        3589.6295806435655     
   1.1687456509725127      -0.15582475261132933       0.28561618218870011        4842.7236965555303       -202.94930661484858        406.03955087871697     
 -0.14558099718562700       0.86018590583588528      -0.12117924047453309       -195.11283261508143        4252.3565056852349       -133.48882049526426     
  0.27181203163338841      -0.12323497172332730        1.0125342055511211        395.47923054264317       -135.06145807910539        4443.6887082316916     
   1.2906984868540103      -0.21941326411093656       0.41327218060029264        6097.2610719965696       -314.97640865165619        673.73106797544574     
 -0.19451992164352619       0.79212818924415029      -0.15669909758700062       -291.94487158862046        4951.6523716943748       -188.35643576935328     
  0.37972635083793232      -0.16169469560496894       0.99888014607017794        642.69367568826431       -192.97845209193619        5244.3198792720823     
   1.4589302737704235      -0.29128536410259148       0.56385508929236572        7560.7483107334556       -435.31268696114489        1011.6154660951995     
 -0.23902302170687992       0.71004463324612832      -0.18904775111748612       -378.37991508232221        5564.3050590257553       -238.88661815160361     
  0.49342652966159822      -0.19953573957684212       0.97321893439383134        934.89165769862007       -250.31209447494089        5968.2064375699101     
   1.6778972290847887      -0.37050060257512862       0.73664900770710062        9285.4906641444413       -543.99417345079360        1405.4094183701791     
 -0.27207210890735212       0.61432350084102283      -0.21503632741027129       -420.14772686915239        6079.9468861229743       -278.47294753044378     
  0.60400577402240041      -0.23478896489444870       0.93281922728246103        1238.5093939852443       -303.32725096253188        6593.0073506825065     
   1.9495626148508098      -0.45629173027679404       0.93063108949487106        11315.386990078843       -615.88789079956837        1831.8444398705390     
 -0.28591904848358851       0.50549723300600957      -0.23125392480042811       -371.79936059925046        6493.6916704503792       -303.41945776587880     
  0.70103303242014936      -0.26544454079454372       0.87478911405364179        1502.8984076412323       -352.40566813859817        7100.1575604922173     
   2.2728963301828671      -0.54801751614843774        1.1443143324183784        13679.508365788901       -622.89651797359124        2260.3123051655002     
 -0.27247478095927058       0.38413399248982988      -0.23404512354040016       -178.27535911445153        6807.2598730287827       -314.52266004366481     
  0.77298367315407790      -0.28934196608825802       0.79598040084799992        1661.1132162254560       -403.75598550073488        7477.5149567820172     
   2.6435181132038261      -0.64505466237393050        1.3755378830236147        16386.039092647865       -536.79934074390951        2655.4475369771149     
 -0.22376923919964498       0.25074836671629708      -0.21953300626295680        222.41628773219875        7029.5919670911944       -318.23322185069992     
  0.80779535364024269      -0.30407914699086175       0.69293964306868105        1632.2744302852416       -470.60841706168736        7721.5942599777200     
   3.0535236861943278      -0.74663985530203458        1.6212274636103576        19417.139178729984       -332.50019219065820        2980.4510066777661     
 -0.13245472561037108       0.10574246275229833      -0.18369624819921918        895.53456122170917        7176.8585618645038       -327.25590169036548     
  0.79351983561230011      -0.30695680044651269       0.56192280548632678        1325.4558089778097       -573.73113710375537        7839.1531848211089     
   3.4915213580640034      -0.85167893127343786        1.8771541457313570        22725.245713397690        8.5978102832552707        3200.8815407403526     
  7.68007865157285807E-003 -5.06142819198803218E-002 -0.12250364638627301        1905.1689594906677        7271.8254722053716       -360.49289062082170     
  0.71903183064317633      -0.29497153806032433       0.39898469909896001        644.90770831949817       -741.16070996736767        7847.9445658389450     
   3.9428917184759267      -0.95854461968008742        2.1377227385330193        26231.239246520563        495.39766013595045        3288.5878670931338     
  0.20122112541005766      -0.21816210011088935      -3.21035571296516692E-002   3309.3288842098314        7342.5877704089989       -442.29324630344132     
  0.57474914530126131      -0.26486655601448400       0.20014710549474213       -503.69700400409238       -1007.1071135443108        7776.5159853197929     
   4.3902664223249586       -1.0648868184708433        2.3958210748889117        29824.767145771577        1124.3997271436749        3225.4277016096016     
  0.45070054646485574      -0.39678466009650787       9.09403138902686037E-002   5154.9122271505630        7420.7435155994635       -601.03420415246967     
  0.35331523085962796      -0.21324330916896483      -3.83585574195962065E-002  -2206.4120530142109       -1410.0686224119820        7663.0197766291030     
   4.8142052204483239       -1.1674795337726500        2.6427583344200940        33366.850770623380        1877.7547545379362        3006.4276727090896     
  0.75626106362136336      -0.58630410200817651       0.24938084814704201        7472.9334410287911        7539.1296608564371       -867.12256330290597     
  5.01961544284629940E-002 -0.13673142567274910      -0.31978623636434883       -4534.0490980833192       -1990.2656577247051        7553.0832595320690     
   5.1940349475424146       -1.2621264047994176        2.8683144669244642        36694.722714109223        2722.2983170683610        2642.0769577499350     
   1.1154396012525982      -0.78634606311329114       0.44500569111376959        10274.385317698250        7729.2843382921428       -1270.5597669052972     
 -0.33585101278707663      -3.22080439733650331E-002 -0.64652734813587764       -7535.6068945762472       -2786.5682255323122        7496.8730844276315     
   5.5088015942582551       -1.3436423348963220        3.0609143316860310        39628.661660628022        3609.7094303145541        2159.5152325909530     
   1.5230882000329413      -0.99618684212823783       0.67836305346620096        13547.069959743656        8018.8271488578284       -1838.2571615773404     
 -0.80247279579390951       0.10294764945253182       -1.0197450703556565       -11232.597778042118       -3833.1421708396765        7545.5602869377863     
   5.7382780113539491       -1.4059225978260390        3.2079301682591761        41980.432573616075        4477.8456350809493        1602.4650139523385     
   1.9714406188800933       -1.2145971607612398       0.94851752437916403        17253.666837016470        8428.9596550726164       -2591.3140897353992     
  -1.3435999174575162       0.27058308931131941       -1.4390193761256180       -15614.712172167667       -5156.0702680327304        7747.4470645879328     
   5.8639659172431591       -1.4421035052974247        3.2961054386122841        43562.813552138046        5253.2120154214881        1029.8607399846205     
   2.4503227439899735       -1.4396979481872496        1.2528573245913823        21331.216136423787        8972.2812663455879       -3542.4786918331715     
  -1.9495238210419963       0.47150517905166189       -1.9020323488280269       -20637.166483667897       -6770.2124770838382        8144.0474954913234     
   5.8700318970173919       -1.4448110270619887        3.3120829375452248        44199.608366297703        5854.4312184204591        513.23202832350057     
   2.9474950325905298       -1.6688431352937929        1.5869716153049174        25692.092630341151        9651.0922533544181       -4693.9993987047092     
  -2.6071654617100677       0.70523900988124988       -2.4043217296675783       -26219.957588388668       -8676.5552989072694        8766.4201535087541     
   5.7441226852442293       -1.4064863782132406        3.2430112798040795        43735.511005468019        6196.5036969510529        132.99673608128563     
   3.4491065496775302       -1.8985426837506918        1.9446121129445848        30226.438681328789        10456.318480750257       -6036.0458714542328     
  -3.3005198679080734       0.96983300443862741       -2.9391267105430274       -32249.110046730992       -10860.265172832009        9632.0312837210877     
   5.4780144872419267       -1.3197711850460498        3.0771971746131848        42045.205931594064        6195.5884131974808       -26.097705754997818     
   3.9402333782074672       -2.1244362024909051        2.3177477748973909        34805.924178248963        11367.145539500492       -7545.8350078051826     
  -4.0112489019839304        1.2617282053694769       -3.4973441174671867       -38579.862822478732       -13289.609302309436        10742.385796169956     
   5.0680633792525160       -1.1779299260134721        2.8047667766112219        39041.150706986387        5773.9981537473959        119.91498957220708     
   4.4054697353057453       -2.3413238272684005        2.6967152321135668        39288.614305576506        12351.397869332230       -9187.5450844182578     
  -4.7193861537808512        1.5757052250958719       -4.0676059219530964       -45041.612486589322       -15915.844503514107        12081.604643487584     
