   55727.000000000000        0.0000000000000000      -3.61561709790256952E-002  6.81072222988259174E-002 -8.78332257848956910E-002 -0.15221845538726742      -1.74869388194718589E-002  0.16376977557652916     
   55727.010416666664        900.00000000000000      -2.70542491537034795E-002  5.69933137600704409E-002 -6.75164868642473825E-002 -0.15839327055011621      -1.92312195541084058E-002  0.14895712703503131     
   55727.020833333336        1800.0000000000000      -2.11746880265008854E-002  4.12155319098182690E-002 -5.61960797126875022E-002 -0.16475610585775696      -1.96345829610966305E-002  0.13164523103338355     
   55727.031250000000        2700.0000000000000      -1.93234085217739819E-002  2.67046837710669879E-002 -4.43115454362492181E-002 -0.17120879676414899      -1.83972493267106629E-002  0.11197970118095724     
   55727.041666666664        3600.0000000000000      -1.94418366674272217E-002  1.32349504803058408E-002 -3.39435361445317857E-002 -0.17690437129048497      -1.58377058997353354E-002  9.01760569434192361E-002
   55727.052083333328        4500.0000000000000      -2.16819371127827433E-002  7.83929390657044090E-004 -2.41354771899010209E-002 -0.18189345266001414      -1.19408572301859875E-002  6.68280212843817140E-002
   55727.062500000000        5400.0000000000000      -2.50292102558130093E-002 -9.44126383616586060E-003 -1.46209342411092250E-002 -0.18558790483951643      -7.09544932590585459E-003  4.21783785723045673E-002
   55727.072916666664        6300.0000000000000      -2.81754219779244974E-002 -1.62871104023062964E-002 -6.62090529326655151E-003 -0.18781178728953926      -1.61808709759772226E-003  1.67007821943837391E-002
   55727.083333333336        7200.0000000000000      -3.18863939225352694E-002 -2.19653221628773286E-002  2.52288089024596887E-003 -0.18842092913755962       4.09705911367326796E-003 -9.15636527782381394E-003
   55727.093750000000        8100.0000000000000      -3.55959977237868402E-002 -2.47294447794689405E-002  7.96431638932889284E-003 -0.18738306917767522       9.63615434509131064E-003 -3.49237480130475883E-002
   55727.104166666672        9000.0000000000000      -3.84983975204798434E-002 -2.44939358486502626E-002  1.30238884807446897E-002 -0.18477869383528311       1.45914636447018256E-002 -6.01326982503758850E-002
   55727.114583333336        9900.0000000000000      -3.96699242345637040E-002 -2.25343904716247476E-002  1.67945242404492281E-002 -0.18080388752557403       1.85962795800735936E-002 -8.43225259986737918E-002
   55727.125000000000        10800.000000000000      -4.07833961365054176E-002 -1.94650939725175415E-002  2.12998731200305103E-002 -0.17574252321659961       2.13480321366753822E-002 -0.10705194726459767     
   55727.135416666664        11700.000000000000      -3.93842086578211625E-002 -1.51303262082557958E-002  2.19893162950233340E-002 -0.16995968496516986       2.26315320843341744E-002 -0.12789932731485246     
   55727.145833333336        12600.000000000000      -3.68292480627241542E-002 -1.05216045296956419E-002  2.23690260968278758E-002 -0.16386753320021441       2.23337564520302428E-002 -0.14648311770752684     
   55727.156250000000        13500.000000000000      -3.25182458685129572E-002 -5.03547098520635162E-003  1.86674123586032560E-002 -0.15789882885348813       2.04542650612945659E-002 -0.16246232283194390     
   55727.166666666664        14400.000000000000      -2.77104715137099222E-002 -6.79018697341723411E-004  1.54073770161994514E-002 -0.15247082196037851       1.71039336527811364E-002 -0.17555071393477892     
   55727.177083333328        15300.000000000000      -2.10801801798467456E-002  3.20396482161935080E-003  8.41039582272646094E-003 -0.14795997764870786       1.24980389554888299E-002 -0.18552005669806840     
   55727.187500000000        16200.000000000000      -1.32400844328866563E-002  3.81353109611004722E-003 -8.04279111216433390E-004 -0.14467419994672798       6.94267750472658124E-003 -0.19219575739508116     
   55727.197916666664        17100.000000000000      -4.98991409777260753E-003  4.96013671647803009E-003 -1.22021626214116278E-002 -0.14283002936937159       8.08423425750114805E-004 -0.19547631107120361     
   55727.208333333336        18000.000000000000       2.82635127492782308E-003  3.23038482796316829E-003 -2.73700859386368164E-002 -0.14253560834821821      -5.49337853558502613E-003 -0.19531874678933445     
   55727.218750000000        18900.000000000000       1.10297498165960149E-002 -4.60786189238763036E-004 -4.40533429061222143E-002 -0.14378797037874974      -1.15375117658720328E-002 -0.19174739097139029     
   55727.229166666672        19800.000000000000       1.96324135490891991E-002 -7.96084054414959892E-003 -6.43237103868986443E-002 -0.14647662783043980      -1.69167979852094946E-002 -0.18484969305406315     
   55727.239583333336        20700.000000000000       2.66597300611468406E-002 -1.62581826530035362E-002 -8.61266678804542413E-002 -0.15038908676387147      -2.12692903155099339E-002 -0.17477056900774213     
   55727.250000000000        21600.000000000000       3.15739769736160802E-002 -2.58901907515931354E-002 -0.11053723721616439      -0.15522554007520190      -2.43077565665843903E-002 -0.16171087014830221     
