   54202.000000000000        0.0000000000000000      -4.04867287725210190E-002  9.62169468402862549E-003  2.95513775199651718E-003  1.65481928888766561E-005 -3.26211113588215085E-006  1.61832476806011982E-005
   54202.010416666664        900.00000000000000      -4.80522247962653637E-002  5.54242730140686035E-003  6.74501061439514160E-005  2.31851645366987213E-005 -3.63763138011563569E-006  1.14546987788344268E-005
   54202.020833333336        1800.0000000000000      -5.14461635611951351E-002  2.00236961245536804E-003  3.61138582229614258E-003  3.17175695272453595E-005 -3.81602490051591303E-006  4.59884631709428504E-006
   54202.031250000000        2700.0000000000000      -5.15901518519967794E-002 -1.92015618085861206E-003  7.29425996541976929E-003  3.96320756408385932E-005 -3.61099068868497852E-006 -2.18730065171257593E-006
   54202.041666666664        3600.0000000000000      -5.21828290075063705E-002 -5.14346361160278320E-003  1.15069393068552017E-002  4.67974955427052919E-005 -3.51404514731257223E-006 -9.04420085134916008E-006
   54202.052083333328        4500.0000000000000      -5.16096297651529312E-002 -7.89689272642135620E-003  1.50186605751514435E-002  5.31202640559058636E-005 -3.28546502714743838E-006 -1.56098399202164728E-005
   54202.062500000000        5400.0000000000000      -5.20152170211076736E-002 -1.12439692020416260E-002  1.92084312438964844E-002  5.87664630984363612E-005 -3.28775195157504641E-006 -2.19631765503436327E-005
   54202.072916666664        6300.0000000000000      -5.07925059646368027E-002 -1.44151840358972549E-002  2.25260853767395020E-002  6.33055933576542884E-005 -3.02440457744523883E-006 -2.79817079444910632E-005
   54202.083333333336        7200.0000000000000      -4.93180863559246063E-002 -1.72044057399034500E-002  2.61832550168037415E-002  6.67498720758885611E-005 -2.75182674158713780E-006 -3.34291430590383243E-005
   54202.093750000000        8100.0000000000000      -4.54321224242448807E-002 -1.85490306466817856E-002  2.89168804883956909E-002  6.88583322698832490E-005 -2.27252758122631349E-006 -3.82913726753031369E-005
   54202.104166666672        9000.0000000000000      -4.20773196965456009E-002 -2.20345715060830116E-002  3.16032692790031433E-002  7.01588921856455272E-005 -1.88855801752652042E-006 -4.24227127098220080E-005
   54202.114583333336        9900.0000000000000      -3.73725984245538712E-002 -2.29348931461572647E-002  3.40387411415576935E-002  6.98741445148698404E-005 -1.38835184770869091E-006 -4.58470889270756743E-005
   54202.125000000000        10800.000000000000      -3.27485222369432449E-002 -2.29061455465853214E-002  3.68223488330841064E-002  6.83568453041516477E-005 -9.60262696025893092E-007 -4.85110592762794113E-005
   54202.135416666664        11700.000000000000      -2.65085548162460327E-002 -2.35800761729478836E-002  3.80975082516670227E-002  6.57092659253066813E-005 -3.54950316250324249E-007 -5.02433581459627021E-005
   54202.145833333336        12600.000000000000      -2.08345092833042145E-002 -2.45752260088920593E-002  3.93565930426120758E-002  6.20772397610380722E-005  2.22549715545028448E-007 -5.11414416450861609E-005
   54202.156250000000        13500.000000000000      -1.39926895499229431E-002 -2.30155475437641144E-002  4.05852179974317551E-002  5.71433507730034762E-005  7.83682935434626415E-007 -5.11552652824320830E-005
   54202.166666666664        14400.000000000000      -8.14948603510856628E-003 -2.25337762385606766E-002  4.10000495612621307E-002  5.13059657123449142E-005  1.32691684484598227E-006 -5.03054593536944594E-005
   54202.177083333328        15300.000000000000      -6.37598335742950439E-004 -2.06337273120880127E-002  4.02405019849538803E-002  4.44761403741722461E-005  1.93813139048870653E-006 -4.84900042465596925E-005
   54202.187500000000        16200.000000000000       6.68059475719928741E-003 -1.88180617988109589E-002  4.01266887784004211E-002  3.70472114354924997E-005  2.54343694905401208E-006 -4.58335753137362190E-005
   54202.197916666664        17100.000000000000       1.39930527657270432E-002 -1.66246406733989716E-002  3.84920919314026833E-002  2.88730855118046748E-005  3.05845128423243295E-006 -4.24646441388176754E-005
   54202.208333333336        18000.000000000000       2.13743783533573151E-002 -1.41748338937759399E-002  3.64890680648386478E-002  2.01542795821296750E-005  3.59976525032834616E-006 -3.83732285627047531E-005
   54202.218750000000        18900.000000000000       2.59785652160644531E-002 -9.90113988518714905E-003  3.32948719151318073E-002  1.10368850982922595E-005  3.84394093089213129E-006 -3.35236550199624617E-005
   54202.229166666672        19800.000000000000       3.27542470768094063E-002 -6.05660676956176758E-003  3.03783444687724113E-002  1.74965452970354818E-006  4.24398035647755023E-006 -2.81500883829721715E-005
   54202.239583333336        20700.000000000000       3.90427811071276665E-002 -1.91067904233932495E-003  2.64736339449882507E-002 -7.65438835514942184E-006  4.56787012126369518E-006 -2.22935377678368241E-005
   54202.250000000000        21600.000000000000       4.24011307768523693E-002  2.55381688475608826E-003  2.24479315802454948E-002 -1.67634666468075011E-005  4.65509248215312255E-006 -1.61533762366161682E-005
   54202.260416666664        22500.000000000000       4.68713890295475721E-002  5.80825284123420715E-003  1.77023727446794510E-002 -2.56287830779911019E-005  4.76579441510693869E-006 -9.66485094977542758E-006
   54202.270833333336        23400.000000000000       4.91236026864498854E-002  1.02855637669563293E-002  1.25943664461374283E-002 -3.41219083566102199E-005  4.70014629172510467E-006 -2.95116160486941226E-006
   54202.281250000000        24300.000000000000       5.11939609423279762E-002  1.37863717973232269E-002  6.94957002997398376E-003 -4.18864342464075889E-005  4.48172022515791468E-006  3.74198771169176325E-006
   54202.291666666664        25200.000000000000       5.31222634017467499E-002  1.74695588648319244E-002  2.03603878617286682E-003 -4.89229360027820803E-005  4.34730827691964805E-006  1.02955154943629168E-005
   54202.302083333328        26100.000000000000       5.28959641233086586E-002  2.10178345441818237E-002 -3.45627591013908386E-003 -5.51051698494120501E-005  3.91756520912167616E-006  1.68001224665204063E-005
   54202.312500000000        27000.000000000000       5.28191495686769485E-002  2.37584039568901062E-002 -8.98480415344238281E-003 -6.03509870416019112E-005  3.56955251845647581E-006  2.29705303809168981E-005
   54202.322916666664        27900.000000000000       5.16950152814388275E-002  2.52192262560129166E-002 -1.52037590742111206E-002 -6.44103579361399170E-005  3.10940231429412961E-006  2.87633768039086135E-005
   54202.333333333336        28800.000000000000       5.02498950809240341E-002  2.72872820496559143E-002 -1.97556503117084503E-002 -6.76594058859336656E-005  2.68485655396943912E-006  3.40113928132268484E-005
   54202.343750000000        29700.000000000000       4.71471045166254044E-002  2.82165063545107841E-002 -2.49628089368343353E-002 -6.94095765538804699E-005  2.09777681448031217E-006  3.88405831586169370E-005
   54202.354166666672        30600.000000000000       4.47705220431089401E-002  2.94917616993188858E-002 -2.96312794089317322E-002 -7.03116054410202196E-005  1.67348207469331101E-006  4.29303606495068379E-005
   54202.364583333336        31500.000000000000       4.18717060238122940E-002  2.96760556520894170E-002 -3.43746170401573181E-002 -6.98481355811964022E-005  1.22615483633126132E-006  4.62819256199509255E-005
   54202.375000000000        32400.000000000000       3.77220511436462402E-002  2.86605404689908028E-002 -3.74858006834983826E-002 -6.81536433830842725E-005  6.57985765428747982E-007  4.88563036924460903E-005
   54202.385416666664        33300.000000000000       3.32971848547458649E-002  2.70387092605233192E-002 -4.02922928333282471E-002 -6.52733539254768402E-005  1.06075276562478393E-007  5.06344597397401230E-005
   54202.395833333336        34200.000000000000       2.92468816041946411E-002  2.56223399192094803E-002 -4.30488213896751404E-002 -6.15089705888749450E-005 -2.78465904557378963E-007  5.15184644882538123E-005
   54202.406250000000        35100.000000000000       2.43850760161876678E-002  2.48434524983167648E-002 -4.50262241065502167E-002 -5.67912771316514409E-005 -7.14686393621377647E-007  5.16627983415673953E-005
   54202.416666666664        36000.000000000000       2.00705789029598236E-002  2.22280621528625488E-002 -4.60109785199165344E-002 -5.09690455601230497E-005 -1.00309762274264358E-006  5.08447460561001208E-005
   54202.427083333328        36900.000000000000       1.34866610169410706E-002  2.01017335057258606E-002 -4.62142843753099442E-002 -4.44390490201840294E-005 -1.51059748532134108E-006  4.92112503707176074E-005
   54202.437500000000        37800.000000000000       7.87146389484405518E-003  1.79506912827491760E-002 -4.64071799069643021E-002 -3.72917913864512229E-005 -1.80139704752946272E-006  4.67380823465646245E-005
   54202.447916666664        38700.000000000000       2.36418657004833221E-003  1.55349746346473694E-002 -4.44115698337554932E-002 -2.94721457976265810E-005 -2.09423546948528383E-006  4.35348815699398983E-005
   54202.458333333336        39600.000000000000      -3.09733487665653229E-003  1.32592618465423584E-002 -4.34001069515943527E-002 -2.12003744763933355E-005 -2.25336589210201055E-006  3.96220266338787042E-005
   54202.468750000000        40500.000000000000      -9.28059965372085571E-003  1.05135068297386169E-002 -4.09906937275081873E-002 -1.25675219351251144E-005 -2.54328165283368435E-006  3.50719392372411676E-005
   54202.479166666672        41400.000000000000      -1.60025916993618011E-002  7.93292745947837830E-003 -3.79660185426473618E-002 -3.80769461116869934E-006 -2.76014793598733377E-006  2.98419699902296998E-005
   54202.489583333336        42300.000000000000      -2.18496462330222130E-002  5.26900216937065125E-003 -3.37596288882195950E-002  5.05351727042580023E-006 -2.87080382577187265E-006  2.41843167714250740E-005
   54202.500000000000        43200.000000000000      -2.76315379887819290E-002  1.80512666702270508E-003 -3.02454819902777672E-002  1.39109633892076090E-005 -3.01557679449615534E-006  1.81576742761535570E-005
   54202.510416666664        44100.000000000000      -3.21788154542446136E-002 -7.52985477447509766E-004 -2.51704249531030655E-002  2.23955148612731136E-005 -2.99499015454784967E-006  1.17563454296032432E-005
   54202.520833333336        45000.000000000000      -3.75152705237269402E-002 -3.93651425838470459E-003 -1.98763106018304825E-002  3.06603024000651203E-005 -3.05309708892309573E-006  5.21334413861040957E-006
   54202.531250000000        45900.000000000000      -4.16361419484019279E-002 -6.55628368258476257E-003 -1.46946888417005539E-002  3.82802868443832267E-005 -2.99292059935396537E-006 -1.34490801428910345E-006
   54202.541666666664        46800.000000000000      -4.57894708961248398E-002 -9.98144969344139099E-003 -8.99525359272956848E-003  4.54293681286799256E-005 -2.85362011709366925E-006 -8.01130272520822473E-006
   54202.552083333328        47700.000000000000      -4.81111342087388039E-002 -1.22098177671432495E-002 -3.05212289094924927E-003  5.16328777848684695E-005 -2.59466878560488112E-006 -1.44804646424745442E-005
   54202.562500000000        48600.000000000000      -5.06748612970113754E-002 -1.47645585238933563E-002  3.08158993721008301E-003  5.70562760913162492E-005 -2.40126792050432414E-006 -2.05945777906890726E-005
   54202.572916666664        49500.000000000000      -5.23341372609138489E-002 -1.75853967666625977E-002  8.84344428777694702E-003  6.14186983511899598E-005 -2.13660905501456000E-006 -2.65076973846589681E-005
   54202.583333333336        50400.000000000000      -5.33943064510822296E-002 -2.02178750187158585E-002  1.40182785689830780E-002  6.50795257115532877E-005 -1.89012871487648226E-006 -3.18753001238292200E-005
   54202.593750000000        51300.000000000000      -5.30187524855136871E-002 -2.18205628916621208E-002  1.93336568772792816E-002  6.71991101626190357E-005 -1.52633128891466185E-006 -3.66636424473654188E-005
   54202.604166666672        52200.000000000000      -5.04627879709005356E-002 -2.40696948021650314E-002  2.47834138572216034E-002  6.83318339724792168E-005 -9.37864115257980302E-007 -4.09426102123688906E-005
   54202.614583333336        53100.000000000000      -4.82741761952638626E-002 -2.45240327203646302E-002  2.92095467448234558E-002  6.81214764881588053E-005 -5.00776422995841131E-007 -4.43466640263068257E-005
   54202.625000000000        54000.000000000000      -4.38868924975395203E-002 -2.51779002137482166E-002  3.31885293126106262E-002  6.67004507022284088E-005  1.76885350811062381E-007 -4.71116636617807671E-005
   54202.635416666664        54900.000000000000      -4.01354469358921051E-002 -2.47539952397346497E-002  3.65040861070156097E-002  6.39849070012132870E-005  6.94811205903533846E-007 -4.89087226469564484E-005
   54202.645833333336        55800.000000000000      -3.44781056046485901E-002 -2.52349060028791428E-002  3.88802550733089447E-002  6.03289599894196726E-005  1.26667737276875414E-006 -4.99310287978005363E-005
   54202.656250000000        56700.000000000000      -2.91022174060344696E-002 -2.35308483242988586E-002  4.14638742804527283E-002  5.52862887275296089E-005  1.84043483386631124E-006 -5.00206642755074427E-005
   54202.666666666664        57600.000000000000      -2.29165609925985336E-002 -2.21393909305334091E-002  4.28320616483688354E-002  4.93894087867374765E-005  2.34849676417070441E-006 -4.93039296998176724E-005
   54202.677083333328        58500.000000000000      -1.71857997775077820E-002 -1.99652463197708130E-002  4.32477798312902451E-002  4.24314082465571119E-005  2.81183747574687004E-006 -4.76899463137669954E-005
   54202.687500000000        59400.000000000000      -1.01686175912618637E-002 -1.76406390964984894E-002  4.26715556532144547E-002  3.49336212366324617E-005  3.27274756273254752E-006 -4.51816636086732615E-005
   54202.697916666664        60300.000000000000      -3.51903773844242096E-003 -1.55758187174797058E-002  4.18003452941775322E-002  2.66534714228328085E-005  3.63270919478964061E-006 -4.18665740653523244E-005
   54202.708333333336        61200.000000000000       2.96516157686710358E-003 -1.26044973731040955E-002  4.02036732994019985E-002  1.79491537437570514E-005  3.89406704925931990E-006 -3.77697492695006076E-005
   54202.718750000000        62100.000000000000       7.99106061458587646E-003 -8.58723744750022888E-003  3.73748948331922293E-002  8.76730973686790094E-006  3.97919825445569586E-006 -3.29834110743831843E-005
   54202.729166666672        63000.000000000000       1.47279575467109680E-002 -5.50137460231781006E-003  3.42811460141092539E-002 -4.43703811470186338E-007  4.19620056391067919E-006 -2.76849132205825299E-005
   54202.739583333336        63900.000000000000       1.72684174031019211E-002 -1.53223797678947449E-003  3.09060653671622276E-002 -9.64594801189377904E-006  3.97269815266554360E-006 -2.18550549107021652E-005
   54202.750000000000        64800.000000000000       2.18248143792152405E-002  2.11111828684806824E-003  2.71632643416523933E-002 -1.86966626642970368E-005  3.91715633440981037E-006 -1.55835664372716565E-005
   54202.760416666664        65700.000000000000       2.37750781234353781E-002  4.71980869770050049E-003  2.27476898580789566E-002 -2.72330180450808257E-005  3.49643880781513872E-006 -9.07866615307284519E-006
   54202.770833333336        66600.000000000000       2.78013654751703143E-002  8.11228156089782715E-003  1.82100851088762283E-002 -3.54586668436240871E-005  3.33811658492777497E-006 -2.30925115829450078E-006
   54202.781250000000        67500.000000000000       2.91836848482489586E-002  1.05920322239398956E-002  1.30077917128801346E-002 -4.28997459493984934E-005  2.88304318019072525E-006  4.40221219832892530E-006
   54202.791666666664        68400.000000000000       2.98328725621104240E-002  1.19567736983299255E-002  8.42770002782344818E-003 -4.93449915666133165E-005  2.35668767345487140E-006  1.11326398837263696E-005
   54202.802083333328        69300.000000000000       3.10946898534893990E-002  1.38694606721401215E-002  4.09613549709320068E-003 -5.51365233150136191E-005  1.96222299564396963E-006  1.76253126937808702E-005
   54202.812500000000        70200.000000000000       3.11057250946760178E-002  1.55399944633245468E-002 -7.76752829551696777E-004 -5.99567465542349964E-005  1.51368749357061461E-006  2.39334988236805657E-005
   54202.822916666664        71100.000000000000       3.10187824070453644E-002  1.59246567636728287E-002 -5.10706007480621338E-003 -6.34263039955840213E-005  9.70690052781719714E-007  2.97790214744964032E-005
   54202.833333333336        72000.000000000000       3.07237915694713593E-002  1.63244530558586121E-002 -9.46931540966033936E-003 -6.61379856410349021E-005  5.03322098666103557E-007  3.50940191538029467E-005
   54202.843750000000        72900.000000000000       3.00206691026687622E-002  1.56672997400164604E-002 -1.37556418776512146E-002 -6.73172773986152606E-005  8.85224835656117648E-008  3.97940436869248515E-005
   54202.854166666672        73800.000000000000       2.93852705508470535E-002  1.54068903066217899E-002 -1.69630497694015503E-002 -6.76054435189143987E-005 -3.19442278851056471E-007  4.38738501316038310E-005
   54202.864583333336        74700.000000000000       2.85558663308620453E-002  1.43497389944968745E-002 -2.01470069587230682E-002 -6.65683215856915922E-005 -7.02043962519383058E-007  4.71726225441670977E-005
   54202.875000000000        75600.000000000000       2.75041684508323669E-002  1.30296116694808006E-002 -2.21624448895454407E-002 -6.43655390604180866E-005 -9.39451638259924948E-007  4.96097925406502327E-005
   54202.885416666664        76500.000000000000       2.64125280082225800E-002  1.17892678827047348E-002 -2.50547900795936584E-002 -6.11558411378609890E-005 -1.14991189548163675E-006  5.12868657551734941E-005
   54202.895833333336        77400.000000000000       2.48724892735481262E-002  1.09750702977180481E-002 -2.59202420711517334E-002 -5.71304022400909162E-005 -1.28492047224426642E-006  5.20717151175631443E-005
   54202.906250000000        78300.000000000000       2.40330398082733154E-002  8.38361866772174835E-003 -2.73794401437044144E-002 -5.18178116521994525E-005 -1.41902910399949178E-006  5.19604823239205871E-005
   54202.916666666664        79200.000000000000       2.32196599245071411E-002  5.52957691252231598E-003 -2.85625234246253967E-002 -4.57177955013321480E-005 -1.45130570672336034E-006  5.09391711602802388E-005
   54202.927083333328        80100.000000000000       2.14977897703647614E-002  3.59757244586944580E-003 -2.80122086405754089E-002 -3.89904864732670831E-005 -1.40672091220039874E-006  4.90744673697918188E-005
   54202.937500000000        81000.000000000000       1.94359198212623596E-002  2.90339067578315735E-003 -2.84422114491462708E-002 -3.16594027935934719E-005 -1.34325273393187672E-006  4.63426590613380540E-005
   54202.947916666664        81900.000000000000       1.90075561404228210E-002  8.57196748256683350E-004 -2.77120489627122879E-002 -2.38010491102613742E-005 -1.19963033284875564E-006  4.29282995355606545E-005
   54202.958333333336        82800.000000000000       1.66951548308134079E-002  5.56223094463348389E-005 -2.60996208526194096E-002 -1.56915832576487446E-005 -1.06551533463061787E-006  3.86639085263595916E-005
   54202.968750000000        83700.000000000000       1.46513078361749649E-002 -1.53620168566703796E-003 -2.43552939500659704E-002 -7.19118111192074139E-006 -8.18899820842489135E-007  3.38604108947038185E-005
   54202.979166666672        84600.000000000000       1.16888908669352531E-002 -3.24970111250877380E-003 -2.19266409985721111E-002  1.36535891215316951E-006 -7.31998852643300779E-007  2.83979707091930322E-005
   54202.989583333336        85500.000000000000       9.76525433361530304E-003 -4.15989756584167480E-003 -1.95124894380569458E-002  9.80123741101124324E-006 -4.47750778675981564E-007  2.24621958295756485E-005
   54203.000000000000        0.0000000000000000       7.53171415999531746E-003 -4.13516163825988770E-003 -1.70550346374511719E-002  1.79554508576984517E-005 -2.08424467018630821E-007  1.61457724061619956E-005
   54203.010416666664        900.00000000000000       1.58764882944524288E-002 -8.47027450799942017E-003 -2.27954331785440445E-002  2.83578733615286183E-005 -9.34666218199708965E-007  7.65651611800421961E-006
   54203.020833333336        1800.0000000000000       1.50418059201911092E-002 -9.92185622453689575E-003 -2.01608277857303619E-002  3.56684690814290661E-005 -5.46168621440301649E-007  1.07057212517247535E-006
   54203.031250000000        2700.0000000000000       1.53771801851689816E-002 -1.03316120803356171E-002 -1.82134453207254410E-002  4.20594483330205549E-005 -8.69620180310448632E-008 -5.48403022548882291E-006
   54203.041666666664        3600.0000000000000       1.53703186661005020E-002 -1.00621059536933899E-002 -1.50774195790290833E-002  4.77348608001193497E-005  4.36926711699925363E-007 -1.19259411803795956E-005
   54203.052083333328        4500.0000000000000       1.44070098176598549E-002 -9.00067016482353210E-003 -1.18988379836082458E-002  5.24319893884239718E-005  8.34471393318381160E-007 -1.82614810455561383E-005
   54203.062500000000        5400.0000000000000       1.15800071507692337E-002 -8.44941288232803345E-003 -9.28834453225135803E-003  5.64394736102258321E-005  1.08389895103755407E-006 -2.42124081069050590E-005
   54203.072916666664        6300.0000000000000       1.00885014981031418E-002 -7.11977109313011169E-003 -5.70517778396606445E-003  5.93060767641873099E-005  1.44022942549781874E-006 -2.97511197686617379E-005
   54203.083333333336        7200.0000000000000       7.25164636969566345E-003 -4.82803955674171448E-003 -2.68393009901046753E-003  6.10715007951512234E-005  1.69320446730125695E-006 -3.48025170069377054E-005
   54203.093750000000        8100.0000000000000       4.02483716607093811E-003 -3.98326758295297623E-003  8.69251787662506104E-004  6.18755359482747735E-005  1.84824284588103183E-006 -3.91884249495433323E-005
   54203.104166666672        9000.0000000000000       6.84039667248725891E-004 -1.50661449879407883E-003  4.57870960235595703E-003  6.15567118984472472E-005  1.90000810107449070E-006 -4.29525658205420768E-005
   54203.114583333336        9900.0000000000000      -2.66742147505283356E-003 -4.54244931461289525E-004  8.36617127060890198E-003  6.03326620876032393E-005  1.93534606296452694E-006 -4.59366993936782819E-005
   54203.125000000000        10800.000000000000      -6.26249425113201141E-003  1.69238029047846794E-003  1.10496021807193756E-002  5.78684147285457584E-005  1.98250154426204972E-006 -4.80693772715312662E-005
   54203.135416666664        11700.000000000000      -1.03571191430091858E-002  5.05057536065578461E-003  1.46676115691661835E-002  5.42239939136379689E-005  1.87744535651290789E-006 -4.94289672587910900E-005
   54203.145833333336        12600.000000000000      -1.35283432900905609E-002  5.95767609775066376E-003  1.66725441813468933E-002  5.01257834457646823E-005  1.71329520526342094E-006 -4.98610240811103722E-005
   54203.156250000000        13500.000000000000      -1.73157975077629089E-002  8.12915898859500885E-003  1.97487771511077881E-002  4.47819401188098709E-005  1.50426512846024707E-006 -4.93600132358551491E-005
   54203.166666666664        14400.000000000000      -2.06831395626068115E-002  9.35014151036739349E-003  2.17308420687913895E-002  3.89272154279751703E-005  1.26452096083085053E-006 -4.80502285427064635E-005
   54203.177083333328        15300.000000000000      -2.32381355017423630E-002  1.09622888267040253E-002  2.37139910459518433E-002  3.23083797866274836E-005  1.01115938377915882E-006 -4.58641511613677721E-005
   54203.187500000000        16200.000000000000      -2.45975852012634277E-002  1.09792090952396393E-002  2.47338004410266876E-002  2.52904892477090470E-005  8.28314568934729323E-007 -4.28641938015061896E-005
   54203.197916666664        17100.000000000000      -2.62442417442798615E-002  1.18361338973045349E-002  2.57413722574710846E-002  1.76880878370866412E-005  4.96976781505509280E-007 -3.90719983442977536E-005
   54203.208333333336        18000.000000000000      -2.67849527299404144E-002  1.29067189991474152E-002  2.60980348102748394E-002  9.83565155365795363E-006  3.30201828546705656E-007 -3.46569895555148832E-005
   54203.218750000000        18900.000000000000      -2.76616420596837997E-002  1.26947090029716492E-002  2.51742461696267128E-002  1.82258054337580688E-006 -5.80209871259285137E-008 -2.96179850920452736E-005
   54203.229166666672        19800.000000000000      -2.63850903138518333E-002  1.22718699276447296E-002  2.49177408404648304E-002 -6.13447355135576800E-006 -1.71094711731711868E-007 -2.40864169427368324E-005
   54203.239583333336        20700.000000000000      -2.53535173833370209E-002  1.30540430545806885E-002  2.35951542854309082E-002 -1.41050281854404602E-005 -3.86718681966158329E-007 -1.81398204404104035E-005
   54203.250000000000        21600.000000000000      -2.46298662386834621E-002  1.25580020248889923E-002  2.23932331427931786E-002 -2.17966958189208526E-005 -6.97126665727410000E-007 -1.18851266961428337E-005
   54203.260416666664        22500.000000000000      -2.17575542628765106E-002  1.20298042893409729E-002  2.02312450855970383E-002 -2.90309935735422187E-005 -7.96864696894772351E-007 -5.35971912540844642E-006
   54203.270833333336        23400.000000000000      -1.90442083403468132E-002  1.14174634218215942E-002  1.72946434468030930E-002 -3.59307982762402389E-005 -9.61399109655758366E-007  1.13844680527108721E-006
   54203.281250000000        24300.000000000000      -1.66253657080233097E-002  1.04369632899761200E-002  1.39190219342708588E-002 -4.20596520598337520E-005 -1.16028445518168155E-006  7.68776817494654097E-006
   54203.291666666664        25200.000000000000      -1.32154421880841255E-002  9.05083492398262024E-003  1.02849863469600677E-002 -4.75453548460791353E-005 -1.27862131193978712E-006  1.40905879106867360E-005
   54203.302083333328        26100.000000000000      -8.49127490073442459E-003  8.20846855640411377E-003  7.41338729858398438E-003 -5.22569457643839996E-005 -1.22963638204964809E-006  2.02137050564488163E-005
   54203.312500000000        27000.000000000000      -4.38867881894111633E-003  6.16872869431972504E-003  2.62222066521644592E-003 -5.60068365302868187E-005 -1.28969440993387252E-006  2.60059191532491241E-005
   54203.322916666664        27900.000000000000       2.20103189349174500E-004  5.30881807208061218E-003 -1.53516605496406555E-003 -5.89302444495842792E-005 -1.31684055304504000E-006  3.13637037834268995E-005
   54203.333333333336        28800.000000000000       5.25309517979621887E-003  3.32202017307281494E-003 -5.67682832479476929E-003 -6.08244886279862840E-005 -1.26238046505022794E-006  3.62357532708301733E-005
   54203.343750000000        29700.000000000000       9.42213460803031921E-003  1.67914852499961853E-003 -9.43623110651969910E-003 -6.16403194726444781E-005 -1.20467029773863032E-006  4.04217665987971486E-005
   54203.354166666672        30600.000000000000       1.42573229968547821E-002 -8.25390219688415527E-004 -1.35794058442115784E-002 -6.14631940152321476E-005 -1.12127736429101788E-006  4.39712131310443510E-005
   54203.364583333336        31500.000000000000       1.86900217086076736E-002 -2.48581881169229746E-003 -1.85094363987445831E-002 -6.02717562969701248E-005 -1.02520880318479612E-006  4.67968962993836612E-005
   54203.375000000000        32400.000000000000       2.28135511279106140E-002 -4.91376686841249466E-003 -2.21374370157718658E-002 -5.79584072966099484E-005 -9.10960807232186198E-007  4.88066280013299547E-005
   54203.385416666664        33300.000000000000       2.69027166068553925E-002 -6.22139871120452881E-003 -2.53254286944866180E-002 -5.48737360190898471E-005 -7.20180196367437020E-007  5.00636349443084328E-005
   54203.395833333336        34200.000000000000       3.03162522614002228E-002 -7.23154656589031219E-003 -2.85761877894401550E-002 -5.10050617208435142E-005 -5.71316832065349445E-007  5.04826066389796324E-005
   54203.406250000000        35100.000000000000       3.45937535166740417E-002 -9.67041030526161194E-003 -3.20280659943819046E-002 -4.61475842143954651E-005 -2.85235273622674868E-007  5.00213968734897207E-005
   54203.416666666664        36000.000000000000       3.71833983808755875E-002 -1.10691376030445099E-002 -3.36691942065954208E-002 -4.05845398745441344E-005 -1.09417214844143018E-007  4.87180113850627095E-005
   54203.427083333328        36900.000000000000       4.03010733425617218E-002 -1.19539164006710052E-002 -3.54718621820211411E-002 -3.44154427693865728E-005  2.76166247203946114E-007  4.66809042336535640E-005
   54203.437500000000        37800.000000000000       4.01171892881393433E-002 -1.21952109038829803E-002 -3.68616487830877304E-002 -2.77162407655850984E-005  3.19267655868316069E-007  4.38447532360441983E-005
   54203.447916666664        38700.000000000000       4.09441366791725159E-002 -1.19707435369491577E-002 -3.81226828321814537E-002 -2.06410677492385730E-005  5.94559878663858399E-007  4.03173858103400562E-005
   54203.458333333336        39600.000000000000       4.07587066292762756E-002 -1.23280659317970276E-002 -3.74794523231685162E-002 -1.31810973016399657E-005  7.72413386584958062E-007  3.61236743628978729E-005
   54203.468750000000        40500.000000000000       3.99695262312889099E-002 -1.25796124339103699E-002 -3.73346055857837200E-002 -5.49027481611119583E-006  9.57645170274190605E-007  3.13394475597306155E-005
   54203.479166666672        41400.000000000000       3.80326872691512108E-002 -1.17611810564994812E-002 -3.58239491470158100E-002  2.21726804738864303E-006  1.12495894200037583E-006  2.60181736848608125E-005
   54203.489583333336        42300.000000000000       3.58120389282703400E-002 -1.04140788316726685E-002 -3.43845859169960022E-002  9.85612996373674832E-006  1.40613929033861496E-006  2.03624144887726288E-005
   54203.500000000000        43200.000000000000       3.23033318854868412E-002 -9.38819348812103271E-003 -3.20617686957120895E-002  1.74650026565359440E-005  1.51583765273244353E-006  1.42811036312195938E-005
   54203.510416666664        44100.000000000000       2.79456502757966518E-002 -8.41270759701728821E-003 -2.83930450677871704E-002  2.46609033638378605E-005  1.60845797836373094E-006  8.07185733719961718E-006
   54203.520833333336        45000.000000000000       2.28217343101277947E-002 -7.06296414136886597E-003 -2.52368971705436707E-002  3.14733065351902042E-005  1.75808372659957968E-006  1.62882815857301466E-006
   54203.531250000000        45900.000000000000       1.70332379639148712E-002 -5.43757155537605286E-003 -2.13825851678848267E-002  3.77147093786334153E-005  1.80917390935064759E-006 -4.71508383270702325E-006
   54203.541666666664        46800.000000000000       1.25333331525325775E-002 -3.57059389352798462E-003 -1.69720277190208435E-002  4.32474694207485300E-005  1.90629179996903986E-006 -1.10921494069771143E-005
   54203.552083333328        47700.000000000000       6.17985520511865616E-003 -1.67223066091537476E-003 -1.16176269948482513E-002  4.81824276903353166E-005  1.97674944502068684E-006 -1.71972235420980724E-005
   54203.562500000000        48600.000000000000      -2.03379988670349121E-003 -5.43370842933654785E-005 -6.89186155796051025E-003  5.22486930094601121E-005  1.80674214789178222E-006 -2.30772984650684521E-005
   54203.572916666664        49500.000000000000      -7.48803280293941498E-003  1.88140384852886200E-003 -1.87733396887779236E-003  5.53673728518333519E-005  1.98604175238870084E-006 -2.85046239696384873E-005
   54203.583333333336        50400.000000000000      -1.48744136095046997E-002  3.25351767241954803E-003  3.55178117752075195E-003  5.76865336370246951E-005  1.76819457919918932E-006 -3.33835956780603738E-005
   54203.593750000000        51300.000000000000      -2.07739826291799545E-002  4.35748323798179626E-003  9.11046192049980164E-003  5.89040371323790168E-005  1.76867433765437454E-006 -3.77654534844396039E-005
   54203.604166666672        52200.000000000000      -2.68104542046785355E-002  5.92035287991166115E-003  1.41484141349792480E-002  5.90809979712503264E-005  1.74032174982130527E-006 -4.14744283716572681E-005
   54203.614583333336        53100.000000000000      -3.18206828087568283E-002  7.77686660876497626E-003  1.92819721996784210E-002  5.81046841716670315E-005  1.63013419296476059E-006 -4.45088429614770575E-005
   54203.625000000000        54000.000000000000      -3.62630281597375870E-002  8.61959299072623253E-003  2.38163396716117859E-002  5.62632418450448313E-005  1.62437618200783618E-006 -4.66465585304831620E-005
   54203.635416666664        54900.000000000000      -3.97145599126815796E-002  1.02149266749620438E-002  2.77797728776931763E-002  5.32546961835578259E-005  1.53199107444379479E-006 -4.80274711662787013E-005
   54203.645833333336        55800.000000000000      -4.33965846896171570E-002  1.10226385295391083E-002  3.16719003021717072E-002  4.93351185468782205E-005  1.38904169943998568E-006 -4.86387050386838382E-005
   54203.656250000000        56700.000000000000      -4.60883118212223053E-002  1.19935665279626846E-002  3.40838916599750519E-002  4.45205819801230973E-005  1.30845592138939537E-006 -4.82969044242054224E-005
   54203.666666666664        57600.000000000000      -4.74947392940521240E-002  1.27585008740425110E-002  3.66050936281681061E-002  3.88043234806900728E-005  1.25427595776272938E-006 -4.70832596874970477E-005
   54203.677083333328        58500.000000000000      -4.93908841162919998E-002  1.45372524857521057E-002  3.81656326353549957E-002  3.23681624649907462E-005  9.82647179625928402E-007 -4.51065316156018525E-005
   54203.687500000000        59400.000000000000      -4.87036947160959244E-002  1.41955763101577759E-002  3.92374619841575623E-002  2.54143576512433356E-005  8.86071575223468244E-007 -4.22486978095548693E-005
   54203.697916666664        60300.000000000000      -4.90421783179044724E-002  1.55837796628475189E-002  3.93898263573646545E-002  1.78341479113441892E-005  6.19542788626858965E-007 -3.87082927773008123E-005
   54203.708333333336        61200.000000000000      -4.77622412145137787E-002  1.51360668241977692E-002  3.92684051766991615E-002  1.01059986263862811E-005  4.04397496822639368E-007 -3.43906867783516645E-005
   54203.718750000000        62100.000000000000      -4.67098467051982880E-002  1.48466229438781738E-002  3.79535712418146431E-002  2.12015265788068064E-006  5.28212922290549614E-008 -2.95516706501075532E-005
   54203.729166666672        63000.000000000000      -4.40117809921503067E-002  1.45079791545867920E-002  3.62581703811883926E-002 -5.92349533690139651E-006 -1.73134822034626268E-007 -2.41172892856411636E-005
   54203.739583333336        63900.000000000000      -4.11584302783012390E-002  1.38085298240184784E-002  3.41021129861474037E-002 -1.38116151902067941E-005 -4.97233145324571524E-007 -1.81645295924681704E-005
   54203.750000000000        64800.000000000000      -3.86901553720235825E-002  1.28135159611701965E-002  3.09309158474206924E-002 -2.14960396078822669E-005 -8.75676732903230004E-007 -1.19814371828397270E-005
   54203.760416666664        65700.000000000000      -3.56195259373635054E-002  1.08105465769767761E-002  2.76653487235307693E-002 -2.86977146970457397E-005 -1.19515198093722574E-006 -5.54283178644254804E-006
   54203.770833333336        66600.000000000000      -3.08049148879945278E-002  9.99171286821365356E-003  2.39212680608034134E-002 -3.55588799720862880E-005 -1.40499719236686360E-006  1.04389755506417714E-006
   54203.781250000000        67500.000000000000      -2.67460667528212070E-002  7.94798880815505981E-003  1.93912256509065628E-002 -4.16196344303898513E-005 -1.71474562193907332E-006  7.55214796299696900E-006
   54203.791666666664        68400.000000000000      -2.17762039974331856E-002  5.09681552648544312E-003  1.58901698887348175E-002 -4.69425549454172142E-005 -1.93832011063932441E-006  1.39802241392317228E-005
   54203.802083333328        69300.000000000000      -1.76191376522183418E-002  2.27926671504974365E-003  1.09952539205551147E-002 -5.13086320097499993E-005 -2.28845465244376101E-006  2.01633426968328422E-005
   54203.812500000000        70200.000000000000      -1.11662223935127258E-002  3.75121831893920898E-004  7.04395025968551636E-003 -5.50826930520997848E-005 -2.20977835851954296E-006  2.60668348346371204E-005
   54203.822916666664        71100.000000000000      -6.10818341374397278E-003 -3.59965488314628601E-003  1.94057077169418335E-003 -5.75269118598953355E-005 -2.43240219788276590E-006  3.15230466867433279E-005
   54203.833333333336        72000.000000000000       8.61976295709609985E-005 -5.54294325411319733E-003 -1.72743573784828186E-003 -5.92664632677042391E-005 -2.34994104175711982E-006  3.64125990017782897E-005
   54203.843750000000        72900.000000000000       6.54234364628791809E-003 -8.69007408618927002E-003 -6.82758167386054993E-003 -5.98704252752213506E-005 -2.30171008297475055E-006  4.06041153695468893E-005
   54203.854166666672        73800.000000000000       1.30805447697639465E-002 -1.11889676190912724E-002 -1.07095651328563690E-002 -5.94711373196332715E-005 -2.13834482565289363E-006  4.41938821609255683E-005
   54203.864583333336        74700.000000000000       1.93363130092620850E-002 -1.40169764636084437E-002 -1.43392942845821381E-002 -5.79992475877588731E-005 -1.87038358490099199E-006  4.69730750864982838E-005
   54203.875000000000        75600.000000000000       2.55115106701850891E-002 -1.63643434643745422E-002 -1.79036781191825867E-002 -5.55616215365262178E-005 -1.63395452545955777E-006  4.89900696720724227E-005
   54203.885416666664        76500.000000000000       3.21276932954788208E-002 -1.89339527860283852E-002 -2.16130241751670837E-002 -5.21375175708271854E-005 -1.28568171930965036E-006  5.01333099691692041E-005
   54203.895833333336        77400.000000000000       3.79107035696506500E-002 -2.07839943468570709E-002 -2.48317383229732513E-002 -4.79755917695001699E-005 -8.76110334502300248E-007  5.04226550219755154E-005
   54203.906250000000        78300.000000000000       4.30134907364845276E-002 -2.25938614457845688E-002 -2.69421469420194626E-002 -4.29443390430606087E-005 -5.65904429095098749E-007  4.98934932693373412E-005
   54203.916666666664        79200.000000000000       4.85380180180072784E-002 -2.40052212029695511E-002 -2.94460225850343704E-002 -3.72205195162678137E-005 -1.25909991766093299E-007  4.85050559291266836E-005
   54203.927083333328        80100.000000000000       5.31706213951110840E-002 -2.39325985312461853E-002 -3.10040116310119629E-002 -3.10946732042793883E-005  3.52630650013452396E-007  4.63623741779883858E-005
   54203.937500000000        81000.000000000000       5.59312999248504639E-002 -2.45625935494899750E-002 -3.29166334122419357E-002 -2.43059434978931677E-005  7.06526407157070935E-007  4.33781797255505808E-005
   54203.947916666664        81900.000000000000       5.94611354172229767E-002 -2.36798375844955444E-002 -3.34682622924447060E-002 -1.72290285718190717E-005  1.18698471851530485E-006  3.96268283111567143E-005
   54203.958333333336        82800.000000000000       6.00151531398296356E-002 -2.28874310851097107E-002 -3.42876217328011990E-002 -9.89577142718189862E-006  1.48432536661857739E-006  3.53221089426369872E-005
   54203.968750000000        83700.000000000000       6.17553535848855972E-002 -2.27267593145370483E-002 -3.47592002945020795E-002 -2.31692683883011341E-006  1.90872231087269029E-006  3.03751412502606399E-005
   54203.979166666672        84600.000000000000       6.11899076029658318E-002 -2.06717215478420258E-002 -3.39370258152484894E-002  5.19037030244362541E-006  2.22136316097021336E-006  2.49351560341892764E-005
   54203.989583333336        85500.000000000000       6.01074043661355972E-002 -1.89379788935184479E-002 -3.22214905172586441E-002  1.26574786918354221E-005  2.59620247788916458E-006  1.90971491065283772E-005
   54204.000000000000        0.0000000000000000       5.85180181078612804E-002 -1.71039365231990814E-002 -3.06819453835487366E-002  1.97754175133013632E-005  2.98016595934313955E-006  1.30257471937511582E-005
   54204.010416666664        900.00000000000000       5.93833944294601679E-002 -1.48606784641742706E-002 -3.07826325297355652E-002  2.72683882940327749E-005  3.04254308503004722E-006  6.12264238952775486E-006
   54204.020833333336        1800.0000000000000       5.61611612793058157E-002 -1.24217048287391663E-002 -2.84526497125625610E-002  3.35496579282335006E-005  3.35140316565230023E-006 -3.18253569275839254E-007
   54204.031250000000        2700.0000000000000       5.21626821719110012E-002 -1.01261213421821594E-002 -2.49172840267419815E-002  3.91309640690451488E-005  3.59141768058179878E-006 -6.62829324937774800E-006
   54204.041666666664        3600.0000000000000       4.71731293946504593E-002 -6.17492198944091797E-003 -2.18944940716028214E-002  4.39673126493289601E-005  3.79428956875926815E-006 -1.28597962429921608E-005
   54204.052083333328        4500.0000000000000       4.16050562635064125E-002 -2.65553221106529236E-003 -1.83301046490669250E-002  4.80647099720954429E-005  3.97749727198970504E-006 -1.87945693141955417E-005
   54204.062500000000        5400.0000000000000       3.34621332585811615E-002  3.31023707985877991E-004 -1.42083577811717987E-002  5.14018324793141801E-005  3.96168115912587382E-006 -2.44381969878304517E-005
   54204.072916666664        6300.0000000000000       2.62094344943761826E-002  4.93787974119186401E-003 -8.70428979396820068E-003  5.35273240984679433E-005  4.01566740038106218E-006 -2.96515819400156033E-005
   54204.083333333336        7200.0000000000000       1.69679522514343262E-002  8.85763205587863922E-003 -3.71320545673370361E-003  5.49188434888492338E-005  3.95003416997496970E-006 -3.43781197216230794E-005
   54204.093750000000        8100.0000000000000       8.02089273929595947E-003  1.29044903442263603E-002  6.28050416707992554E-004  5.52913354567863280E-005  3.82267853638040833E-006 -3.84995579310043468E-005
   54204.104166666672        9000.0000000000000      -6.69049099087715149E-004  1.53662804514169693E-002  5.87021559476852417E-003  5.49042199509131024E-005  3.57628277924959548E-006 -4.19233510342564841E-005
   54204.114583333336        9900.0000000000000      -1.09750311821699142E-002  1.99765234719961882E-002  1.10301114618778229E-002  5.30625945884821704E-005  3.35483900926192291E-006 -4.45979781034111511E-005
   54204.125000000000        10800.000000000000      -2.05949656665325165E-002  2.26337760686874390E-002  1.60083323717117310E-002  5.05726063693145989E-005  2.93084076474769972E-006 -4.65191972125467146E-005
   54204.135416666664        11700.000000000000      -2.98073142766952515E-002  2.56868600845336914E-002  2.15496905148029327E-002  4.71628873697227391E-005  2.52592008109786548E-006 -4.76232346500182757E-005
   54204.145833333336        12600.000000000000      -3.80050241947174072E-002  2.70876716822385788E-002  2.60225012898445129E-002  4.31328902550376370E-005  2.10862981475656852E-006 -4.78885365282621933E-005
   54204.156250000000        13500.000000000000      -4.65765707194805145E-002  2.92881987988948822E-002  2.95514725148677826E-002  3.80318917905242415E-005  1.55600173457060009E-006 -4.72775409434689209E-005
   54204.166666666664        14400.000000000000      -5.29228914529085159E-002  3.03664840757846832E-002  3.34773436188697815E-002  3.24979469041863922E-005  1.13523856271058321E-006 -4.58665967926208396E-005
   54204.177083333328        15300.000000000000      -5.96973691135644913E-002  3.10474596917629242E-002  3.65537311881780624E-002  2.62564158219902311E-005  5.12110091221984476E-007 -4.35917099821381271E-005
   54204.187500000000        16200.000000000000      -6.50473255664110184E-002  3.15992571413516998E-002  3.97583963349461555E-002  1.96528967535414267E-005 -8.33961166790686548E-008 -4.06367903451609891E-005
   54204.197916666664        17100.000000000000      -6.82479348033666611E-002  3.10436487197875977E-002  4.14661495015025139E-002  1.27176983824028866E-005 -5.67104962101439014E-007 -3.69821573258377612E-005
   54204.208333333336        18000.000000000000      -6.94721061736345291E-002  2.93565541505813599E-002  4.20369524508714676E-002  5.52824940314167179E-006 -9.41231974138645455E-007 -3.26465278703835793E-005
   54204.218750000000        18900.000000000000      -7.13619329035282135E-002  2.88260690867900848E-002  4.25723162188660353E-002 -1.85812041308963671E-006 -1.46299544212524779E-006 -2.76664668490411714E-005
   54204.229166666672        19800.000000000000      -7.04874554648995399E-002  2.65604965388774872E-002  4.22292579896748066E-002 -9.12261157282046042E-006 -1.91807487226469675E-006 -2.23139459194499068E-005
   54204.239583333336        20700.000000000000      -6.98045156896114349E-002  2.51820310950279236E-002  4.10431856289505959E-002 -1.63039467224734835E-005 -2.38075989500430296E-006 -1.65687747539777774E-005
   54204.250000000000        21600.000000000000      -6.67283143848180771E-002  2.33089774847030640E-002  3.90107948333024979E-002 -2.33175787798245437E-005 -2.64690777385112597E-006 -1.04913306131493300E-005
   54204.260416666664        22500.000000000000      -6.25967881060205400E-002  2.07865089178085327E-002  3.70603315532207489E-002 -2.98242030112305656E-005 -2.98602026305161417E-006 -4.22880884798360057E-006
   54204.270833333336        23400.000000000000      -5.75550682842731476E-002  1.78681164979934692E-002  3.37705444544553757E-002 -3.59166456291859504E-005 -3.15032139042159542E-006  2.13322800846071914E-006
   54204.281250000000        24300.000000000000      -5.06266262382268906E-002  1.54029279947280884E-002  2.97035500407218933E-002 -4.14930327679030597E-005 -3.26397844219172839E-006  8.39647600514581427E-006
   54204.291666666664        25200.000000000000      -4.51193302869796753E-002  1.17283128201961517E-002  2.51563563942909241E-002 -4.61394129160908051E-005 -3.61845923180226237E-006  1.44680268476804486E-005
   54204.302083333328        26100.000000000000      -3.66633813828229904E-002  9.44552198052406311E-003  1.98428258299827576E-002 -5.02329594382899813E-005 -3.51008202414959669E-006  2.03849640456610359E-005
   54204.312500000000        27000.000000000000      -2.83364094793796539E-002  6.11955299973487854E-003  1.49033069610595703E-002 -5.34379114469629712E-005 -3.57960834662662819E-006  2.59963285316189285E-005
   54204.322916666664        27900.000000000000      -1.99082959443330765E-002  3.23668867349624634E-003  9.22374427318572998E-003 -5.58144929527770728E-005 -3.45017679137527011E-006  3.10179784719366580E-005
   54204.333333333336        28800.000000000000      -1.14087797701358795E-002  9.40952450037002563E-005  2.32422724366188049E-003 -5.72917476802103920E-005 -3.33398293150821701E-006  3.56097233407126623E-005
   54204.343750000000        29700.000000000000      -3.53554636240005493E-003 -2.65429355204105377E-003 -3.59617173671722412E-003 -5.76738093513995409E-005 -3.25568498737993650E-006  3.96525210497600256E-005
   54204.354166666672        30600.000000000000       5.56078925728797913E-003 -5.33186411485075951E-003 -8.78100097179412842E-003 -5.72989897591469344E-005 -3.02424359688302502E-006  4.29453677952551516E-005
   54204.364583333336        31500.000000000000       1.32591836154460907E-002 -7.81927956268191338E-003 -1.51955336332321167E-002 -5.58548551907733781E-005 -2.82162545772735029E-006  4.54998871646239422E-005
   54204.375000000000        32400.000000000000       2.11514830589294434E-002 -1.02926110848784447E-002 -2.08263061940670013E-002 -5.34253669570716738E-005 -2.56516113950056024E-006  4.73199975203897338E-005
   54204.385416666664        33300.000000000000       2.89239548146724701E-002 -1.25190019607543945E-002 -2.60460413992404938E-002 -5.01687417795437796E-005 -2.17097021959489211E-006  4.83923297451838152E-005
   54204.395833333336        34200.000000000000       3.53987552225589752E-002 -1.48465577512979507E-002 -3.10751423239707947E-002 -4.61408656633466308E-005 -1.82572648554923944E-006  4.86498336158547318E-005
   54204.406250000000        35100.000000000000       4.16817925870418549E-002 -1.62904914468526840E-002 -3.59412953257560730E-002 -4.13200242519451422E-005 -1.55697171067004092E-006  4.80964386042614933E-005
   54204.416666666664        36000.000000000000       4.67323716729879379E-002 -1.85763183981180191E-002 -3.94971948117017746E-002 -3.56934316414481145E-005 -1.15518878374132328E-006  4.66946316919347737E-005
   54204.427083333328        36900.000000000000       5.24909105151891708E-002 -2.01810672879219055E-002 -4.32303696870803833E-002 -2.95027630272670649E-005 -7.26495272829197347E-007  4.45594878328847699E-005
   54204.437500000000        37800.000000000000       5.46251144260168076E-002 -2.02016308903694153E-002 -4.59219617769122124E-002 -2.30624493724462809E-005 -4.37107246398227289E-007  4.17316255152400117E-005
   54204.447916666664        38700.000000000000       5.71601577103137970E-002 -2.09357291460037231E-002 -4.77532139047980309E-002 -1.61105153893004172E-005  5.47765921510290354E-009  3.82218845516035799E-005
   54204.458333333336        39600.000000000000       5.69368358701467514E-002 -2.02181227505207062E-002 -4.88673062063753605E-002 -8.93157789505494293E-006  2.52788822763250209E-007  3.40021965712367091E-005
   54204.468750000000        40500.000000000000       5.69570548832416534E-002 -2.05274447798728943E-002 -4.80964802554808557E-002 -1.53213613884872757E-006  6.23939399702067021E-007  2.93421417154604569E-005
   54204.479166666672        41400.000000000000       5.57030653581023216E-002 -1.93945094943046570E-002 -4.73998803645372391E-002  5.76630372961517423E-006  9.64136859238351462E-007  2.41630955315486062E-005
   54204.489583333336        42300.000000000000       5.35613726824522018E-002 -1.88165456056594849E-002 -4.58014691248536110E-002  1.31331426018732600E-005  1.35633149511704687E-006  1.85749709089577664E-005
   54204.500000000000        43200.000000000000       5.04345460794866085E-002 -1.77584215998649597E-002 -4.40276367589831352E-002  2.02021801669616252E-005  1.67459654676349601E-006  1.26441700558643788E-005
   54204.510416666664        44100.000000000000       4.62402363773435354E-002 -1.57415531575679779E-002 -4.05276138335466385E-002  2.69706933977431618E-005  2.01623788598226383E-006  6.52642256682156585E-006
   54204.520833333336        45000.000000000000       4.12745669018477201E-002 -1.37109570205211639E-002 -3.68911605328321457E-002  3.32212312059709802E-005  2.29375950766552705E-006  3.71440364688169211E-007
   54204.531250000000        45900.000000000000       3.50259458646178246E-002 -1.16728022694587708E-002 -3.23198772966861725E-002  3.89563047065166757E-005  2.53310759035230149E-006 -5.88285365665797144E-006
   54204.541666666664        46800.000000000000       2.80362311750650406E-002 -9.00804251432418823E-003 -2.73559205234050751E-002  4.40026460637454875E-005  2.69631573246442713E-006 -1.19687667847756529E-005
   54204.552083333328        47700.000000000000       2.11581774055957794E-002 -6.30481168627738953E-003 -2.13675498962402344E-002  4.82330028717115056E-005  2.94067513095797040E-006 -1.79046592165832408E-005
   54204.562500000000        48600.000000000000       1.26867126673460007E-002 -4.21787612140178680E-003 -1.51215679943561554E-002  5.18423853463900741E-005  2.98892291539232247E-006 -2.34985418501310050E-005
   54204.572916666664        49500.000000000000       4.91159036755561829E-003 -1.69390998780727386E-003 -8.98110121488571167E-003  5.45264699667313835E-005  3.04591867461567745E-006 -2.87017006712630973E-005
   54204.583333333336        50400.000000000000      -3.93435731530189514E-003  1.29142962396144867E-003 -2.23168730735778809E-003  5.62222417102020700E-005  2.99084877042332664E-006 -3.34196499807148939E-005
   54204.593750000000        51300.000000000000      -1.18539314717054367E-002  3.94972413778305054E-003  3.90870496630668640E-003  5.67846877856936771E-005  3.01448335449094884E-006 -3.76082955835244093E-005
   54204.604166666672        52200.000000000000      -1.96546316146850586E-002  4.94819995947182178E-003  1.07015930116176605E-002  5.67782517464365810E-005  2.90147727355360985E-006 -4.10697633128620510E-005
   54204.614583333336        53100.000000000000      -2.63655334711074829E-002  7.49229011125862598E-003  1.71950757503509521E-002  5.53921881873975508E-005  2.84244515569298528E-006 -4.38054217966055148E-005
   54204.625000000000        54000.000000000000      -3.29839438199996948E-002  1.01824495941400528E-002  2.33702622354030609E-002  5.30307453345812974E-005  2.74312242254381999E-006 -4.57537471447722055E-005
   54204.635416666664        54900.000000000000      -3.88688445091247559E-002  1.30668971687555313E-002  2.84487605094909668E-002  4.97186166512619820E-005  2.56967086897930130E-006 -4.69415647330606589E-005
   54204.645833333336        55800.000000000000      -4.36247847974300385E-002  1.31422132253646851E-002  3.33723537623882294E-002  4.58851484950173472E-005  2.41054158323095180E-006 -4.72913491194049129E-005
   54204.656250000000        56700.000000000000      -4.80263456702232361E-002  1.59567967057228088E-002  3.84864117950201035E-002  4.07317648978278157E-005  2.23670667764963582E-006 -4.67675895379215945E-005
   54204.666666666664        57600.000000000000      -5.26864919811487198E-002  1.71477124094963074E-002  4.13156673312187195E-002  3.50027125932683703E-005  1.88950889423722401E-006 -4.54871410511259455E-005
   54204.677083333328        58500.000000000000      -5.43998144567012787E-002  1.88540443778038025E-002  4.49031908065080643E-002  2.85962030375230825E-005  1.66304516824311577E-006 -4.33648065154557116E-005
   54204.687500000000        59400.000000000000      -5.56257981806993484E-002  1.92592404782772064E-002  4.64262049645185471E-002  2.17713682104658801E-005  1.41355894811567850E-006 -4.04506213271815795E-005
   54204.697916666664        60300.000000000000      -5.64762391149997711E-002  1.97429917752742767E-002  4.73969420418143272E-002  1.44070911574090132E-005  1.03913339444261510E-006 -3.68284072465030476E-005
   54204.708333333336        61200.000000000000      -5.53761273622512817E-002  1.98616795241832733E-002  4.82354271225631237E-002  6.89125226926989853E-006  7.95072992332279682E-007 -3.25710957440605853E-005
   54204.718750000000        62100.000000000000      -5.35556487739086151E-002  2.01434046030044556E-002  4.73906927509233356E-002 -9.24213964026421309E-007  5.02675334246305283E-007 -2.76504733847104944E-005
   54204.729166666672        63000.000000000000      -5.01780034974217415E-002  1.96941457688808441E-002  4.59056938998401165E-002 -8.69846462592249736E-006  3.25039025028672768E-007 -2.23390561586711556E-005
   54204.739583333336        63900.000000000000      -4.84422696754336357E-002  1.93418674170970917E-002  4.41941423341631889E-002 -1.63327431437210180E-005 -1.09062511910451576E-007 -1.65681276484974660E-005
   54204.750000000000        64800.000000000000      -4.45632492192089558E-002  1.85834839940071106E-002  4.10678628832101822E-002 -2.37603321693313774E-005 -3.76890852749056648E-007 -1.04597174868104048E-005
   54204.760416666664        65700.000000000000      -4.05002232000697404E-002  1.74333304166793823E-002  3.73021196573972702E-002 -3.07400960082304664E-005 -7.73848341850680299E-007 -4.18356830778066069E-006
   54204.770833333336        66600.000000000000      -3.42457294464111328E-002  1.56119056046009064E-002  3.35563626140356064E-002 -3.71794244529155549E-005 -9.32962166189099662E-007  2.12098348129075021E-006
   54204.781250000000        67500.000000000000      -2.93277557939291000E-002  1.48397386074066162E-002  2.86810733377933502E-002 -4.30835711995314341E-005 -1.25497535918839276E-006  8.52537641549133696E-006
   54204.791666666664        68400.000000000000      -2.42051733657717705E-002  1.27925015985965729E-002  2.36935652792453766E-002 -4.81156980640662368E-005 -1.59040973812807351E-006  1.46667846365744481E-005
   54204.802083333328        69300.000000000000      -1.81836783885955811E-002  1.10594369471073151E-002  1.83077603578567505E-002 -5.24477227372699417E-005 -1.70971679835929535E-006  2.06497668386873556E-005
   54204.812500000000        70200.000000000000      -1.20684448629617691E-002  8.38576816022396088E-003  1.31061971187591553E-002 -5.57263372229499510E-005 -1.95913480638409965E-006  2.61897732798388461E-005
   54204.822916666664        71100.000000000000      -5.83733431994915009E-003  6.57857768237590790E-003  6.73188641667366028E-003 -5.82391642183210934E-005 -2.09073459700448439E-006  3.13107495912845479E-005
   54204.833333333336        72000.000000000000       6.08732923865318298E-004  4.86057251691818237E-003  1.16917863488197327E-003 -5.96974041400244460E-005 -2.18261493500904180E-006  3.60090157300874125E-005
   54204.843750000000        72900.000000000000       7.21565820276737213E-003  2.27710418403148651E-003 -5.08709624409675598E-003 -6.01981464569689706E-005 -2.16212492887279950E-006  3.99752290292099133E-005
   54204.854166666672        73800.000000000000       1.29655804485082626E-002  1.05217332020401955E-004 -1.01852491497993469E-002 -5.95327878727403004E-005 -2.14072224480332807E-006  4.32395212328628986E-005
   54204.864583333336        74700.000000000000       1.84793900698423386E-002 -2.08266964182257652E-003 -1.53812095522880554E-002 -5.80229310571667156E-005 -2.11925816984148696E-006  4.57616906714974903E-005
   54204.875000000000        75600.000000000000       2.38857120275497437E-002 -4.86509781330823898E-003 -2.13672742247581482E-002 -5.54020773506636033E-005 -2.09086647373624146E-006  4.75905039820645470E-005
   54204.885416666664        76500.000000000000       2.93690264225006104E-002 -6.77724368870258331E-003 -2.62838602066040039E-002 -5.18945408316540124E-005 -1.96252494788495824E-006  4.85383473005640553E-005
   54204.895833333336        77400.000000000000       3.32527607679367065E-002 -9.07876901328563690E-003 -3.12539413571357727E-002 -4.75124982699526299E-005 -1.84088003152282909E-006  4.86761978208960500E-005
   54204.906250000000        78300.000000000000       3.71987819671630859E-002 -1.03448852896690369E-002 -3.47212050110101700E-002 -4.24615737983913277E-005 -1.79479775397339836E-006  4.80277108181326184E-005
   54204.916666666664        79200.000000000000       4.13016602396965027E-002 -1.31368674337863922E-002 -3.92331518232822418E-002 -3.65033511116052978E-005 -1.54689269038499333E-006  4.64911486233177129E-005
   54204.927083333328        80100.000000000000       4.48045805096626282E-002 -1.49458609521389008E-002 -4.25657965242862701E-002 -3.00906228858366376E-005 -1.27645216707605869E-006  4.42120644947863184E-005
   54204.937500000000        81000.000000000000       4.67325784265995026E-002 -1.61884054541587830E-002 -4.46471795439720154E-002 -2.31930935115087777E-005 -1.12970747068175115E-006  4.12663271163182799E-005
   54204.947916666664        81900.000000000000       4.84204571694135666E-002 -1.78364440798759460E-002 -4.66510280966758728E-002 -1.58311161158053437E-005 -8.92004663910483941E-007  3.76281268472666852E-005
   54204.958333333336        82800.000000000000       4.78976890444755554E-002 -1.77826099097728729E-002 -4.75918911397457123E-002 -8.46397551867994480E-006 -7.97761458670720458E-007  3.33365110236627515E-005
   54204.968750000000        83700.000000000000       4.87050767987966537E-002 -1.92514322698116302E-002 -4.88339877920225263E-002 -7.54640495870262384E-007 -4.84606744066695683E-007  2.84478551293432247E-005
   54204.979166666672        84600.000000000000       4.77199368178844452E-002 -1.99336782097816467E-002 -4.80461558327078819E-002  6.97062068866216578E-006 -3.33870957547333091E-007  2.32221650549035985E-005
   54204.989583333336        85500.000000000000       4.59452895447611809E-002 -2.03029140830039978E-002 -4.73300190642476082E-002  1.45220083140884526E-005 -1.61459183800616302E-008  1.75956006387423258E-005
   54205.000000000000        0.0000000000000000       4.43264879286289215E-002 -2.09791250526905060E-002 -4.52181380242109299E-002  2.17841352423420176E-005  2.59949274550308473E-007  1.17540407700289506E-005
