   54202.000000000000        0.0000000000000000       3.48889529705047607E-002 -2.26865932345390320E-002  2.92656477540731430E-003 -1.61282519002270419E-005  6.09361183023793274E-006  1.61949433277186472E-005
   54202.010416666664        900.00000000000000       4.18877508491277695E-002 -2.41899676620960236E-002  3.32873314619064331E-005 -2.15840041164483409E-005  9.49831235175224720E-006  1.14711324386007618E-005
   54202.020833333336        1800.0000000000000       4.48498893529176712E-002 -2.52877250313758850E-002  3.57463769614696503E-003 -2.83108788607933093E-005  1.46142141375094070E-005  4.62138405055156909E-006
   54202.031250000000        2700.0000000000000       4.52378969639539719E-002 -2.48857773840427399E-002  7.25723803043365479E-003 -3.39492314651579363E-005  2.01795979819507920E-005 -2.15908130485331640E-006
   54202.041666666664        3600.0000000000000       4.58335652947425842E-002 -2.54882387816905975E-002  1.14693474024534225E-002 -3.83340966436662711E-005  2.61958224427871755E-005 -9.01083967619342729E-006
   54202.052083333328        4500.0000000000000       4.61900187656283379E-002 -2.62354165315628052E-002  1.49813592433929443E-002 -4.14936037032020977E-005  3.24107315918809036E-005 -1.55719324084202526E-005
   54202.062500000000        5400.0000000000000       4.60836095735430717E-002 -2.66412980854511261E-002  1.91706866025924683E-002 -4.32604683737736195E-005  3.85798573461215710E-005 -2.19212179217720404E-005
   54202.072916666664        6300.0000000000000       4.56701559014618397E-002 -2.65250653028488159E-002  2.24890783429145813E-002 -4.37589069406385534E-005  4.43138969785650261E-005 -2.79364785455982201E-005
   54202.083333333336        7200.0000000000000       4.50101814349181950E-002 -2.65374593436717987E-002  2.61471793055534363E-002 -4.29814062954392284E-005  4.94578320058280951E-005 -3.33814265331966453E-005
   54202.093750000000        8100.0000000000000       4.19442008715122938E-002 -2.55099292844533920E-002  2.88835242390632629E-002 -4.10007928621780593E-005  5.36724942321598064E-005 -3.82421173412694770E-005
   54202.104166666672        9000.0000000000000       4.06214511021971703E-002 -2.36992873251438141E-002  3.15721593797206879E-002 -3.80487895199621562E-005  5.69291441934183240E-005 -4.23725028610988375E-005
   54202.114583333336        9900.0000000000000       3.81799321621656418E-002 -2.16079596430063248E-002  3.40109542012214661E-002 -3.42229909620073158E-005  5.90467896017798921E-005 -4.57970552361075534E-005
   54202.125000000000        10800.000000000000       3.46860084682703018E-002 -1.98957212269306183E-002  3.67978774011135101E-002 -2.97148153549642302E-005  5.97560949699982302E-005 -4.84620894667386892E-005
   54202.135416666664        11700.000000000000       3.16522829234600067E-002 -1.60742849111557007E-002  3.80774699151515961E-002 -2.48862284024653491E-005  5.90124103609923623E-005 -5.01962558701052330E-005
   54202.145833333336        12600.000000000000       2.97542456537485123E-002 -1.24082006514072418E-002  3.93405817449092865E-002 -1.99931155293597840E-005  5.69388535041071009E-005 -5.10969155129714636E-005
   54202.156250000000        13500.000000000000       2.57158726453781128E-002 -8.06850939989089966E-003  4.05741725116968155E-002 -1.51160274981521070E-005  5.34340687514678336E-005 -5.11142493451188784E-005
   54202.166666666664        14400.000000000000       2.36255936324596405E-002 -4.07158024609088898E-003  4.09932099282741547E-002 -1.06699299067258835E-005  4.85779917411832685E-005 -5.02686038998945151E-005
   54202.177083333328        15300.000000000000       2.12049894034862518E-002  2.51573324203491211E-003  4.02391329407691956E-002 -6.77292132422735449E-006  4.25886758534943510E-005 -4.84580186821403913E-005
   54202.187500000000        16200.000000000000       1.84923112392425537E-002  7.51443020999431610E-003  4.01306413114070892E-002 -3.70834663954155985E-006  3.55743375877182189E-005 -4.58068898296914995E-005
   54202.197916666664        17100.000000000000       1.68941169977188110E-002  1.36402901262044907E-002  3.85013818740844727E-002 -1.50439666413149098E-006  2.77255160945344414E-005 -4.24437985202530399E-005
   54202.208333333336        18000.000000000000       1.59382596611976624E-002  2.00671311467885971E-002  3.65037564188241959E-002 -4.11167548008961603E-007  1.92525000528576129E-005 -3.83586111638578586E-005
   54202.218750000000        18900.000000000000       1.36859528720378876E-002  2.41744164377450943E-002  3.33130490034818649E-002 -3.78926074517949019E-007  1.05147860267607030E-005 -3.35155641550954897E-005
   54202.229166666672        19800.000000000000       1.23302526772022247E-002  2.96259466558694839E-002  3.04015467409044504E-002 -1.51254909042108920E-006  1.69359759638609830E-006 -2.81486404674069490E-005
   54202.239583333336        20700.000000000000       1.26926600933074951E-002  3.69514245539903641E-002  2.65015298500657082E-002 -3.81893954681800096E-006 -6.99139354765065946E-006 -2.22988187488226686E-005
   54202.250000000000        21600.000000000000       1.20357573032379150E-002  4.07203640788793564E-002  2.24784342572093010E-002 -7.11360650029746466E-006 -1.50422517890547169E-005 -1.61651823873398826E-005
   54202.260416666664        22500.000000000000       1.34958475828170776E-002  4.52473741024732590E-002  1.77362281829118729E-002 -1.13532987597864121E-005 -2.25362025503272889E-005 -9.68300582826486789E-006
   54202.270833333336        23400.000000000000       1.34994909167289734E-002  4.83299642801284790E-002  1.26300342381000519E-002 -1.63670046049446682E-005 -2.91018159259692766E-005 -2.97540691462927498E-006
   54202.281250000000        24300.000000000000       1.47195160388946533E-002  5.09283952414989471E-002  6.98687881231307983E-003 -2.18155724951429875E-005 -3.45850726262142416E-005  3.71217038264148869E-006
   54202.291666666664        25200.000000000000       1.61156207323074341E-002  5.35470573231577873E-002  2.07489356398582458E-003 -2.76910336651781108E-005 -3.87887046144896885E-005  1.02606531982019078E-005
   54202.302083333328        26100.000000000000       1.69509388506412506E-002  5.52766798064112663E-002 -3.41741740703582764E-003 -3.36534524194576079E-005 -4.18196343616727972E-005  1.67608152423781576E-005
   54202.312500000000        27000.000000000000       1.81470699608325958E-002  5.50064165145158768E-002 -8.94588232040405273E-003 -3.93847100212951773E-005 -4.34393509749497753E-005  2.29274539833568269E-005
   54202.322916666664        27900.000000000000       1.98961608111858368E-002  5.39785714354366064E-002 -1.51655860245227814E-002 -4.47444058409018908E-005 -4.37735075138334651E-005  2.87173775177507196E-005
   54202.333333333336        28800.000000000000       2.09593102335929871E-002  5.32148962956853211E-002 -1.97184011340141296E-002 -4.96894253956270404E-005 -4.29838173658936284E-005  3.39630545340696699E-005
   54202.343750000000        29700.000000000000       2.13552042841911316E-002  5.06431167013943195E-002 -2.49277465045452118E-002 -5.35474249545586645E-005 -4.09206863878353033E-005  3.87909724111068499E-005
   54202.354166666672        30600.000000000000       2.21779830753803253E-002  4.82543343678116798E-002 -2.95978672802448273E-002 -5.65447242024674779E-005 -3.79423954655067064E-005  4.28800930194483954E-005
   54202.364583333336        31500.000000000000       2.24777627736330032E-002  4.61607184261083603E-002 -3.43432724475860596E-002 -5.85040417604432150E-005 -3.41502277478866745E-005  4.62319779899189598E-005
   54202.375000000000        32400.000000000000       2.21252702176570892E-002  4.19162921607494354E-002 -3.74574735760688782E-002 -5.90381349638846586E-005 -2.97977849186281674E-005  4.88075515931996051E-005
   54202.385416666664        33300.000000000000       2.12896876037120819E-002  3.72634399682283401E-002 -4.02672141790390015E-002 -5.82083715698900050E-005 -2.50772136496379972E-005  5.05877526393305743E-005
   54202.395833333336        34200.000000000000       2.02500391751527786E-002  3.32223400473594666E-002 -4.30267080664634705E-002 -5.62087303990210785E-005 -2.01937946258112788E-005  5.14744415340828709E-005
   54202.406250000000        35100.000000000000       1.78469996899366379E-002  2.99163572490215302E-002 -4.50076274573802948E-002 -5.28641945365393440E-005 -1.54409999595372938E-005  5.16221389261772856E-005
   54202.416666666664        36000.000000000000       1.59719698131084442E-002  2.53619179129600525E-002 -4.59955893456935883E-002 -4.82196968221160205E-005 -1.09444843019446125E-005  5.08082448504865170E-005
   54202.427083333328        36900.000000000000       1.03975106030702591E-002  2.20779143273830414E-002 -4.62036989629268646E-002 -4.25613677919045585E-005 -7.09520986674760934E-006  4.91794012305035722E-005
   54202.437500000000        37800.000000000000       7.14515149593353271E-003  1.82683989405632019E-002 -4.64007090777158737E-002 -3.58846326804496130E-005 -3.88755665881035384E-006  4.67113354716275353E-005
   54202.447916666664        38700.000000000000       2.76344455778598785E-003  1.54758952558040619E-002 -4.44091502577066422E-002 -2.84161216228540070E-005 -1.59801254540070659E-006  4.35137158092402387E-005
   54202.458333333336        39600.000000000000      -1.87106244266033173E-003  1.34819410741329193E-002 -4.34016957879066467E-002 -2.03621045713475723E-005 -2.15950876736314967E-007  3.96067694055091124E-005
   54202.468750000000        40500.000000000000      -7.51754082739353180E-003  1.18172504007816315E-002 -4.09968250896781683E-002 -1.19727382354994916E-005 -2.27030341193312779E-008  3.50628388332552277E-005
   54202.479166666672        41400.000000000000      -1.28065776079893112E-002  1.06032080948352814E-002 -3.79770700819790363E-002 -3.51963848288505687E-006 -8.30999496770346013E-007  2.98391187243396416E-005
   54202.489583333336        42300.000000000000      -1.94496475160121918E-002  1.12180262804031372E-002 -3.37749747559428215E-002  4.83858389088709373E-006 -2.75865409093967173E-006  2.41877883127017412E-005
   54202.500000000000        43200.000000000000      -2.52959355711936951E-002  1.12110786139965057E-002 -3.02651124075055122E-002  1.28245576433982933E-005 -5.77669197809882462E-006  1.81674631676287390E-005
   54202.510416666664        44100.000000000000      -2.97035742551088333E-002  1.23524554073810577E-002 -2.51934137195348740E-002  2.01506272787810303E-005 -9.64916966950113419E-006  1.17721915557922330E-005
   54202.520833333336        45000.000000000000      -3.50375678390264511E-002  1.39351636171340942E-002 -1.99032537639141083E-002  2.67459622591559310E-005 -1.43898134865594329E-005  5.23508288097218610E-006
   54202.531250000000        45900.000000000000      -3.89338862150907516E-002  1.61190330982208252E-002 -1.47246867418289185E-002  3.22753526234009769E-005 -1.96820905102867982E-005 -1.31773231260012835E-006
   54202.541666666664        46800.000000000000      -4.31646732613444328E-002  1.82351171970367432E-002 -9.02836583554744720E-003  3.68118942333239829E-005 -2.53743430675967829E-005 -7.97902248450554907E-006
   54202.552083333328        47700.000000000000      -4.59406822919845581E-002  2.10515074431896210E-002 -3.08698788285255432E-003  4.00857829845335800E-005 -3.12959358552689082E-005 -1.44437526614638045E-005
   54202.562500000000        48600.000000000000      -4.72475644201040268E-002  2.35335305333137512E-002  3.04478034377098083E-003  4.20158271481341217E-005 -3.70365718254106469E-005 -2.05539931812381838E-005
   54202.572916666664        49500.000000000000      -4.87935817800462246E-002  2.58450619876384735E-002  8.80532711744308472E-003  4.26416941081697587E-005 -4.24636473326245323E-005 -2.64639947999967262E-005
   54202.583333333336        50400.000000000000      -4.96978471928741783E-002  2.81234718859195709E-002  1.39792971312999725E-002  4.22353132307762280E-005 -4.76309495525129023E-005 -3.18289800134152756E-005
   54202.593750000000        51300.000000000000      -4.88247810862958431E-002  3.00792977213859558E-002  1.92948840558528900E-002  4.04723364226811100E-005 -5.17232729180250317E-005 -3.66157994164950651E-005
   54202.604166666672        52200.000000000000      -4.66130319982767105E-002  3.00723835825920105E-002  2.47463546693325043E-002  3.78241597900341731E-005 -5.47493589238001732E-005 -4.08939369265226560E-005
   54202.614583333336        53100.000000000000      -4.45857616141438484E-002  3.07572409510612488E-002  2.91740298271179199E-002  3.43010624419548549E-005 -5.68932462670090899E-005 -4.42981249761942308E-005
   54202.625000000000        54000.000000000000      -4.12334315478801727E-002  2.93588042259216309E-002  3.31561230123043060E-002  3.02079906759900041E-005 -5.75382075567176798E-005 -4.70641105039248941E-005
   54202.635416666664        54900.000000000000      -3.74825969338417053E-002  2.86502689123153687E-002  3.64743769168853760E-002  2.56381563303875737E-005 -5.68020939226698829E-005 -4.88630839754478075E-005
   54202.645833333336        55800.000000000000      -3.43103297054767609E-002  2.55017522722482681E-002  3.88545617461204529E-002  2.09190638997824863E-005 -5.47887384243495035E-005 -4.98879724091239041E-005
   54202.656250000000        56700.000000000000      -2.96579264104366302E-002  2.28659957647323608E-002  4.14420869201421738E-002  1.63148870342411101E-005 -5.12167157964427133E-005 -4.99811767440405674E-005
   54202.666666666664        57600.000000000000      -2.56833285093307495E-002  1.88989751040935516E-002  4.28147446364164352E-002  1.20028812489181291E-005 -4.64533652149157206E-005 -4.92686235702421982E-005
   54202.677083333328        58500.000000000000      -2.22597979009151459E-002  1.41830258071422577E-002  4.32346444576978683E-002  8.27063422548235394E-006 -4.04428909916987323E-005 -4.76595782856747974E-005
   54202.687500000000        59400.000000000000      -1.80136971175670624E-002  9.52808931469917297E-003  4.26635257899761200E-002  5.28261580257094465E-006 -3.35042755352787935E-005 -4.51566183983231895E-005
   54202.697916666664        60300.000000000000      -1.54721774160861969E-002  3.98354977369308472E-003  4.17971471324563026E-002  3.17655565140739782E-006 -2.56463385177596592E-005 -4.18474137404700741E-005
   54202.708333333336        61200.000000000000      -1.28255784511566162E-002 -1.74506194889545441E-003  4.02052248828113079E-002  2.07076959668484051E-006 -1.73262873488511104E-005 -3.77567785108112730E-005
   54202.718750000000        62100.000000000000      -9.74322110414505005E-003 -6.50156103074550629E-003  3.73802062822505832E-002  2.06205851327467826E-006 -8.60034725747027551E-006 -3.29769809468416497E-005
   54202.729166666672        63000.000000000000      -8.03470239043235779E-003 -1.20623689144849777E-002  3.42913959175348282E-002  3.21183826912374570E-006  1.08106064544699620E-007 -2.76850387308513746E-005
   54202.739583333336        63900.000000000000      -6.40949606895446777E-003 -1.60844083875417709E-002  3.09182964265346527E-002  5.39283564648940228E-006  8.55597022564325016E-006 -2.18617506106966175E-005
   54202.750000000000        64800.000000000000      -5.62522932887077332E-003 -2.11727712303400040E-002  2.71789021790027618E-002  8.64302336367472890E-006  1.65571815387011156E-005 -1.55967172759119421E-005
   54202.760416666664        65700.000000000000      -5.42111694812774658E-003 -2.36085206270217896E-002  2.27648336440324783E-002  1.26148347590060439E-005  2.38042914588731946E-005 -9.09792242964613251E-006
   54202.770833333336        66600.000000000000      -5.84729760885238647E-003 -2.83513609319925308E-002  1.82302463799715042E-002  1.74877870904310839E-005  3.01910963571572211E-005 -2.33438277064124122E-006
   54202.781250000000        67500.000000000000      -6.31179288029670715E-003 -3.03889177739620209E-002  1.30290482193231583E-002  2.27727430228696903E-005  3.54535541191580705E-005  4.37175140177714638E-006
   54202.791666666664        68400.000000000000      -7.55759328603744507E-003 -3.12326727434992790E-002  8.44947434961795807E-003  2.82639895203828928E-005  3.93902425912528997E-005  1.10975543066160753E-005
   54202.802083333328        69300.000000000000      -9.16118919849395752E-003 -3.37092895060777664E-002  4.11889329552650452E-003  3.40795843385421904E-005  4.21888912569556851E-005  1.75860739091149298E-005
   54202.812500000000        70200.000000000000      -9.83010604977607727E-003 -3.33535829558968544E-002 -7.53909349441528320E-004  3.95516673279416864E-005  4.35712449871061835E-005  2.38907948642008705E-005
   54202.822916666664        71100.000000000000      -1.16714835166931152E-002 -3.28598280902951956E-002 -5.08426502346992493E-003  4.44646179857954849E-005  4.36365503446722869E-005  2.97338104928712710E-005
   54202.833333333336        72000.000000000000      -1.33217088878154755E-002 -3.21465259185060859E-002 -9.44670289754867554E-003  4.90191633844005992E-005  4.26799970227875747E-005  3.50468446868035244E-005
   54202.843750000000        72900.000000000000      -1.52169764041900635E-002 -3.02614523097872734E-002 -1.37335546314716339E-002  5.24986905929836212E-005  4.03876911150291562E-005  3.97460004251115606E-005
   54202.854166666672        73800.000000000000      -1.70195586979389191E-002 -2.79648620635271072E-002 -1.69414170086383820E-002  5.49846037074530614E-005  3.73032971765496768E-005  4.38255738686166296E-005
   54202.864583333336        74700.000000000000      -1.83833371847867966E-002 -2.61581921949982643E-002 -2.01260186731815338E-002  5.64387788131170964E-005  3.34657997882459313E-005  4.71250605187378824E-005
   54202.875000000000        75600.000000000000      -1.96501631289720535E-002 -2.32597440481185913E-002 -2.21422538161277771E-002  5.65296647323521029E-005  2.89669851554208435E-005  4.95637830226769438E-005
   54202.885416666664        76500.000000000000      -2.05527227371931076E-002 -2.03755665570497513E-002 -2.50354260206222534E-002  5.53447680715635215E-005  2.42171954596415162E-005  5.12431295192072866E-005
   54202.895833333336        77400.000000000000      -2.06095762550830841E-002 -1.77562125027179718E-002 -2.59020030498504639E-002  5.30139643615257228E-005  1.94011067833343986E-005  5.20308399245550390E-005
   54202.906250000000        78300.000000000000      -2.15047337114810944E-002 -1.36520322412252426E-002 -2.73619126528501511E-002  4.91670306459468520E-005  1.47844632465421455E-005  5.19233885825087782E-005
   54202.916666666664        79200.000000000000      -2.20198258757591248E-002 -9.26376879215240479E-003 -2.85456925630569458E-002  4.42222146972426344E-005  1.05360422821831889E-005  5.09064284415217116E-005
   54202.927083333328        80100.000000000000      -2.01623179018497467E-002 -6.34645670652389526E-003 -2.79966853559017181E-002  3.83473772558318160E-005  6.78685023558500689E-006  4.90465281473007053E-005
   54202.937500000000        81000.000000000000      -1.93486623466014862E-002 -3.55127826333045959E-003 -2.84281857311725616E-002  3.13711381210168838E-005  3.81141308025689796E-006  4.63199580735818017E-005
   54202.947916666664        81900.000000000000      -1.90451703965663910E-002 -2.43399292230606079E-004 -2.76984125375747681E-002  2.38403590486768735E-005  1.81993038950167829E-006  4.29112201345560607E-005
   54202.958333333336        82800.000000000000      -1.66392829269170761E-002  1.57773494720458984E-003 -2.60876691900193691E-002  1.58633029627708311E-005  7.38442736292199697E-007  3.86526317015523091E-005
   54202.968750000000        83700.000000000000      -1.42229907214641571E-002  3.90321761369705200E-003 -2.43448689579963684E-002  7.53730418523446133E-006  6.71630573378934059E-007  3.38552245011669584E-005
   54202.979166666672        84600.000000000000      -1.17061324417591095E-002  6.45529478788375854E-003 -2.19184048473834991E-002 -7.18261730980884749E-007  1.78003029382978184E-006  2.83989111267146654E-005
   54202.989583333336        85500.000000000000      -8.14881920814514160E-003  6.82113319635391235E-003 -1.95056693628430367E-002 -8.73520298227958847E-006  3.86677743335894775E-006  2.24691880248428788E-005
   54203.000000000000        0.0000000000000000      -5.60095533728599548E-003  6.52945414185523987E-003 -1.70498117804527283E-002 -1.62409244239825057E-005  6.93275615049060434E-006  1.61586144713510294E-005
   54203.010416666664        900.00000000000000      -1.09715368598699570E-002  1.42806097865104675E-002 -2.27844156324863434E-002 -2.43897484324406832E-005  1.33694986743648769E-005  7.67678238844382577E-006
   54203.020833333336        1800.0000000000000      -8.58852639794349670E-003  1.58541463315486908E-002 -2.01504658907651901E-002 -3.00281394629564602E-005  1.79475421191455098E-005  1.09609527498832904E-006
   54203.031250000000        2700.0000000000000      -7.59695284068584442E-003  1.69077366590499878E-002 -1.82028580456972122E-002 -3.44190532359789358E-005  2.28759520268795313E-005 -5.45390412298729643E-006
   54203.041666666664        3600.0000000000000      -6.62152934819459915E-003  1.71454772353172302E-002 -1.50668267160654068E-002 -3.77799183297611307E-005  2.79831691614162992E-005 -1.18917196232359856E-005
   54203.052083333328        4500.0000000000000      -4.56267967820167542E-003  1.58265866339206696E-002 -1.18888914585113525E-002 -3.98976849282917101E-005  3.31714416006434476E-005 -1.82238698016590206E-005
   54203.062500000000        5400.0000000000000      -2.65920348465442657E-003  1.40913166105747223E-002 -9.28039848804473877E-003 -4.08613532272283919E-005  3.80603630674158921E-005 -2.41719076257140841E-005
   54203.072916666664        6300.0000000000000      -1.68180535547435284E-003  1.22359935194253922E-002 -5.69824501872062683E-003 -4.06424614993738942E-005  4.25099422045605024E-005 -2.97085418878850760E-005
   54203.083333333336        7200.0000000000000      -8.53054341860115528E-004  8.67152214050292969E-003 -2.67894193530082703E-003 -3.93488185181922745E-005  4.62915611478820210E-005 -3.47586559428236797E-005
   54203.093750000000        8100.0000000000000       9.05458815395832062E-004  5.58937527239322662E-003  8.71963798999786377E-004 -3.70508546438941266E-005  4.92527849473844981E-005 -3.91439744760191388E-005
   54203.104166666672        9000.0000000000000       2.51473858952522278E-004  1.14163942635059357E-003  4.57913801074028015E-003 -3.38942481903359294E-005  5.11817045207862975E-005 -4.29083361268567387E-005
   54203.114583333336        9900.0000000000000       1.65592972189188004E-003 -2.14749947190284729E-003  8.36423784494400024E-003 -3.01933778246166185E-005  5.22772349995648256E-005 -4.58933404843264725E-005
   54203.125000000000        10800.000000000000       1.02993845939636230E-003 -6.41247630119323730E-003  1.10451802611351013E-002 -2.60359611274907365E-005  5.19147053523738577E-005 -4.80277790302352514E-005
   54203.135416666664        11700.000000000000      -1.10643170773983002E-003 -1.14789213985204697E-002  1.46603994071483612E-002 -2.15685686271172017E-005  5.02585953654488549E-005 -4.93899838147626724E-005
   54203.145833333336        12600.000000000000      -1.81367434561252594E-003 -1.46811250597238541E-002  1.66631005704402924E-002 -1.71316196428961121E-005  4.76839592664646261E-005 -4.98249846714315936E-005
   54203.156250000000        13500.000000000000      -4.03987802565097809E-003 -1.87103226780891418E-002  1.97367053478956223E-002 -1.28715023492986802E-005  4.36356662945058815E-005 -4.93278125759388786E-005
   54203.166666666664        14400.000000000000      -5.92583790421485901E-003 -2.19255331903696060E-002  2.17164121568202972E-002 -9.06751120055560023E-006  3.86922151420776572E-005 -4.80222383885120507E-005
   54203.177083333328        15300.000000000000      -8.08964669704437256E-003 -2.32945717871189117E-002  2.36978046596050262E-002 -5.82505958846013527E-006  3.28056673879473237E-005 -4.58409190287056845E-005
   54203.187500000000        16200.000000000000      -1.02590769529342651E-002 -2.49235704541206360E-002  2.47166361659765244E-002 -3.38221934725879692E-006  2.60345693448016391E-005 -4.28460029979760293E-005
   54203.197916666664        17100.000000000000      -1.27881020307540894E-002 -2.58120261132717133E-002  2.57230661809444427E-002 -1.73232217548502376E-006  1.86550158756126905E-005 -3.90592758776620030E-005
   54203.208333333336        18000.000000000000      -1.55735574662685394E-002 -2.53466777503490448E-002  2.60793920606374741E-002 -1.17202773708413588E-006  1.09785219706282078E-005 -3.46499077750195283E-005
   54203.218750000000        18900.000000000000      -1.71396769583225250E-002 -2.51698978245258331E-002  2.51549684908241034E-002 -1.47146221252114628E-006  3.05828072555414110E-006 -2.96166695079591591E-005
   54203.229166666672        19800.000000000000      -1.86526887118816376E-002 -2.38915830850601196E-002  2.48993602581322193E-002 -2.89605129211167878E-006 -4.67331756226485595E-006 -2.40908138948725536E-005
   54203.239583333336        20700.000000000000      -1.99494808912277222E-002 -2.03974861651659012E-002  2.35775541514158249E-002 -5.27123444271637709E-006 -1.21252628559886944E-005 -1.81499444806831889E-005
   54203.250000000000        21600.000000000000      -2.05224342644214630E-002 -1.85453258454799652E-002  2.23761349916458130E-002 -8.47369676648668246E-006 -1.91067756531992927E-005 -1.19007800094550475E-005
   54203.260416666664        22500.000000000000      -2.00155340135097504E-002 -1.47680379450321198E-002  2.02161855995655060E-002 -1.24634066196449567E-005 -2.52529337103624130E-005 -5.38056474397308193E-006
   54203.270833333336        23400.000000000000      -1.91101953387260437E-002 -1.13267339766025543E-002  1.72815024852752686E-002 -1.70807830954800011E-005 -3.06655520034837537E-005  1.11264671431854367E-006
   54203.281250000000        24300.000000000000      -1.76926478743553162E-002 -8.52184556424617767E-003  1.39075759798288345E-002 -2.20417065293077030E-005 -3.49313083916058531E-005  7.65756794862682000E-006
   54203.291666666664        25200.000000000000      -1.50883831083774567E-002 -5.39373885840177536E-003  1.02759264409542084E-002 -2.72693358738251845E-005 -3.81532217943458818E-005  1.40564527555397945E-005
   54203.302083333328        26100.000000000000      -1.15005932748317719E-002 -4.49635088443756104E-004  7.40767642855644226E-003 -3.26328479332005372E-005 -4.01934926230751444E-005  2.01761981770687271E-005
   54203.312500000000        27000.000000000000      -7.49754533171653748E-003  1.05616450309753418E-003  2.61936336755752563E-003 -3.75230225699851871E-005 -4.10075131185294595E-005  2.59657263086410239E-005
   54203.322916666664        27900.000000000000      -3.44333983957767487E-003  4.04680427163839340E-003 -1.53476372361183167E-003 -4.20791067199388635E-005 -4.07560428357101046E-005  3.13214200104994234E-005
   54203.333333333336        28800.000000000000       1.99280492961406708E-003  5.89101319201290607E-003 -5.67290931940078735E-003 -4.60512806057522539E-005 -3.94378348573809490E-005  3.61921204330428736E-005
   54203.343750000000        29700.000000000000       6.72957114875316620E-003  6.81452918797731400E-003 -9.42940637469291687E-003 -4.91625634140291368E-005 -3.70760749319742899E-005  4.03775581077070456E-005
   54203.354166666672        30600.000000000000       1.28607712686061859E-002  6.07714802026748657E-003 -1.35692358016967773E-002 -5.12333513142948505E-005 -3.39812768288538791E-005  4.39271418599673780E-005
   54203.364583333336        31500.000000000000       1.77104882895946503E-002  6.50583487004041672E-003 -1.84961669147014618E-002 -5.24223801789958088E-005 -3.02691678371047601E-005  4.67536892756470479E-005
   54203.375000000000        32400.000000000000       2.28556897491216660E-002  4.78890165686607361E-003 -2.21213288605213165E-002 -5.22681125971757865E-005 -2.60690599134250078E-005  4.87650891045632306E-005
   54203.385416666664        33300.000000000000       2.74117533117532730E-002  3.46672907471656799E-003 -2.53064595162868500E-002 -5.10237516380129819E-005 -2.16533107959548943E-005  5.00243195347138681E-005
   54203.395833333336        34200.000000000000       3.11421435326337814E-002  1.66067667305469513E-003 -2.85548307001590729E-002 -4.86663175429669081E-005 -1.72815166479267646E-005  5.04460736010514665E-005
   54203.406250000000        35100.000000000000       3.58953364193439484E-002 -1.82356871664524078E-003 -3.20037659257650375E-002 -4.51236623320028230E-005 -1.30493642700457713E-005  4.99883581142057665E-005
   54203.416666666664        36000.000000000000       3.84751129895448685E-002 -5.15290722250938416E-003 -3.36431078612804413E-002 -4.04846177985973554E-005 -9.22632625588448718E-006  4.86889662170142401E-005
   54203.427083333328        36900.000000000000       4.03368826955556870E-002 -7.62447342276573181E-003 -3.54435909539461136E-002 -3.50019382153732295E-005 -5.83678797738684807E-006  4.66562928522762377E-005
   54203.437500000000        37800.000000000000       4.04327381402254105E-002 -1.11972503364086151E-002 -3.68335321545600891E-002 -2.85634569081594236E-005 -3.31731212099839468E-006  4.38249394392187241E-005
   54203.447916666664        38700.000000000000       4.04476765543222427E-002 -1.36343091726303101E-002 -3.80939710885286331E-002 -2.16225868001629351E-005 -1.51209655996353831E-006  4.03026460844557732E-005
   54203.458333333336        39600.000000000000       3.92435993999242783E-002 -1.65931545197963715E-002 -3.74508956447243690E-002 -1.42600780606016997E-005 -6.91036916578013916E-007  3.61142774636391550E-005
   54203.468750000000        40500.000000000000       3.72501909732818604E-002 -1.92437209188938141E-002 -3.73066297033801675E-002 -6.67064128379024623E-006 -8.29894332809999469E-007  3.13355562866490800E-005
   54203.479166666672        41400.000000000000       3.52631509304046631E-002 -2.10234373807907104E-002 -3.57973258942365646E-002  9.12249561224598438E-007 -1.90275296318986875E-006  2.60197975876508281E-005
   54203.489583333336        42300.000000000000       3.10885049402713776E-002 -2.06442512571811676E-002 -3.43594895675778389E-002  8.30647354632674251E-006 -3.86651316830466385E-006  2.03695067284570541E-005
   54203.500000000000        43200.000000000000       2.67636906355619431E-002 -2.04156488180160522E-002 -3.20391347631812096E-002  1.53374228375469102E-005 -6.83489793118496891E-006  1.42936332849785686E-005
   54203.510416666664        44100.000000000000       2.18230728060007095E-002 -1.94061025977134705E-002 -2.83734798431396484E-002  2.16244372950313846E-005 -1.05155151004510117E-005  8.08952745501301251E-006
   54203.520833333336        45000.000000000000       1.66529100388288498E-002 -1.71523578464984894E-002 -2.52209324389696121E-002  2.72073189080401789E-005 -1.47687895832859795E-005  1.65136543728294782E-006
   54203.531250000000        45900.000000000000       1.14753022789955139E-002 -1.37304328382015228E-002 -2.13706772774457932E-002  3.18063241593335988E-005 -1.95341149265004788E-005 -4.68809230369515717E-006
   54203.541666666664        46800.000000000000       8.01784638315439224E-003 -1.02881379425525665E-002 -1.69632453471422195E-002  3.52872079929511528E-005 -2.45839710260042921E-005 -1.10612086245964747E-005
   54203.552083333328        47700.000000000000       2.82758288085460663E-003 -4.98388335108757019E-003 -1.16132944822311401E-002  3.78814856958342716E-005 -2.97927831525157671E-005 -1.71627627878478961E-005
   54203.562500000000        48600.000000000000      -1.50398584082722664E-003  1.36284157633781433E-003 -6.89331069588661194E-003  3.91304097320244182E-005 -3.46968117810320109E-005 -2.30399482461507432E-005
   54203.572916666664        49500.000000000000      -3.67470062337815762E-003  6.78874552249908447E-003 -1.88259035348892212E-003  3.94025742025405634E-005 -3.92029006661687163E-005 -2.84650456023882725E-005
   54203.583333333336        50400.000000000000      -6.78006070666015148E-003  1.36359222233295441E-002  3.54132056236267090E-003  3.85143935091036838E-005 -4.33902027907606680E-005 -3.33423770371155115E-005
   54203.593750000000        51300.000000000000      -8.35442496463656425E-003  1.95196215063333511E-002  9.09584760665893555E-003  3.66855247193598188E-005 -4.66408944248541957E-005 -3.77233704966783989E-005
   54203.604166666672        52200.000000000000      -8.18570423871278763E-003  2.62455753982067108E-002  1.41295678913593292E-002  3.40264091391873080E-005 -4.88594175749312853E-005 -4.14322236679254274E-005
   54203.614583333336        53100.000000000000      -7.79778044670820236E-003  3.18290870636701584E-002  1.92596353590488434E-002  3.06062347590341233E-005 -5.02491944303073979E-005 -4.44673428319219965E-005
   54203.625000000000        54000.000000000000      -6.71145319938659668E-003  3.66806872189044952E-002  2.37908735871315002E-002  2.68207163571787532E-005 -5.03919562788723852E-005 -4.66063740987010533E-005
   54203.635416666664        54900.000000000000      -3.97204421460628510E-003  4.08333241939544678E-002  2.77519226074218750E-002  2.26206238949089311E-005 -4.92705578096774843E-005 -4.79894376894662855E-005
   54203.645833333336        55800.000000000000      -1.53885968029499054E-003  4.47696596384048462E-002  3.16414572298526764E-002  1.83837237273110077E-005 -4.69061139156679019E-005 -4.86034734876739094E-005
   54203.656250000000        56700.000000000000       1.76779739558696747E-003  4.76136039942502975E-002  3.40515710413455963E-002  1.43581924021418672E-005 -4.33533974266708810E-005 -4.82651089441787917E-005
   54203.666666666664        57600.000000000000       5.42984530329704285E-003  4.89027872681617737E-002  3.65718025714159012E-002  1.06765253349294653E-005 -3.85980361699012064E-005 -4.70555419269658159E-005
   54203.677083333328        58500.000000000000       9.60934162139892578E-003  4.95831873267889023E-002  3.81310675293207169E-002  7.44315616429958027E-006 -3.30096350609210276E-005 -4.50834136245248374E-005
   54203.687500000000        59400.000000000000       1.31955519318580627E-002  4.90113794803619385E-002  3.92033718526363373E-002  4.98142048854788300E-006 -2.63832473450520411E-005 -4.22305415668233763E-005
   54203.697916666664        60300.000000000000       1.77834816277027130E-002  4.83160037547349930E-002  3.93555508926510811E-002  3.33674870489630848E-006 -1.91683468226955256E-005 -3.86955507565289736E-005
   54203.708333333336        61200.000000000000       2.03273259103298187E-002  4.58230618387460709E-002  3.92350186593830585E-002  2.62440323695045663E-006 -1.15955340334039647E-005 -3.43834622071881313E-005
   54203.718750000000        62100.000000000000       2.28189341723918915E-002  4.34051323682069778E-002  3.79209186939988285E-002  2.84254468851941056E-006 -3.78144301294014440E-006 -2.95501540676923469E-005
   54203.729166666672        63000.000000000000       2.52437032759189606E-002  4.03196569532155991E-002  3.62274246290326118E-002  4.09167357418027677E-006  3.97550519437572802E-006 -2.41215179812570568E-005
   54203.739583333336        63900.000000000000       2.56321318447589874E-002  3.50662991404533386E-002  3.40733649209141731E-002  6.26336691311735194E-006  1.14317408588249236E-005 -1.81743962457403541E-005
   54203.750000000000        64800.000000000000       2.60492525994777679E-002  3.13723254948854446E-002  3.09038823470473289E-002  9.31007389226579107E-006  1.84269122200930724E-005 -1.19967999125947244E-005
   54203.760416666664        65700.000000000000       2.49316543340682983E-002  2.76660546660423279E-002  2.76404116302728653E-002  1.31310607685009018E-005  2.46630243054823950E-005 -5.56334634893573821E-006
   54203.770833333336        66600.000000000000       2.36467607319355011E-002  2.21503470093011856E-002  2.38997284322977066E-002  1.75770491068760748E-005  3.00825813610572368E-005  1.01847899713902734E-006
   54203.781250000000        67500.000000000000       2.11355015635490417E-002  1.82356685400009155E-002  1.93724855780601501E-002  2.23564911721041426E-005  3.44234779277030611E-005  7.52238838686025701E-006
   54203.791666666664        68400.000000000000       1.70391649007797241E-002  1.45028959959745407E-002  1.58748514950275421E-002  2.73814226829927065E-005  3.76850168777309591E-005  1.39466540076682577E-005
   54203.802083333328        69300.000000000000       1.28866620361804962E-002  1.11552607268095016E-002  1.09827779233455658E-002  3.23450711903205956E-005  3.97714811697369441E-005  2.01266382191533921E-005
   54203.812500000000        70200.000000000000       8.02342966198921204E-003  7.78215331956744194E-003  7.03599303960800171E-003  3.72197811202568118E-005  4.06174449381069280E-005  2.60274343872879399E-005
   54203.822916666664        71100.000000000000       2.09771096706390381E-003  6.77381234709173441E-003  1.93605571985244751E-003  4.14306213087911601E-005  4.03691847168374807E-005  3.14818856850251905E-005
   54203.833333333336        72000.000000000000      -3.52092832326889038E-003  4.28183679468929768E-003 -1.72760710120201111E-003  4.52331485121248988E-005  3.90283130400348455E-005  3.63701925039094931E-005
   54203.843750000000        72900.000000000000      -1.03336200118064880E-002  3.40509787201881409E-003 -6.82327523827552795E-003  4.81412333783737267E-005  3.68022615475638304E-005  4.05612721152692757E-005
   54203.854166666672        73800.000000000000      -1.72619484364986420E-002  3.51848080754280090E-003 -1.07006914913654327E-002  4.99848672461666865E-005  3.37002907144778874E-005  4.41513227542600362E-005
   54203.864583333336        74700.000000000000      -2.36168839037418365E-002  3.60424444079399109E-003 -1.43260657787322998E-002  5.09997177005061531E-005  2.99547127724508755E-005  4.69315700684092008E-005
   54203.875000000000        75600.000000000000      -2.99310572445392609E-002  4.83615882694721222E-003 -1.78861394524574280E-002  5.06916898075360223E-005  2.58393179137783591E-005  4.89503081553266384E-005
   54203.885416666664        76500.000000000000      -3.66471298038959503E-002  6.97344169020652771E-003 -2.15908586978912354E-002  4.91857478692736549E-005  2.14936158045020420E-005  5.00960015870077768E-005
   54203.895833333336        77400.000000000000      -4.21818885952234268E-002  9.54912044107913971E-003 -2.48055085539817810E-002  4.66145681459195771E-005  1.71259071066742763E-005  5.03883302371832542E-005
   54203.906250000000        78300.000000000000      -4.68363612890243530E-002  1.29847340285778046E-002 -2.69123464822769165E-002  4.28353519339452760E-005  1.30567320866248338E-005  4.98627714478061534E-005
   54203.916666666664        79200.000000000000      -5.15576172620058060E-002  1.66128054261207581E-002 -2.94123236089944839E-002  3.80439202416482658E-005  9.35715183913998771E-006  4.84784386571845971E-005
   54203.927083333328        80100.000000000000      -5.40578495711088181E-002  1.88668109476566315E-002 -3.09669878333806992E-002  3.25393512810023822E-005  6.19493766862433404E-006  4.63401520391926169E-005
   54203.937500000000        81000.000000000000      -5.63436038792133331E-002  2.36557386815547943E-002 -3.28776501119136810E-002  2.60701582419642364E-005  3.79645825887564570E-006  4.33608229286619462E-005
   54203.947916666664        81900.000000000000      -5.82405067980289459E-002  2.65929326415061951E-002 -3.34267104044556618E-002  1.91167584020490722E-005  2.20914637338864850E-006  3.96145528611668851E-005
   54203.958333333336        82800.000000000000      -5.70130869746208191E-002  2.96317152678966522E-002 -3.42456311918795109E-002  1.18457875686317493E-005  1.54472149915818591E-006  3.53150908267707564E-005
   54203.968750000000        83700.000000000000      -5.66881150007247925E-002  3.34617942571640015E-002 -3.47159488592296839E-002  4.39770934690386639E-006  1.83694999122963054E-006  3.03735646411951166E-005
   54203.979166666672        84600.000000000000      -5.53689654916524887E-002  3.56036461889743805E-002 -3.38940834626555443E-002 -3.00346391668426804E-006  3.05022575730617973E-006  2.49389668169897050E-005
   54203.989583333336        85500.000000000000      -5.14139123260974884E-002  3.64811904728412628E-002 -3.21792438626289368E-002 -1.01697975196657353E-005  5.16048737608798547E-006  1.91063240890798625E-005
   54204.000000000000        0.0000000000000000      -4.81085646897554398E-002  3.74832674860954285E-002 -3.06407520547509193E-002 -1.67386276643810561E-005  8.02693296009238111E-006  1.30400385387474671E-005
   54204.010416666664        900.00000000000000      -4.72907181829214096E-002  3.89023683965206146E-002 -3.07407211512327194E-002 -2.30969960739457747E-005  1.23938358456143760E-005  6.14230702922213823E-006
   54204.020833333336        1800.0000000000000      -4.30105365812778473E-002  3.82194556295871735E-002 -2.84129325300455093E-002 -2.81442494269867893E-005  1.65559157494499232E-005 -2.94070105155697092E-007
   54204.031250000000        2700.0000000000000      -3.83002553135156631E-002  3.68566662073135376E-002 -2.48803310096263885E-002 -3.21165275636303704E-005  2.10459635354709462E-005 -6.60009663988603279E-006
   54204.041666666664        3600.0000000000000      -3.41574121266603470E-002  3.31386961042881012E-002 -2.18609478324651718E-002 -3.51193079950462561E-005  2.57157245187045191E-005 -1.28281189972767606E-005
   54204.052083333328        4500.0000000000000      -2.91161099448800087E-002  2.87571325898170471E-002 -1.83003991842269897E-002 -3.71033252122288104E-005  3.04400027744122781E-005 -1.87599407581728883E-005
   54204.062500000000        5400.0000000000000      -2.42281523533165455E-002  2.30976678431034088E-002 -1.41843482851982117E-002 -3.79418647753482219E-005  3.47730782550570439E-005 -2.44011712311476003E-005
   54204.072916666664        6300.0000000000000      -2.12229648604989052E-002  1.61627158522605896E-002 -8.68527963757514954E-003 -3.76637553927139379E-005  3.86266575560512138E-005 -2.96130232300129137E-005
   54204.083333333336        7200.0000000000000      -1.74667064566165209E-002  7.83429108560085297E-003 -3.70066240429878235E-003 -3.65685336873866618E-005  4.19558034536748892E-005 -3.43385602832313452E-005
   54204.093750000000        8100.0000000000000      -1.51774869300425053E-002 -7.04601407051086426E-004  6.34357333183288574E-004 -3.45512148669513408E-005  4.45184034560952568E-005 -3.84597309661671716E-005
   54204.104166666672        9000.0000000000000      -1.35250994935631752E-002 -8.69878754019737244E-003  5.87039440870285034E-003 -3.17602730319777038E-005  4.61899270476351376E-005 -4.18838074551786121E-005
   54204.114583333336        9900.0000000000000      -1.28128305077552795E-002 -1.88546720892190933E-002  1.10231079161167145E-002 -2.84697662209509872E-005  4.67182694592338521E-005 -4.45597599991742754E-005
   54204.125000000000        10800.000000000000      -1.26660801470279694E-002 -2.78648957610130310E-002  1.59945413470268250E-002 -2.46944282480399124E-005  4.62665022951114224E-005 -4.64827796804456739E-005
   54204.135416666664        11700.000000000000      -1.42710935324430466E-002 -3.66810522973537445E-002  2.15294286608695984E-002 -2.07964212677325122E-005  4.46933705688934424E-005 -4.75892777558328817E-005
   54204.145833333336        12600.000000000000      -1.57724805176258087E-002 -4.39398363232612610E-002  2.59964205324649811E-002 -1.69305048984824680E-005  4.21312660563444297E-005 -4.78574866065173410E-005
   54204.156250000000        13500.000000000000      -1.89962554723024368E-002 -5.16547784209251404E-002  2.95193437486886978E-002 -1.31782417156500742E-005  3.83021073986355987E-005 -4.72501733383978717E-005
   54204.166666666664        14400.000000000000      -2.25047133862972260E-002 -5.67357446998357773E-002  3.34407091140747070E-002 -9.90163198366644792E-006  3.36773122597833208E-005 -4.58432159575750120E-005
   54204.177083333328        15300.000000000000      -2.57062166929244995E-002 -6.10369462519884109E-002  3.65122724324464798E-002 -7.05985803506337106E-006  2.81548374658768807E-005 -4.35728338743501808E-005
   54204.187500000000        16200.000000000000      -3.08257639408111572E-002 -6.54449202120304108E-002  3.97131284698843956E-002 -4.92347089675604366E-006  2.19294829975069661E-005 -4.06226786253682803E-005
   54204.197916666664        17100.000000000000      -3.46686989068984985E-002 -6.65095001459121704E-002  4.14185654371976852E-002 -3.59995124199485872E-006  1.52234569164022560E-005 -3.69730428246839438E-005
   54204.208333333336        18000.000000000000      -3.74266840517520905E-002 -6.55095633119344711E-002  4.19884207658469677E-002 -3.18247487030021148E-006  8.12934430882705783E-006 -3.26425879393354990E-005
   54204.218750000000        18900.000000000000      -4.14687171578407288E-002 -6.48695658892393112E-002  4.25224122009240091E-002 -3.63181959528446896E-006  9.48088143104541814E-007 -2.76678497357352171E-005
   54204.229166666672        19800.000000000000      -4.38220202922821045E-002 -6.27682860940694809E-002  4.21798843890428543E-002 -4.88048358704418206E-006 -6.14098462392576039E-006 -2.23205611291632522E-005
   54204.239583333336        20700.000000000000      -4.56542186439037323E-002 -5.85364140570163727E-002  4.09942511469125748E-002 -7.07459446402936010E-006 -1.28949490090235486E-005 -1.65805622600601055E-005
   54204.250000000000        21600.000000000000      -4.65097315609455109E-002 -5.32585307955741882E-002  3.89639884233474731E-002 -1.01162827377265785E-005 -1.92251872022097814E-005 -1.05081608126056381E-005
   54204.260416666664        22500.000000000000      -4.58398126065731049E-002 -4.74594999104738235E-002  3.70163824409246445E-002 -1.36751784793887055E-005 -2.48332405590190319E-005 -4.25032067141728476E-006
   54204.270833333336        23400.000000000000      -4.38347943127155304E-002 -4.13895752280950546E-002  3.37300878018140793E-002 -1.79084750016045291E-005 -2.96412761144893011E-005  2.10734106076415628E-006
   54204.281250000000        24300.000000000000      -4.05995845794677734E-002 -3.39719355106353760E-002  2.96679530292749405E-002 -2.24467157750041224E-005 -3.35640488628996536E-005  8.36658637126674876E-006
   54204.291666666664        25200.000000000000      -3.64921428263187408E-002 -2.90384292602539063E-002  2.51245424151420593E-002 -2.69497448925903882E-005 -3.64063239430834074E-005  1.44347916375409113E-005
   54204.302083333328        26100.000000000000      -3.08548584580421448E-002 -2.08223946392536163E-002  1.98169834911823273E-002 -3.17720925977482693E-005 -3.81715931325743441E-005  2.03488025363185443E-005
   54204.312500000000        27000.000000000000      -2.42178961634635925E-002 -1.59527771174907684E-002  1.48832835257053375E-002 -3.60388955868984340E-005 -3.89048100259969942E-005  2.59578696386597585E-005
   54204.322916666664        27900.000000000000      -1.70042738318443298E-002 -1.08596171485260129E-002  9.20963287353515625E-003 -4.01203189994703280E-005 -3.85460289180628024E-005  3.09778268956506508E-005
   54204.333333333336        28800.000000000000      -9.04531218111515045E-003 -6.95624621585011482E-003  2.31606140732765198E-003 -4.35978580526352744E-005 -3.72823697034618817E-005  3.55685231170355109E-005
   54204.343750000000        29700.000000000000      -1.42483972012996674E-003 -4.18283138424158096E-003 -3.59882041811943054E-003 -4.61532542885834118E-005 -3.50826539943227544E-005  3.96110558256168588E-005
   54204.354166666672        30600.000000000000       7.79875926673412323E-003 -2.43423972278833389E-003 -8.77726078033447266E-003 -4.78618278521025786E-005 -3.22396654155454598E-005  4.29041870688706695E-005
   54204.364583333336        31500.000000000000       1.53690632432699203E-002 -1.00818462669849396E-003 -1.51864029467105865E-002 -4.87073890553801903E-005 -2.87996654151356779E-005  4.54597560519687249E-005
   54204.375000000000        32400.000000000000       2.35048662871122360E-002 -1.20611675083637238E-003 -2.08116471767425537E-002 -4.82972243958101899E-005 -2.49593490480037872E-005  4.72816232104378287E-005
   54204.385416666664        33300.000000000000       3.14506776630878448E-002 -2.28542461991310120E-003 -2.60259211063385010E-002 -4.68522949148564294E-005 -2.08824376386473887E-005  4.83563103443884756E-005
   54204.395833333336        34200.000000000000       3.80975678563117981E-002 -4.85782884061336517E-003 -3.10505032539367676E-002 -4.43688402107511592E-005 -1.68581909747445025E-005  4.86167180042684777E-005
   54204.406250000000        35100.000000000000       4.41456492990255356E-002 -7.48343393206596375E-003 -3.59122287482023239E-002 -4.07226377632241565E-005 -1.31404976855264977E-005  4.80667899864783976E-005
   54204.416666666664        36000.000000000000       4.88805640488862991E-002 -1.19271166622638702E-002 -3.94646301865577698E-002 -3.60929434179979580E-005 -9.65303706834674813E-006  4.66690307803219184E-005
   54204.427083333328        36900.000000000000       5.29362205415964127E-002 -1.56449265778064728E-002 -4.31937724351882935E-002 -3.06524986228851049E-005 -6.80662287777522579E-006  4.45383402620791458E-005
   54204.437500000000        37800.000000000000       5.48083819448947906E-002 -1.97876207530498505E-002 -4.58838455379009247E-002 -2.45312609479242383E-005 -4.60949695479939692E-006  4.17150995417614467E-005
   54204.447916666664        38700.000000000000       5.58821093291044235E-002 -2.42195352911949158E-002 -4.77133281528949738E-002 -1.78765032323724427E-005 -3.13415250730031403E-006  3.82103521587850992E-005
   54204.458333333336        39600.000000000000       5.40411863476037979E-002 -2.70926058292388916E-002 -4.88275545649230480E-002 -1.08320310232556949E-005 -2.58614971926363069E-006  3.39958087351988070E-005
   54204.468750000000        40500.000000000000       5.21091334521770477E-002 -3.08859497308731079E-002 -4.80567366757895797E-002 -3.66039319033006905E-006 -2.89607203285413561E-006  2.93410616905021016E-005
   54204.479166666672        41400.000000000000       5.00881616026163101E-002 -3.34488190710544586E-002 -4.73609887994825840E-002  3.40691264000270166E-006 -4.07374068345234264E-006  2.41672441916307434E-005
   54204.489583333336        42300.000000000000       4.49334532022476196E-002 -3.47460880875587463E-002 -4.57640849053859711E-002  1.03447382571175694E-005 -6.12500502938928548E-006  1.85844005500257481E-005
   54204.500000000000        43200.000000000000       4.00589369237422943E-002 -3.54596190154552460E-002 -4.39924411475658417E-002  1.67503517332079355E-005 -8.97755887763196370E-006  1.26586619444424286E-005
   54204.510416666664        44100.000000000000       3.47522161900997162E-002 -3.43635752797126770E-002 -4.04953267425298691E-002  2.26338388529256918E-005 -1.24954616467221058E-005  6.54575978842331097E-006
   54204.520833333336        45000.000000000000       2.91105564683675766E-002 -3.23462896049022675E-002 -3.68623305112123489E-002  2.76468549600394908E-005 -1.65643098171130987E-005  3.95250481233233586E-007
   54204.531250000000        45900.000000000000       2.28300429880619049E-002 -2.90420576930046082E-002 -3.22954133152961731E-002  3.17990754865604686E-005 -2.10034729661856545E-005 -5.85494171900791116E-006
   54204.541666666664        46800.000000000000       1.69137353077530861E-002 -2.41282507777214050E-002 -2.73363254964351654E-002  3.49394276781822555E-005 -2.56761147738870932E-005 -1.19372498375014402E-005
   54204.552083333328        47700.000000000000       1.10346805304288864E-002 -1.83885209262371063E-002 -2.13527418673038483E-002  3.70639436368946917E-005 -3.03513869539528969E-005 -1.78701163804362295E-005
   54204.562500000000        48600.000000000000       6.06067897751927376E-003 -1.19280815124511719E-002 -1.51127092540264130E-002  3.80995420528051909E-005 -3.47886985991863185E-005 -2.34614255987253273E-005
   54204.572916666664        49500.000000000000       1.99440354481339455E-003 -4.80384938418865204E-003 -8.97767022252082825E-003  3.81081204068323132E-005 -3.89475217161816545E-005 -2.86626710703785648E-005
   54204.583333333336        50400.000000000000      -1.38905458152294159E-003  3.89939546585083008E-003 -2.23443657159805298E-003  3.71130240637285169E-005 -4.25158613097664784E-005 -3.33794172888701723E-005
   54204.593750000000        51300.000000000000      -3.36157251149415970E-003  1.20366290211677551E-002  3.90043109655380249E-003  3.51683497683552559E-005 -4.51508547030243790E-005 -3.75676643304956315E-005
   54204.604166666672        52200.000000000000      -4.97512612491846085E-003  1.97529736906290054E-002  1.06878057122230530E-002  3.25360533679486252E-005 -4.70656121933643590E-005 -4.10291447110466834E-005
   54204.614583333336        53100.000000000000      -5.06840646266937256E-003  2.69485060125589371E-002  1.71766132116317749E-002  2.92460645141545683E-005 -4.79583886772161350E-005 -4.37657972724991851E-005
   54204.625000000000        54000.000000000000      -3.37020121514797211E-003  3.43706496059894562E-002  2.33472064137458801E-002  2.55550799010961782E-005 -4.76291878612755681E-005 -4.57158137123769848E-005
   54204.635416666664        54900.000000000000      -2.97300517559051514E-004  4.10241987556219101E-002  2.84216329455375671E-002  2.16096550502697937E-005 -4.61870554886445461E-005 -4.69060023533529602E-005
   54204.645833333336        55800.000000000000       1.21630728244781494E-003  4.55674827098846436E-002  3.33418436348438263E-002  1.77101883309660479E-005 -4.37620849496056508E-005 -4.72585281841020333E-005
   54204.656250000000        56700.000000000000       6.08463212847709656E-003  5.02663534134626389E-002  3.84528823196887970E-002  1.39628255055868067E-005 -3.99502683450236873E-005 -4.67384511466661934E-005
   54204.666666666664        57600.000000000000       9.92304831743240356E-003  5.45388199388980865E-002  4.12788707762956619E-002  1.05489077668607933E-005 -3.51887719460819426E-005 -4.54621035714808386E-005
   54204.677083333328        58500.000000000000       1.44370086491107941E-002  5.46819325536489487E-002  4.48652412742376328E-002  7.68114296079147607E-006 -2.96067426432955472E-005 -4.33443465226446278E-005
   54204.687500000000        59400.000000000000       1.90776288509368896E-002  5.57206720113754272E-002  4.63874004781246185E-002  5.54884968551050406E-006 -2.31866753779286228E-005 -4.04350380449614022E-005
   54204.697916666664        60300.000000000000       2.32266895473003387E-002  5.51688801497220993E-002  4.73575470969080925E-002  4.16158866300975205E-006 -1.61638618081383356E-005 -3.68180894838587847E-005
   54204.708333333336        61200.000000000000       2.67720632255077362E-002  5.24211954325437546E-002  4.81968168169260025E-002  3.72973397588793887E-006 -8.91181798579054885E-006 -3.25661467286408879E-005
   54204.718750000000        62100.000000000000       3.00783365964889526E-002  4.87113147974014282E-002  4.73533867625519633E-002  4.22063169480679790E-006 -1.40272373982952558E-006 -2.76511091215070337E-005
   54204.729166666672        63000.000000000000       3.25048416852951050E-002  4.45263292640447617E-002  4.58707725629210472E-002  5.68828394875708909E-006  5.97551513692451408E-006 -2.23452434511273168E-005
   54204.739583333336        63900.000000000000       3.38024608790874481E-002  3.97634617984294891E-002  4.41604359075427055E-002  8.00712081172605394E-006  1.30366241819501738E-005 -1.65797778208798263E-005
   54204.750000000000        64800.000000000000       3.41587327420711517E-002  3.41606959700584412E-002  4.10368833690881729E-002  1.11855955537976115E-005  1.96166894284033333E-005 -1.04766777440090664E-005
   54204.760416666664        65700.000000000000       3.35021130740642548E-002  2.87035871297121048E-002  3.72739806771278381E-002  1.49388897625613026E-005  2.54918061273201602E-005 -4.20552532887086272E-006
   54204.770833333336        66600.000000000000       3.06146629154682159E-002  2.19280160963535309E-002  3.35326064378023148E-002  1.93229094520575018E-005  3.04654909086821135E-005  2.09442396226222627E-006
   54204.781250000000        67500.000000000000       2.86166816949844360E-002  1.62044428288936615E-002  2.86607835441827774E-002  2.40183004507343867E-005  3.44752481851173798E-005  8.49458729135221802E-006
   54204.791666666664        68400.000000000000       2.48772427439689636E-002  1.14653361961245537E-002  2.36768424510955811E-002  2.88150496317030047E-005  3.73756447515916079E-005  1.46323870922060451E-005
   54204.802083333328        69300.000000000000       2.00996920466423035E-002  5.58784138411283493E-003  1.82952545583248138E-002  3.38216295858728699E-005  3.91779544770542998E-005  2.06122676900122315E-005
   54204.812500000000        70200.000000000000       1.44667215645313263E-002  2.62658856809139252E-003  1.30979381501674652E-002  3.81792581265472108E-005  3.97896756112459116E-005  2.61499178577651037E-005
   54204.822916666664        71100.000000000000       8.73070210218429565E-003 -1.08602386899292469E-003  6.72799721360206604E-003  4.23089234118378954E-005  3.93886657548137009E-005  3.12690877990462468E-005
   54204.833333333336        72000.000000000000       2.47964262962341309E-003 -4.22440329566597939E-003  1.16981565952301025E-003  4.57165741636345047E-005  3.79420393983309623E-005  3.59663018798528356E-005
   54204.843750000000        72900.000000000000      -4.73423860967159271E-003 -5.90688455849885941E-003 -5.08185103535652161E-003  4.84248338352699648E-005  3.56307346009998582E-005  3.99321508410821480E-005
   54204.854166666672        73800.000000000000      -1.14906001836061478E-002 -5.91707974672317505E-003 -1.01759806275367737E-002  4.99005963092713500E-005  3.24484076372755226E-005  4.31969110650243238E-005
   54204.864583333336        74700.000000000000      -1.75032392144203186E-002 -6.31389394402503967E-003 -1.53680965304374695E-002  5.06649768112765742E-005  2.88652295239444356E-005  4.57201516610439285E-005
   54204.875000000000        75600.000000000000      -2.39430647343397141E-002 -4.65254299342632294E-003 -2.13504135608673096E-002  5.00760872341743379E-005  2.48939227276423480E-005  4.75508306863048347E-005
   54204.885416666664        76500.000000000000      -3.00068575888872147E-002 -3.02445888519287109E-003 -2.62631475925445557E-002  4.83246354434641034E-005  2.07317866625089664E-005  4.85011778437183239E-005
   54204.895833333336        77400.000000000000      -3.44906318932771683E-002  1.68319791555404663E-004 -3.12305502593517303E-002  4.54674843730629163E-005  1.65850265148037579E-005  4.86421581626927946E-005
   54204.906250000000        78300.000000000000      -3.85246984660625458E-002  2.90346518158912659E-003 -3.46950385719537735E-002  4.15459340530333066E-005  1.28398273773200344E-005  4.79972768516745418E-005
   54204.916666666664        79200.000000000000      -4.26851231604814529E-002  7.65888392925262451E-003 -3.92041597515344620E-002  3.65848458159234724E-005  9.39136339184187818E-006  4.64649792775162496E-005
   54204.927083333328        80100.000000000000      -4.47781011462211609E-002  1.13789774477481842E-002 -4.25343755632638931E-002  3.09141753120911744E-005  6.54590166959678754E-006  4.41904885519761592E-005
   54204.937500000000        81000.000000000000      -4.67470586299896240E-002  1.62368565797805786E-002 -4.46144193410873413E-002  2.44078119067125954E-005  4.51529581368959043E-006  4.12496860917599406E-005
   54204.947916666664        81900.000000000000      -4.71572875976562500E-002  2.10245437920093536E-002 -4.66171223670244217E-002  1.74154541984217204E-005  3.27333088989689713E-006  3.76167613467259798E-005
   54204.958333333336        82800.000000000000      -4.51665259897708893E-002  2.39496603608131409E-002 -4.75583495572209358E-002  1.02654934863721792E-005  2.96581373504523071E-006  3.33304192281502765E-005
   54204.968750000000        83700.000000000000      -4.40022516995668411E-002  2.84592583775520325E-002 -4.87999237666372210E-002  2.93068222845249693E-006  3.53258695895419805E-006  2.84472944258595817E-005
   54204.979166666672        84600.000000000000      -4.19561173766851425E-002  3.23074869811534882E-002 -4.80128177441656590E-002 -4.30878458246297669E-006  5.09633738943193748E-006  2.32271418099117000E-005
   54204.989583333336        85500.000000000000      -3.69464121758937836E-002  3.40760014951229095E-002 -4.72979638725519180E-002 -1.12398555529580335E-005  7.40113671326980693E-006  1.76059993464150466E-005
   54205.000000000000        0.0000000000000000      -3.28763220459222794E-002  3.64266447722911835E-002 -4.51872646808624268E-002 -1.75436996414646273E-005  1.05343536915825098E-005  1.17696549750689883E-005
