   54202.000000000000        0.0000000000000000       0.30640416964888573      -4.61549823707607665E-009 -3.51226319139641419E-008 -1.10534017494501313E-007 -6.90648269880966836E-005  6.90697862921751948E-005
   54202.010416666664        900.00000000000000       0.30754468590021133      -3.19617561583829257E-009 -1.27508691605271451E-007 -1.81657952680325252E-007 -7.22554814842624182E-005  7.22859037125545001E-005
   54202.020833333336        1800.0000000000000       0.30801279097795486      -1.72109044377366516E-009 -2.35698912831594498E-007 -3.09993595237756381E-007 -7.39834113687720674E-005  7.40875723863609892E-005
   54202.031250000000        2700.0000000000000       0.31156155467033386      -2.15672197115268638E-010 -3.12662621126946760E-007 -4.61979880128637888E-007 -7.51271470278425113E-005  7.53222621483473631E-005
   54202.041666666664        3600.0000000000000       0.31244981288909912       1.29741010816697422E-009 -3.52734524255993165E-007 -6.36868747960761539E-007 -7.44373298857681220E-005  7.47355608723410114E-005
   54202.052083333328        4500.0000000000000       0.31376582011580467       2.79855950913177054E-009 -3.53795883256680099E-007 -8.15985600866042660E-007 -7.27413029721901694E-005  7.31450040802883450E-005
   54202.062500000000        5400.0000000000000       0.31498641148209572       4.24898723497268982E-009 -3.15334013123447221E-007 -9.96141380937842769E-007 -6.96836044369320007E-005  7.01901383308722870E-005
   54202.072916666664        6300.0000000000000       0.31619068235158920       5.68778283499549175E-009 -2.41012052981659508E-007 -1.15515490506368224E-006 -6.53580040932411066E-005  6.59579936836962588E-005
   54202.083333333336        7200.0000000000000       0.31698045879602432       7.01251628293375617E-009 -1.33146315306476026E-007 -1.28467070226179203E-006 -5.97927068497483560E-005  6.04676193916020566E-005
   54202.093750000000        8100.0000000000000       0.31802663207054138       8.21511187375223439E-009 -3.45410455793171423E-009 -1.37146992074121954E-006 -5.32808351749736175E-005  5.40077248274428712E-005
   54202.104166666672        9000.0000000000000       0.31941279396414757       9.30518277708625163E-009  1.41872952497124061E-007 -1.41885246307538182E-006 -4.56199592235861928E-005  4.63712277678496321E-005
   54202.114583333336        9900.0000000000000       0.31950484961271286       1.01820072286734620E-008  2.92466673101898778E-007 -1.41268600373223308E-006 -3.70077626712372876E-005  3.77555641648541496E-005
   54202.125000000000        10800.000000000000       0.31887339055538177       1.08437154793666890E-008  4.39525713602506585E-007 -1.35797179723340378E-006 -2.75778266995985177E-005  2.82944531022621959E-005
   54202.135416666664        11700.000000000000       0.31965247169137001       1.13618865531239788E-008  5.66578805205608660E-007 -1.25899251202099549E-006 -1.78364115299700643E-005  1.84942197734017100E-005
   54202.145833333336        12600.000000000000       0.31852352619171143       1.16311557607495786E-008  6.71338156621459348E-007 -1.12372492822032655E-006 -7.65222779364194139E-006  8.22880548412285862E-006
   54202.156250000000        13500.000000000000       0.31996878981590271       1.17274390077498625E-008  7.42935149844470288E-007 -9.56852261424501194E-007  2.41442324977469980E-006 -1.93544368065623473E-006
   54202.166666666664        14400.000000000000       0.31784856319427490       1.15451240217251394E-008  7.78315786931216280E-007 -7.73185718117019860E-007  1.25117676645913889E-005 -1.21408809885537039E-005
   54202.177083333328        15300.000000000000       0.31821449473500252       1.12187533533869566E-008  7.70248234971404599E-007 -5.85882901305012638E-007  2.20383925864098273E-005 -2.17784353679917331E-005
   54202.187500000000        16200.000000000000       0.31766720861196518       1.06680093665129094E-008  7.25173393334443972E-007 -4.07203970098635182E-007  3.11555342875635688E-005 -3.10033117187913376E-005
   54202.197916666664        17100.000000000000       0.31653149798512459       9.93236522889295870E-009  6.43127492594430805E-007 -2.51025653597025666E-007  3.97340025699577382E-005 -3.96745632365025358E-005
   54202.208333333336        18000.000000000000       0.31593499705195427       9.04829644370053199E-009  5.30045291213809833E-007 -1.27174814679165138E-007  4.77044767137613235E-005 -4.77196538426483130E-005
   54202.218750000000        18900.000000000000       0.31386958435177803       7.98558733548782040E-009  3.94455888397260424E-007 -3.92352035305520985E-008  5.44929775685432105E-005 -5.45585575366658304E-005
   54202.229166666672        19800.000000000000       0.31420987471938133       6.81440090119500574E-009  2.44825400841364171E-007 -2.84265411210071761E-009  6.08897682070619339E-005 -6.09785694010156476E-005
   54202.239583333336        20700.000000000000       0.31500702723860741       5.53043852033474614E-009  9.16891949032105913E-008 -1.71417013916652650E-008  6.64085029598027177E-005 -6.64905360210354957E-005
   54202.250000000000        21600.000000000000       0.31475109606981277       4.14452851552060686E-009 -5.15843296966522757E-008 -7.40806740395782981E-008  7.06647893196077348E-005 -7.07137342033092864E-005
   54202.260416666664        22500.000000000000       0.31246889010071754       2.66321494718502194E-009 -1.77704826853641862E-007 -1.80793307436033501E-007  7.34634705850112368E-005 -7.34512285305299883E-005
   54202.270833333336        23400.000000000000       0.31296417117118835       1.14410434251532855E-009 -2.79720936191552028E-007 -3.22018280485281139E-007  7.53605961847370054E-005 -7.52651852025110202E-005
   54202.281250000000        24300.000000000000       0.31259755790233612      -4.09310797061523957E-010 -3.45640700061267125E-007 -4.91059864771159482E-007  7.58223754928621929E-005 -7.56269354695859874E-005
   54202.291666666664        25200.000000000000       0.31139951571822166      -1.95079794332309042E-009 -3.74120858737114759E-007 -6.75405544825480320E-007  7.47555135944821814E-005 -7.44535432630755167E-005
   54202.302083333328        26100.000000000000       0.31239689141511917      -3.49365798964218488E-009 -3.64461122615011845E-007 -8.61710304889129475E-007  7.26508560546790250E-005 -7.22373960400091164E-005
   54202.312500000000        27000.000000000000       0.31181618943810463      -4.93765144396474120E-009 -3.14613195939728030E-007 -1.04016183399835427E-006  6.90097777464870887E-005 -6.84913784567697803E-005
   54202.322916666664        27900.000000000000       0.31143639609217644      -6.27449877124708344E-009 -2.27548412112810183E-007 -1.19509837759324000E-006  6.41947444250945409E-005 -6.35835528441930364E-005
   54202.333333333336        28800.000000000000       0.31096189841628075      -7.51099432823310043E-009 -1.13378241906048061E-007 -1.32054611867715721E-006  5.84345276308795292E-005 -5.77507835828328098E-005
   54202.343750000000        29700.000000000000       0.31172030419111252      -8.65392275027632163E-009  2.33653096870511945E-008 -1.40172417673056771E-006  5.15585952882702259E-005 -5.08232041909195686E-005
   54202.354166666672        30600.000000000000       0.31087935715913773      -9.59996008381702737E-009  1.74276848952104046E-007 -1.44129396062453452E-006  4.37792562024696963E-005 -4.30208123702868761E-005
   54202.364583333336        31500.000000000000       0.30965054407715797      -1.03619924082115622E-008  3.29129896670110611E-007 -1.42873579989100108E-006  3.51992877369866619E-005 -3.44467156878636160E-005
   54202.375000000000        32400.000000000000       0.30915800109505653      -1.09700134393042603E-008  4.73945064527470095E-007 -1.36698926667122578E-006  2.63507360500625509E-005 -2.56321735605524736E-005
   54202.385416666664        33300.000000000000       0.30942350253462791      -1.14151672177265073E-008  6.01799442279116192E-007 -1.26065967265276413E-006  1.70259899903157930E-005 -1.63669767516694264E-005
   54202.395833333336        34200.000000000000       0.30760098621249199      -1.15964860370604272E-008  7.06234921210580069E-007 -1.11880999043023621E-006  7.29556168721501308E-006 -6.71877737090653682E-006
   54202.406250000000        35100.000000000000       0.30687819048762321      -1.16319793207197986E-008  7.77807954932541179E-007 -9.51129919712911942E-007 -2.76819514510862064E-006  3.24789778005651897E-006
   54202.416666666664        36000.000000000000       0.30437944084405899      -1.14006753083178980E-008  8.11990268800855119E-007 -7.62644617680052761E-007 -1.25871659122367419E-005  1.29592139046508237E-005
   54202.427083333328        36900.000000000000       0.30620808526873589      -1.11074965943730453E-008  8.04604383120022248E-007 -5.73873080611519981E-007 -2.22541343930515723E-005  2.25151893857855612E-005
   54202.437500000000        37800.000000000000       0.30432374402880669      -1.05030898197439049E-008  7.61365257062607270E-007 -3.91703537161447457E-007 -3.15216223896186420E-005  3.16760824716766365E-005
   54202.447916666664        38700.000000000000       0.30229010805487633      -9.75495616055421788E-009  6.81112553024831868E-007 -2.30603660611450323E-007 -3.99843054310622392E-005  4.00449150390613795E-005
   54202.458333333336        39600.000000000000       0.30011782795190811      -8.80005774847592015E-009  5.71614187094837689E-007 -9.78346292868081946E-008 -4.79640130492953176E-005  4.79483043136497145E-005
   54202.468750000000        40500.000000000000       0.30010930076241493      -7.78082858213235973E-009  4.37642427186801797E-007 -6.30015506430936512E-009 -5.50037244693157845E-005  5.49336018309531937E-005
   54202.479166666672        41400.000000000000       0.29805890098214149      -6.57738793118090026E-009  2.89669202402365045E-007  3.84068528092029737E-008 -6.07035904351960198E-005  6.06062600070345070E-005
   54202.489583333336        42300.000000000000       0.29658880084753036      -5.30746555559014066E-009  1.38020048723319633E-007  3.53102791450510267E-008 -6.53410833706402627E-005  6.52456153318325960E-005
   54202.500000000000        43200.000000000000       0.29738202318549156      -3.96673288313720285E-009 -8.93368223842117004E-009 -1.42357521326630376E-008 -6.92342123329581227E-005  6.91666543559676938E-005
   54202.510416666664        44100.000000000000       0.29504565522074699      -2.56482907134980564E-009 -1.38651309100623621E-007 -1.08624391259581898E-007 -7.13080171692581644E-005  7.12961170847847825E-005
   54202.520833333336        45000.000000000000       0.29579306021332741      -1.14580587899648645E-009 -2.44552182948609698E-007 -2.43811513200853369E-007 -7.27615034747941536E-005  7.28272265746454650E-005
   54202.531250000000        45900.000000000000       0.29496182128787041       2.86947963654138327E-010 -3.17148248996090842E-007 -4.05111251211565104E-007 -7.28209279827751743E-005  7.29798176735130255E-005
   54202.541666666664        46800.000000000000       0.29638707637786865       1.76137960293532014E-009 -3.54295792703851475E-007 -5.87645189398244838E-007 -7.20366136306438420E-005  7.23020741588698002E-005
   54202.552083333328        47700.000000000000       0.29641769826412201       3.17134338408131544E-009 -3.50631950141178095E-007 -7.72350091438056552E-007 -6.99070295979709044E-005  7.02808691812606412E-005
   54202.562500000000        48600.000000000000       0.29739407449960709       4.53236535975787280E-009 -3.06657661042208929E-007 -9.51216946987187839E-007 -6.68335603961622837E-005  6.73095979664140032E-005
   54202.572916666664        49500.000000000000       0.29705550894141197       5.85885374937422654E-009 -2.26881148535085231E-007 -1.10988889900909271E-006 -6.21819026207504066E-005  6.27506253181309148E-005
   54202.583333333336        50400.000000000000       0.29728876054286957       7.07088329728045029E-009 -1.16774245384476671E-007 -1.24167320336709963E-006 -5.68492982040424977E-005  5.74913489117534482E-005
   54202.593750000000        51300.000000000000       0.29583749920129776       8.13531854902682650E-009  1.82254211722465698E-008 -1.32712872868978593E-006 -5.01172984570530389E-005  5.08085747128461662E-005
   54202.604166666672        52200.000000000000       0.30031231045722961       9.21420119717741848E-009  1.64996812657136616E-007 -1.36921607918338850E-006 -4.30217074551819678E-005  4.37375725823585526E-005
   54202.614583333336        53100.000000000000       0.29879067093133926       9.97153044336729355E-009  3.17526279047797289E-007 -1.35920689103841141E-006 -3.47123814776750805E-005  3.54210692989909148E-005
   54202.625000000000        54000.000000000000       0.30243529379367828       1.07155172113931885E-008  4.60427131088181341E-007 -1.30144155718880938E-006 -2.59880843884729984E-005  2.66632667944577406E-005
   54202.635416666664        54900.000000000000       0.30157601088285446       1.11386629277759885E-008  5.87697257969921338E-007 -1.19607091164652957E-006 -1.65793189808027819E-005  1.71926286611778778E-005
   54202.645833333336        55800.000000000000       0.30244904011487961       1.14241801487530159E-008  6.86968022023393132E-007 -1.05817900930560427E-006 -6.89024273015093058E-006  7.42150257337925723E-006
   54202.656250000000        56700.000000000000       0.30460278689861298       1.15322979950260862E-008  7.53448986756666272E-007 -8.86351074314006837E-007  2.88019609229195339E-006 -2.44864706422376344E-006
   54202.666666666664        57600.000000000000       0.30612909421324730       1.14289022412616958E-008  7.81618311407328292E-007 -7.02433538890545606E-007  1.26680679954915831E-005 -1.23438131804931572E-005
   54202.677083333328        58500.000000000000       0.30742904171347618       1.11292468053802995E-008  7.68416668961435789E-007 -5.13074809305180679E-007  2.22470458197676635E-005 -2.20320777479798835E-005
   54202.687500000000        59400.000000000000       0.30884635820984840       1.06398021417625221E-008  7.15917089166850928E-007 -3.38064069183019456E-007  3.12131514590419101E-005 -3.11020452130605918E-005
   54202.697916666664        60300.000000000000       0.30928320065140724       9.93629908734028344E-009  6.26566404093864548E-007 -1.84448055051689153E-007  3.99363767655813717E-005 -3.99150393377567525E-005
   54202.708333333336        61200.000000000000       0.30960195511579514       9.05385078193987614E-009  5.07922429449081392E-007 -6.44937756533181528E-008  4.78770767529113073E-005 -4.79260049175422864E-005
   54202.718750000000        62100.000000000000       0.31097777560353279       8.04214405659975373E-009  3.66275358487655467E-007  1.54161057253077161E-008  5.51965617319183366E-005 -5.52899715700050365E-005
   54202.729166666672        63000.000000000000       0.31275416538119316       6.89582763460649950E-009  2.13772125334799057E-007  4.27316422246803995E-008  6.18304677288961102E-005 -6.19412359768034548E-005
   54202.739583333336        63900.000000000000       0.31320255249738693       5.58722549649781630E-009  6.00797065430924704E-008  2.88943624582316261E-008  6.73599730873775115E-005 -6.74589772700073809E-005
   54202.750000000000        64800.000000000000       0.31451008841395378       4.17181292462764919E-009 -8.59200355307621066E-008 -3.93126811104593799E-008  7.19240092053041735E-005 -7.19826831954151203E-005
   54202.760416666664        65700.000000000000       0.31380077823996544       2.66030329536259824E-009 -2.10770451758435229E-007 -1.47109318504590192E-007  7.50287981077235600E-005 -7.50203585369035864E-005
   54202.770833333336        66600.000000000000       0.31506085768342018       1.08780716899514740E-009 -3.10365201983131556E-007 -2.97606135291061946E-007  7.70423102949280292E-005 -7.69455034372867885E-005
   54202.781250000000        67500.000000000000       0.31679659709334373      -4.90570141800650283E-010 -3.74159185412281659E-007 -4.69431540750520071E-007  7.78411587418759154E-005 -7.76410652036929605E-005
   54202.791666666664        68400.000000000000       0.31496024131774902      -2.07896662905715512E-009 -3.99233982761870720E-007 -6.53157087526778923E-007  7.65503415607327042E-005 -7.62384492105638856E-005
   54202.802083333328        69300.000000000000       0.31520916894078255      -3.63405606995659269E-009 -3.85766725230496377E-007 -8.41916175886581186E-007  7.42737270797988458E-005 -7.38499175554352405E-005
   54202.812500000000        70200.000000000000       0.31667898595333099      -5.13687318029476536E-009 -3.34282240999073110E-007 -1.02041784089124121E-006  7.07607958361222700E-005 -7.02295709658073974E-005
   54202.822916666664        71100.000000000000       0.31591639295220375      -6.53895615258803797E-009 -2.45533080089899158E-007 -1.17150347023198265E-006  6.56286783566883969E-005 -6.50042679808393586E-005
   54202.833333333336        72000.000000000000       0.31789838895201683      -7.84149633073494279E-009 -1.28656239439806086E-007 -1.29399788306727714E-006  5.99773522935720393E-005 -5.92795702800685831E-005
   54202.843750000000        72900.000000000000       0.31745558977127075      -8.96308404406409576E-009  1.05173327824559237E-008 -1.36964598596023279E-006  5.27948922126597608E-005 -5.20488127051521587E-005
   54202.854166666672        73800.000000000000       0.31782187148928642      -9.97103230190865553E-009  1.60291925510591682E-007 -1.40265851200638281E-006  4.49325846716419619E-005 -4.41645113369304454E-005
   54202.864583333336        74700.000000000000       0.31824258342385292      -1.08041094803307258E-008  3.12286118742122198E-007 -1.38388887194196286E-006  3.62920220311480080E-005 -3.55314032560727355E-005
   54202.875000000000        75600.000000000000       0.31638211011886597      -1.13871011613031481E-008  4.54323249243770988E-007 -1.31715751194860786E-006  2.69464352697923459E-005 -2.62217064914693765E-005
   54202.885416666664        76500.000000000000       0.31732956692576408      -1.18528219582997307E-008  5.80105762537641567E-007 -1.20812313753049239E-006  1.71266354698218493E-005 -1.64623730540824909E-005
   54202.895833333336        77400.000000000000       0.31583180651068687      -1.20612404855280353E-008  6.78251332431045739E-007 -1.06687403444993834E-006  7.16169341785644065E-006 -6.57900673672884295E-006
   54202.906250000000        78300.000000000000       0.31684410572052002      -1.21317206627780116E-008  7.43995570928746019E-007 -8.92111387429395108E-007 -3.01273030345328152E-006  3.49692200529716501E-006
   54202.916666666664        79200.000000000000       0.31805543974041939      -1.19935441630220074E-008  7.72514901825616107E-007 -7.01994196106170421E-007 -1.31827862333011581E-005  1.35587081047106039E-005
   54202.927083333328        80100.000000000000       0.31808190792798996      -1.16302628517389595E-008  7.60490770801425242E-007 -5.13389665002250695E-007 -2.31341266214712959E-005  2.34017918785411894E-005
   54202.937500000000        81000.000000000000       0.31784960255026817      -1.10421881048539117E-008  7.10298103001605341E-007 -3.33555988163425354E-007 -3.30438895161933033E-005  3.32075696292122302E-005
   54202.947916666664        81900.000000000000       0.31826097518205643      -1.03120169295950470E-008  6.26483675603140000E-007 -1.72141994880803395E-007 -4.21370980916435656E-005  4.22085436468933040E-005
   54202.958333333336        82800.000000000000       0.31695530936121941      -9.35827081799400773E-009  5.11713658113421843E-007 -4.71521559575194260E-008 -5.02390722090240160E-005  5.02375596056481299E-005
   54202.968750000000        83700.000000000000       0.31910717859864235      -8.30470308320341299E-009  3.74937229707938968E-007  3.97039059407688910E-008 -5.79936173039641290E-005  5.79437494536705344E-005
   54202.979166666672        84600.000000000000       0.32197442650794983      -7.13614861994060767E-009  2.24184795172277518E-007  7.87862575180042768E-008 -6.45881941068182641E-005  6.45148389821770252E-005
   54202.989583333336        85500.000000000000       0.32223058491945267      -5.78344187644741492E-009  7.20594357517256867E-008  7.18615922323806444E-008 -6.98311797009409929E-005  6.97633918207429815E-005
   54203.000000000000        0.0000000000000000       0.32056664675474167      -4.32831042534997934E-009 -7.20604944604019693E-008  1.69874851962958928E-008 -7.35225542030093493E-005  7.34874246290928568E-005
   54203.010416666664        900.00000000000000       0.32071550190448761      -2.82981378607605194E-009 -2.57633097078269202E-007 -7.46178443478129338E-008 -7.62359504449250380E-005  7.62545757879706798E-005
   54203.020833333336        1800.0000000000000       0.32410921528935432      -1.28880151863131065E-009 -3.59639010127921210E-007 -2.13468240417569177E-007 -7.81903226538815943E-005  7.82920094479777617E-005
   54203.031250000000        2700.0000000000000       0.32417006790637970       2.84476957615464876E-010 -4.27621934306898765E-007 -3.73788822116694064E-007 -7.82894141195811244E-005  7.84873034831434779E-005
   54203.041666666664        3600.0000000000000       0.32645525410771370       1.84984803690280142E-009 -4.57818963184308814E-007 -5.51195711295804358E-007 -7.75512976360914763E-005  7.78560668663885735E-005
   54203.052083333328        4500.0000000000000       0.32589887827634811       3.38817202766295011E-009 -4.47988824703315913E-007 -7.32554553906084038E-007 -7.49322759077131195E-005  7.53463864953118900E-005
   54203.062500000000        5400.0000000000000       0.32605425268411636       4.90122524510194779E-009 -3.99768154579760449E-007 -9.07811312345074839E-007 -7.12530477358086500E-005  7.17703079544662614E-005
   54203.072916666664        6300.0000000000000       0.32834661379456520       6.34156438646116261E-009 -3.16160281954580569E-007 -1.05842835296243720E-006 -6.66485941280825500E-005  6.72566279718012083E-005
   54203.083333333336        7200.0000000000000       0.32751179859042168       7.64971266539737904E-009 -2.01618185258212179E-007 -1.17706264290973195E-006 -6.03961975116362737E-005  6.10765510486999119E-005
   54203.093750000000        8100.0000000000000       0.32888324931263924       8.87545506186859789E-009 -6.55338467936417146E-008 -1.25587519050895935E-006 -5.31375075638607086E-005  5.38652066666145402E-005
   54203.104166666672        9000.0000000000000       0.32895237579941750       9.89392346176232174E-009  8.40910843180608936E-008 -1.28844888536150393E-006 -4.48335173359737382E-005  4.55824694540751807E-005
   54203.114583333336        9900.0000000000000       0.33087264001369476       1.07981396168382870E-008  2.35328563746861619E-007 -1.27380590697612206E-006 -3.57083253277323820E-005  3.64492135531691019E-005
   54203.125000000000        10800.000000000000       0.33086071908473969       1.14654463093805115E-008  3.77429238085369434E-007 -1.20792793723012437E-006 -2.59150879742264806E-005  2.66188919795240508E-005
   54203.135416666664        11700.000000000000       0.33153849095106125       1.19226283446655090E-008  5.03212262970009760E-007 -1.09594799369006068E-006 -1.55609771752551751E-005  1.62032457069472002E-005
   54203.145833333336        12600.000000000000       0.33014547079801559       1.21189010927197360E-008  6.00235502190571424E-007 -9.55741313646285562E-007 -5.13985088446133886E-006  5.69882280387901119E-006
   54203.156250000000        13500.000000000000       0.33001720905303955       1.21155742296291669E-008  6.63985829874036426E-007 -7.81886598133496591E-007  5.42867152830694977E-006 -4.96955428630485585E-006
   54203.166666666664        14400.000000000000       0.32843555882573128       1.18735137989017803E-008  6.90248718626662594E-007 -5.98159459741509636E-007  1.55985012781911792E-005 -1.52469712748626307E-005
   54203.177083333328        15300.000000000000       0.32850301638245583       1.14572085256614553E-008  6.75507131120411941E-007 -4.11789670806683716E-007  2.54474251448755240E-005 -2.52045522124433319E-005
   54203.187500000000        16200.000000000000       0.32672336697578430       1.08165550509464747E-008  6.21705815717632504E-007 -2.40959224129255745E-007  3.46338262318113266E-005 -3.44928655344745039E-005
   54203.197916666664        17100.000000000000       0.32488130778074265       9.97074211736559413E-009  5.32764850902367471E-007 -9.05438355403020978E-008  4.32298662929042621E-005 -4.31762066526175659E-005
   54203.208333333336        18000.000000000000       0.32563418895006180       9.04245013241822271E-009  4.15156172550723568E-007  2.41858515437343158E-008  5.11513451613154757E-005 -5.11663545594842617E-005
   54203.218750000000        18900.000000000000       0.32237927988171577       7.87694351238321655E-009  2.78001934361782332E-007  9.61818500400113408E-008  5.79426697981944017E-005 -5.79984444897263529E-005
   54203.229166666672        19800.000000000000       0.32076840475201607       6.61637105867085573E-009  1.30369478767988767E-007  1.19530028541703359E-007  6.39180765631408576E-005 -6.39901395942388262E-005
   54203.239583333336        20700.000000000000       0.32191103324294090       5.27498856400798743E-009 -1.84123294388882641E-008  9.54887582338415086E-008  6.92024605655205960E-005 -6.92609385239961739E-005
   54203.250000000000        21600.000000000000       0.32046101242303848       3.79316106476068615E-009 -1.56828434683120577E-007  2.60392880591098219E-008  7.31230675796723517E-005 -7.31399640017116326E-005
   54203.260416666664        22500.000000000000       0.31827133521437645       2.25140772518173105E-009 -2.74840097347350820E-007 -8.96955043572233990E-008  7.54364037049981562E-005 -7.53869367571269322E-005
   54203.270833333336        23400.000000000000       0.31927243247628212       7.02293060511616218E-010 -3.65311350947195024E-007 -2.39418767478127847E-007  7.71191947137594980E-005 -7.69827595377137186E-005
   54203.281250000000        24300.000000000000       0.31866158545017242      -8.71232756077811032E-010 -4.20999569428204268E-007 -4.11330489669126109E-007  7.70398067686528520E-005 -7.68020523622681139E-005
   54203.291666666664        25200.000000000000       0.31825176626443863      -2.42549846700412797E-009 -4.38549939474341954E-007 -5.97282621583872242E-007  7.56688156684504065E-005 -7.53222700211608753E-005
   54203.302083333328        26100.000000000000       0.31615375354886055      -3.94065654586717162E-009 -4.16998766183951375E-007 -7.83456783892688691E-007  7.26142669975615718E-005 -7.21605864839602873E-005
   54203.312500000000        27000.000000000000       0.31585070118308067      -5.35044775672177675E-009 -3.55486925229797635E-007 -9.55952145886840299E-007  6.86369039613055065E-005 -6.80820001548454456E-005
   54203.322916666664        27900.000000000000       0.31640161201357841      -6.71771037755175549E-009 -2.61583664951103856E-007 -1.10455928847841278E-006  6.35192434117470839E-005 -6.28775910342938005E-005
   54203.333333333336        28800.000000000000       0.31434015184640884      -7.90408845319223730E-009 -1.38820823281093908E-007 -1.21896314908553904E-006  5.70371313131090574E-005 -5.63281884922162135E-005
   54203.343750000000        29700.000000000000       0.31286267563700676      -8.94649794525026465E-009  1.56858703803663957E-009 -1.28890059158948134E-006  4.97490881912199256E-005 -4.89989449192762550E-005
   54203.354166666672        30600.000000000000       0.31129548698663712      -9.82039932186096198E-009  1.54180106903822889E-007 -1.31279890069890826E-006  4.18003307345315989E-005 -4.10354784605715395E-005
   54203.364583333336        31500.000000000000       0.31203462183475494      -1.05844131705751243E-008  3.06995389109943062E-007 -1.28778037833399139E-006  3.31775966913028242E-005 -3.24264430844323215E-005
   54203.375000000000        32400.000000000000       0.31111612170934677      -1.11272527528877285E-008  4.48065542002495931E-007 -1.21376470474388043E-006  2.40223137950579257E-005 -2.33127064177551802E-005
   54203.385416666664        33300.000000000000       0.30944586545228958      -1.14719472740776318E-008  5.70221828866124270E-007 -1.10096917183000187E-006  1.43419827622892626E-005 -1.36975080238244118E-005
   54203.395833333336        34200.000000000000       0.30911327153444290      -1.16543624351789221E-008  6.65609931616018002E-007 -9.54426354837778490E-007  4.55108317964914022E-006 -3.99299710807099473E-006
   54203.406250000000        35100.000000000000       0.30734783783555031      -1.15795909163413091E-008  7.29333706317447650E-007 -7.77924583417188842E-007 -5.29340724142457475E-006  5.74941191189282108E-006
   54203.416666666664        36000.000000000000       0.30609716847538948      -1.13455251426336501E-008  7.51903193929592817E-007 -5.90906751085640281E-007 -1.49239605207185377E-005  1.52703795492925565E-005
   54203.427083333328        36900.000000000000       0.30247113481163979      -1.08397093002976508E-008  7.38276632716861059E-007 -4.01676686578866793E-007 -2.44489637850620056E-005  2.46865059807532816E-005
   54203.437500000000        37800.000000000000       0.30397290363907814      -1.02946906797851678E-008  6.83065515261205292E-007 -2.27142692210691166E-007 -3.36534368727825495E-005  3.37867264192937000E-005
   54203.447916666664        38700.000000000000       0.30106175318360329      -9.44602585560561092E-009  5.96692402154985757E-007 -7.27747249129606644E-008 -4.20746563918328320E-005  4.21176455915883707E-005
   54203.458333333336        39600.000000000000       0.29999217018485069      -8.51932991340065282E-009  4.80215405218586966E-007  4.74936712180351606E-008 -4.94909530459608504E-005  4.94629410638935951E-005
   54203.468750000000        40500.000000000000       0.29957555234432220      -7.44200771667091754E-009  3.42921943286000896E-007  1.29052210695590475E-007 -5.62033458493260696E-005  5.61273276957763301E-005
   54203.479166666672        41400.000000000000       0.29718540981411934      -6.22771133100552543E-009  1.94384242035994248E-007  1.61929477826561197E-007 -6.15208303997860639E-005  6.14249146053680306E-005
   54203.489583333336        42300.000000000000       0.29474310576915741      -4.90399421591847240E-009  4.56984707852825522E-008  1.48721056802969542E-007 -6.58551304013599292E-005  6.57679933908639214E-005
   54203.500000000000        43200.000000000000       0.29410720616579056      -3.55300502560829123E-009 -9.72450990843753971E-008  8.63048796873044921E-008 -6.91406775104042026E-005  6.90895839454697125E-005
   54203.510416666664        44100.000000000000       0.29465886577963829      -2.18505113655509398E-009 -2.19282306090917700E-007 -1.95128109226061497E-008 -7.13517648591732723E-005  7.13613844141036680E-005
   54203.520833333336        45000.000000000000       0.29382992535829544      -7.22230091704245680E-010 -3.15785236182364315E-007 -1.60502708013154916E-007 -7.22523961371734913E-005  7.23449541055742884E-005
   54203.531250000000        45900.000000000000       0.29336503893136978       7.07437082872464096E-010 -3.77584782995654678E-007 -3.27215133211211651E-007 -7.20489557863857044E-005  7.22376541375524539E-005
   54203.541666666664        46800.000000000000       0.29256420955061913       2.10656147733856436E-009 -4.03581715602285840E-007 -5.06109955722422455E-007 -7.05648764096622472E-005  7.08588358406814223E-005
   54203.552083333328        47700.000000000000       0.29442061856389046       3.49876081925937221E-009 -3.88164437481464120E-007 -6.90390606905566528E-007 -6.85104926958501892E-005  6.89116416197066428E-005
   54203.562500000000        48600.000000000000       0.29153311997652054       4.82610526889026836E-009 -3.32968561167490407E-007 -8.65388926740706665E-007 -6.43830949229595717E-005  6.48848372293286957E-005
   54203.572916666664        49500.000000000000       0.29439310356974602       6.13663669879471740E-009 -2.45480116234375600E-007 -1.01217824521881994E-006 -6.02597589534070721E-005  6.08484168083123222E-005
   54203.583333333336        50400.000000000000       0.29353151470422745       7.26863954442213966E-009 -1.26583174164807133E-007 -1.12994203504968027E-006 -5.44601724925541930E-005  5.51143737652637355E-005
   54203.593750000000        51300.000000000000       0.29607887193560600       8.38051431029107619E-009  1.16075611344967911E-008 -1.20355767307955830E-006 -4.79807782767238677E-005  4.86777015566985938E-005
   54203.604166666672        52200.000000000000       0.29703098163008690       9.32414003819437287E-009  1.61560819833539426E-007 -1.22969535709671618E-006 -4.04768971975499881E-005  4.11884132631712419E-005
   54203.614583333336        53100.000000000000       0.29816095903515816       1.00999762234210699E-008  3.11693227672549256E-007 -1.20584559226699639E-006 -3.20855424149613100E-005  3.27838525322476926E-005
   54203.625000000000        54000.000000000000       0.30060135573148727       1.07470670834830528E-008  4.50941350038647215E-007 -1.13501701548557321E-006 -2.33196274166402873E-005  2.39742485632632452E-005
   54203.635416666664        54900.000000000000       0.30237492918968201       1.11819773319227211E-008  5.69623267665519961E-007 -1.02060050721775042E-006 -1.39678717232527561E-005  1.45555094377414207E-005
   54203.645833333336        55800.000000000000       0.30330963432788849       1.14126525157381975E-008  6.61872114449124638E-007 -8.71773124799801735E-007 -4.09309788551581732E-006  4.59409602626692504E-006
   54203.656250000000        56700.000000000000       0.30386997759342194       1.14385677475042913E-008  7.17271923633688857E-007 -6.98338311622137553E-007  5.47488338042967371E-006 -5.07636863655847037E-006
   54203.666666666664        57600.000000000000       0.30628591403365135       1.13082083835758240E-008  7.32563080418913160E-007 -5.11881125930813141E-007  1.51137928128264321E-005 -1.48251797487120029E-005
   54203.677083333328        58500.000000000000       0.30720916017889977       1.09353022730712679E-008  7.09743218862968206E-007 -3.25211885865428485E-007  2.43905137722322252E-005 -2.42095934588348882E-005
   54203.687500000000        59400.000000000000       0.30840293690562248       1.03854393522506694E-008  6.45553882350213826E-007 -1.56523611849479494E-007  3.34215341126764542E-005 -3.33409274801965694E-005
   54203.697916666664        60300.000000000000       0.31089561060070992       9.68715142476983537E-009  5.47930333993917884E-007 -9.73130909187602811E-009  4.19793210539864958E-005 -4.19830422089262356E-005
   54203.708333333336        61200.000000000000       0.31019810587167740       8.74079945402395087E-009  4.22893890572595410E-007  9.79116236976551590E-008  4.96586834799472854E-005 -4.97262494363326368E-005
   54203.718750000000        62100.000000000000       0.31025442481040955       7.66811211055928865E-009  2.79567302641225979E-007  1.62844088436031598E-007  5.66915895774400269E-005 -5.67956983843487251E-005
   54203.729166666672        63000.000000000000       0.31131726130843163       6.47076543562608020E-009  1.25963872221745987E-007  1.77737177864401019E-007  6.29185785214758653E-005 -6.30317736778351900E-005
   54203.739583333336        63900.000000000000       0.31031883507966995       5.10333329935275248E-009 -2.57917065482615726E-008  1.43841532462829491E-007  6.78451681039859977E-005 -6.79374445553548867E-005
   54203.750000000000        64800.000000000000       0.31100106984376907       3.68917005277857868E-009 -1.65264509632834233E-007  6.37987795926164836E-008  7.19447081962698576E-005 -7.19882478819044991E-005
   54203.760416666664        65700.000000000000       0.30936190485954285       2.19249445855551617E-009 -2.82800677098293818E-007 -5.78566812237113481E-008  7.44222083426393510E-005 -7.43932367441857423E-005
   54203.770833333336        66600.000000000000       0.31138900667428970       6.35650592925585123E-010 -3.72334127973772411E-007 -2.16097589600394713E-007  7.61557194550732675E-005 -7.60336090621649419E-005
   54203.781250000000        67500.000000000000       0.31226010248064995      -9.17286111651316460E-010 -4.24232425189075002E-007 -3.94076124621278723E-007  7.63560747429892217E-005 -7.61279752339305560E-005
   54203.791666666664        68400.000000000000       0.31027727946639061      -2.46841191410551719E-009 -4.37934559727182204E-007 -5.82618127964451560E-007  7.47586613556450175E-005 -7.44185180678869074E-005
   54203.802083333328        69300.000000000000       0.31187264993786812      -3.98309580457167911E-009 -4.11195422600485472E-007 -7.66191334378163447E-007  7.23385066123682918E-005 -7.18869884650530366E-005
   54203.812500000000        70200.000000000000       0.31078709289431572      -5.41075475916918958E-009 -3.48114525650089490E-007 -9.41796997722121887E-007  6.81309176115973969E-005 -6.75769138780424328E-005
   54203.822916666664        71100.000000000000       0.31189595907926559      -6.75421539357567990E-009 -2.49232847693292570E-007 -1.08438447909975366E-006  6.31725477546751790E-005 -6.25302924674997485E-005
   54203.833333333336        72000.000000000000       0.31150048226118088      -7.97716807193760147E-009 -1.26049137350037199E-007 -1.19525671493647678E-006  5.68367373716682778E-005 -5.61286614981781895E-005
   54203.843750000000        72900.000000000000       0.31296363845467567      -9.06415882281907948E-009  1.89034068398541422E-008 -1.26020512425384368E-006  4.99256720161156409E-005 -4.91782530502860027E-005
   54203.854166666672        73800.000000000000       0.31231473386287689      -9.97971381574980221E-009  1.71045591912388772E-007 -1.27855545883903687E-006  4.18160024366898142E-005 -4.10557627787966339E-005
   54203.864583333336        74700.000000000000       0.31096969172358513      -1.06841139511926198E-008  3.21523835111747758E-007 -1.24669551837541803E-006  3.30799432504136348E-005 -3.23363057930237119E-005
   54203.875000000000        75600.000000000000       0.31129753589630127      -1.12654810410783845E-008  4.60609406616185879E-007 -1.16806668870594876E-006  2.38661953630980861E-005 -2.31662111502828338E-005
   54203.885416666664        76500.000000000000       0.31078021973371506      -1.16228626410863622E-008  5.80176909181773226E-007 -1.04583867255314544E-006  1.41878688566521305E-005 -1.35568776329364482E-005
   54203.895833333336        77400.000000000000       0.31042006984353065      -1.17825547860106461E-008  6.70476850928025669E-007 -8.91978061190457083E-007  4.29128772339026909E-006 -3.74894941046477470E-006
   54203.906250000000        78300.000000000000       0.31168727949261665      -1.18099647335861979E-008  7.24481949987421103E-007 -7.14309607019458781E-007 -5.62260615311060974E-006  6.06246555889811134E-006
   54203.916666666664        79200.000000000000       0.31164575740695000      -1.15881437310477731E-008  7.42007856047166570E-007 -5.22965848404055578E-007 -1.56395621786487027E-005  1.59691727787958371E-005
   54203.927083333328        80100.000000000000       0.30987330153584480      -1.11321246457074530E-008  7.21207648268773482E-007 -3.35692135422505089E-007 -2.53228135989047587E-005  2.55432724145521206E-005
   54203.937500000000        81000.000000000000       0.31258503347635269      -1.05810357108049313E-008  6.59826739024538256E-007 -1.59501951202400960E-007 -3.48270964707353414E-005  3.49443531604265445E-005
   54203.947916666664        81900.000000000000       0.30937602370977402      -9.72331277819538098E-009  5.65755819081914524E-007 -7.61073692956415471E-009 -4.31902706168330042E-005  4.32189958985418343E-005
   54203.958333333336        82800.000000000000       0.31117949634790421      -8.80288980598109561E-009  4.43698503715950210E-007  1.07245114122633822E-007 -5.12801619265701447E-005  5.12401286130170774E-005
   54203.968750000000        83700.000000000000       0.31219156086444855      -7.70653469858717521E-009  3.01355278509163327E-007  1.85372954319973360E-007 -5.83232564395075315E-005  5.82382838558714866E-005
   54203.979166666672        84600.000000000000       0.31107868254184723      -6.46338375875910032E-009  1.49175576780180563E-007  2.11371002478699666E-007 -6.40059299428230588E-005  6.39048328991975723E-005
   54203.989583333336        85500.000000000000       0.31172389164566994      -5.13954020141260681E-009 -3.22555138154712040E-009  1.89421854202009854E-007 -6.87699265426999773E-005  6.86823745752462855E-005
   54204.000000000000        0.0000000000000000       0.31266797333955765      -3.72328490087781017E-009 -1.43981921496560972E-007  1.23208394597895676E-007 -7.24060255379299633E-005  7.23579259442885814E-005
   54204.010416666664        900.00000000000000       0.31116444244980812      -2.25569143745552037E-009 -2.82554069030993560E-007  1.50760399719729321E-008 -7.44324889581093885E-005  7.44485184895893326E-005
   54204.020833333336        1800.0000000000000       0.31220477446913719      -7.38569282121570581E-010 -3.77249783412025863E-007 -1.30254164787402260E-007 -7.55884471743684117E-005  7.56907231220793619E-005
   54204.031250000000        2700.0000000000000       0.31501999497413635       7.69384783314008835E-010 -4.35825846523130167E-007 -2.99056353014748311E-007 -7.57382879044143920E-005  7.59395302907250880E-005
   54204.041666666664        3600.0000000000000       0.31406215950846672       2.27530480741144903E-009 -4.56261609826924541E-007 -4.80080871056998149E-007 -7.41437452234094962E-005  7.44518304713892576E-005
   54204.052083333328        4500.0000000000000       0.31583920493721962       3.76172914172412387E-009 -4.37606537673218554E-007 -6.60430004018053296E-007 -7.18172819915707805E-005  7.22314740642104880E-005
   54204.062500000000        5400.0000000000000       0.31667337194085121       5.21556659492661279E-009 -3.79077150114426331E-007 -8.31882744023459964E-007 -6.79820949756049231E-005  6.84957996099910815E-005
   54204.072916666664        6300.0000000000000       0.31787036731839180       6.55390551204670935E-009 -2.84777726733409509E-007 -9.73630733369645895E-007 -6.30260448986064148E-005  6.36247628449382319E-005
   54204.083333333336        7200.0000000000000       0.31859635561704636       7.82328015563882317E-009 -1.62504434797483555E-007 -1.08362934270189726E-006 -5.68465267178908107E-005  5.75104331232978438E-005
   54204.093750000000        8100.0000000000000       0.31856655329465866       8.94222550000545180E-009 -2.25450875745991652E-008 -1.14948400664616202E-006 -4.95689383228636871E-005  5.02724791999753506E-005
   54204.104166666672        9000.0000000000000       0.32127523422241211       9.95701240381896557E-009  1.26724707172343187E-007 -1.17084488238106132E-006 -4.15237869901829981E-005  4.22386182776790520E-005
   54204.114583333336        9900.0000000000000       0.32101096585392952       1.07432531013668120E-008  2.78164840494810051E-007 -1.13490088438084058E-006 -3.23985876775623183E-005  3.30952187823640998E-005
   54204.125000000000        10800.000000000000       0.32075964286923409       1.13275022781827994E-008  4.16687036874918704E-007 -1.05679706052796973E-006 -2.25659439649916749E-005  2.32175326573269558E-005
   54204.135416666664        11700.000000000000       0.32299776375293732       1.17622015530227664E-008  5.34865890244873299E-007 -9.35196055706910556E-007 -1.25404284858632309E-005  1.31215743408574781E-005
   54204.145833333336        12600.000000000000       0.32423058897256851       1.19726601965908230E-008  6.22504607861174009E-007 -7.83770815360185225E-007 -2.30998074357557925E-006  2.80078785408477415E-006
   54204.156250000000        13500.000000000000       0.32308293506503105       1.19028207550692100E-008  6.73862558642213116E-007 -6.04934626835529343E-007  7.89471380358008901E-006 -7.50720120201719965E-006
   54204.166666666664        14400.000000000000       0.32562242075800896       1.17225125977754585E-008  6.86203193822620960E-007 -4.19196624079631874E-007  1.78968240049925953E-005 -1.76200232182566197E-005
   54204.177083333328        15300.000000000000       0.32392415404319763       1.12190034710218933E-008  6.58471471126631513E-007 -2.33355308409954887E-007  2.75054510439076694E-005 -2.73370618870671933E-005
   54204.187500000000        16200.000000000000       0.32446601614356041       1.05740309876145577E-008  5.93921761549154326E-007 -6.33892511814337922E-008  3.67229270352709136E-005 -3.66543075784875327E-005
   54204.197916666664        17100.000000000000       0.32502402737736702       9.76701873198204673E-009  4.94447192522784462E-007  7.59197007482725894E-008  4.52734024349865649E-005 -4.52880894030727177E-005
   54204.208333333336        18000.000000000000       0.32456184923648834       8.78459489005167793E-009  3.67428633296640328E-007  1.75439254235243425E-007  5.29815482650519698E-005 -5.30576097119705992E-005
   54204.218750000000        18900.000000000000       0.32424915581941605       7.63078615746703992E-009  2.22494207946510869E-007  2.36389666952163680E-007  5.98397914757242688E-005 -5.99519520818603269E-005
   54204.229166666672        19800.000000000000       0.32291010767221451       6.32424289846722498E-009  7.17521331239368010E-008  2.44361700652007130E-007  6.57704644879686384E-005 -6.58886428581695327E-005
   54204.239583333336        20700.000000000000       0.32362093031406403       4.94713241205868570E-009 -7.71097106166962476E-008  2.06658711476848111E-007  7.08049876152472280E-005 -7.09015686624070440E-005
   54204.250000000000        21600.000000000000       0.32472988963127136       3.47984322607297614E-009 -2.14346485449823376E-007  1.18626161338397651E-007  7.47494764823386504E-005 -7.47968064445103664E-005
   54204.260416666664        22500.000000000000       0.32345331460237503       1.88301305624472004E-009 -3.27586285209235939E-007 -8.52932657835481223E-009  7.70948720401065657E-005 -7.70684354023387641E-005
   54204.270833333336        23400.000000000000       0.32218828052282333       3.02638651986097962E-010 -4.11455744142585900E-007 -1.69785749903894612E-007  7.79874752936393634E-005 -7.78685426325864682E-005
   54204.281250000000        24300.000000000000       0.32292421907186508      -1.30431184949819645E-009 -4.58299986405563686E-007 -3.54068959040887421E-007  7.78502908076461608E-005 -7.76257720644935034E-005
   54204.291666666664        25200.000000000000       0.32323009148240089      -2.88232956599521195E-009 -4.65221994261355576E-007 -5.40635284096424584E-007  7.63186855010644649E-005 -7.59836910049216385E-005
   54204.302083333328        26100.000000000000       0.32280066236853600      -4.40357012833347827E-009 -4.32930079341531382E-007 -7.30479200683475938E-007  7.30492558034256945E-005 -7.26059338234108509E-005
   54204.312500000000        27000.000000000000       0.32170986384153366      -5.86376954977985143E-009 -3.63380976864391414E-007 -9.01738246739114402E-007  6.85348299782617687E-005 -6.79909104803755326E-005
   54204.322916666664        27900.000000000000       0.32125862687826157      -7.16589669547129660E-009 -2.61043076932310214E-007 -1.04521276966806909E-006  6.30256230635950487E-005 -6.24004525491272943E-005
   54204.333333333336        28800.000000000000       0.32263974100351334      -8.37556212926471311E-009 -1.31589381169305852E-007 -1.15277651957512717E-006  5.66768371186299191E-005 -5.59899802112795442E-005
   54204.343750000000        29700.000000000000       0.32350261509418488      -9.47221641053874741E-009  1.28004487010002777E-008 -1.21395365226817376E-006  4.91516172189676581E-005 -4.84281087267390831E-005
   54204.354166666672        30600.000000000000       0.32115486636757851      -1.03237079111112573E-008  1.66167424708874023E-007 -1.22971556493212120E-006  4.07619811539916554E-005 -4.00313639659088949E-005
   54204.364583333336        31500.000000000000       0.32228498160839081      -1.10634739008963479E-008  3.16561823865413317E-007 -1.19449791213810386E-006  3.19049308643570839E-005 -3.11961109389358171E-005
   54204.375000000000        32400.000000000000       0.32134879380464554      -1.15797153220353888E-008  4.54393486393200874E-007 -1.11246521328212111E-006  2.23145633526655729E-005 -2.16540203155091149E-005
   54204.385416666664        33300.000000000000       0.31863649562001228      -1.18460874495157631E-008  5.71437787755257887E-007 -9.91000177918976988E-007  1.22551245169688627E-005 -1.16655366468876309E-005
   54204.395833333336        34200.000000000000       0.31815722212195396      -1.19643402823887968E-008  6.58806094122610375E-007 -8.37464426695078146E-007  2.22218801582130254E-006 -1.72313298207882326E-006
   54204.406250000000        35100.000000000000       0.31776607409119606      -1.19007688478139917E-008  7.11331452407648612E-007 -6.60087266624032054E-007 -8.01396089400441269E-006  8.40808436919360247E-006
   54204.416666666664        36000.000000000000       0.31675745919346809      -1.15965141517238024E-008  7.23592229689984379E-007 -4.71980513339076424E-007 -1.79983545365303144E-005  1.82828529489142966E-005
   54204.427083333328        36900.000000000000       0.31469501554965973      -1.10766446223542481E-008  6.98704546664430381E-007 -2.83100632714194944E-007 -2.77566527699946164E-005  2.79313565556549293E-005
   54204.437500000000        37800.000000000000       0.31396134197711945      -1.04028460134325540E-008  6.35677054106054129E-007 -1.15794023258786183E-007 -3.70098721020895027E-005  3.70840190839771822E-005
   54204.447916666664        38700.000000000000       0.31245532259345055      -9.52683311752910988E-009  5.40097254031479679E-007  2.96120106213493273E-008 -4.54955830662129301E-005  4.54848070887692302E-005
   54204.458333333336        39600.000000000000       0.31034367531538010      -8.48523521931876523E-009  4.16183851825735474E-007  1.36033037279048585E-007 -5.29875015899960999E-005  5.29116886980318668E-005
   54204.468750000000        40500.000000000000       0.31029810383915901      -7.37271281005258405E-009  2.75282012296429457E-007  2.01645946162898326E-007 -5.95629716144685517E-005  5.94483814211343997E-005
   54204.479166666672        41400.000000000000       0.30722158402204514      -6.08168427423949609E-009  1.26734867933464557E-007  2.20675985929119634E-007 -6.46937194233032642E-005  6.45666647756115708E-005
   54204.489583333336        42300.000000000000       0.30698862299323082      -4.72836818483923782E-009 -2.22533032001592801E-008  1.92191919268225320E-007 -6.90837050001391617E-005  6.89737180437077768E-005
   54204.500000000000        43200.000000000000       0.30527205020189285      -3.28707967789387823E-009 -1.59856490711263177E-007  1.18253069558704738E-007 -7.19644828279797366E-005  7.18973083735363616E-005
   54204.510416666664        44100.000000000000       0.30387049540877342      -1.83177564956615857E-009 -2.76084804795573291E-007  1.01738351077074185E-009 -7.36924120019466500E-005  7.36941149739323009E-005
   54204.520833333336        45000.000000000000       0.30284063890576363      -3.64465558427840008E-010 -3.63077425902247342E-007 -1.47465755162556889E-007 -7.42664106496704335E-005  7.43543258749923552E-005
   54204.531250000000        45900.000000000000       0.30222523957490921       1.11870964401850070E-009 -4.15742960058196331E-007 -3.20841081702383235E-007 -7.36539792001167370E-005  7.38432995603943709E-005
   54204.541666666664        46800.000000000000       0.30090510100126266       2.55597617376812636E-009 -4.29140861513133132E-007 -5.04647971411031904E-007 -7.18099690004692093E-005  7.21058974590960133E-005
   54204.552083333328        47700.000000000000       0.30141302943229675       3.97328486431702821E-009 -4.02931007670304098E-007 -6.85456114979388076E-007 -6.90538527123862877E-005  6.94567561936310085E-005
   54204.562500000000        48600.000000000000       0.30261546373367310       5.34340705363178792E-009 -3.38818566092413676E-007 -8.55367886742897099E-007 -6.52721062976979738E-005  6.57728135138313519E-005
   54204.572916666664        49500.000000000000       0.30365948379039764       6.62683391841611957E-009 -2.42228082925066701E-007 -9.97773270228208276E-007 -6.03942669101797946E-005  6.09773159681026300E-005
   54204.583333333336        50400.000000000000       0.30310416594147682       7.77692196057833129E-009 -1.16038719966127246E-007 -1.10446023882104782E-006 -5.41852513151752646E-005  5.48297429077138077E-005
   54204.593750000000        51300.000000000000       0.30349770933389664       8.84743243077801278E-009  2.62734118905427749E-008 -1.16461831112246728E-006 -4.69614684561747708E-005  4.76426196769352828E-005
   54204.604166666672        52200.000000000000       0.30611376836895943       9.79942478551709684E-009  1.77346564100844262E-007 -1.18228865630953806E-006 -3.91337563598881388E-005  3.98219876842631493E-005
   54204.614583333336        53100.000000000000       0.30843344330787659       1.05740237642260038E-008  3.25521803290484968E-007 -1.14506610771059059E-006 -3.04788296716651530E-005  3.11452040477888659E-005
   54204.625000000000        54000.000000000000       0.31043310090899467       1.11604434339940273E-008  4.61395757156424224E-007 -1.06073869687861588E-006 -2.12377480863779056E-005  2.18543460732689709E-005
   54204.635416666664        54900.000000000000       0.31177106872200966       1.15375924907706873E-008  5.74072700487704424E-007 -9.36429131570548634E-007 -1.16131175502687256E-005  1.21571281965771050E-005
   54204.645833333336        55800.000000000000       0.31261035799980164       1.17141077168175789E-008  6.57168399698093708E-007 -7.85121386570608593E-007 -1.62052538144052960E-006  2.07221199843843351E-006
   54204.656250000000        56700.000000000000       0.31608441099524498       1.17345525761647362E-008  7.03194203310886223E-007 -6.04049972707798588E-007  8.36278596239026228E-006 -8.01672812134057722E-006
   54204.666666666664        57600.000000000000       0.31373449414968491       1.14211081321535790E-008  7.10608055953798612E-007 -4.17710651845482062E-007  1.80839726056092331E-005 -1.78464150746293626E-005
   54204.677083333328        58500.000000000000       0.31760546192526817       1.10419875864326000E-008  6.76137304367330216E-007 -2.35813075732949073E-007  2.77570798061788082E-005 -2.76267235399529909E-005
   54204.687500000000        59400.000000000000       0.31719306483864784       1.03914717958925040E-008  6.04202554654875712E-007 -7.36852712179825176E-008  3.65980306753499463E-005 -3.65644376749685307E-005
   54204.697916666664        60300.000000000000       0.31675710529088974       9.54981556160194867E-009  4.99318083768685028E-007  6.14947737176407827E-008  4.49931752370957838E-005 -4.50381980670044868E-005
   54204.708333333336        61200.000000000000       0.31728758662939072       8.56323635438360764E-009  3.69781808728930628E-007  1.56832811626372859E-007  5.27167009067852632E-005 -5.28196634448363511E-005
   54204.718750000000        62100.000000000000       0.31776444986462593       7.42731838879184814E-009  2.21730203975312179E-007  2.06254952672679792E-007  5.95673608358993079E-005 -5.97000259645596998E-005
   54204.729166666672        63000.000000000000       0.31837197020649910       6.17564943281023737E-009  6.88863863729238801E-008  2.04850891805108404E-007  6.55519873191678926E-005 -6.56866081740759000E-005
   54204.739583333336        63900.000000000000       0.31713981553912163       4.76480876109020013E-009 -7.97090393689359189E-008  1.60254529646408628E-007  7.02588739329712553E-005 -7.03664788943569874E-005
   54204.750000000000        64800.000000000000       0.31663505360484123       3.29560960465880015E-009 -2.14534161102619692E-007  6.48390425794787006E-008  7.38082228508574190E-005 -7.38609385422250853E-005
   54204.760416666664        65700.000000000000       0.31617031246423721       1.74922543984268319E-009 -3.24415346142359340E-007 -6.89537955622654408E-008  7.61493164702642389E-005 -7.61228293697513436E-005
   54204.770833333336        66600.000000000000       0.31359664723277092       1.78906927467137322E-010 -4.01772396685373678E-007 -2.35611082644027192E-007  7.67759077291430003E-005 -7.66541125898356768E-005
   54204.781250000000        67500.000000000000       0.31474750116467476      -1.40939640860815452E-009 -4.45156445039174287E-007 -4.20097649111994542E-007  7.65507680853261263E-005 -7.63198653856989040E-005
   54204.791666666664        68400.000000000000       0.31445644795894623      -2.94970674795391741E-009 -4.47330315012095525E-007 -6.09310774279947509E-007  7.48145565410140989E-005 -7.44720234280293880E-005
   54204.802083333328        69300.000000000000       0.31370698288083076      -4.42346572045171360E-009 -4.11032168301517231E-007 -7.96340202668943675E-007  7.15763563334803621E-005 -7.11248343066017696E-005
   54204.812500000000        70200.000000000000       0.31253829970955849      -5.81783992682771700E-009 -3.36441949855270650E-007 -9.61504838414839469E-007  6.71615688077054074E-005 -6.66123633692450312E-005
   54204.822916666664        71100.000000000000       0.31444280967116356      -7.13730527977796125E-009 -2.30305175819012220E-007 -1.10064925706865324E-006  6.19842634819178784E-005 -6.13539968412624148E-005
   54204.833333333336        72000.000000000000       0.31418579444289207      -8.33868712968310888E-009 -1.00085799203952774E-007 -1.20147296911454760E-006  5.52890169558395428E-005 -5.45983283188888890E-005
   54204.843750000000        72900.000000000000       0.31386932358145714      -9.34147570234855618E-009  4.81013557873666286E-008 -1.25730196032236563E-006  4.79333988607777428E-005 -4.72106032987085200E-005
   54204.854166666672        73800.000000000000       0.31259620562195778      -1.01814645325770670E-008  1.99581521087566216E-007 -1.26222394669639471E-006  3.96185217539368750E-005 -3.88920797149694408E-005
   54204.864583333336        74700.000000000000       0.31275679543614388      -1.08759880095010697E-008  3.47527134181291331E-007 -1.22061743468293571E-006  3.09648089285019523E-005 -3.02633010278441361E-005
   54204.875000000000        75600.000000000000       0.31475757062435150      -1.14408472938476447E-008  4.83124388495070889E-007 -1.13135928359042737E-006  2.16786125122325757E-005 -2.10278057295454346E-005
   54204.885416666664        76500.000000000000       0.31376400217413902      -1.17416350010890458E-008  5.95003122327852907E-007 -1.00250369428067643E-006  1.18048148181060242E-005 -1.12289505125318101E-005
   54204.895833333336        77400.000000000000       0.31555883586406708      -1.19028014441274754E-008  6.75456234944249445E-007 -8.42934923639404587E-007  1.75935892343659361E-006 -1.27640049640831421E-006
   54204.906250000000        78300.000000000000       0.31553627550601959      -1.18498738529981829E-008  7.20380754160032666E-007 -6.64823346596676856E-007 -8.30215938663059205E-006  8.67957342620684358E-006
   54204.916666666664        79200.000000000000       0.31579509750008583      -1.15537326268733143E-008  7.27540516720637243E-007 -4.72325922373784124E-007 -1.84289435196660634E-005  1.86949085332344112E-005
   54204.927083333328        80100.000000000000       0.31437642499804497      -1.10267158754534522E-008  6.95818222595789848E-007 -2.86051061948455754E-007 -2.81402443533806945E-005  2.82974817480408092E-005
   54204.937500000000        81000.000000000000       0.31462704017758369      -1.03770936860786422E-008  6.25907134121916897E-007 -1.18434911655640462E-007 -3.73784429541501595E-005  3.74365901336659590E-005
   54204.947916666664        81900.000000000000       0.31538046151399612      -9.53911734671852862E-009  5.23526949791630614E-007  2.44304203533829423E-008 -4.60955176606603345E-005  4.60703021758490650E-005
   54204.958333333336        82800.000000000000       0.31322574615478516      -8.49592897075868159E-009  3.96639471489379503E-007  1.25783969906478887E-007 -5.34575692938688007E-005  5.33693306863369799E-005
   54204.968750000000        83700.000000000000       0.31215299293398857      -7.29990895509402549E-009  2.51224236080815899E-007  1.91102742519433377E-007 -6.00157227097497525E-005  5.98897495365235955E-005
   54204.979166666672        84600.000000000000       0.31270995363593102      -6.07053730200535213E-009  9.82292363005399238E-008  2.04290529381978558E-007 -6.55650942178453988E-005  6.54294881883288326E-005
   54204.989583333336        85500.000000000000       0.31205137073993683      -4.67286943514610975E-009 -5.12765367943757155E-008  1.70417223444019328E-007 -6.99033056150710763E-005  6.97875516948442964E-005
   54205.000000000000        0.0000000000000000       0.31288910657167435      -3.26822530323511717E-009 -1.87923490102548385E-007  9.21428124911471969E-008 -7.30780981825773779E-005  7.30071243140173465E-005
