   55727.000000000000        0.0000000000000000       -9068521.2365483511       -17111796.548168041       -18237240.359441198        818.76148226466012       -2152.2034141696918        1665.4741054124422     
   55727.010416666664        899.99999979045242       -8399009.6332755852       -18980029.582856674       -16586225.069120549        671.06758555275155       -1991.5191432318768        1998.4028091984130     
   55727.020833333336        1800.0000002095476       -7855776.1143543376       -20682880.302220833       -14650068.750466183        539.42690333660335       -1785.3883084603028        2298.1702981258782     
   55727.031250000000        2700.0000000000000       -7421033.2860487588       -22181581.482430417       -12461105.370762469        431.11078404857858       -1538.8175937492047        2559.3357670175769     
   55727.041666666664        3599.9999997904524       -7070898.0415470526       -23442554.737484287       -10056305.833410075        352.34608203639004       -1258.2988416682065        2777.0540992503993     
   55727.052083333336        4500.0000002095476       -6776454.8108105808       -24438651.105895814       -7476693.1446946710        308.04836088420689       -951.58578275810169        2947.1830040662398     
   55727.062500000000        5400.0000000000000       -6505038.2583936686       -25150165.369757932       -4766664.6697037555        301.60296121235524       -627.41586717574387        3066.3817667055623     
   55727.072916666664        6299.9999997904524       -6221687.3553759400       -25565578.817398511       -1973230.6430407246        334.70477769418835       -295.18680736800371        3132.1979868342901     
   55727.083333333336        7200.0000002095476       -5890713.8407598408       -25681995.004067276        854818.61061082943        407.26553258190825        35.399962407271858        3143.1386669631916     
   55727.093750000000        8100.0000000000000       -5477321.3518370902       -25505245.069141965        3667801.0959786675        517.39463857978853        354.71451923871587        3098.7222292646793     
   55727.104166666664        8999.9999997904524       -4949207.4780333349       -25049652.873451814        6416068.6663868669        661.45651690849195        653.57640799709941        2999.5085003387530     
   55727.114583333336        9900.0000002095476       -4278079.9468620047       -24337465.032955635        9050948.7347851507        834.20363570858149        923.61855074362404        2847.1044006388229     
   55727.125000000000        10800.000000000000       -3441020.5432872637       -23397966.033820130        11525679.623522803        1028.9807686026597        1157.6204383962520        2644.1439755943011     
   55727.135416666664        11699.999999790452       -2421636.0923019159       -22266313.212524731        13796316.236087162        1237.9922940378160        1349.7949943140829        2394.2424531899487     
   55727.145833333336        12600.000000209548       -1210944.7097297707       -20982139.605593763        15822582.952457635        1452.6210171002317        1496.0155029010457        2101.9251340789533     
   55727.156250000000        13500.000000000000        192042.81641552725       -19587983.695046380        17568651.879093003        1663.7842415729988        1593.9718414416820        1772.5330311273374     
   55727.166666666664        14399.999999790452        1780072.8177737098       -18127613.221496906        19003826.776902955        1862.3108582679642        1643.2487599746505        1412.1081906911213     
   55727.177083333336        15300.000000209548        3537740.9326285352       -16644315.020172615        20103116.024743322        2039.3221750001346        1645.3228970366870        1027.2624718480497     
   55727.187500000000        16200.000000000000        5441922.1919437358       -15179223.971878512        20847681.669656560        2186.5991751094948        1603.4793108124952        625.03417341462534     
   55727.197916666664        17099.999999790452        7462519.3403559793       -13769761.648852352        21225155.743010342        2296.9198161170598        1522.6522881153815        212.73724611629990     
   55727.208333333336        18000.000000209548        9563495.6819384210       -12448249.298579559        21229819.337891448        2364.3517935952495        1409.1987887116011       -202.19210143928544     
   55727.218750000000        18900.000000000000        11704146.758460520       -11240750.867684519        20862644.203729488        2384.4887219634784        1270.6158964486795       -612.34678484614960     
   55727.229166666664        19799.999999790452        13840555.619613480       -10166190.480088837        20131200.598043375        2354.6207414187897        1115.2159036177086       -1010.4940129642667     
   55727.239583333336        20700.000000209548        15927169.896549167       -9235775.7798552476        19049438.660223026        2273.8339062847226        951.77409486240845       -1389.7106363456364     
   55727.250000000000        21600.000000000000        17918435.314746439       -8452744.6951432340        17637353.505525999        2143.0361449771472        789.16487258914731       -1743.5057789000580     
