   55727.000000000000        0.0000000000000000       -15845640.007977521        11163932.093328280       -18218971.085239477       -3050.7668732717648       -1693.4189667266844        1668.9570249959884     
   55727.010416666664        899.99999979045242       -18447628.584641334        9548506.1879897788       -16564986.477825405       -2722.9424663302539       -1891.3996126192624        2001.5084256139721     
   55727.020833333336        1800.0000002095476       -20732486.176164750        7768964.6412611296       -14626225.613814803       -2346.9810102989468       -2057.5572952376056        2300.8436721716425     
   55727.031250000000        2700.0000000000000       -22659587.408717822        5855390.7955746371       -12435068.807745520       -1929.0240461341177       -2188.7747615864987        2561.5290268836575     
   55727.041666666664        3599.9999997904524       -24194215.444735419        3840423.6510242554       -10028526.509081891       -1476.0447376956267       -2282.5013512690102        2778.7273912290675     
   55727.052083333336        4500.0000002095476       -25308265.687586565        1758718.4986595635       -7447653.6699544452       -995.74482220209347       -2336.8170467256059        2948.3053240561053     
   55727.062500000000        5400.0000000000000       -25980847.129298747       -353646.04934183485       -4736871.3153866017       -496.43032751494229       -2350.4871210423958        3066.9316483940834     
   55727.072916666664        6299.9999997904524       -26198762.726277877       -2459805.0411695614       -1943204.5077461819        13.132674259788814       -2323.0048844904873        3132.1640237082647     
   55727.083333333336        7200.0000002095476       -25956851.799784079       -4522776.3918239111        884550.82008259511        523.87995540592499       -2254.6201784433638        3142.5198479996079     
   55727.093750000000        8100.0000000000000       -25258180.029343739       -6506148.5426876862        3696716.4962554541        1026.6252750310341       -2146.3515858509350        3097.5280720803935     
   55727.104166666664        8999.9999997904524       -24114066.113843337       -8374771.1834212719        6443657.6534895170        1512.2463906793105       -1999.9808187021376        2997.7589706432445     
   55727.114583333336        9900.0000002095476       -22543938.512577817       -10095432.538623236        9076724.2693059575        1971.8757188559939       -1818.0283851949919        2844.8296128530269     
   55727.125000000000        10800.000000000000       -20575020.664145697       -11637506.247750644        11549186.148242507        2397.0898324258415       -1603.7103958128696        2641.3836761882635     
   55727.135416666664        11699.999999790452       -18241848.463797241       -12973551.106263293        13817138.033795111        2780.0917013070903       -1360.8771868773531        2391.0452952950172     
   55727.145833333336        12600.000000209548       -15585629.260112053       -14079847.918580510        15840351.762572546        3113.8796517742985       -1093.9352616492877        2098.3477588433393     
   55727.156250000000        13500.000000000000       -12653456.888175258       -14936859.412465286        17583053.608541235        3392.3974469987056       -807.75480910779152        1768.6389776954441     
   55727.166666666664        14399.999999790452       -9497401.9753674418       -15529601.497381900        19014607.162970800        3610.6606511435061       -507.56570005623831        1407.9666622162633     
   55727.177083333336        15300.000000209548       -6173500.6619982142       -15847916.985125661        20110085.134337548        3764.8554740908653       -198.84533133270111        1022.9469892805657     
   55727.187500000000        16200.000000000000       -2740667.7599789733       -15886646.062529972        20850717.149399627        3852.4075220887953        112.79803978403777        620.62115172288122     
   55727.197916666664        17099.999999790452        740437.90300978720       -15645691.126525408        21224204.766529832        3872.0192052315260        421.74276953587719        208.30452898711354     
   55727.208333333336        18000.000000209548        4208567.6816731449       -15129976.872370075        21224899.229157105        3823.6758764616538        722.46855389339203       -206.56671250700987     
   55727.218750000000        18900.000000000000        7603029.2123016790       -14349309.592155149        20853841.747018974        3708.6220069058813        1009.6651763959651       -616.58697268537401     
   55727.229166666664        19799.999999790452        10864798.438474115       -13318142.346617157        20118670.074890599        3529.3097631512151        1278.3325152341688       -1014.5263265119268     
   55727.239583333336        20700.000000209548        13937574.112864494       -12055254.910407715        19033398.680540543        3289.3231896338934        1523.8696128457339       -1393.4657841503333     
   55727.250000000000        21600.000000000000        16768754.490182627       -10583359.093083262        17618082.723263234        2993.2817838739538        1742.1512266405948       -1746.9198108548330     
