   54202.000000000000        0.0000000000000000       -4632722.9595132712       -25495815.509621695        6219950.9970448622        2418.5509834518070        323.62550326211112        2992.1924838167524     
   54202.010416666664        900.00000000000000       -2422715.8843468176       -24987970.343587566        8852209.4016670305        2485.6167289586724        803.57299507226048        2848.8588335511654     
   54202.020833333336        1800.0000000000000       -171319.65122022561       -24053033.590096071        11333109.994062718        2510.3495553876032        1271.3587863942150        2656.2641969770366     
   54202.031250000000        2700.0000000000000        2082993.5514442879       -22705599.742081277        13619586.668636084        2492.0406103570849        1718.9017436771753        2417.3697932234304     
   54202.041666666664        3600.0000000000000        4301439.2221856471       -20967440.381655235        15671616.287293963        2430.7089779296898        2138.3576033748095        2135.9707318238366     
   54202.052083333328        4500.0000000000000        6445585.4169881260       -18867226.640265815        17452950.923165750        2327.1212785397984        2522.2623340783184        1816.6526062851574     
   54202.062500000000        5400.0000000000000        8478029.5445505287       -16440122.128187366        18931803.323071931        2182.7982697833354        2863.6761121098534        1464.7308743194039     
   54202.072916666664        6300.0000000000000        10363074.677264731       -13727247.250333369        20081469.939494956        2000.0069859047812        3156.3245634536856        1086.1727173584638     
   54202.083333333336        7200.0000000000000        12067391.843504209       -10775019.025055278        20880875.824752752        1781.7372429520487        3394.7335146146975        687.50166756144290     
   54202.093750000000        8100.0000000000000        13560653.821934326       -7634374.0682333326        21315026.278915316        1531.6617541117453        3574.3531916756042        275.68596304649179     
   54202.104166666672        9000.0000000000000        14816125.566559669       -4359886.1031598765        21375351.291462924        1254.0796097399393        3691.6676971959650       -141.98767707328281     
   54202.114583333336        9900.0000000000000        15811196.372665336       -1008793.1289006893        21059930.714885738        953.84348937438961        3744.2856704071269       -558.05241760455294     
   54202.125000000000        10800.000000000000        16527839.586776247        2360047.1338074873        20373590.598110326        636.27162395242294        3731.0083579893571       -965.00866146731346     
   54202.135416666664        11700.000000000000        16952986.825850870        5687251.6365840863        19327864.257984225        307.04622710365726        3651.8718663584650       -1355.4766139154704     
   54202.145833333336        12600.000000000000        17078805.572330050        8914031.8604788538        17940815.274836440       -27.899237752414251        3508.1611523813726       -1722.3497909274963     
   54202.156250000000        13500.000000000000        16902871.363314666        11983312.955082791        16236723.621567786       -362.50098922140216        3302.3942791372046       -2058.9449078799307     
   54202.166666666664        14400.000000000000        16428228.740318865        14840825.163525786        14245640.259691050       -690.69062629269661        3038.2765930764281       -2359.1435078015511     
   54202.177083333328        15300.000000000000        15663338.308469759        17436140.725195263        12002819.673492793       -1006.5218426707058        2720.6256789906620       -2617.5208640900655     
   54202.187500000000        16200.000000000000        14621910.761903241        19723630.840145167        9548043.6559505910       -1304.2942951137195        2355.2691544730064       -2829.4581130117072     
   54202.197916666664        17100.000000000000        13322632.119525224        21663319.563406087        6924853.0305423690       -1578.6708429992436        1948.9184819594193       -2991.2342254042624     
   54202.208333333336        18000.000000000000        11788787.757301990        23221614.865097702        4179706.6495640855       -1824.7846788039856        1509.0229285597241       -3100.0952659386739     
   54202.218750000000        18900.000000000000        10047795.722577788        24371901.113065682        1361088.9233317014       -2038.3333432385402        1043.6085202430772       -3154.2993594966233     
   54202.229166666672        19800.000000000000        8130662.2380256476        25094981.838867661       -1481411.9532910397       -2215.6572552468233        561.10726580942651       -3153.1368146950817     
   54202.239583333336        20700.000000000000        6071374.1669959296        25379366.445751324       -4298032.8351495424       -2353.8011167900654        70.182060181651707       -3096.9258702821689     
   54202.250000000000        21600.000000000000        3906244.2498500641        25221399.368300389       -7039750.1629221616       -2450.5573312421138       -420.44750633414588       -2986.9854557718231     
   54202.260416666664        22500.000000000000        1673225.4245494644        24625234.685036108       -9659160.4227736071       -2504.4913341203646       -902.17364092500350       -2825.5871421288543     
   54202.270833333336        23400.000000000000       -588789.69253752846        23602663.223154034       -12111309.022236424       -2514.9494366528024       -1366.6590112849717       -2615.8890460898492     
   54202.281250000000        24300.000000000000       -2840668.9667834272        22172802.582033660       -14354452.725572165       -2482.0503654692493       -1805.9822568548175       -2361.8548322558031     
   54202.291666666664        25200.000000000000       -5043726.5343407858        20361663.049545713       -16350743.726160139       -2406.6621332330942       -2212.7679025856128       -2068.1611169317912     
   54202.302083333328        26100.000000000000       -7160381.8989236001        18201604.244065888       -18066826.387367178       -2290.3661742845138       -2580.2991162189410       -1740.0965396350284     
   54202.312500000000        27000.000000000000       -9154781.8028578591        15730698.291988937       -19474340.565147746       -2135.4108222434252       -2902.6125786705452       -1383.4555614516619     
   54202.322916666664        27900.000000000000       -10993376.203335609        12992015.703402231       -20550328.006334554       -1944.6562175320578       -3174.5754469825151       -1004.4297171799124     
   54202.333333333336        28800.000000000000       -12645441.570370229        10032849.842624541       -21277540.616244942       -1721.5126227843953       -3391.9449769706544       -609.49862604552243     
   54202.343750000000        29700.000000000000       -14083546.371724961        6903895.1945430106       -21644651.227039047       -1469.8739332784055       -3551.4117856305238       -205.32261198880605     
   54202.354166666672        30600.000000000000       -15283955.146102527        3658393.5810193061       -21646369.002137423       -1194.0479053074469       -3650.6280043692204        201.36167710562276     
   54202.364583333336        31500.000000000000       -16226968.773887025        351261.34252247307       -21283462.612103369       -898.68435734976117       -3688.2216839994744        603.84168258372404     
   54202.375000000000        32400.000000000000       -16897199.593756471       -2961790.7804133222       -20562695.068602379       -588.70229364756881       -3663.7988072504295        995.52478503534144     
   54202.385416666664        33300.000000000000       -17283780.714472931       -6225134.4640314979       -19496674.461502165       -269.21664761295841       -3577.9341424994436        1370.0292846988723     
   54202.395833333336        34200.000000000000       -17380509.399085909       -9384087.7648160942       -18103625.055751462        54.534900361938867       -3432.1519811837225        1721.2704173325362     
   54202.406250000000        35100.000000000000       -17185924.728487637       -12385757.504279109       -16407083.196397562        377.26475412950822       -3228.8975589606343        2043.5414319936046     
   54202.416666666664        36000.000000000000       -16703319.938315120       -15179851.949693797       -14435522.438933512        693.70773649117655       -2971.4996971665250        2331.5897972652683     
   54202.427083333328        36900.000000000000       -15940689.899079105       -17719456.042164847       -12221912.276082573        998.69284563898941       -2664.1249350620551        2580.6885591167738     
   54202.437500000000        37800.000000000000       -14910614.320764609       -19961761.522726569       -9803214.8480287045        1287.2143551611512       -2311.7231940540128        2786.7027711726005     
   54202.447916666664        38700.000000000000       -13630077.286639998       -21868744.302105419       -7219824.1720677502        1554.5021294231292       -1919.9648146317948        2946.1507506958924     
   54202.458333333336        39600.000000000000       -12120223.956431607       -23407781.178268962       -4514952.7174768038        1796.0909143200215       -1495.1686883066727        3056.2597137680923     
   54202.468750000000        40500.000000000000       -10406055.504207140       -24552197.735511743       -1733970.7022292346        2007.8882076655646       -1044.2211446447625        3115.0151132568999     
   54202.479166666672        41400.000000000000       -8516063.8267686982       -25281738.970573861        1076295.8681632790        2186.2401235815250       -574.48529547979297        3121.2027707033794     
   54202.489583333336        42300.000000000000       -6481808.1691972455       -25582953.956486255        3868301.4078496997        2327.9944449285363       -93.700660463959935        3074.4426704223574     
   54202.500000000000        43200.000000000000       -4337436.6430512238       -25449485.808933925        6594543.1406611698        2430.5598321440880        390.12687088174016        2975.2130979815852     
   54202.510416666664        44100.000000000000       -2119156.6573220259       -24882258.398096081        9208340.3165140934        2491.9599322712124        868.84436686547224        2824.8636668986951     
   54202.520833333336        45000.000000000000        135340.52429468854       -23889551.752059098        11664619.597650401        2510.8809330418449        1334.2796907277518        2625.6157170532620     
   54202.531250000000        45900.000000000000        2387494.4645568444       -22486959.044956885        13920694.547248006        2486.7109548527214        1778.3765803781689        2380.5485977385870     
   54202.541666666664        46800.000000000000        4598521.3893225389       -20697219.394770186        15937025.910044234        2419.5695732982044        2193.3351760676228        2093.5704823689234     
   54202.552083333328        47700.000000000000        6730081.4967441969       -18549922.609940898        17677948.242855955        2310.3257619024007        2571.7556367684256        1769.3726156802188     
   54202.562500000000        48600.000000000000        8744956.5984357055       -16081084.347698165        19112347.622032117        2160.6026207044902        2906.7819411854052        1413.3662724265344     
   54202.572916666664        49500.000000000000        10607725.510297054       -13332593.041089257        20214274.728035245        1972.7674616765426        3192.2424666451802        1031.6021980433957     
   54202.583333333336        50400.000000000000        12285423.505223563       -10351533.165104000        20963477.657276936        1749.9061240321648        3422.7835354342124        630.67290424441228     
   54202.593750000000        51300.000000000000        13748171.268120542       -7189393.0029756119        21345839.456104111        1495.7808284257421        3593.9918430415137        217.59888121104308     
   54202.604166666672        52200.000000000000        14969758.428949473       -3901168.7944736690        21353706.654241856        1214.7713972898059        3702.5015919328912       -200.29948063784798     
   54202.614583333336        53100.000000000000        15928166.859131187       -544380.88976848696        20986097.022063453        911.80030021935465        3746.0822672616296       -615.54171757269557     
   54202.625000000000        54000.000000000000        16606019.608004710        2821978.9859388648        20248777.386690449        592.24263471723668        3723.7033357801984       -1020.6356203382381     
   54202.635416666664        54900.000000000000        16990942.715890389        6138547.0955743687        19154205.558062229        261.82285209307076        3635.5727393899233       -1408.2302095886830     
   54202.645833333336        55800.000000000000        17075828.992188897        9346709.0098822713        17721334.091863096       -73.499315340471640        3483.1468532444278       -1771.2690331640827     
   54202.656250000000        56700.000000000000        16858995.410652969        12389716.498663731        15975277.654403554       -407.65068508813988        3269.1105903359826       -2103.1391975614515     
   54202.666666666664        57600.000000000000        16344228.641329410        15213772.985667428        13946849.927496944       -734.57072785569335        2997.3274661740634       -2397.8114975198791     
   54202.677083333328        58500.000000000000        15540716.593719522        17769060.864003718        11671980.065930005       -1048.3381593931083        2672.7606516163041       -2649.9672222017434     
   54202.687500000000        59400.000000000000        14462867.245950941        20010685.509284496        9191022.5426017009       -1343.2941578796281        2301.3672382907575       -2855.1076686552269     
   54202.697916666664        60300.000000000000        13130019.527839309        21899513.279055674        6547977.4717796007       -1614.1584483355400        1889.9690410444900       -3009.6430786097167     
   54202.708333333336        61200.000000000000        11566054.226357799        23402884.239884134        3789641.0954703037       -1856.1348299907306        1446.1041837201215       -3110.9585772487585     
   54202.718750000000        62100.000000000000        9798915.7976608761        24495184.506618056        964707.84862881375       -2065.0032168320322        977.86439416593771       -3157.4556768729885     
   54202.729166666672        63000.000000000000        7860058.2805119595        25158267.700131819       -1877153.7439205751       -2237.1959205249727        493.72332213935977       -3148.5689423027170     
   54202.739583333336        63900.000000000000        5783830.2709949426        25381719.873405833       -4686229.1784437653       -2369.8566394318923        2.3612800288899507       -3084.7584213405926     
   54202.750000000000        64800.000000000000        3606814.8648681622        25162967.063609462       -7413668.9045997746       -2460.8814027628846       -487.50841550478287       -2967.4793526367507     
   54202.760416666664        65700.000000000000        1367140.9417009701        24507229.053365488       -10012362.596056489       -2508.9414703655939       -967.30678639935695       -2799.1314207359087     
   54202.770833333336        66600.000000000000       -896218.31796898344        23427326.901317813       -12437759.593192024       -2513.4888732661784       -1428.7462052698513       -2582.9903882620783     
   54202.781250000000        67500.000000000000       -3144144.5050551370        21943355.057250205       -14648621.064258212       -2474.7458528747461       -1863.9738632645024       -2323.1252802499189     
   54202.791666666664        68400.000000000000       -5338056.9556530630        20082231.339144997       -16607692.377396608       -2393.6798783859003       -2265.6993829709304       -2024.3044316904707     
   54202.802083333328        69300.000000000000       -7440567.4575678213        17877139.773826703       -18282287.119857531       -2271.9662054497162       -2627.3051282770080       -1691.8936412196538     
   54202.812500000000        70200.000000000000       -9416096.4389609806        15366882.211537926       -19644777.053413909       -2111.9400639608029       -2942.9385859505264       -1331.7494534551190     
   54202.822916666664        71100.000000000000       -11231442.248779546        12595154.854326395       -20672984.848617166       -1916.5405500299530       -3207.5868909906812       -950.11023876901788     
   54202.833333333336        72000.000000000000       -12856296.938455854        9609765.5287848040       -21350478.654220793       -1689.2481809046944       -3417.1341232521963       -553.48731864718195     
   54202.843750000000        72900.000000000000       -14263703.664169027        6461806.7772308160       -21666769.391824447       -1434.0178687243103       -3568.4024044545149       -148.55792041715483     
   54202.854166666672        73800.000000000000       -15430452.270055143        3204798.7696499652       -21617413.046700653       -1155.2087968233366       -3659.1780689113657        257.93870718388712     
   54202.864583333336        74700.000000000000       -16337410.832197575       -106185.12391329066       -21204021.237834919       -857.51241552699105       -3688.2242772379182        659.30110673905529     
   54202.875000000000        75600.000000000000       -16969791.906016078       -3415398.5289609642       -20434184.015460901       -545.87946882469430       -3655.2814148929165        1048.9607992930157     
   54202.885416666664        76500.000000000000       -17317352.919232521       -6667297.5793746682       -19321309.171822581       -225.44671486122417       -3561.0564883274774        1420.5725755304843     
   54202.895833333336        77400.000000000000       -17374530.641890094       -9807402.3263644725       -17884382.539503064        98.536232332745158       -3407.2025311766756        1768.0998177365598     
   54202.906250000000        78300.000000000000       -17140509.972315181       -12783135.410581330       -16147653.706412191        420.77968441761999       -3196.2887834440471        2085.8948881458750     
   54202.916666666664        79200.000000000000       -16619227.436444709       -15544629.949841984       -14140251.595395539        736.02615138392548       -2931.7621440094072        2368.7746487844615     
   54202.927083333328        80100.000000000000       -15819309.908018313       -18045498.895410489       -11895734.246348580        1039.1220225152101       -2617.9001351814250        2612.0911264581759     
   54202.937500000000        81000.000000000000       -14753949.108601509       -20243558.251881000       -9451577.2146917731        1325.0885793599625       -2259.7553893095610        2811.7972223241263     
   54202.947916666664        81900.000000000000       -13440712.545358298       -22101496.458261818       -6848605.1690141680        1589.1921966490208       -1863.0914827882273        2964.5071956193133     
   54202.958333333336        82800.000000000000       -11901291.717899801       -23587482.028536711       -4130371.5585974199        1827.0134736177004       -1434.3098232819339        3067.5514460945155     
   54202.968750000000        83700.000000000000       -10161188.756265238       -24675701.220918719       -1342491.8083319510        2034.5148769316168       -980.36725570144893        3119.0248870132909     
   54202.979166666672        84600.000000000000       -8249343.0513439104       -25346817.279964738        1468063.7957156587        2208.1062831541699       -508.68409585541963        3117.8279727148565     
   54202.989583333336        85500.000000000000       -6197700.1634627236       -25588342.529261146        4253710.4163075890        2344.7075836783952       -27.042445628569965        3063.6992200063278     
   54203.000000000000        0.0000000000000000       -4040726.0842502206       -25394914.596450016        6967013.9163759425        2441.8072916730925        456.52512495075416        2957.2378857198501     
   54203.010416666664        900.00000000000000       -1814871.0474341938       -24768468.259410221        9561471.5532808881        2497.5158636546516        933.85610328022165        2799.9153327745389     
   54203.020833333336        1800.0000000000000        442011.78528842417       -23718294.996115245        11992297.197862793        2510.6122729840909        1396.7869233674217        2594.0735540490450     
   54203.031250000000        2700.0000000000000        2691285.7924641301       -22260983.205854684        14217198.982630892        2480.5821680796121        1837.2888998990300        2342.9094055353157     
   54203.041666666664        3600.0000000000000        4894180.4041587710       -20420233.642973326        16197135.716610393        2407.6459542578659        2247.6093144628499        2050.4431829789719     
   54203.052083333328        4500.0000000000000        7012460.6338815438       -18226546.426175337        17897037.631128266        2292.7750516006863        2620.4152362263380        1721.4705154943958     
   54203.062500000000        5400.0000000000000        9009105.3312956449       -15716778.479053875        19286476.032395691        2137.6947285476117        2948.9370910641615        1361.4969007299985     
   54203.072916666664        6300.0000000000000        10848981.403489523       -12933573.161096146        20340266.149096984        1944.8721125836855        3227.1085117226780        976.65473312342669     
   54203.083333333336        7200.0000000000000        12499500.170479869       -9924667.1355295312        21038987.581946697        1717.4883006403279        3449.6986090036698        573.60328719544339     
   54203.093750000000        8100.0000000000000        13931241.192091865       -6742083.1428286843        21369407.464939177        1459.3939427676842        3612.4325518180171        159.41281612745499     
   54203.104166666672        9000.0000000000000        15118528.641003707       -3441221.0903633232        21324792.861385111        1175.0482112188329        3712.0962811180621       -258.56533390728595     
   54203.114583333336        9900.0000000000000        16039945.443427928       -79863.542779127456        20905100.927910842        869.44169274638239        3746.6213253851574       -672.83995103569123     
   54203.125000000000        10800.000000000000        16678771.219319332        3282884.7549633193        20117038.102202587        548.00442034307468        3715.1460668179643       -1075.9291859731757     
   54203.135416666664        11700.000000000000        17023331.448427714        6587700.7497723568        18973982.834444527        216.50093881107500        3618.0504232365711       -1460.5138492893780     
   54203.145833333336        12600.000000000000        17067247.293015942        9776165.3368877936        17495770.160111040       -119.08504729782283        3456.9617488318313       -1819.5904051347693     
   54203.156250000000        13500.000000000000        16809578.069787633        12791877.482150402        15708340.424046094       -452.67333219462733        3234.7307830780692       -2146.6190475591925     
   54203.166666666664        14400.000000000000        16254851.343718288        15581533.191983970        13643258.705691041       -778.21363989174847        2955.3776291018221       -2435.6622416086821     
   54203.177083333328        15300.000000000000        15412978.971130744        18095942.757387627        11337115.485937744       -1089.8120137863416        2624.0089573560053       -2681.5093540452453     
   54203.187500000000        16200.000000000000        14299060.854776984        20290961.400432471        8830822.9005814660       -1381.8533077842244        2246.7088185295279       -2879.7834878240114     
   54203.197916666664        17100.000000000000        12933081.622639360        22128311.024319541        6168824.0627905913       -1649.1160515064064        1830.4065297879288       -3027.0273469253029     
   54203.208333333336        18000.000000000000        11339508.632661929        23576274.364200238        3398235.4465847691       -1886.8763231594487        1382.7259881055702       -3120.7658403295477     
   54203.218750000000        18900.000000000000        9546802.5407651160        24610247.010068398        567943.91310732474       -2090.9977819688083        911.82141002541675       -3159.5441308905874     
   54203.229166666672        19800.000000000000        7586853.8983212113        25213137.482436642       -2272319.3213264607       -2258.0056842779213        426.20483737647612       -3142.9408666068498     
   54203.239583333336        20700.000000000000        5494360.9236331154        25375610.391501728       -5072905.6898493404       -2385.1434534411251       -65.429199068435310       -3071.5573315675629     
   54203.250000000000        21600.000000000000        3306164.4667885127        25096172.454499301       -7785156.2726278137       -2470.4111564090740       -554.37673103743816       -2946.9841444873114     
   54203.260416666664        22500.000000000000        1060556.4843222185        24381105.544170402       -10362269.570142452       -2512.5859858798754       -1032.0904899702971       -2771.7478654927127     
   54203.270833333336        23400.000000000000       -1203422.0828274456        23244254.836635161       -12760113.259790407       -2511.2255210008148       -1490.3352119272781       -2549.2404034155629     
   54203.281250000000        24300.000000000000       -3446679.1094925930        21706683.241816696       -14937965.871909846       -2466.6550908147115       -1921.3290285024589       -2283.6344343177425     
   54203.291666666664        25200.000000000000       -5630751.1885948675        19796205.702273130       -16859177.290504988       -2379.9409692190111       -2317.8687452767495       -1979.7881417450560     
   54203.302083333328        26100.000000000000       -7718453.7725612698        17546818.518222265       -18491739.933827050       -2252.8513924111862       -2673.4376868677255       -1643.1425050794201     
   54203.312500000000        27000.000000000000       -9674491.5344523583        14998039.684879696       -19808765.263714984       -2087.8074895113123       -2982.2955854311967       -1279.6141122494380     
   54203.322916666664        27900.000000000000       -11466020.813963944        12194176.362522904       -20788862.822285041       -1887.8261948927911       -3239.5506723146791       -895.48611234115481     
   54203.333333333336        28800.000000000000       -13063157.799214451        9183535.2456900720       -21416421.107289094       -1656.4570766267684       -3441.2146641229633       -497.29949071858931     
   54203.343750000000        29700.000000000000       -14439427.773549933        6017590.7327999528       -21681791.415242009       -1397.7147975502380       -3584.2417162413121       -91.746387097557275     
   54203.354166666672        30600.000000000000       -15572152.172832398        2750124.7872179151       -21581377.076375153       -1116.0086645545905       -3666.5526367476450        314.43327311202700     
   54203.364583333336        31500.000000000000       -16442771.365629792       -563648.88776360021       -21117631.487592347       -816.07043299387726       -3687.0457322673356        714.55097748234459     
   54203.375000000000        32400.000000000000       -17037102.022553749       -3867964.9105452904       -20298968.946875531       -502.88124925162458       -3645.5956153480183        1102.0641442494036     
   54203.385416666664        33300.000000000000       -17345528.584247522       -7107380.2580637243       -19139592.618075851       -181.59835489763987       -3543.0411622253077        1470.6657205001077     
   54203.395833333336        34200.000000000000       -17363128.814915754       -10227632.945733059       -17659244.104640104        142.51804199478045       -3381.1636006437393        1814.3688079036694     
   54203.406250000000        35100.000000000000       -17089733.711126022       -13176476.836677203       -15882879.079577215        464.17749596729396       -3162.6554578987480        2127.5863605953887     
   54203.416666666664        36000.000000000000       -16529922.174607323       -15904484.577516831       -13840273.381837420        778.13152936651045       -2891.0808305634710        2405.2060176351551     
   54203.427083333328        36900.000000000000       -15692950.980332684       -18365810.947116815       -11565563.940163009        1079.2452375774999       -2570.8271855284247        2642.6600727204295     
   54203.437500000000        37800.000000000000       -14592620.579205759       -20518909.024798408       -9096728.9644430727        1362.5682110123328       -2207.0486691804540        2835.9904606310997     
   54203.447916666664        38700.000000000000       -13247077.458091494       -22327191.445318457       -6475011.9854613254        1623.4046181693923       -1805.6007357796373        2981.9084639303187     
   54203.458333333336        39600.000000000000       -11678553.872037366       -23759628.798206434       -3744294.7218499267        1857.3821729115598       -1372.9657830827091        3077.8486341286157     
   54203.468750000000        40500.000000000000       -9913046.1898510028       -24791276.932744674       -950424.28074870177        2060.5195440524967       -916.16946778501369        3122.0161883372875     
   54203.479166666672        41400.000000000000       -7979933.4934985060       -25403724.638053041        1859498.9926257075        2229.2915630195694       -442.68741956374566        3113.4269115847678     
   54203.489583333336        42300.000000000000       -5911538.8027837388       -25585452.992494963        4637865.7838344788        2360.6913647489100        39.657765201395534        3051.9383794348569     
   54203.500000000000        43200.000000000000       -3742636.1491478994       -25332097.672570437        7337325.7544610929        2452.2883682799215        522.80912201870160        2938.2711405197633     
   54203.510416666664        44100.000000000000       -1509907.8301925550       -24646605.770719379        9911569.4895376526        2502.2807851691932        998.59703199996852        2774.0183781712631     
   54203.520833333336        45000.000000000000        748642.57815147878       -23539279.286495339        12316113.385883721        2509.5411518909441        1458.8691489419462        2561.6425349872115     
   54203.531250000000        45900.000000000000        2994314.4361716961       -22027698.494865831        14509075.074181600        2473.6532457051280        1895.6271350873405        2304.4574346875993     
   54203.541666666664        46800.000000000000        5188362.9560256330       -20136519.898843333        16451925.740773773        2394.9386645910140        2301.1682580118413        2006.5946086907288     
   54203.552083333328        47700.000000000000        7292670.7555548530       -17897145.475396819        18110204.635367304        2274.4713675597122        2668.2293425873786        1672.9528143486175     
   54203.562500000000        48600.000000000000        9270426.4621185530       -15347262.430116577        19454180.344038196        2114.0785854147643        2990.1300278980902        1309.1301479176450     
   54203.572916666664        49500.000000000000        11086797.485748831       -12530255.641347496        20459443.072984915        1916.3267356725703        3260.9118004692177        921.33867489528461     
   54203.583333333336        50400.000000000000        12709582.985637587       -9494498.3234767746        21107412.423406884        1684.4913225186892        3475.4689040391677        516.30213391503241     
   54203.593750000000        51300.000000000000        14109832.277082060       -6292530.0802368047        21385745.922588665        1422.5102578143260        3629.6669866713100        101.13797076983808     
   54203.604166666672        52200.000000000000        15262413.770856317       -2980135.2537696734        21288635.057529557        1134.9205938218777        3720.4453229633846       -316.77429466792972     
   54203.614583333336        53100.000000000000        16146519.697847029        384661.82105577987        20816977.689483672        826.77929777731197        3745.8986078336220       -729.93562403217982     
   54203.625000000000        54000.000000000000        16746092.824848507        3742664.6204009028        19978418.519217510        503.56937235134649        3705.3347428058128       -1130.8775111621828     
   54203.635416666664        54900.000000000000        17050162.799711231        7034612.3043271052        18787252.613866728        171.09331433423881        3599.3056795842349       -1512.3155206466888     
   54203.645833333336        55800.000000000000        17053081.879057944        10202302.421827979        17264190.827826705       -164.64346203163223        3429.6092511742145       -1867.3018952379387     
   54203.656250000000        56700.000000000000        16754652.391078271        13189701.771674637        15435990.033282038       -497.55605371392551        3199.2609714836017       -2189.3725996045409     
   54203.666666666664        57600.000000000000        16160141.370153291        15944018.387628101        13334955.240757577       -821.60676143035698        2912.4359501436229       -2472.6841971304952     
   54203.677083333328        58500.000000000000        15280181.128923690        18416708.257848144        10998324.753635032       -1130.9312177376783        2574.3822857911928       -2712.1362366885237     
   54203.687500000000        59400.000000000000        14130558.013281621        20564392.184317864        8467553.1359870713       -1419.9600879392920        2191.3084806047409       -2903.4753481861494     
   54203.697916666664        60300.000000000000        12731895.031035613        22349660.924269658        5787509.9124780903       -1683.5326569812432        1770.2484817465031       -3043.3779845963791     
   54203.708333333336        61200.000000000000        11109237.138815194        23741750.471776225        3005614.2496935944       -1916.9989931212265        1318.9088080349179       -3129.5096561438650     
   54203.718750000000        62100.000000000000        9291550.8063962590        24717073.550322220        170927.38104440027       -2116.3079246964016        845.50283155698742       -3160.5595043453945     
   54203.729166666672        63000.000000000000        7311151.5725382362        25259598.206881396       -2666774.9133140179       -2278.0787550612513        358.57757968947203       -3136.2501024155672     
   54203.739583333336        63900.000000000000        5203074.9166208310        25361069.173688430       -5457927.7834564541       -2399.6553922576413       -133.16157147698590       -3057.3233502035837     
   54203.750000000000        64800.000000000000        3004406.5465960642        25021072.425657339       -8154079.9632130256       -2479.1423529375879       -621.02324045704415       -2925.5042081475317     
   54203.760416666664        65700.000000000000        753588.39481990226        24246947.691237580       -10708754.709203999       -2515.4228406250163       -1096.4948825986144       -2743.4447177745092     
   54203.770833333336        66600.000000000000       -1510283.8862649240        23053557.433562178       -13078252.574125059       -2508.1597518669469       -1551.3963251596517       -2514.6512565721691     
   54203.781250000000        67500.000000000000       -3748157.1540000867        21462923.893245604       -15222382.377402356       -2457.7810008586571       -1978.0190333266080       -2243.3982636346313     
   54203.791666666664        68400.000000000000       -5921697.4055923941        19503748.008071546       -17105109.684368357       -2365.4509338967764       -2369.2490356733756       -1934.6317460743483     
   54203.802083333328        69300.000000000000       -7993935.1566184573        17210825.547289215       -18695115.040950898       -2233.0298473168400       -2718.6722998542091       -1593.8657628819331     
   54203.812500000000        70200.000000000000       -9929869.8328218833        14624376.486785075       -19966257.012500562       -2063.0237025012652       -3020.6621399641790       -1227.0748208267710     
   54203.822916666664        71100.000000000000       -11697025.250704817        11789303.740096763       -20897937.496066779       -1858.5260972972094       -3270.4488908289773       -840.58474009068198     
   54203.833333333336        72000.000000000000       -13265950.132839505        8754396.8768255915       -21475368.954053909       -1623.1543952658451       -3464.1726118128900       -440.96411022089342     
   54203.843750000000        72900.000000000000       -14610659.133521950        5571495.6672581676       -21689744.843043484       -1360.9817068312448       -3598.9199212947346       -34.917993226624432     
   54203.854166666672        73800.000000000000       -15709011.331719778        2294627.0981060676       -21538315.877445020       -1076.4661289530277       -3672.7462824952390        370.81491595576597     
   54203.864583333336        74700.000000000000       -16543024.238049550       -1020871.6143307547       -21024375.588801455       -774.37837747279241       -3684.6851076862222        769.56086690657844     
   54203.875000000000        75600.000000000000       -17099122.274807699       -4319232.7846738435       -20157159.283862416       -459.72865479424013       -3634.7449981532282        1154.8048997378717     
   54203.885416666664        76500.000000000000       -17368319.322985776       -7545130.6314537739       -18951660.750037551       -137.69334580022905       -3523.8962829697048        1520.2797533525161     
   54203.895833333336        77400.000000000000       -17346335.364324003       -10644537.089675862       -17428371.185492739        186.45808166325889       -3354.0478022562943        1860.0497991514137     
   54203.906250000000        78300.000000000000       -17033647.517793953       -13565552.602542942       -15612944.806933779        507.43575331255607       -3128.0146292641157        2168.5900532654455     
   54203.916666666664        79200.000000000000       -16435475.898038181       -16259203.961228995       -13535795.537018098        820.00153008097016       -2849.4771585900262        2440.8603240973553     
   54203.927083333328        80100.000000000000       -15561704.812829636       -18680201.509431783       -11231629.155273734        1119.0405396407784       -2522.9317333202125        2672.3744837183863     
   54203.937500000000        81000.000000000000       -14426739.894788103       -20787648.092615265       -8738915.3353620321        1399.6320058255305       -2153.6327683193781        2859.2647218641641     
   54203.947916666664        81900.000000000000       -13049301.861486902       -22545692.027674958       -6099304.2364731291        1657.1192093800084       -1747.5261567303858        2998.3404589178444     
   54203.958333333336        82800.000000000000       -11452157.795784682       -23924116.084454659       -3356992.6565346136        1887.1782792896136       -1311.1736462502527        3087.1413822580607     
   54203.968750000000        83700.000000000000       -9661791.2307633013       -24898854.231517654       -558045.38866577484        2085.8853504585163       -851.66785796879992        3123.9838376640114     
   54203.979166666672        84600.000000000000       -7708012.7424575901       -25452427.580699034        2250321.8249527081        2249.7814151263710       -376.53768322063337        3107.9995752207883     
   54203.989583333336        85500.000000000000       -5623513.5698691662       -25574290.807568166        5020490.3241765909        2375.9339722140639        106.35603066953610        3039.1656418350758     
   54204.000000000000        0.0000000000000000       -3443365.5832721000       -25261080.383993704        7705208.9658984905        2461.9943537434792        588.93433958530329        2918.3240393439087     
   54204.010416666664        900.00000000000000       -1204472.1117948291       -24516756.215401668        10258377.090541515        2506.2493856641067        1063.0230779608453        2747.1896607129452     
   54204.020833333336        1800.0000000000000        1055024.6278501763       -23352628.979332328        12635828.779285023        2507.6658656262421        1520.4837830314357        2528.3449825713201     
   54204.031250000000        2700.0000000000000        3296372.2449173322       -21787266.541570786        14796105.847654328        2465.9261868799977        1953.3511990827396        2265.2200763386491     
   54204.041666666664        3600.0000000000000        5480864.3603002792       -19846274.399466626        16701205.736807128        2381.4534011589030        2353.9753335453097        1962.0566612017249     
   54204.052083333328        4500.0000000000000        7570513.9335677978       -17561947.163602233        18317289.502013326        2255.4240132581467        2715.1654865488581        1623.8552443989875     
   54204.062500000000        5400.0000000000000        9528731.9979662988       -14972790.688398944        19615334.403092034        2089.7669428687045        3030.3331336346737        1256.3048114135888     
   54204.072916666664        6300.0000000000000        11320998.715874504       -12122917.448805934        20571715.336449869        1887.1473271589582        3293.6300737283136        865.69507034659478     
   54204.083333333336        7200.0000000000000        12915512.675322386       -9061321.1759482976        21168699.658905443        1650.9341952154457        3500.0778994176294        458.81189814798159     
   54204.093750000000        8100.0000000000000        14283803.608702660       -5841040.4431469105        21394840.827189289        1385.1515239716523        3645.6846365159031        42.817346557752430     
   54204.104166666672        9000.0000000000000        15401293.604165001       -2518224.6011589724        21245257.861271050        1094.4127439729953        3727.5443929767184       -374.88368528261162     
   54204.114583333336        9900.0000000000000        16247792.162958091        848880.81408914621        20721789.856653959        783.83941840324076        3743.9160609834644       -786.78726875909342     
   54204.125000000000        10800.000000000000        16807911.437067647        4201008.7630034834        19833017.628252495        458.96548918656572        3694.2775643062964       -1185.4412369592458     
   54204.135416666664        11700.000000000000        17071389.566089712        7478982.0816091392        18594148.018501837        125.62918046951086        3579.3528196135840       -1563.5988744206504     
   54204.145833333336        12600.000000000000        17033312.153810006        10624836.110473298        17026760.247958615       -210.14473715926977        3401.1094805516732       -1914.3710407595358     
   54204.156250000000        13500.000000000000        16694224.654965896        13582925.756431947        15158417.791798959       -542.26906865672436        3162.7265959130145       -2231.3720857261569     
   54204.166666666664        14400.000000000000        16060131.519905407        16300989.998253543        13022153.457462683       -864.72107306358964        2868.5324960825956       -2508.8549747580796     
   54204.177083333328        15300.000000000000        15142381.365406591        18731147.606160901        10655839.325245542       -1171.6682459200017        2523.9144394518444       -2741.8313591210972     
   54204.187500000000        16200.000000000000        13957440.861354841        20830799.814267837        8101456.8101344667       -1457.5891608636396        2135.2027133331544       -2926.1728788802357     
   54204.197916666664        17100.000000000000        12526563.482347362        22563418.553986881        5404285.1425998434       -1717.3857160616446        1709.5329275207503       -3058.6907547620031     
   54204.208333333336        18000.000000000000        10875362.334232844        23899202.619710553        2612028.7737150462       -1946.4835429438908        1254.6910602976402       -3137.1916451203092     
   54204.218750000000        18900.000000000000        9033298.9704853073        24815588.523604564       -226094.38815200125       -2140.9179000332952        778.94638316955786       -3160.5087613490500     
   54204.229166666672        19800.000000000000        7033102.1961909775        25297607.554868072       -3060281.5805362989       -2297.4030724250606        290.87765177783257       -3128.5082656063182     
   54204.239583333336        20700.000000000000        4910132.3413259843        25338085.376691494       -5841068.7717115767       -2413.3840608070168       -200.80208908686893       -3042.0719515760088     
   54204.250000000000        21600.000000000000        2701707.1508447859        24937685.242636882       -8520228.6476209182       -2487.0701243962867       -687.41707251051525       -2903.0580592266906     
   54204.260416666664        22500.000000000000        446405.58892994013        24104800.115146525       -11051624.423678193       -2517.4504719423812       -1160.4922995118823       -2714.2427564859718     
   54204.270833333336        23400.000000000000       -1816634.7900747675        22855302.699864827       -13392003.399950486       -2504.2930373523313       -1611.9052584566839       -2479.2452922590996     
   54204.281250000000        24300.000000000000       -4048412.2810427798        21212165.328280345       -15501717.031657171       -2448.1277933306619       -2034.0230304758047       -2202.4400805146406     
   54204.291666666664        25200.000000000000       -6210734.1568977004        19204963.787244938       -17345357.230975624       -2350.2164189278064       -2419.8228351712246       -1888.8590230607140     
   54204.302083333328        26100.000000000000       -8266857.1321392152        16869280.539433528       -18892301.565971721       -2212.5103511976481       -2762.9949257815597       -1544.0872404421223     
   54204.312500000000        27000.000000000000       -10182085.607869241        14246023.444774382       -20117162.749243814       -2037.5993236887521       -3058.0275086159772       -1174.1550973996882     
   54204.322916666664        27900.000000000000       -11924320.113798892        11380676.021506699       -21000140.230483200       -1828.6524268768062       -3300.2740166370854       -785.42902364826250     
   54204.333333333336        28800.000000000000       -13464550.040591752        8322494.8305885857       -21527273.779956326       -1589.3535756798638       -3486.0035419769238       -384.50318511127006     
   54204.343750000000        29700.000000000000       -14777286.406629326        5123668.6151274415       -21690600.571707889       -1323.8330316334143       -3612.4355806601216        21.906403101009321     
   54204.354166666672        30600.000000000000       -15840931.750132104        1838452.7422915529       -21488218.508285787       -1036.5963560282178       -3677.7604138441743        427.06416950096667     
   54204.364583333336        31500.000000000000       -16638085.332586551       -1477708.7535929037       -20924259.400958046       -732.45188495645198       -3681.1464961075321        824.31293085560799     
   54204.375000000000        32400.000000000000       -17155782.731914476       -4769062.4210121362       -20008776.131704409       -416.43753193138184       -3622.7361506787738        1207.1670621731514     
   54204.385416666664        33300.000000000000       -17385669.460874662       -7980415.9393110070       -18757548.173816852       -93.747481395080172       -3503.6307060826621        1569.4007116003802     
   54204.395833333336        34200.000000000000       -17324108.705683470       -11057990.889320292       -17191809.968569562        230.34087541024508       -3325.8659888749626        1905.1310421296819     
   54204.406250000000        35100.000000000000       -16972223.497210201       -13950249.387192797       -15337906.599223457        550.53956268839841       -3092.3788301409390        2208.8965571983672     
   54204.416666666664        36000.000000000000       -16335873.755094755       -16608686.680337911       -13226881.163507571        861.62209503319855       -2806.9649766827297        2475.7305625870872     
   54204.427083333328        36900.000000000000       -15425568.747255273       -18988582.067640234       -10893998.219620733        1158.4949328931039       -2474.2285489724436        2701.2297384922604     
   54204.437500000000        37800.000000000000       -14256315.539095836       -21049700.499036964       -8378207.7817582013        1436.2682183804461       -2099.5229763282014        2881.6176583606948     
   54204.447916666664        38700.000000000000       -12847404.192281254       -22756937.100393601       -5721554.5370214256        1690.3256078672878       -1688.8831789057494        3013.8029037292295     
   54204.458333333336        39600.000000000000       -11222130.602752617       -24080896.614750825       -2968537.4004671564        1916.3928857469361       -1248.9486756607312        3095.4312075044054     
   54204.468750000000        40500.000000000000       -9407458.3433719780       -24998399.418274477       -165425.11970506172        2110.6048615868890       -786.87729631915602        3124.9308247487247     
   54204.479166666672        41400.000000000000       -7433621.3006228544       -25492905.569052339        2640465.5348642450        2269.5698528246821       -310.24925048597095        3101.5501027871560     
   54204.489583333336        42300.000000000000       -5333669.7203719029       -25554848.129620686        5401521.4146824712        2390.4308240226455        173.03850378576823        3025.3860132213917     
   54204.500000000000        43200.000000000000       -3142963.1469651181       -25181867.139269840        8070605.7417007536        2470.9220323619215        654.88738036644804        2897.4022503089163     
   54204.510416666664        44100.000000000000       -898614.91317448160       -24378935.900603764        10601841.882116793        2509.4198095665956        1127.1211893593206        2719.4353985360976     
   54204.520833333336        45000.000000000000        1361105.8630487106       -23158372.007974453        12951396.743201116        2504.9859388143541        1581.6180348272919        2494.1876583546091     
   54204.531250000000        45900.000000000000        3597407.3658843879       -21539726.687894646        15078251.022339134        2457.4019538178927        2010.4485394825244        2225.2047027640538     
   54204.541666666664        46800.000000000000        5771634.3046790520       -19549547.651896663        16944942.373603437        2367.1926388073239        2406.0183010842766        1916.8374344783615     
   54204.552083333328        47700.000000000000        7845942.7933860486       -17221012.808469653        18518266.549370743        2235.6370425448340        2761.2119242297872        1574.1867353086391     
   54204.562500000000        48600.000000000000        9783978.9399956390       -14593434.815685686        19769920.971669313        2064.7654642440684        3069.5354445821031        1203.0307365089498     
   54204.572916666664        49500.000000000000        11551547.907022446       -11711639.527741687        20677074.987002533        1857.3411271187556        3325.2535020634796        809.73469856095755     
   54204.583333333336        50400.000000000000        13117259.242589669       -8625224.8263888750        21222851.438227814        1616.8256258533370        3523.5172846727246        401.14423731620752     
   54204.593750000000        51300.000000000000        14453133.617813248       -5387710.0194586329        21396705.168695305        1347.3277251319382        3660.4790764737668       -15.536644634814381     
   54204.604166666672        52200.000000000000        15535156.039158631       -2055589.7346190580        21194685.709045809        1053.5356627007832        3733.3892639203395       -432.88051461735398     
   54204.614583333336        53100.000000000000        16343760.977669755        1312690.1119573147        20619573.743937526        740.63376771435048        3740.6718877421918       -843.38151428743686     
   54204.625000000000        54000.000000000000        16864235.935666706        4657813.3937946688        19680883.873316519        414.20487954186723        3681.9753102821687       -1239.6068111521677     
   54204.635416666664        54900.000000000000        17087031.587219849        7920708.1856969651        18394729.707783293        80.120746551228763        3558.1952737107536       -1614.3503556708620     
   54204.645833333336        55800.000000000000        17007968.896797031        11043668.800955785        16783551.221039597       -255.57680895484475        3371.4685502013890       -1960.7844400884642     
   54204.656250000000        56700.000000000000        16628336.357157294        13971458.553130791        14875708.438460616       -586.80064455719423        3125.1364719836633       -2272.6044060779982     
   54204.666666666664        57600.000000000000        15954873.650444802        16652366.304357346        12704949.689545177       -907.54529840799114        2823.6788198617842       -2544.1619456734948     
   54204.677083333328        58500.000000000000        14999641.446097707        19039190.730943453        10309766.608490383       -1212.0123646735008        2472.6197655493602       -2770.5827888667213     
   54204.687500000000        59400.000000000000        13779780.546885530        21090128.418119408        7732651.6465164116       -1494.7304121542179        2078.4087223711849       -2947.8651577565224     
   54204.697916666664        60300.000000000000        12317166.915446561        22769544.826353759        5019276.7020451389       -1750.6658327114276        1648.2799668157095       -3072.9561616200131     
   54204.708333333336        61200.000000000000        10637972.238496410        24048611.101231400        2217613.6824195269       -1975.3214436105061        1190.0956929769745       -3143.8042474885829     
   54204.718750000000        62100.000000000000        8772142.2606423870        24905794.100639690       -622981.00718700711       -2164.8202528654756        712.17768378437154       -3159.3868445074427     
   54204.729166666672        63000.000000000000        6752807.1275484888        25327191.832632184       -3452695.7226634962       -2315.9725136908196        223.13299879617176       -3119.7133690457431     
   54204.739583333336        63900.000000000000        4615639.3572221808        25306711.319483656       -6222184.8398345048       -2426.3249575646032       -268.32100169881608       -3025.8047216672308     
   54204.750000000000        64800.000000000000        2398175.6553093744        24846090.565320496       -8883461.6911037657       -2494.1918764831794       -753.52735029046710       -2879.6512339901883     
   54204.760416666664        65700.000000000000        139118.82710222199        23954770.482094109       -11390744.921844689       -2518.6684442357378       -1224.0515286258560       -2684.1516783203292     
   54204.770833333336        66600.000000000000       -2122364.6898972346        22649626.226513300       -13701242.561123325       -2499.6272921441587       -1671.8313104855836       -2443.0363923557893     
   54204.781250000000        67500.000000000000       -4347337.2087211423        20954570.225596212       -15775860.982676286       -2437.6998505151537       -2089.3116699080533       -2160.7777972700055     
   54204.791666666664        68400.000000000000       -6497759.2340103090        18900041.229240153       -17579828.904977627       -2334.2443114211987       -2469.5629331579844       -1842.4916057928901     
   54204.802083333328        69300.000000000000       -8537124.7964747101        16522394.951544881       -19083229.469043795       -2191.3022593755195       -2806.3811914496737       -1493.8318609391438     
   54204.812500000000        70200.000000000000       -10431053.450045984        13863212.446323944       -20261436.157241616       -2011.5460708992218       -3094.3707516589111       -1120.8826403631945     
   54204.822916666664        71100.000000000000       -12147831.540111015        10968542.216946045       -21095450.674019478       -1798.2191028806724       -3329.0090254663478       -730.04887085472205     
   54204.833333333336        72000.000000000000       -13658897.098288881        7888091.5301581752       -21572142.930189628       -1555.0705273059784       -3506.6947217673664       -327.94824178877496     
   54204.843750000000        72900.000000000000       -14939264.293082561        4674381.4257058995       -21684394.823205378       -1286.2864220349829       -3624.7805264976241        78.694251387517951     
   54204.854166666672        73800.000000000000       -15967884.690986101        1381878.7956121450       -21431150.728869352       -996.41845864111190       -3681.5916086777834        483.14804075952185     
   54204.864583333336        74700.000000000000       -16727943.661425289       -1933882.3223766764       -20817378.371076245       -690.31123319565302       -3676.4313204891914        878.77429375430893     
   54204.875000000000        75600.000000000000       -17207091.065129869       -5217179.3090675734       -19853944.272561122       -373.02901676596696       -3609.5753701941730        1259.1184056669604     
   54204.885416666664        76500.000000000000       -17397605.964041382       -8412969.5209584422       -18557408.191150837       -49.782450122650062       -3482.2555766102955        1617.9975254242495     
   54204.895833333336        77400.000000000000       -17296495.460486759       -11467739.870141804       -16949741.015717417        274.14448429524430       -3296.6340837191710        1949.5831097549958     
   54204.906250000000        78300.000000000000       -16905528.014570080       -14330329.157538973       -15057970.588837372        593.46703218016989       -3055.7686563950783        2248.4785676126671     
   54204.916666666664        79200.000000000000       -16231201.684295585       -16952715.289555982       -12913759.828086581        902.97167855860221       -2763.5694133319571        2509.7920381231806     
   54204.927083333328        80100.000000000000       -15284647.838677036       -19290759.766733136       -10552921.563827727        1197.5875295000526       -2424.7471074766813        2729.2042595960065     
   54204.937500000000        81000.000000000000       -14081470.950489227       -21304901.776337482       -8014874.5513261259        1472.4569513115262       -2044.7528617215864        2903.0313430552396     
   54204.947916666664        81900.000000000000       -12641525.217975408       -22960794.123685144       -5342045.4219512874        1723.0052714209853       -1629.7091141014712        3028.2820710975293     
   54204.958333333336        82800.000000000000       -10988628.992271604       -24229872.939483639       -2579221.7470926177        1945.0091992385499       -1186.3314488163460        3102.7091238827820     
   54204.968750000000        83700.000000000000       -9150218.4043455608       -25089852.801325589        227137.97384489136        2134.6634452160142       -721.84099798384125        3124.8534018914220     
   54204.979166666672        84600.000000000000       -7156942.0882003447       -25525138.701970834        3029630.7103266655        2288.6448123138171       -243.86718789227450        3094.0803877309731     
   54204.989583333336        85500.000000000000       -5042199.7345561320       -25527146.106713410        5780663.9899845961        2404.1727989507449        239.65919480023717        3010.6072897517010     
   54205.000000000000        0.0000000000000000       -2841628.0901680659       -25094520.506689571        8433230.7264653891        2479.0655342132995        720.62236364636431        2875.5195524000706     
