   55727.000000000000        0.0000000000000000       -9068521.3530000001       -17111796.541000001       -18237240.361000001        818.84667233750224       -2152.2792425751686        1665.2808688245714     
   55727.003472222219        300.00000000000000       -8830498.9526883364       -17750351.893870331       -17720374.030178841        768.31273504719138       -2104.0190362557769        1779.5899240523577     
   55727.006944444445        600.00000000000000       -8607463.5237979535       -18373623.557839319       -17169699.134536199        718.97979114577174       -2050.4247946292162        1890.6450643166900     
   55727.010416666664        900.00000000000000       -8399009.7249999996       -18980029.574999999       -16586225.074999999        671.14589783921838       -1991.6213232539594        1998.2263668030500     
   55727.013888888891        1200.0000000000000       -8204643.9364104951       -19568028.590097260       -15971026.408248022        625.10144072026014       -1927.7543282769620        2102.1195087023079     
   55727.017361111109        1500.0000000000000       -8023786.7962862942       -20136126.057363946       -15325241.114280503        581.12735677883029       -1858.9900340735912        2202.1159931626171     
   55727.020833333336        1800.0000000000000       -7855776.1870000008       -20682880.300000001       -14650068.752999999        539.49428201373667       -1785.5144853442907        2298.0138931702822     
  4.94065645841246544E-324   2100.0000000000000       -7699870.5450513344       -21206908.366827779       -13946768.444964033        500.46098575647920       -1707.5330002568662        2389.6180065833032     
   55727.027777777781        2400.0000000000000       -7555252.5840685247       -21706891.690570384       -13216656.752338901        464.27342242188752       -1625.2692562751472        2476.7407392840832     
   55727.031250000000        2700.0000000000000       -7421033.3410000000       -22181581.487000000       -12461105.370999999        431.16332970093936       -1538.9646343030035        2559.2020953726023     
   55727.034722222219        3000.0000000000000       -7296256.5949913599       -22629803.912990145       -11681538.748598671        401.34722257778049       -1448.8770434968174        2636.8306048531085     
   55727.038194444445        3300.0000000000000       -7179903.5932529867       -23050464.904597674       -10879431.509603048        375.02535248734057       -1355.2802965342999        2709.4631240516901     
   55727.041666666664        3600.0000000000000       -7070898.0810000002       -23442554.748999998       -10056305.830000000        352.38071134313941       -1258.4626296050847        2776.9459169283509     
   55727.045138888891        3900.0000000000000       -6968111.6172437835       -23805152.268831357       -9213728.6003314145        333.57813657540828       -1158.7259077578783        2839.1344874948263     
   55727.048611111109        4200.0000000000000       -6870369.1504315985       -24137428.697018083       -8353308.5437134057        318.76345342118293       -1056.3839916810393        2895.8946273177862     
   55727.052083333328        4500.0000000000000       -6776454.8350000000       -24438651.125000000       -7476693.1370000001        308.06274547334760       -951.76183536276221        2947.1021931041032     
   55727.055555555555        4800.0000000000000       -6685118.0576563524       -24708185.608453717       -6585565.5020317603        301.58167795371264       -845.19400289654732        2992.6436911895871     
   55727.059027777781        5100.0000000000000       -6595079.6519055236       -24945499.840683773       -5681641.1568793133        299.40492259804159       -737.02323781698942        3032.4166801422834     
   55727.062500000000        5400.0000000000000       -6505038.2710000006       -25150165.395000000       -4766664.6579999998        301.59567498974502       -627.59906961768866        3066.3300166232511     
   55727.065972222219        5700.0000000000000       -6413676.8914732598       -25321859.538337097       -3842406.1648410959        308.19526716135442       -517.27632608264685        3094.3041655705310     
   55727.069444444445        6000.0000000000000       -6319669.4178941827       -25460366.594032627       -2910657.9160084897        319.22288189269602       -406.41362170875072        3116.2714713206515     
   55727.072916666664        6300.0000000000000       -6221687.3580000000       -25565578.846999999       -1973230.6280000000        334.67536721564829       -295.37182043865323        3132.1764013262000     
   55727.076388888891        6600.0000000000000       -6118406.5379520413       -25637496.984696202       -1031949.8249971960        354.52715584915131       -184.51247886195779        3141.9757632926339     
   55727.079861111109        6900.0000000000000       -6008513.8259614175       -25676230.069158800       -88652.107880572221        378.73028852138668       -74.196278814226389        3145.6388912403199     
   55727.083333333336        7200.0000000000000       -5890713.8329999996       -25681995.038000003        854818.62800000003        407.21454425714910        35.218544997274876        3143.1478030371945     
   55727.086805555555        7500.0000000000000       -5763735.5584111055       -25655115.734059948        1796615.0176326917        439.88767653610557        143.37777259945869        3134.4973244622815     
   55727.090277777781        7800.0000000000000       -5626338.9487238992       -25596021.466296386        2734890.0834953059        476.63575538154691        249.93275656178594        3119.6951834931970     
   55727.093750000000        8100.0000000000000       -5477321.3379999995       -25505245.105999999        3667801.1159999999        517.32361456286162        354.54195894673467        3098.7620683028363     
   55727.097222222219        8400.0000000000000       -5315523.7383904336       -25383420.725850660        4593513.5661037127        561.79540229123086        456.87246258929372        3071.7316530290991     
   55727.100694444445        8700.0000000000000       -5139836.9501486197       -25231280.790662397        5510204.9403766906        609.87523352075368        556.60144554823637        3038.6505854660645     
   55727.104166666672        9000.0000000000000       -4949207.4610000001       -25049652.912000000        6416068.6869999999        661.36794100794941        653.41761507838964        2999.5784420017153     
   55727.107638888891        9300.0000000000000       -4742643.1057133405       -24839456.179885842        7309318.0629211254        716.05992201995105        747.02258949726820        2954.5876444764435     
   55727.111111111109        9600.0000000000000       -4519218.4577440629       -24601697.088369355        8188189.9706770927        773.72007694002241        837.13222653791308        2903.7633440718055     
   55727.114583333336        9900.0000000000000       -4278079.9260000000       -24337465.072000001        9050948.7549999990        834.10083534475416        923.47788396477699        2847.2032665349543     
   55727.118055555555        10200.000000000000       -4018450.5312197902       -24047927.674710296        9895889.9475325812        896.93926460016519        1005.8076126165688        2785.0175237189978     
   55727.121527777781        10500.000000000000       -3739634.3380002780       -23734325.372302189        10721343.949653095        961.95825616829097        1083.8872674368322        2717.3283869121224     
   55727.125000000000        10800.000000000000       -3441020.5200000000       -23397966.074000001        11525679.641999999        1028.8677830370143        1157.5015400163829        2644.2700278572738     
   55727.128472222219        11100.000000000000       -3122087.0379433651       -23040219.327362210        12307307.911199890        1097.3662228249013        1226.4548985287547        2565.9882235303521     
   55727.131944444445        11400.000000000000       -2782403.9116932712       -22662510.255133260        13064685.083023803        1167.1417389912531        1290.5724398903549        2482.6400305051357     
   55727.135416666664        11700.000000000000       -2421636.0699999998       -22266313.250999998        13796316.253000000        1237.8737144386396        1349.7006386928260        2394.3934244997799     
   55727.138888888891        12000.000000000000       -2039545.7632897994       -21853145.466094628        14500758.504139803        1309.2342285832856        1403.7079981751740        2301.4269110634923     
   55727.142361111109        12300.000000000000       -1635994.5275675140       -21424560.115990896        15176624.003356818        1380.8895730611403        1452.4855902418494        2203.9291037041694     
   55727.145833333336        12600.000000000000       -1210944.6890000000       -20982139.641999997        15822582.967000000        1452.5017950139008        1495.9474923983216        2102.0982764605433     
   55727.149305555555        12900.000000000000       -764460.40216047375       -20527488.757798254        16437366.488209464        1523.7302627038443        1534.0311104319990        1996.1418880429119     
   55727.152777777781        13200.000000000000       -296708.21640054224       -20062227.416043729        17019769.217753656        1594.2332430430688        1566.6973945572972        1886.2760838158429     
   55727.156250000000        13500.000000000000        192042.83199999999       -19587983.726999998        17568651.892000001        1663.6694854868692        1593.9309381023049        1772.7251725904644     
   55727.159722222219        13800.000000000000        701421.60264256247       -19106386.864705574        18082943.700670443        1731.6998018965824        1615.7399668209255        1655.7210841812193     
   55727.163194444445        14100.000000000000        1230955.7063395504       -18619059.993352357        18561644.488959804        1797.9886371232569        1632.1562106870115        1535.5028059780598     
   55727.166666666664        14400.000000000000        1780072.8289999999       -18127613.249000002        19003826.787999999        1862.2056192825548        1643.2346682660282        1412.3158043809235     
   55727.170138888891        14700.000000000000        2348102.5167282126       -17633636.808490135        19408637.669578206        1924.0270840297453        1649.0532585158944        1286.4114308133721     
   55727.173611111109        15000.000000000000        2934278.4132376895       -17138694.079097092        19775300.420718670        1983.1375640090555        1649.7123674601316        1158.0463161319494     
   55727.177083333328        15300.000000000000        3537740.9380000001       -16644315.040000001        20103116.035000000        2039.2312370054424        1645.3342878539115        1027.4817542061210     
   55727.180555555555        15600.000000000000        4157540.3916935269       -16151989.767313616        20391464.517696965        2092.0133252902888        1636.0625582747161        894.98307757079601     
   55727.184027777781        15900.000000000000        4792640.4732688870       -15663162.172195530        20639806.002701703        2141.2014394234866        1622.0612035766244        760.81902794912457     
   55727.187500000000        16200.000000000000        5441922.1909999996       -15179223.980999999        20847681.680000000        2186.5268604159355        1603.5138824731112        625.26112234964967     
   55727.190972222219        16500.000000000000        6104188.1481172312       -14701508.984577127        21014714.532730427        2227.7357534114271        1580.6229471117258        488.58301906287670     
   55727.194444444445        16800.000000000000        6778167.1816432802       -14231287.582391463        21140609.884091713        2264.5903092334047        1553.6084179077297        351.05988237261772     
   55727.197916666664        17100.000000000000        7462519.3319999995       -13769761.646000002        21225155.754000001        2296.8698060261086        1522.7068824656308        212.96775215864182     
   55727.201388888891        17400.000000000000        8155841.1186748389       -13318059.723749196        21268223.027386144        2324.3715890673921        1488.1703216843307        74.582916531711817     
   55727.204861111109        17700.000000000000        8856671.0967669562       -12877232.607587252        21269765.435295120        2346.9119611419737        1450.2648725155741       -63.818705677986145     
   55727.208333333336        18000.000000000000        9563495.6669999994       -12448249.279999999        21229819.351999998        2364.3269838634878        1409.2695305179805       -201.96217658370733     
   55727.211805555555        18300.000000000000        10274755.112107174       -12031993.258189764        21148503.410124280        2376.4731832668185        1365.4748022463173       -339.57413823157549     
   55727.215277777781        18600.000000000000        10988849.830407770       -11629259.349474637        21026017.937811106        2383.2281611505896        1319.1813103780150       -476.38340220600367     
   55727.218750000000        18900.000000000000        11704146.738000000       -11240750.831000000        20862644.220999997        2384.4911053739488        1270.6983635127544       -612.12152322009206     
   55727.222222222219        19200.000000000000        12418985.808933048       -10867077.063244235        20658743.595921744        2380.1832018569112        1220.3424939811230       -746.52335933595896     
   55727.225694444445        19500.000000000000        13131686.723739952       -10508751.545831081        20414756.376013223        2370.2479425426573        1168.4359741508961       -879.32761345803738     
   55727.229166666672        19800.000000000000        13840555.595000001       -10166190.421000000        20131200.618999999        2354.6513340473175        1115.3053154703230       -1010.2773591130972     
   55727.232638888891        20100.000000000000        14543891.740265207       -9839711.4289043192        19808670.739026088        2333.3820027448237        1061.2797597032040       -1139.1205460950732     
   55727.236111111109        20400.000000000000        15239994.471269727       -9529533.3159574475        19447835.970041905        2306.4512012060732        1006.6897674165666       -1265.6104878932238     
   55727.239583333336        20700.000000000000        15927169.869999999       -9235775.6960000005        19049438.686000001        2273.8927121423185        951.86551283858716       -1389.5063271485269     
   55727.243055555555        21000.000000000000        16603737.520991119       -8958459.3612969611        18614292.584659837        2235.7626558057964        897.13539066165686       -1510.5734810493886     
   55727.246527777781        21300.000000000000        17268037.171235260       -8697507.0388148595        18143280.741073508        2192.1391974724829        842.82454201951623       -1628.5840628519654     
   55727.250000000000        21600.000000000000        17918435.287999999       -8452744.5850000009        17637353.537999999        2143.1221636049449        789.25340590812266       -1743.3172827512026     
   55727.253472222219        21900.000000000000        18553331.487707708       -8223902.6105212038        17097526.479437094        2088.8325635865331        736.73630247730762       -1854.5598244704306     
   55727.256944444445        22200.000000000000        19171164.807980783       -8010618.5244856151        16524877.894651845        2029.4120270088315        685.58005387336016       -1962.1062008291483     
   55727.260416666664        22500.000000000000        19770419.798000000       -7812438.9860000005        15920546.539000001        1965.0221521109343        636.08264880999923       -2065.7590839955956     
   55727.263888888891        22800.000000000000        20349632.400995821       -7628822.7491409061        15285729.099223565        1895.8437763340771        588.53195548988879       -2165.3296143915504     
   55727.267361111109        23100.000000000000        20907395.606166031       -7459143.8860522378        14621677.609628566        1822.0761648453772        543.20448932517320       -2260.6376833133399     
   55727.270833333336        23400.000000000000        21442364.846000001       -7302695.3709999993        13929696.787000000        1743.9361307732761        500.36423838324845       -2351.5121950693429     
   55727.274305555555        23700.000000000000        21953263.119412899       -7158693.0074365456        13211141.290281359        1661.6570835225284        460.26155281625688       -2437.7913035582751     
   55727.277777777781        24000.000000000000        22438885.819758911       -7026279.6782536376        12467412.912709631        1575.4880189038813        423.13209982682019       -2519.3226298391819     
   55727.281250000000        24300.000000000000        22898105.251000002       -6904529.8990000002        11699957.711999999        1485.6924461536109        389.19589082244784       -2595.9634535983205     
   55727.284722222219        24600.000000000000        23329874.813729949       -6792454.6518535316        10910263.086520387        1392.5472652018070        358.65638135094196       -2667.5808860752732     
   55727.288194444445        24900.000000000000        23733232.847021129       -6689006.4780911123        10099854.802881984        1296.3415913730860        331.69964983128011       -2734.0520160105079     
   55727.291666666664        25200.000000000000        24107306.111000001       -6593084.8050000006        9270293.9829999991        1197.3755413442850        308.49365415051579       -2795.2640395741910     
   55727.295138888891        25500.000000000000        24451312.899631418       -6503541.4836172573        8423174.0551533327        1095.9589789472520        289.18757113441825       -2851.1143654882908     
   55727.298611111109        25800.000000000000        24764565.772339161       -6419186.5121081788        7560117.6764905909        992.41023322567344        273.91121795028448       -2901.5107062850147     
   55727.302083333328        26100.000000000000        25046473.897000000       -6338793.9199999999        6682773.6310000001        887.05478674173355        262.77455982007086       -2946.3711447305977     
   55727.305555555555        26400.000000000000        25296544.996092495       -6261107.7871467061        5792813.7105326783        780.22394573315978        255.86730246618390       -2985.6241856841370     
   55727.309027777781        26700.000000000000        25514386.891471095       -6184848.3719233926        4891929.5830340739        672.25349188968539        253.25857305992395       -3019.2087843883783     
   55727.312500000000        27000.000000000000        25699708.643000003       -6108718.3219999997        3981829.6549999998        563.48232723027468        254.99668655823916       -3047.0743620749563     
   55727.315972222219        27300.000000000000        25852321.279943760       -6031408.9421534510        3064235.9316540859        454.25111223757267        261.10900067258626       -3069.1808017753065     
   55727.319444444445        27600.000000000000        25972138.123852726       -5951606.4925163547        2140880.8808080042        344.90090831741691        271.60185540560633       -3085.4984316225164     
   55727.322916666664        27900.000000000000        26059174.705000002       -5867998.4919999996        1213504.3040000000        235.77182344719768        286.46060100011528       -3096.0079899432603     
   55727.326388888891        28200.000000000000        26113548.274042409       -5779280.0004134290        283850.22042358562        127.20167157426476        305.64970913622528       -3100.7005771787371     
   55727.329861111109        28500.000000000000        26135476.913827043       -5684159.8545129271       -646336.23259406572        19.524645194411278        329.11297136265785       -3099.5775923767360     
   55727.333333333336        28800.000000000000        26125278.256000001       -5581366.8319999995       -1575311.8780000000       -86.929987903684378        356.77377726696432       -3092.6506572000217     
   55727.336805555555        29100.000000000000        26083367.810506623       -5469655.7199290087       -2501338.5527112237       -191.83916428312659        388.53547584451735       -3079.9415268511511     
   55727.340277777781        29400.000000000000        26010256.915718596       -5347813.2628000649       -3422686.1327225915       -294.88727065175772        424.28181250113994       -3061.4819885902107     
   55727.343750000000        29700.000000000000        25906550.320000000       -5214663.9679999994       -4337635.5259999996       -395.76735756173730        463.87744553387165       -3037.3137488700449     
   55727.347222222219        30000.000000000000        25772943.404889558       -5069075.7449967088       -5244481.6298376517       -494.18231200426817        507.16853481996804       -3007.4883090564981     
   55727.350694444445        30300.000000000000        25610219.062942393       -4909965.3570969785       -6141536.2493278813       -589.84598896652460        553.98340436350554       -2972.0668310914189     
   55727.354166666672        30600.000000000000        25419244.243000001       -4736303.6639999999       -7027130.9739999995       -682.48429400846362        604.13327147532254       -2931.1199925644323     
   55727.357638888891        30900.000000000000        25200966.178340659       -4547120.6357243154       -7899620.0094931871       -771.83621663972735        657.41304241586477       -2884.7278321804479     
   55727.361111111109        31200.000000000000        24956408.312894143       -4341510.1183962198       -8757382.9614648968       -857.65480716153979        713.60216944385320       -2832.9795859921724     
   55727.364583333336        31500.000000000000        24686665.943000000       -4118634.3340000003       -9598827.5689999983       -939.70809815824032        772.46556708635762       -2775.9735144693404     
   55727.368055555555        31800.000000000000        24392901.591704354       -3877728.0968396929       -10422392.384843422       -1017.7799637243152        833.75458376854658       -2713.8167212512344     
   55727.371527777781        32100.000000000000        24076340.134765629       -3618102.7306860648       -11226549.399990391       -1091.6709176748991        897.20802405476570       -2646.6249630395323     
   55727.375000000000        32400.000000000000        23738263.696999997       -3339149.6719999998       -12009806.609999999       -1161.1988435611129        962.55321940779686       -2574.5224518217146     
   55727.378472222219        32700.000000000000        23380006.339926608       -3040343.7452406324       -12770710.520819172       -1226.1996584497392        1029.5071415421553       -2497.6416490375996     
   55727.381944444445        33000.000000000000        23002948.560881563       -2721246.0981125263       -13507848.591701219       -1286.5279028750956        1097.7775569567457       -2416.1230523493141     
   55727.385416666664        33300.000000000000        22608511.625999998       -2381506.7850000001       -14219851.613000000       -1342.0572614371777        1167.0642151855864       -2330.1149747092277     
   55727.388888888891        33600.000000000000        22198151.758106995       -2020866.9892047730       -14905396.016576413       -1392.6810068897903        1237.0600694245659       -2239.7733156085014     
   55727.392361111109        33900.000000000000        21773354.202698279       -1639160.8748831251       -15563206.116478635       -1438.3123715482652        1307.4525217420887       -2145.2613260392100     
   55727.395833333336        34200.000000000000        21335627.194000002       -1236317.0620000002       -16192056.278000001       -1478.8848393224180        1377.9246923439205       -2046.7493648808450     
   55727.399305555555        34500.000000000000        20886495.845185574       -812359.71767820953       -16790773.012535218       -1514.3523614816368        1448.1567050863523       -1944.4146492891014     
   55727.402777777781        34800.000000000000        20427495.985712253       -367409.25979738979       -17358236.996438988       -1544.6894918456674        1517.8269880233565       -1838.4409956037998     
   55727.406250000000        35100.000000000000        19960167.969999999        98317.330999999991       -17893385.011000000       -1569.8914442770183        1586.6135807983228       -1729.0185549147427     
   55727.409722222219        35400.000000000000        19486050.480816297        584506.59217375540       -18395211.802035425       -1589.9740702398121        1654.1954471479403       -1616.3435393199325     
   55727.413194444445        35700.000000000000        19006674.351365790        1090749.0538980009       -18862771.856256042       -1604.9737565144897        1720.2537850763183       -1500.6179435662925     
   55727.416666666664        36000.000000000000        18523556.430000000        1616540.1059999999       -19295181.092999998       -1614.9472442418337        1784.4733328851871       -1382.0492563843727     
   55727.420138888891        36300.000000000000        18038193.511098683        2161281.2553431899       -19691618.468157027       -1619.9713678732514        1846.5436644228175       -1260.8501661941409     
   55727.423611111109        36600.000000000000        17552056.356062442        2724281.7696759137       -20051327.488615248       -1620.1427181847394        1906.1604701471515       -1137.2382562421262     
   55727.427083333328        36900.000000000000        17066583.827000000        3304760.7029999997       -20373617.634000000       -1615.5772256292403        1963.0268184081651       -1011.4356941804290     
   55727.430555555555        37200.000000000000        16583177.156980444        3901849.2958035362       -20657865.684148617       -1606.4096699208021        2016.8543924815021       -883.66891169920564     
   55727.434027777781        37500.000000000000        16103194.378716042        4514593.7422164092       -20903516.949258093       -1592.7931111156940        2067.3646996384487       -754.16827844828367     
   55727.437500000000        37800.000000000000        15627944.934999999        5141958.3149999995       -21110086.401000001       -1574.8982511963695        2114.2902461430058       -623.16776554659009     
   55727.440972222219        38100.000000000000        15158684.491326930        5782828.8374652267       -21277159.701344844       -1552.9127218779176        2157.3756756670773       -490.90460215881467     
   55727.444444444445        38400.000000000000        14696609.972587952        6436016.4906654945       -21404394.127108458       -1527.0403071437031        2196.3788636736572       -357.61892162635922     
   55727.447916666664        38700.000000000000        14242854.842999998        7100261.9419999998       -21491519.387000002       -1497.5000962615013        2231.0719672059640       -223.55340090394020     
   55727.451388888891        39000.000000000000        13798484.649907574        7774239.7812819965       -21538338.329265971       -1464.5255747698247        2261.2424224102870       -88.952889744192362     
   55727.454861111109        39300.000000000000        13364492.849526234        8456563.2479339931       -21544727.536815871       -1428.3636527266353        2286.6938896384090        45.935966283082962     
   55727.458333333336        39600.000000000000        12941796.933000000        9145789.2329999991       -21510637.807999998       -1389.2736366130412        2307.2471376918256        180.86511349678040     
   55727.461805555555        39900.000000000000        12531234.869105525        9840423.5370328538       -21436094.519727200       -1347.5261467266828        2322.7408667337149        315.58548434451222     
   55727.465277777781        40200.000000000000        12133561.879468193        10538926.364960853       -21321197.871082224       -1303.4019834492356        2333.0324633065611        449.84740279614925     
   55727.468750000000        40500.000000000000        11749447.561000001        11239718.037000000       -21166123.004000001       -1257.1909477412701        2337.9986866489053        583.40099515020847     
   55727.472222222219        40800.000000000000        11379473.368709002        11941184.894563826       -20971119.999619868       -1209.1906177233905        2337.5362815186381        715.99661137536168     
   55727.475694444445        41100.000000000000        11024130.471358851        12641685.378609171       -20736513.747107737       -1159.7050895318389        2331.5625144820660        847.38524978235364     
   55727.479166666672        41400.000000000000        10683817.990000000        13339556.256999999       -20462703.684000000       -1109.0436822604388        2320.0156315620989        977.31899302080274     
   55727.482638888891        41700.000000000000        10358841.629553514        14033118.976918474       -20150163.404642474       -1057.5196162462234        2302.8552324101329        1105.5514476634562     
   55727.486111111109        42000.000000000000        10049412.710631518        14720686.116922831       -19799440.135757163       -1005.4486642032862        2280.0625633820891        1231.8381943963468     
   55727.489583333336        42300.000000000000        9755647.6089999992        15400567.913999999       -19411154.075999998       -953.14778688922524        2251.6407208200544        1355.9372402094305     
   55727.493055555555        42600.000000000000        9477567.6063955370        16071078.838269591       -18985997.599188156       -900.93375275284052        2217.6147694382817        1477.6094784922898     
   55727.496527777781        42900.000000000000        9215099.1567403972        16730544.189703157       -18524734.318842750       -849.12175375223160        2178.0317654199898        1596.6191497780383     
   55727.500000000000        43200.000000000000        8968074.5680000000        17377306.688000001       -18028198.014000002       -798.02401546202600        2132.9606938101351        1712.7343092225492     
   55727.503472222219        43500.000000000000        8736233.1007147860        18009733.030027784       -17497291.414268915       -747.94841396249831        2082.4923089966178        1825.7272945865989     
   55727.506944444445        43800.000000000000        8519222.4801909011        18626220.385562751       -16932984.844231836       -699.19709771685302        2026.7388906702399        1935.3751984201372     
   55727.510416666664        44100.000000000000        8316600.8199999994        19225202.806000002       -16336314.726000000       -652.06512918882072        1965.8339000232518        2041.4603386800736     
   55727.513888888891        44400.000000000000        8127838.9498002576        19805157.515859000       -15708381.940713216       -606.83914468903095        1899.9315497875214        2143.7707304991782     
   55727.517361111109        44700.000000000000        7952323.1411872217        20364611.061479434       -15050350.048741689       -563.79604623001069        1829.2062744796276        2242.1005539931357     
   55727.520833333336        45000.000000000000        7789358.2210000008        20902145.287000000       -14363443.370000001       -523.20172309689224        1753.8521177731454        2336.2506210543215     
   55727.524305555555        45300.000000000000        7638171.0624564970        21416403.113378365       -13648944.924803248       -485.30981595627964        1674.0820247977972        2426.0288360714912     
   55727.527777777781        45600.000000000000        7497914.4403650612        21906094.092008587       -12908194.237334168       -450.36052277311683        1590.1270565912127        2511.2506530899554     
   55727.531250000000        45900.000000000000        7367671.2369999997        22369999.710000001       -12142585.003000000       -418.57945937849581        1502.2355118244886        2591.7395235616714     
   55727.534722222219        46200.000000000000        7246458.9812537972        22806978.419431571       -11353562.622810708       -390.17657555546612        1410.6719733141363        2667.3273369129747     
   55727.538194444445        46500.000000000000        7133234.7036438826        23215970.368639436       -10542621.607146459       -365.34513552300632        1315.7162678726017        2737.8548482879996     
   55727.541666666664        46800.000000000000        7026900.0870000003        23596001.810000002       -9711302.8530000001       -344.26076556928456        1217.6623589284718        2803.1720962617546     
   55727.545138888891        47100.000000000000        6926306.8919681776        23946189.165006623       -8861190.7978894655       -327.08057577442378        1116.8171629868448        2863.1388053260744     
   55727.548611111109        47400.000000000000        6830262.6343186321        24265742.724294011       -7993910.4553019954       -313.94235958717763        1013.4993080683053        2917.6247747074813     
   55727.552083333328        47700.000000000000        6737536.4900000002        24553969.966000002       -7111124.3360000001       -304.96387677453458        908.03782428801060        2966.5102486172691     
   55727.555555555555        48000.000000000000        6646865.4022642896        24810278.472667098       -6214529.2610971713       -300.24222371261567        800.77078448981047        3009.6862681396306     
   55727.559027777781        48300.000000000000        6556960.3640776053        25034178.432669219       -5305853.0726196542       -299.85329452902079        692.04388814046979        3047.0550024369732     
   55727.562500000000        48600.000000000000        6466512.8480000002        25225284.710000001       -4386851.2479999997       -303.85133738536388        582.20900797098875        3078.5300575206056     
   55727.565972222219        48900.000000000000        6374201.3545140009        25383318.472493231       -3459303.4254906480       -312.26860872283578        471.62269478663802        3104.0367622291669     
   55727.569444444445        49200.000000000000        6278698.0490059890        25508108.366789129       -2525009.8475910169       -325.11512769944966        360.64465850219131        3123.5124265700579     
   55727.572916666664        49500.000000000000        6178675.4570000004        25599591.234000001       -1585787.7309999999       -342.37853376660496        249.63622001931071        3136.9065756185446     
   55727.576388888891        49800.000000000000        6072813.1864246745        25657812.358238529       -643467.57057760609       -364.02404863853008        138.95875193551183        3144.1811522154603     
   55727.579861111109        50100.000000000000        5959804.6454277970        25682925.245851863        300110.61310193443       -389.99454368557781        28.972104430198669        3145.3106948243803     
   55727.583333333336        50400.000000000000        5838363.7239999995        25675190.932000000        1243101.0750000000       -420.21071375813335       -79.966964136809111        3140.2824798051734     
   55727.586805555555        50700.000000000000        5707231.4074672172        25634976.817414399        2183656.1846197047       -454.57135655730963       -187.50635383278131        3129.0966357211582     
   55727.590277777781        51000.000000000000        5565182.2902510772        25562755.037220448        3119930.2943188911       -492.95375881157815       -293.30016984418035        3111.7662185188383     
   55727.593750000000        51300.000000000000        5411030.9580000006        25459100.368999999        4050083.6250000000       -535.21418551821262       -397.01025123521686        3088.3172582802363     
   55727.597222222219        51600.000000000000        5243638.2074583033        25324687.686456729        4972286.1607813900       -581.18847397621721       -498.30766601860523        3058.7887670658529     
   55727.600694444445        51900.000000000000        5061917.0729717603        25160288.970105056        5884721.5407568496       -630.69272467866540       -596.87417281791568        3023.2327173072845     
   55727.604166666672        52200.000000000000        4864838.6310000001        24966769.886000000        6785590.9389999993       -683.52409344818443       -692.40363302826881        2981.7139795264229     
   55727.607638888891        52500.000000000000        4651437.5526414514        24745085.948750325        7673116.9203476636       -739.46167398709804       -784.60337289422750        2934.3102274825796     
   55727.611111111109        52800.000000000000        4420817.3776849573        24496278.284780923        8545547.2622968890       -798.26747645437717       -873.19548190757632        2881.1118034180254     
   55727.614583333336        53100.000000000000        4172155.4820000003        24221469.015999999        9401158.7309999987       -859.68748609721661       -957.91804760321975        2822.2215505652130     
   55727.618055555555        53400.000000000000        3904707.7152396212        23921856.283880137        10238260.801731285       -923.45280699804425       -1038.5263141952455        2757.7546080090106     
   55727.621527777781        53700.000000000000        3617812.6840224219        23598708.937751696        11055199.312500158       -989.28087427979335       -1114.7937650829554        2687.8381724748760     
   55727.625000000000        54000.000000000000        3310895.6609999998        23253360.910999998        11850360.040999999       -1056.8767412588932       -1186.5131170041859        2612.6112237256020     
   55727.628472222219        54300.000000000000        2983472.0980286659        22887205.312626272        12622172.194029210       -1125.9344245721586       -1253.4972254261374        2532.2242174167186     
   55727.631944444445        54600.000000000000        2635150.7271933206        22501688.261464577        13369111.799802760       -1196.1383115369827       -1315.5798922516406        2446.8387436810881     
   55727.635416666664        54900.000000000000        2265636.2319999998        22098302.493000001        14089704.992999999       -1267.1646108040586       -1372.6165755987167        2356.6271552518010     
   55727.638888888891        55200.000000000000        1874731.4771194956        21678580.768708121        14782531.183674252       -1338.6828479268588       -1424.4849952720106        2261.7721640262753     
   55727.642361111109        55500.000000000000        1462339.2841894487        21244089.119722907        15446226.100735877       -1410.3573906335514       -1471.0856321901083        2162.4664101805538     
   55727.645833333336        55800.000000000000        1028463.7459999999        20796419.956999999        16079484.702000000       -1481.8490034049610       -1512.3421186655760        2058.9120023027062     
   55727.649305555555        56100.000000000000        573211.07130464341        20337185.081106622        16681063.942313619       -1552.8164177613799       -1548.2015170753002        1951.3200329709798     
   55727.652777777781        56400.000000000000        96789.956846266577        19868008.625257332        17249785.392697122       -1622.9179151186836       -1578.6344875544310        1839.9100685268641     
   55727.656250000000        56700.000000000000       -400488.51600000000        19390519.965000000        17784537.703000002       -1691.8129094319884       -1603.6353414580226        1724.9096183665097     
   55727.659722222219        57000.000000000000       -918211.45857434231        18906346.628925435        18284278.902314387       -1759.1635243899655       -1623.2219832353294        1606.5535829551518     
   55727.663194444445        57300.000000000000       -1455865.2235092516        18417107.243746351        18748038.531052329       -1824.6361561890226       -1637.4357376769185        1485.0836852714419     
   55727.666666666664        57600.000000000000       -2012836.9190000000        17924404.548000000        19174919.600000001       -1887.9030141127296       -1646.3410681001842        1360.7478851750493     
   55727.670138888891        57900.000000000000       -2588416.3809503163        17429818.506691419        19564100.371540271       -1948.6436316864565       -1650.0251844152808        1233.7997805438936     
   55727.673611111109        58200.000000000000       -3181798.5930208052        16934899.559677865        19914835.959448818       -2006.5463395654224       -1648.5975454077125        1104.4979966357350     
   55727.677083333328        58500.000000000000       -3792086.5419999999        16441162.035000002        20226459.743999999       -2061.3096948992461       -1642.1892567574978        973.10556614026427     
   55727.680555555555        58800.000000000000       -4418294.4944205433        15950077.758008754        20498384.600005802       -2112.6438577435911       -1630.9523689616472        839.88930274546146     
   55727.684027777781        59100.000000000000       -5059351.6775324726        15463069.885667520        20730103.936133813       -2160.2719118362293       -1615.0590797122568        705.11916865780950     
   55727.687500000000        59400.000000000000       -5714106.3470000001        14981506.993999999        20921192.544000000       -2203.9311185758561       -1594.7008441351354        569.06764088198543     
   55727.690972222219        59700.000000000000       -6381330.2203047592        14506697.445627816        21071307.257061902       -2243.3741029063240       -1570.0874001011252        432.00907523557544     
   55727.694444444445        60000.000000000000       -7059723.2546549393        14039884.062052717        21180187.418954875       -2278.3699605148286       -1541.4457096699625        294.21907520294189     
   55727.697916666664        60300.000000000000       -7747918.7450000001        13582239.125000000        21247655.162999999       -2308.7052873466164       -1509.0188282839954        155.97386137396097     
   55727.701388888891        60600.000000000000       -8444488.7183015402        13134859.727450965        21273615.503296666       -2334.1851218938828       -1473.0647028572857        17.549649406224489     
   55727.704861111109        60900.000000000000       -9147949.5972222164        12698763.494811598        21258056.240279917       -2354.6338017471135       -1433.8549103848636       -120.77796857804060     
   55727.708333333336        61200.000000000000       -9856768.1070000008        12274884.693000000        21201047.682000000       -2369.8957250509411       -1391.6733381338418       -258.73462931811810     
   55727.711805555555        61500.000000000000       -10569367.396421352        11864070.740103466        21102742.185546532       -2379.8360185064375       -1346.8148169368505       -396.04779559001327     
   55727.715277777781        61800.000000000000       -11284133.344551403        11467079.134530552        20963373.521260645       -2384.3411057163030       -1299.5837098620832       -532.44733649119735     
   55727.718750000000        62100.000000000000       -11999421.023000000        11084574.812000001        20783256.065000001       -2383.3191775623709       -1250.2924685087055       -667.66609679907560     
   55727.722222222219        62400.000000000000       -12713561.284222607        10717127.939896662        20562783.821835086       -2376.7005616519600       -1199.2601607833058       -801.44044882431626     
   55727.725694444445        62700.000000000000       -13424867.445370901        10365212.156523462        20302429.286751848       -2364.4379895795137       -1146.8109790887684       -933.51082896068692     
   55727.729166666672        63000.000000000000       -14131642.037000000        10029203.260000000        20002742.147000000       -2346.5067634359002       -1093.2727353814989       -1063.6222549416125     
   55727.732638888891        63300.000000000000       -14832183.586450571        9709378.3497185353        19664347.832210217       -2322.9048190563917       -1038.9753499496728       -1191.5248243138194     
   55727.736111111109        63600.000000000000       -15524793.405048214        9405915.4211258274        19287945.917964373       -2293.6526917107403       -984.24934277869761       -1316.9741926863790     
   55727.739583333336        63900.000000000000       -16207782.350000000        9118893.4119999986        18874308.389000002       -2258.7933788429946       -929.42433178797364       -1439.7320309728384     
   55727.743055555555        64200.000000000000       -16879477.530263387        8848292.6971978154        18424277.768496670       -2218.3921082280576       -874.82754795812070       -1559.5664616338909     
   55727.746527777781        64500.000000000000       -17538228.928341210        8593996.0257761385        17938765.119841747       -2172.5360050387681       -820.78236893564463       -1676.2524712719023     
   55727.750000000000        64800.000000000000       -18182415.908000000        8355789.8939999994        17418747.927999999       -2121.3336703553796       -767.60688391048461       -1789.5723020769656     
   55727.753472222219        65100.000000000000       -18810453.582014587        8133366.3438041024        16865267.866882686       -2064.9146657995880       -715.61249002721161       -1899.3158190920949     
   55727.756944444445        65400.000000000000       -19420799.012112163        7926325.1764124120        16279428.460025322       -2003.4289157465100       -665.10253287572414       -2005.2808559238911     
   55727.760416666664        65700.000000000000       -20011957.217000000        7734176.5670000007        15662392.641000001       -1937.0460220240057       -616.37098918110132       -2107.2735356763005     
   55727.763888888891        66000.000000000000       -20582486.962594260        7556344.0671132216        15015380.221143836       -1865.9545015282929       -569.70120302680880       -2205.1085698287934     
   55727.767361111109        66300.000000000000       -21131006.312093891        7392167.9779383037        14339665.271126263       -1790.3609456047416       -525.36467461567372       -2298.6095317080617     
   55727.770833333336        66600.000000000000       -21656197.912999999        7240909.0779999997        13636573.424000001       -1710.4891106598079       -483.61991242505610       -2387.6091087590903     
   55727.774305555555        66900.000000000000       -22156814.001307890        7101752.6854897337        12907479.105970617       -1626.5789416320622       -444.71134810335934       -2471.9493303950876     
   55727.777777777781        67200.000000000000       -22631681.103395455        6973813.0358902812        12153802.702239938       -1538.8855344504118       -408.86832239571959       -2551.4817751403898     
   55727.781250000000        67500.000000000000       -23079704.418000001        6856137.9530000007        11377007.664000001       -1447.6780422106385       -376.30414118617773       -2626.0677538495511     
   55727.784722222219        67800.000000000000       -23499871.862250224        6747713.7919512996        10578597.563857760       -1353.2385294325650       -347.21520819049329       -2695.5784722510725     
   55727.788194444445        68100.000000000000       -23891257.766994577        6647470.6307450300        9760113.1057123896       -1255.8607824631035       -321.78023410309106       -2759.8951703477651     
   55727.791666666664        68400.000000000000       -24253026.208999999        6554287.6869999999        8923129.0960000008       -1155.8490774966776       -300.15952759515494       -2818.9092425033450     
   55727.795138888891        68700.000000000000       -24584433.968141910        6466998.9350128165        8069251.3819400389       -1053.5169152468443       -282.49436767771840       -2872.5223362203687     
   55727.798611111109        69000.000000000000       -24884833.100411344        6384398.8984786728        7200113.7631383389       -949.18572385609150       -268.90646158810705       -2920.6464322879910     
   55727.802083333328        69300.000000000000       -25153673.117999997        6305248.5930000003        6317374.8820000002       -843.18353994563222       -259.49748684931546       -2963.2039049612358     
   55727.805555555555        69600.000000000000       -25390502.770839568        6228281.5930394279        5422715.0989190442       -735.84366942197084       -254.34872045181692       -3000.1275642924011     
   55727.809027777781        69900.000000000000       -25594971.424348447        6152210.1970573058        4517833.3574608900       -627.50333783030510       -253.52075400296599       -3031.3606799496338     
   55727.812500000000        70200.000000000000       -25766830.030999999        6075731.6650000000        3604444.0450000004       -518.50233101844788       -257.05329676438123       -3056.8569885385223     
   55727.815972222219        70500.000000000000       -25905931.693597976        5997534.5017518094        2684273.8536365223       -409.18163524568081       -264.96506530139595       -3076.5806840714067     
   55727.819444444445        70800.000000000000       -26012231.820954781        5916304.7606448708        1759058.6463703471       -299.88207843527198       -277.25376016460359       -3090.5063931187615     
   55727.822916666664        71100.000000000000       -26085787.877000000        5830732.3410000000        830540.33299999998       -190.94298173859715       -293.89612821303308       -3098.6191344648832     
   55727.826388888891        71400.000000000000       -26126758.727326412        5739517.2541887630       -99536.239663301196       -82.700822528451681       -314.84810973145068       -3100.9142646055552     
   55727.829861111109        71700.000000000000       -26135403.587312412        5641375.8329443103       -1029426.3791383391        24.512081023305655       -340.04506938625127       -3097.3974090389675     
   55727.833333333336        72000.000000000000       -26112080.579000000        5535046.8590000002       -1957388.6159999999        130.36886523663998       -369.40210882294923       -3088.0843807021156     
   55727.836805555555        72300.000000000000       -26057244.903421715        5419297.5848658010       -2881687.7462406531        234.54938561841846       -402.81445960327983       -3073.0010857749730     
   55727.840277777781        72600.000000000000       -25971446.638256602        5292929.6259326851       -3800597.8435528190        336.74145301431417       -440.15795365627855       -3052.1834174217656     
   55727.843750000000        72900.000000000000       -25855328.170000002        5154784.7000000002       -4712405.2379999999        436.64202941954136       -481.28956978861243       -3025.6771383071318     
   55727.847222222219        73200.000000000000       -25709621.273533832        5003750.1917797355       -5615411.4577871384        533.95838620886207       -526.04805303458124       -2993.5377516252920     
   55727.850694444445        73500.000000000000       -25535143.850932773        4838764.5209430316       -6507936.1307721175        628.40921261161566       -574.25460449326783       -2955.8303628610447     
   55727.854166666672        73800.000000000000       -25332796.344999999        4658822.2930000005       -7388319.8430000003        719.72567998245358       -625.71363840810955       -2912.6295303255320     
   55727.857638888891        74100.000000000000       -25103557.841175050        4462979.2133259187       -8254926.9509281171        807.65245030820370       -680.21360322833061       -2864.0191075811163     
   55727.861111111109        74400.000000000000       -24848481.875185065        4250356.7456298880       -9106148.3449815158        891.94863403216004       -737.52786393277347       -2810.0920743532479     
   55727.864583333336        74700.000000000000       -24568691.962000001        4020146.4970000000       -9940404.1610000003        972.38868464156985       -797.41564115928486       -2750.9503609258682     
   55727.868055555555        75000.000000000000       -24265376.865791935        3771614.3130581314       -10756146.437794525        1048.7632351815701       -859.62300458829850       -2686.7046618536115     
   55727.871527777781        75300.000000000000       -23939785.628592730        3504104.0675058165       -11551861.717591956        1120.8798650354147       -923.88391516217962       -2617.4742449223995     
   55727.875000000000        75600.000000000000       -23593222.379000001        3217041.1319999998       -12326073.588000000        1188.5638044439256       -989.92131421947852       -2543.3867488615215     
   55727.878472222219        75900.000000000000       -23227040.939777907        2909935.5128507386       -13077345.162033021        1251.6585664674640       -1057.4482538723387       -2464.5779759027064     
   55727.881944444445        76200.000000000000       -22842639.256553400        2582384.6428142269       -13804281.494735053        1310.0265116654336       -1126.1690660365857       -2381.1916730925441     
   55727.885416666664        76500.000000000000       -22441453.667999998        2234075.8169999998       -14505531.933000000        1363.5493361689150       -1195.7805643291213       -2293.3793092649430     
   55727.888888888891        76800.000000000000       -22024953.040918097        1864788.2637361116       -15179792.397469962        1412.1284871213138       -1265.9732753781136       -2201.2998423036188     
   55727.892361111109        77100.000000000000       -21594632.792142455        1474394.8421904179       -15825807.593508108        1455.6854995712638       -1336.4326949045062       -2105.1194820739329     
   55727.895833333336        77400.000000000000       -21152008.820999999        1062863.3600000001       -16442373.149999999        1494.1622578129172       -1406.8405639673583       -2005.0114434640855     
   55727.899305555555        77700.000000000000       -20698611.375086799        630257.50553207868       -17028337.682886131        1527.5211778767407       -1476.8761616469128       -1901.1556937284768     
   55727.902777777781        78000.000000000000       -20235978.873180930        176737.39054856257       -17582604.781798881        1555.7453110739589       -1546.2176076192991       -1793.7386906407773     
   55727.906250000000        78300.000000000000       -19765651.709000003       -297440.29900000000       -18104134.916999999        1578.8383684903383       -1614.5431727414834       -1682.9531147591770     
   55727.909722222219        78600.000000000000       -19289166.059582394       -791922.54580683203       -18591947.264911305        1596.8246653974056       -1681.5325902818004       -1568.9975934438407     
   55727.913194444445        78900.000000000000       -18808047.722309779       -1306260.6371373076       -19045121.449730210        1609.7489873357117       -1746.8683665918652       -1452.0764178670943     
   55727.916666666664        79200.000000000000       -18323806.003999997       -1839911.1930000000       -19462799.199000001        1617.6763758808374       -1810.2370824557729       -1332.3992522172630     
   55727.920138888891        79500.000000000000       -17837927.686168592       -2392237.5829735054       -19844185.910750054        1620.6918367110193       -1871.3306839824654       -1210.1808346249163     
   55727.923611111109        79800.000000000000       -17351871.089614041       -2962511.7278933423       -20188552.129783168        1618.8999683521688       -1929.8477545883507       -1085.6406713984907     
   55727.927083333328        80100.000000000000       -16867060.261999998       -3549916.2799999998       -20495234.930999998        1612.4245153553784       -1985.4947675704025       -959.00272208452225     
   55727.930555555555        80400.000000000000       -16384879.310847029       -4153547.1751204566       -20763639.207009885        1601.4078450705856       -2037.9873112780042       -830.49507734552026     
   55727.934027777781        80700.000000000000       -15906666.904693391       -4772416.5479279794       -20993238.857870910        1586.0103514194489       -2087.0512855919078       -700.34962720796466     
   55727.937500000000        81000.000000000000       -15433710.964000000       -5405456.0009999992       -21183577.879999999        1566.4097855836153       -2132.4240618245676       -568.80172207951546     
   55727.940972222219        81300.000000000000       -14967243.563508520       -6051520.2159714550       -21334271.352185424        1542.8005168307573       -2173.8556036809459       -436.08982500433922     
   55727.944444444445        81600.000000000000       -14508436.066644136       -6709390.8944745352       -21445006.315985192        1515.3927252441645       -2211.1095441328362       -302.45515547692776     
   55727.947916666664        81900.000000000000       -14058394.512000000       -7377781.0149999997       -21515542.548000000        1484.4115290716290       -2243.9642141489312       -168.14132482558489     
   55727.951388888891        82200.000000000000       -13618155.271116452       -8055339.3905866928       -21545713.221461967        1450.0960494671017       -2272.2136189723387       -33.393962960690260     
   55727.954861111109        82500.000000000000       -13188680.995890664       -8740655.5110164452       -21535425.454569805        1412.6984156090766       -2295.6683580782264        101.53966339305043     
   55727.958333333336        82800.000000000000       -12770856.873000002       -9432264.6520000007       -21484660.743000001        1372.4827135615051       -2314.1564846988767        236.41104103252292     
   55727.961805555555        83100.000000000000       -12365487.201696066       -10128653.232687525       -21393475.274035122        1329.7238824106753       -2327.5243014097214        370.97080911695957     
   55727.965277777781        83400.000000000000       -11973292.310229396       -10828264.401724422       -21262000.119781051        1284.7065614052117       -2335.6370878182352        504.96916634589434     
   55727.968750000000        83700.000000000000       -11594905.824999999       -11529503.831000000       -21090441.307000000        1237.7238921094686       -2338.3797571323812        638.15628625079989     
   55727.972222222219        84000.000000000000       -11230872.305299893       -12230745.695200851       -20879079.761173315        1189.0762798693031       -2335.6574379932135        770.28274032101035     
   55727.975694444445        84300.000000000000       -10881645.255226186       -12930338.814281678       -20628271.122535855        1139.0701187159866       -2327.3959784768522        901.09992825984955     
   55727.979166666672        84600.000000000000       -10547585.523000000       -13626612.934999999       -20338445.432000000        1088.0164846722037       -2313.5423689261079        1030.3605149760842     
   55727.982638888891        84900.000000000000       -10228960.096535839       -14317885.126724906       -20010106.685123846        1036.2298016194254       -2294.0650807544589        1157.8188730776310     
   55727.986111111109        85200.000000000000       -9925941.3026715759       -15002466.265818760       -19643832.252583764        984.02648516185582       -2268.9543179310858        1283.2315300740302     
   55727.989583333336        85500.000000000000       -9638606.4160000011       -15678667.582000000       -19240272.165999997        931.72356921434402       -2238.2221784479916        1406.3576187305152     
   55727.993055555555        85800.000000000000       -9366937.6817455627       -16344807.239218660       -18800148.268448047        879.63732010126114       -2201.9027227014303        1526.9593292102218     
   55727.996527777781        86100.000000000000       -9110822.7556136698       -16999216.922708228       -18324253.229583025        828.08184325695038       -2160.0519468486309        1644.8023561835289     
