  2.18887049704790115E-002
  0.11457293108105659     
 -1.58284604549407959E-003
  1.34849920868873596E-002
  9.10401176661252975E-002
 -5.89568354189395905E-003
  1.92713737487792969E-003
  7.26281180977821350E-002
 -2.53781117498874664E-003
 -8.38251784443855286E-003
  5.44751817360520363E-002
 -2.30159610509872437E-004
 -1.67276225984096527E-002
  3.75162786804139614E-002
  3.42693552374839783E-003
 -2.34581232070922852E-002
  2.10293978452682495E-002
  7.71938078105449677E-003
 -2.76589021086692810E-002
  5.49471104750409722E-003
  1.17335235700011253E-002
 -2.88241095840930939E-002
 -7.18632386997342110E-003
  1.50721278041601181E-002
 -2.82606147229671478E-002
 -2.03089639544487000E-002
  1.74202395137399435E-002
 -2.67678946256637573E-002
 -2.88592679426074028E-002
  2.00510802678763866E-002
 -2.42824293673038483E-002
 -3.52675467729568481E-002
  2.06405315548181534E-002
 -2.06429697573184967E-002
 -3.91517151147127151E-002
  2.02387645840644836E-002
 -1.74459815025329590E-002
 -4.30299676954746246E-002
  1.84983834624290466E-002
 -1.39721743762493134E-002
 -4.22098506242036819E-002
  1.69313419610261917E-002
 -1.08457896858453751E-002
 -4.04555704444646835E-002
  1.45589616149663925E-002
 -9.15170647203922272E-003
 -3.43431551009416580E-002
  1.29237622022628784E-002
 -7.67501816153526306E-003
 -2.86882370710372925E-002
  1.11145824193954468E-002
 -7.17731006443500519E-003
 -1.92131903022527695E-002
  1.02764330804347992E-002
 -5.36456797271966934E-003
 -7.44837522506713867E-003
  1.03641077876091003E-002
 -6.31866056937724352E-003
  6.22458197176456451E-003
  1.10144205391407013E-002
 -6.89965859055519104E-003
  2.28461474180221558E-002
  1.41368396580219269E-002
 -7.93241802603006363E-003
  4.12684530019760132E-002
  1.73024535179138184E-002
 -8.39557871222496033E-003
  6.38860035687685013E-002
  2.09909975528717041E-002
 -1.03999637067317963E-002
  8.73529426753520966E-002
  2.58147530257701874E-002
 -1.30733326077461243E-002
  0.11259721964597702     
  3.25149707496166229E-002
