    58681.916666666664241          79200.000000000            -29938683.267             27837523.637             15660686.869              721.0383535              128.7992023             1679.6687298
    58681.920138888890506          79500.000000000            -29722354.735             27872148.344             16161207.813              720.9355663              102.0595821             1657.0330594
    58681.923611111109494          79800.000000000            -29506250.911             27898778.366             16654845.067              719.5426097               75.5100511             1633.7797037
    58681.927083333335759          80100.000000000            -29290756.664             27917478.551             17141415.343              716.8743804               49.2026163             1609.9221161
    58681.930555555554747          80400.000000000            -29076252.075             27928329.227             17620739.385              712.9479008               23.1884490             1585.4737253
    58681.934027777781012          80700.000000000            -28863111.805             27931425.938             18092641.965              707.7822724               -2.4821962             1560.4479301
    58681.937500000000000          81000.000000000            -28651704.480             27926879.151             18556951.866              701.3986262              -27.7600600             1534.8580946
    58681.940972222226264          81300.000000000            -28442392.088             27914813.959             19013501.876              693.8200705              -52.5969552             1508.7175442
    58681.944444444445253          81600.000000000            -28235529.393             27895369.737             19462128.774              685.0716363              -76.9458399             1482.0395616
    58681.947916666664241          81900.000000000            -28031463.372             27868699.795             19902673.317              675.1802204             -100.7608895             1454.8373830
    58681.951388888890506          82200.000000000            -27830532.657             27834970.996             20334980.225              664.1745261             -123.9975647             1427.1241957
    58681.954861111109494          82500.000000000            -27633067.008             27794363.365             20758898.168              652.0850018             -146.6126781             1398.9131344
    58681.958333333335759          82800.000000000            -27439386.796             27747069.674             21174279.746              638.9437776             -168.5644571             1370.2172797
    58681.961805555554747          83100.000000000            -27249802.507             27693295.004             21580981.477              624.7846000             -189.8126049             1341.0496550
    58681.965277777781012          83400.000000000            -27064614.272             27633256.299             21978863.775              609.6427643             -210.3183580             1311.4232255
    58681.968750000000000          83700.000000000            -26884111.408             27567181.894             22367790.937              593.5550464             -230.0445410             1281.3508962
    58681.972222222226264          84000.000000000            -26708571.986             27495311.030             22747631.121              576.5596317             -248.9556191             1250.8455108
    58681.975694444445253          84300.000000000            -26538262.419             27417893.361             23118256.328              558.6960432             -267.0177468             1219.9198510
    58681.979166666664241          84600.000000000            -26373437.074             27335188.430             23479542.386              540.0050684             -284.1988145             1188.5866351
    58681.982638888890506          84900.000000000            -26214337.894             27247465.153             23831368.927              520.5286843             -300.4684912             1156.8585182
    58681.986111111109494          85200.000000000            -26061194.071             27155001.265             24173619.372              500.3099818             -315.7982654             1124.7480920
    58681.989583333335759          85500.000000000            -25914221.702             27058082.786             24506180.909              479.3930885             -330.1614818             1092.2678841
    58681.993055555554747          85800.000000000            -25773623.506             26957003.445             24828944.474              457.8230911             -343.5333756             1059.4303591
    58681.996527777781012          86100.000000000            -25639588.540             26852064.113             25141804.734              435.6459569             -355.8911040             1026.2479183
    58682.000000000000000              0.000000000            -25512291.949             26743572.223             25444660.067              412.9084538             -367.2137739              992.7329009
    58682.003472222226264            300.000000000            -25391894.737             26631841.180             25737412.542              389.6580706             -377.4824672              958.8975844
    58682.006944444445253            600.000000000            -25278543.566             26517189.764             26019967.905              365.9429363             -386.6802628              924.7541857
    58682.010416666664241            900.000000000            -25172370.567             26399941.533             26292235.555              341.8117391             -394.7922553              890.3148625
    58682.013888888890506           1200.000000000            -25073493.198             26280424.209             26554128.532              317.3136450             -401.8055713              855.5917142
    58682.017361111109494           1500.000000000            -24982014.102             26158969.070             26805563.495              292.4982161             -407.7093818              820.5967836
    58682.020833333335759           1800.000000000            -24898021.003             26035910.337             27046460.710              267.4153291             -412.4949123              785.3420586
    58682.024305555554747           2100.000000000            -24821586.630             25911584.550             27276744.030              242.1150935             -416.1554492              749.8394736
    58682.027777777781012           2400.000000000            -24752768.647             25786329.959             27496340.880              216.6477698             -418.6863440              714.1009117
    58682.031250000000000           2700.000000000            -24691609.637             25660485.893             27705182.244              191.0636881             -420.0850135              678.1382064
    58682.034722222226264           3000.000000000            -24638137.073             25534392.152             27903202.647              165.4131669             -420.3509380              641.9631440
    58682.038194444445253           3300.000000000            -24592363.355             25408388.376             28090340.145              139.7464324             -419.4856556              605.5874656
    58682.041666666664241           3600.000000000            -24554285.829             25282813.445             28266536.309              114.1135379             -417.4927543              569.0228692
    58682.045138888890506           3900.000000000            -24523886.866             25158004.849             28431736.213               88.5642841             -414.3778607              532.2810126
    58682.048611111109494           4200.000000000            -24501133.949             25034298.087             28585888.423               63.1481399             -410.1486263              495.3735153
    58682.052083333335759           4500.000000000            -24485979.769             24912026.066             28728944.985               37.9141638             -404.8147101              458.3119614
    58682.055555555554747           4800.000000000            -24478362.380             24791518.490             28860861.415               12.9109268             -398.3877596              421.1079023
    58682.059027777781012           5100.000000000            -24478205.343             24673101.278             28981596.691              -11.8135647             -390.8813875              383.7728588
    58682.062500000000000           5400.000000000            -24485417.915             24557095.970             29091113.242              -36.2119445             -382.3111471              346.3183246
    58682.065972222226264           5700.000000000            -24499895.242             24443819.156             29189376.943              -60.2375610             -372.6945041              308.7557686
    58682.069444444445253           6000.000000000            -24521518.599             24333581.899             29276357.103              -83.8445506             -362.0508058              271.0966378
    58682.072916666664241           6300.000000000            -24550155.622             24226689.183             29352026.465             -106.9879100             -350.4012480              233.3523605
    58682.076388888890506           6600.000000000            -24585660.588             24123439.362             29416361.197             -129.6235666             -337.7688392              195.5343488
    58682.079861111109494           6900.000000000            -24627874.700             24024123.613             29469340.890             -151.7084481             -324.1783618              157.6540018
    58682.083333333335759           7200.000000000            -24676626.396             23929025.427             29510948.551             -173.2005503             -309.6563319              119.7227086
    58682.086805555554747           7500.000000000            -24731731.682             23838420.078             29541170.603             -194.0590031             -294.2309552               81.7518513
    58682.090277777781012           7800.000000000            -24792994.484             23752574.133             29559996.885             -214.2441351             -277.9320817               43.7528078
    58682.093750000000000           8100.000000000            -24860207.011             23671744.964             29567420.647             -233.7175365             -260.7911580                5.7369553
    58682.097222222226264           8400.000000000            -24933150.146             23596180.274             29563438.552             -252.4421202             -242.8411761              -32.2843269
    58682.100694444445253           8700.000000000            -25011593.853             23526117.647             29548050.681             -270.3821805             -224.1166218              -70.2996546
    58682.104166666664241           9000.000000000            -25095297.600             23461784.098             29521260.527             -287.5034506             -204.6534195             -108.2976351
    58682.107638888890506           9300.000000000            -25184010.794             23403395.662             29483075.005             -303.7731573             -184.4888758             -146.2668646
    58682.111111111109494           9600.000000000            -25277473.243             23351156.978             29433504.453             -319.1600744             -163.6616205             -184.1959249
    58682.114583333335759           9900.000000000            -25375415.624             23305260.908             29372562.636             -333.6345735             -142.2115462             -222.0733804
    58682.118055555554747          10200.000000000            -25477559.976             23265888.160             29300266.753             -347.1686721             -120.1797455             -259.8877752
    58682.121527777781012          10500.000000000            -25583620.189             23233206.949             29216637.445             -359.7360806              -97.6084466             -297.6276301
    58682.125000000000000          10800.000000000            -25693302.530             23207372.653             29121698.798             -371.3122458              -74.5409476             -335.2814395
    58682.128472222226264          11100.000000000            -25806306.166             23188527.512             29015478.355             -381.8743925              -51.0215484             -372.8376687
    58682.131944444445253          11400.000000000            -25922323.702             23176800.333             28898007.125             -391.4015630              -27.0954814             -410.2847508
    58682.135416666664241          11700.000000000            -26041041.730             23172306.224             28769319.590             -399.8746530               -2.8088408             -447.6110840
    58682.138888888890506          12000.000000000            -26162141.398             23175146.343             28629453.721             -407.2764464               21.7914897             -484.8050289
    58682.142361111109494          12300.000000000            -26285298.974             23185407.674             28478450.986             -413.5916457               46.6579104             -521.8549056
    58682.145833333335759          12600.000000000            -26410186.428             23203162.823             28316356.361             -418.8069017               71.7421806             -558.7489912
    58682.149305555554747          12900.000000000            -26536472.021             23228469.837             28143218.348             -422.9108390               96.9954946             -595.4755170
    58682.152777777781012          13200.000000000            -26663820.899             23261372.047             27959088.987             -425.8940790              122.3685586             -632.0226661
    58682.156250000000000          13500.000000000            -26791895.700             23301897.930             27764023.869             -427.7492609              147.8116690             -668.3785713
    58682.159722222226264          13800.000000000            -26920357.155             23350061.005             27558082.154             -428.4710590              173.2747913             -704.5313121
    58682.163194444445253          14100.000000000            -27048864.709             23405859.735             27341326.587             -428.0561973              198.7076400             -740.4689130
    58682.166666666664241          14400.000000000            -27177077.127             23469277.474             27113823.513             -426.5034613              224.0597592             -776.1793410
    58682.170138888890506          14700.000000000            -27304653.123             23540282.425             26875642.896             -423.8137072              249.2806034             -811.6505038
    58682.173611111109494          15000.000000000            -27431251.982             23618827.616             26626858.337             -419.9898675              274.3196199             -846.8702478
    58682.177083333335759          15300.000000000            -27556534.177             23704850.930             26367547.093             -415.0369536              299.1263302             -881.8263564
    58682.180555555554747          15600.000000000            -27680161.996             23798275.118             26097790.095             -408.9620563              323.6504131             -916.5065480
    58682.184027777781012          15900.000000000            -27801800.169             23899007.875             25817671.969             -401.7743419              347.8417871             -950.8984750
    58682.187500000000000          16200.000000000            -27921116.484             24006941.914             25527281.054             -393.4850464              371.6506935             -984.9897218
    58682.190972222226264          16500.000000000            -28037782.408             24121955.081             25226709.425             -384.1074656              395.0277792            -1018.7678042
    58682.194444444445253          16800.000000000            -28151473.710             24243910.486             24916052.914             -373.6569434              417.9241795            -1052.2201680
    58682.197916666664241          17100.000000000            -28261871.059             24372656.665             24595411.127             -362.1508552              440.2916011            -1085.3341882
    58682.201388888890506          17400.000000000            -28368660.645             24508027.762             24264887.471             -349.6085899              462.0824043            -1118.0971682
    58682.204861111109494          17700.000000000            -28471534.773             24649843.734             23924589.172             -336.0515278              483.2496851            -1150.4963397
    58682.208333333335759          18000.000000000            -28570192.456             24797910.593             23574627.295             -321.5030153              503.7473569            -1182.5188619
    58682.211805555554747          18300.000000000            -28664340.005             24952020.651             23215116.770             -305.9883374              523.5302313            -1214.1518219
    58682.215277777781012          18600.000000000            -28753691.599             25111952.815             22846176.414             -289.5346856              542.5540986            -1245.3822344
    58682.218750000000000          18900.000000000            -28837969.863             25277472.880             22467928.946             -272.1711241              560.7758073            -1276.1970426
    58682.222222222226264          19200.000000000            -28916906.411             25448333.869             22080501.015             -253.9285521              578.1533423            -1306.5831185
    58682.225694444445253          19500.000000000            -28990242.399             25624276.378             21684023.219             -234.8396630              594.6459029            -1336.5272638
    58682.229166666664241          19800.000000000            -29057729.058             25805028.953             21278630.126             -214.9389008              610.2139790            -1366.0162115
    58682.232638888890506          20100.000000000            -29119128.203             25990308.494             20864460.293             -194.2624132              624.8194260            -1395.0366269
    58682.236111111109494          20400.000000000            -29174212.748             26179820.669             20441656.288             -172.8480018              638.4255389            -1423.5751098
    58682.239583333335759          20700.000000000            -29222767.186             26373260.360             20010364.709             -150.7350693              650.9971244            -1451.6181961
    58682.243055555554747          21000.000000000            -29264588.066             26570312.126             19570736.204             -127.9645636              662.5005717            -1479.1523608
    58682.246527777781012          21300.000000000            -29299484.442             26770650.692             19122925.483             -104.5789187              672.9039210            -1506.1640204
    58682.250000000000000          21600.000000000            -29327278.321             26973941.444             18667091.343              -80.6219934              682.1769311            -1532.6395362
    58682.253472222226264          21900.000000000            -29347805.063             27179840.971             18203396.680              -56.1390062              690.2911443            -1558.5652175
    58682.256944444445253          22200.000000000            -29360913.799             27387997.592             17732008.503              -31.1764684              697.2199494            -1583.9273259
    58682.260416666664241          22500.000000000            -29366467.792             27598051.932             17253097.951               -5.7821135              702.9386428            -1608.7120794
    58682.263888888890506          22800.000000000            -29364344.801             27809637.496             16766840.303               19.9951758              707.4244868            -1632.9056569
    58682.267361111109494          23100.000000000            -29354437.415             28022381.272             16273414.988               46.1054430              710.6567658            -1656.4942037
    58682.270833333335759          23400.000000000            -29336653.357             28235904.343             15773005.598               72.4977359              712.6168400            -1679.4638368
    58682.274305555554747          23700.000000000            -29310915.781             28449822.512             15265799.892               99.1201875              713.2881961            -1701.8006509
    58682.277777777781012          24000.000000000            -29277163.521             28663746.963             14751989.804              125.9200994              712.6564956            -1723.4907250
    58682.281250000000000          24300.000000000            -29235351.342             28877284.900             14231771.445              152.8440267              710.7096200            -1744.5201296
    58682.284722222226264          24600.000000000            -29185450.134             29090040.241             13705345.105              179.8378666              707.4377129            -1764.8749335
    58682.288194444445253          24900.000000000            -29127447.117             29301614.280             13172915.255              206.8469476              702.8332190            -1784.5412128
    58682.291666666664241          25200.000000000            -29061345.975             29511606.402             12634690.537              233.8161224              696.8909203            -1803.5050584
    58682.295138888890506          25500.000000000            -28987167.002             29719614.779             12090883.766              260.6898616              689.6079680            -1821.7525859
    58682.298611111109494          25800.000000000            -28904947.199             29925237.084             11541711.915              287.4123494              680.9839121            -1839.2699446
    58682.302083333335759          26100.000000000            -28814740.332             30128071.226             10987396.108              313.9275821              671.0207262            -1856.0433282
    58682.305555555554747          26400.000000000            -28716616.997             30327716.062             10428161.601              340.1794670              659.7228295            -1872.0589853
    58682.309027777781012          26700.000000000            -28610664.606             30523772.154              9864237.766              366.1119235              647.0971046            -1887.3032309
    58682.312500000000000          27000.000000000            -28496987.392             30715842.491              9295858.071              391.6689853              633.1529116            -1901.7624583
    58682.315972222226264          27300.000000000            -28375706.337             30903533.252              8723260.050              416.7949046              617.9020976            -1915.4231516
    58682.319444444445253          27600.000000000            -28246959.113             31086454.535              8146685.279              441.4342558              601.3590035            -1928.2718992
    58682.322916666664241          27900.000000000            -28110899.949             31264221.121              7566379.338              465.5320423              583.5404642            -1940.2954073
    58682.326388888890506          28200.000000000            -27967699.494             31436453.216              6982591.776              489.0338023              564.4658074            -1951.4805148
    58682.329861111109494          28500.000000000            -27817544.655             31602777.189              6395576.071              511.8857160              544.1568455            -1961.8142079
    58682.333333333335759          28800.000000000            -27660638.359             31762826.334              5805589.578              534.0347135              522.6378644            -1971.2836363
    58682.336805555554747          29100.000000000            -27497199.341             31916241.592              5212893.481              555.4285826              499.9356075            -1979.8761294
    58682.340277777781012          29400.000000000            -27327461.845             32062672.302              4617752.738              576.0160768              476.0792547            -1987.5792132
    58682.343750000000000          29700.000000000            -27151675.346             32201776.908              4020436.016              595.7470231              451.1003973            -1994.3806286
    58682.347222222226264          30000.000000000            -26970104.183             32333223.698              3421215.626              614.5724298              425.0330074            -2000.2683488
    58682.350694444445253          30300.000000000            -26783027.208             32456691.502              2820367.448              632.4445939              397.9134030            -2005.2305990
    58682.354166666664241          30600.000000000            -26590737.377             32571870.390              2218170.857              649.3172073              369.7802081            -2009.2558760
    58682.357638888890506          30900.000000000            -26393541.313             32678462.366              1614908.634              665.1454623              340.6743080            -2012.3329676
    58682.361111111109494          31200.000000000            -26191758.849             32776182.023              1010866.877              679.8861564              310.6387992            -2014.4509744
    58682.364583333335759          31500.000000000            -25985722.517             32864757.218               406334.905              693.4977953              279.7189348            -2015.5993306
    58682.368055555554747          31800.000000000            -25775777.035             32943929.691              -198394.845              705.9406942              247.9620645            -2015.7678259
    58682.371527777781012          32100.000000000            -25562278.740             33013455.701              -803026.931              717.1770776              215.4175704            -2014.9466282
    58682.375000000000000          32400.000000000            -25345595.005             33073106.611             -1407263.021              727.1711769              182.1367966            -2013.1263066
    58682.378472222226264          32700.000000000            -25126103.615             33122669.479             -2010802.014              735.8893257              148.1729745            -2010.2978547
    58682.381944444445253          33000.000000000            -24904192.138             33161947.599             -2613340.176              743.3000525              113.5811433            -2006.4527144
    58682.385416666664241          33300.000000000            -24680257.231             33190761.042             -3214571.277              749.3741704               78.4180652            -2001.5828006
    58682.388888888890506          33600.000000000            -24454703.962             33208947.155             -3814186.733              754.0848639               42.7421359            -1995.6805257
    58682.392361111109494          33900.000000000            -24227945.074             33216361.033             -4411875.763              757.4077723                6.6132900            -1988.7388245
    58682.395833333335759          34200.000000000            -24000400.241             33212875.975             -5007325.547              759.3210695              -29.9070977            -1980.7511795
    58682.399305555554747          34500.000000000            -23772495.297             33198383.890             -5600221.396              759.8055397              -66.7563163            -1971.7116467
    58682.402777777781012          34800.000000000            -23544661.434             33172795.692             -6190246.925              758.8446492             -103.8704272            -1961.6148809
    58682.406250000000000          35100.000000000            -23317334.402             33136041.645             -6777084.243              756.4246134             -141.1843762            -1950.4561619
    58682.409722222226264          35400.000000000            -23090953.657             33088071.683             -7360414.134              752.5344598             -178.6321113            -1938.2314199
    58682.413194444445253          35700.000000000            -22865961.527             33028855.686             -7939916.267              747.1660851             -216.1467033            -1924.9372616
    58682.416666666664241          36000.000000000            -22642802.326             32958383.734             -8515269.394              740.3143079             -253.6604710            -1910.5709958
    58682.420138888890506          36300.000000000            -22421921.480             32876666.308             -9086151.571              731.9769152             -291.1051103            -1895.1306590
    58682.423611111109494          36600.000000000            -22203764.635             32783734.450             -9652240.375              722.1547041             -328.4118263            -1878.6150407
    58682.427083333335759          36900.000000000            -21988776.733             32679639.907            -10213213.137              710.8515162             -365.5114693            -1861.0237080
    58682.430555555554747          37200.000000000            -21777401.108             32564455.199            -10768747.178              698.0742672             -402.3346735            -1842.3570307
    58682.434027777781012          37500.000000000            -21570078.553             32438273.676            -11318520.053              683.8329690             -438.8119989            -1822.6162048
    58682.437500000000000          37800.000000000            -21367246.394             32301209.509            -11862209.803              668.1407458             -474.8740755            -1801.8032760
    58682.440972222226264          38100.000000000            -21169337.549             32153397.653            -12399495.212              651.0138426             -510.4517499            -1779.9211626
    58682.444444444445253          38400.000000000            -20976779.594             31994993.759            -12930056.074              632.4716277             -545.4762337            -1756.9736771
    58682.447916666664241          38700.000000000            -20789993.830             31826174.038            -13453573.465              612.5365868             -579.8792537            -1732.9655473
    58682.451388888890506          39000.000000000            -20609394.341             31647135.092            -13969730.015              591.2343108             -613.5932035            -1707.9024360
    58682.454861111109494          39300.000000000            -20435387.073             31458093.679            -14478210.199              568.5934748             -646.5512955            -1681.7909603
    58682.458333333335759          39600.000000000            -20268368.912             31259286.458            -14978700.622              544.6458108             -678.6877141            -1654.6387088
    58682.461805555554747          39900.000000000            -20108726.769             31050969.661            -15470890.312              519.4260717             -709.9377686            -1626.4542581
    58682.465277777781012          40200.000000000            -19956836.678             30833418.747            -15954471.022              492.9719872             -740.2380461            -1597.2471875
    58682.468750000000000          40500.000000000            -19813062.920             30606927.981            -16429137.529              465.3242132             -769.5265632            -1567.0280927
    58682.472222222226264          40800.000000000            -19677757.141             30371809.995            -16894587.943              436.5262716             -797.7429176            -1535.8085970
    58682.475694444445253          41100.000000000            -19551257.516             30128395.283            -17350524.017              406.6244827             -824.8284370            -1503.6013615
    58682.479166666664241          41400.000000000            -19433887.908             29877031.663            -17796651.459              375.6678906             -850.7263266            -1470.4200934
    58682.482638888890506          41700.000000000            -19325957.070             29618083.692            -18232680.248              343.7081788             -875.3818145            -1436.2795520
    58682.486111111109494          42000.000000000            -19227757.865             29351932.039            -18658324.946              310.7995797             -898.7422929            -1401.1955529
    58682.489583333335759          42300.000000000            -19139566.517             29078972.812            -19073305.021              276.9987753             -920.7574573            -1365.1849701
    58682.493055555554747          42600.000000000            -19061641.893             28799616.846            -19477345.161              242.3647912             -941.3794410            -1328.2657361
    58682.496527777781012          42900.000000000            -18994224.812             28514288.956            -19870175.594              206.9588818             -960.5629455            -1290.4568391
    58682.500000000000000          43200.000000000            -18937537.398             28223427.147            -20251532.398              170.8444096             -978.2653658            -1251.7783189
    58682.503472222226264          43500.000000000            -18891782.466             27927481.783            -20621157.825              134.0867169             -994.4469111            -1212.2512594
    58682.506944444445253          43800.000000000            -18857142.949             27626914.731            -20978800.605               96.7529905            -1009.0707187            -1171.8977793
    58682.510416666664241          44100.000000000            -18833781.364             27322198.465            -21324216.257               58.9121207            -1022.1029628            -1130.7410201
    58682.513888888890506          44400.000000000            -18821839.325             27013815.134            -21657167.394               20.6345530            -1033.5129559            -1088.8051315
    58682.517361111109494          44700.000000000            -18821437.097             26702255.616            -21977424.026              -18.0078648            -1043.2732433            -1046.1152547
    58682.520833333335759          45000.000000000            -18832673.200             26388018.526            -22284763.847              -56.9420417            -1051.3596905            -1002.6975023
    58682.524305555554747          45300.000000000            -18855624.062             26071609.212            -22578972.531              -96.0938074            -1057.7515621             -958.5789368
    58682.527777777781012          45600.000000000            -18890343.717             25753538.725            -22859844.010             -135.3880806            -1062.4315930             -913.7875453
    58682.531250000000000          45900.000000000            -18936863.563             25434322.764            -23127180.746             -174.7490416            -1065.3860511             -868.3522128
    58682.534722222226264          46200.000000000            -18995192.156             25114480.616            -23380793.999             -214.1003086            -1066.6047902             -822.3026920
    58682.538194444445253          46500.000000000            -19065315.086             24794534.063            -23620504.080             -253.3651166            -1066.0812950             -775.6695718
    58682.541666666664241          46800.000000000            -19147194.869             24475006.295            -23846140.597             -292.4664995            -1063.8127157             -728.4842421
    58682.545138888890506          47100.000000000            -19240770.930             24156420.805            -24057542.694             -331.3274738            -1059.7998935             -680.7788571
    58682.548611111109494          47400.000000000            -19345959.617             23839300.276            -24254559.267             -369.8712237            -1054.0473757             -632.5862964
    58682.552083333335759          47700.000000000            -19462654.283             23524165.471            -24437049.181             -408.0212874            -1046.5634214             -583.9401234
    58682.555555555554747          48000.000000000            -19590725.419             23211534.116            -24604881.469             -445.7017431            -1037.3599966             -534.8745419
    58682.559027777781012          48300.000000000            -19730020.838             22901919.800            -24757935.512             -482.8373954            -1026.4527592             -485.4243509
    58682.562500000000000          48600.000000000            -19880365.938             22595830.854            -24896101.218             -519.3539597            -1013.8610342             -435.6248975
    58682.565972222226264          48900.000000000            -20041563.978             22293769.277            -25019279.172             -555.1782464             -999.6077777             -385.5120276
    58682.569444444445253          49200.000000000            -20213396.459             21996229.631            -25127380.783             -590.2383409             -983.7195316             -335.1220360
    58682.572916666664241          49500.000000000            -20395623.512             21703697.993            -25220328.409             -624.4637836             -966.2263677             -284.4916142
    58682.576388888890506          49800.000000000            -20587984.376             21416650.893            -25298055.468             -657.7857432             -947.1618224             -233.6577973
    58682.579861111109494          50100.000000000            -20790197.903             21135554.289            -25360506.534             -690.1371890             -926.5628201             -182.6579102
    58682.583333333335759          50400.000000000            -21001963.129             20860862.567            -25407637.415             -721.4530563             -904.4695893             -131.5295119
    58682.586805555554747          50700.000000000            -21222959.884             20593017.558            -25439415.213             -751.6704085             -880.9255670              -80.3103402
    58682.590277777781012          51000.000000000            -21452849.457             20332447.595            -25455818.374             -780.7285916             -855.9772954              -29.0382550
    58682.593750000000000          51300.000000000            -21691275.301             20079566.596            -25456836.712             -808.5693846             -829.6743100               22.2488185
    58682.597222222226264          51600.000000000            -21937863.786             19834773.184            -25442471.420             -835.1371411             -802.0690180               73.5129463
    58682.600694444445253          51900.000000000            -22192224.992             19598449.844            -25412735.067             -860.3789253             -773.2165702              124.7162432
    58682.604166666664241          52200.000000000            -22453953.539             19370962.125            -25367651.573             -884.2446393             -743.1747242              175.8209290
    58682.607638888890506          52500.000000000            -22722629.461             19152657.872            -25307256.168             -906.6871431             -712.0037016              226.7893854
    58682.611111111109494          52800.000000000            -22997819.105             18943866.513            -25231595.337             -927.6623659             -679.7660373              277.5842113
    58682.614583333335759          53100.000000000            -23279076.070             18744898.390            -25140726.746             -947.1294080             -646.5264239              328.1682784
    58682.618055555554747          53400.000000000            -23565942.177             18556044.130            -25034719.153             -965.0506348             -612.3515499              378.5047849
    58682.621527777781012          53700.000000000            -23857948.452             18377574.080            -24913652.299             -981.3917608             -577.3099329              428.5573091
    58682.625000000000000          54000.000000000            -24154616.149             18209737.773            -24777616.787             -996.1219237             -541.4717485              478.2898610
    58682.628472222226264          54300.000000000            -24455457.785             18052763.469            -24626713.950            -1009.2137496             -504.9086556              527.6669326
    58682.631944444445253          54600.000000000            -24759978.196             17906857.723            -24461055.690            -1020.6434076             -467.6936184              576.6535470
    58682.635416666664241          54900.000000000            -25067675.605             17772205.031            -24280764.321            -1030.3906548             -429.9007248              625.2153056
    58682.638888888890506          55200.000000000            -25378042.702             17648967.520            -24085972.382            -1038.4388709             -391.6050044              673.3184335
    58682.642361111109494          55500.000000000            -25690567.744             17537284.683            -23876822.444            -1044.7750831             -352.8822439              720.9298229
    58682.645833333335759          55800.000000000            -26004735.639             17437273.193            -23653466.908            -1049.3899807             -313.8088021              768.0170742
    58682.649305555554747          56100.000000000            -26320029.056             17349026.748            -23416067.782            -1052.2779199             -274.4614245              814.5485357
    58682.652777777781012          56400.000000000            -26635929.517             17272615.991            -23164796.453            -1053.4369180             -234.9170587              860.4933402
    58682.656250000000000          56700.000000000            -26951918.501             17208088.469            -22899833.446            -1052.8686391             -195.2526701              905.8214399
    58682.659722222226264          57000.000000000            -27267478.523             17155468.667            -22621368.174            -1050.5783689             -155.5450600              950.5036385
    58682.663194444445253          57300.000000000            -27582094.233             17114758.067            -22329598.677            -1046.5749806             -115.8706853              994.5116211
    58682.666666666664241          57600.000000000            -27895253.467             17085935.295            -22024731.353            -1040.8708923              -76.3054803             1037.8179815
    58682.670138888890506          57900.000000000            -28206448.314             17068956.297            -21706980.684            -1033.4820141              -36.9246829             1080.3962473
    58682.673611111109494          58200.000000000            -28515176.156             17063754.569            -21376568.950            -1024.4276877                2.1973364             1122.2209016
    58682.677083333335759          58500.000000000            -28820940.678             17070241.449            -21033725.940            -1013.7306173               40.9872413             1163.2674036
    58682.680555555554747          58800.000000000            -29123252.878             17088306.450            -20678688.657            -1001.4167926               79.3728915             1203.5122051
    58682.684027777781012          59100.000000000            -29421632.024             17117817.645            -20311701.017             -987.5154042              117.2835005             1242.9327659
    58682.687500000000000          59400.000000000            -29715606.621             17158622.084            -19933013.546             -972.0587516              154.6497863             1281.5075653
    58682.690972222226264          59700.000000000            -30004715.308             17210546.289            -19542883.073             -955.0821449              191.4041188             1319.2161126
    58682.694444444445253          60000.000000000            -30288507.762             17273396.745            -19141572.417             -936.6237996              227.4806581             1356.0389542
    58682.697916666664241          60300.000000000            -30566545.544             17346960.482            -18729350.077             -916.7247256              262.8154897             1391.9576783
    58682.701388888890506          60600.000000000            -30838402.922             17431005.654            -18306489.920             -895.4286108              297.3467502             1426.9549182
    58682.704861111109494          60900.000000000            -31103667.660             17525282.180            -17873270.866             -872.7816993              331.0147481             1461.0143523
    58682.708333333335759          61200.000000000            -31361941.759             17629522.411            -17429976.573             -848.8326654              363.7620764             1494.1207026
    58682.711805555554747          61500.000000000            -31612842.173             17743441.833            -16976895.130             -823.6324831              395.5337184             1526.2597311
    58682.715277777781012          61800.000000000            -31856001.476             17866739.800            -16514318.739             -797.2342920              426.2771460             1557.4182337
    58682.718750000000000          62100.000000000            -32091068.493             17999100.284            -16042543.409             -769.6932595              455.9424104             1587.5840327
    58682.722222222226264          62400.000000000            -32317708.881             18140192.682            -15561868.651             -741.0664410              484.4822254             1616.7459676
    58682.725694444445253          62700.000000000            -32535605.686             18289672.603            -15072597.173             -711.4126369              511.8520425             1644.8938832
    58682.729166666664241          63000.000000000            -32744459.834             18447182.716            -14575034.580             -680.7922483              538.0101189             1672.0186177
    58682.732638888890506          63300.000000000            -32943990.590             18612353.598            -14069489.077             -649.2671303              562.9175773             1698.1119874
    58682.736111111109494          63600.000000000            -33133935.981             18784804.592            -13556271.182             -616.9004452              586.5384582             1723.1667719
    58682.739583333335759          63900.000000000            -33314053.158             18964144.705            -13035693.433             -583.7565144              608.8397647             1747.1766962
    58682.743055555554747          64200.000000000            -33484118.724             19149973.483            -12508070.115             -549.9006701              629.7914991             1770.1364132
    58682.746527777781012          64500.000000000            -33643929.013             19341881.941            -11973716.978             -515.3991070              649.3666926             1792.0414838
    58682.750000000000000          64800.000000000            -33793300.331             19539453.447            -11432950.971             -480.3187349              667.5414272             1812.8883564
    58682.753472222226264          65100.000000000            -33932069.144             19742264.659            -10886089.976             -444.7270314              684.2948506             1832.6743464
    58682.756944444445253          65400.000000000            -34060092.229             19949886.442            -10333452.557             -408.6918964              699.6091834             1851.3976133
    58682.760416666664241          65700.000000000            -34177246.778             20161884.786             -9775357.702             -372.2815076              713.4697201             1869.0571384
    58682.763888888890506          66000.000000000            -34283430.459             20377821.729             -9212124.587             -335.5641783              725.8648223             1885.6527012
    58682.767361111109494          66300.000000000            -34378561.441             20597256.275             -8644072.337             -298.6082169              736.7859063             1901.1848555
    58682.770833333335759          66600.000000000            -34462578.360             20819745.316             -8071519.797             -261.4817884              746.2274232             1915.6549053
    58682.774305555554747          66900.000000000            -34535440.272             21044844.520             -7494785.312             -224.2527798              754.1868337             1929.0648796
    58682.777777777781012          67200.000000000            -34597126.533             21272109.250             -6914186.512             -186.9886668              760.6645761             1941.4175082
    58682.781250000000000          67500.000000000            -34647636.669             21501095.439             -6330040.108             -149.7563850              765.6640289             1952.7161956
    58682.784722222226264          67800.000000000            -34686990.186             21731360.470             -5742661.688             -112.6222030              769.1914679             1962.9649969
    58682.788194444445253          68100.000000000            -34715226.360             21962464.034             -5152365.533              -75.6516007              771.2560174             1972.1685915
    58682.791666666664241          68400.000000000            -34732403.972             22193968.987             -4559464.427              -38.9091495              771.8695971             1980.3322586
    58682.795138888890506          68700.000000000            -34738601.028             22425442.166             -3964269.485               -2.4583976              771.0468637             1987.4618516
    58682.798611111109494          69000.000000000            -34733914.429             22656455.212             -3367089.981               33.6382412              768.8051475             1993.5637732
    58682.802083333335759          69300.000000000            -34718459.617             22886585.356             -2768233.192               69.3195942              765.1643857             1998.6449510
    58682.805555555554747          69600.000000000            -34692370.188             23115416.193             -2168004.237              104.5258330              760.1470504             2002.7128124
    58682.809027777781012          69900.000000000            -34655797.470             23342538.429             -1566705.939              139.1985716              753.7780739             2005.7752608
    58682.812500000000000          70200.000000000            -34608910.081             23567550.610              -964638.678              173.2809604              746.0847691             2007.8406516
    58682.815972222226264          70500.000000000            -34551893.450             23790059.826              -362100.266              206.7177755              737.0967478             2008.9177688
    58682.819444444445253          70800.000000000            -34484949.322             24009682.377               240614.185              239.4555036              726.8458355             2009.0158020
    58682.822916666664241          71100.000000000            -34408295.226             24226044.438               843212.376              271.4424224              715.3659826             2008.1443236
    58682.826388888890506          71400.000000000            -34322163.930             24438782.676              1445404.935              302.6286758              702.6931738             2006.3132672
    58682.829861111109494          71700.000000000            -34226802.872             24647544.845              2046905.520              332.9663448              688.8653354             2003.5329056
    58682.833333333335759          72000.000000000            -34122473.563             24851990.359              2647430.922              362.4095137              673.9222392             1999.8138298
    58682.836805555554747          72300.000000000            -34009450.988             25051790.822              3246701.152              390.9143311              657.9054057             1995.1669291
    58682.840277777781012          72600.000000000            -33888022.961             25246630.551              3844439.531              418.4390669              640.8580052             1989.6033706
    58682.843750000000000          72900.000000000            -33758489.500             25436207.043              4440372.769              444.9441639              622.8247571             1983.1345801
    58682.847222222226264          73200.000000000            -33621162.147             25620231.440              5034231.041              470.3922851              603.8518285             1975.7722237
    58682.850694444445253          73500.000000000            -33476363.317             25798428.927              5625748.055              494.7483559              583.9867314             1967.5281894
    58682.854166666664241          73800.000000000            -33324425.599             25970539.139              6214661.116              517.9796021              563.2782192             1958.4145699
    58682.857638888890506          74100.000000000            -33165691.063             26136316.509              6800711.187              540.0555832              541.7761827             1948.4436456
    58682.861111111109494          74400.000000000            -33000510.564             26295530.589              7383642.940              560.9482206              519.5315452             1937.6278687
    58682.864583333335759          74700.000000000            -32829243.013             26447966.361              7963204.806              580.6318224              496.5961579             1925.9798472
    58682.868055555554747          75000.000000000            -32652254.680             26593424.475              8539149.021              599.0831020              473.0226950             1913.5123304
    58682.871527777781012          75300.000000000            -32469918.447             26731721.507              9111231.664              616.2811945              448.8645490             1900.2381943
    58682.875000000000000          75600.000000000            -32282613.100             26862690.134              9679212.697              632.2076665              424.1757259             1886.1704281
    58682.878472222226264          75900.000000000            -32090722.582             26986179.323             10242855.990              646.8465238              399.0107413             1871.3221211
    58682.881944444445253          76200.000000000            -31894635.275             27102054.449             10801929.356              660.1842129              373.4245172             1855.7064499
    58682.885416666664241          76500.000000000            -31694743.256             27210197.422             11356204.572              672.2096202              347.4722790             1839.3366671
    58682.888888888890506          76800.000000000            -31491441.570             27310506.749             11905457.400              682.9140658              321.2094538             1822.2260897
    58682.892361111109494          77100.000000000            -31285127.508             27402897.579             12449467.607              692.2912940              294.6915696             1804.3880882
    58682.895833333335759          77400.000000000            -31076199.869             27487301.727             12988018.975              700.3374603              267.9741559             1785.8360769
    58682.899305555554747          77700.000000000            -30865058.251             27563667.650             13520899.320              707.0511138              241.1126456             1766.5835041
    58682.902777777781012          78000.000000000            -30652102.327             27631960.414             14047900.492              712.4331763              214.1622778             1746.6438429
    58682.906250000000000          78300.000000000            -30437731.144             27692161.610             14568818.388              716.4869187              187.1780028             1726.0305831
    58682.909722222226264          78600.000000000            -30222342.415             27744269.265             15083452.954              719.2179321              160.2143886             1704.7572227
    58682.913194444445253          78900.000000000            -30006331.835             27788297.701             15591608.183              720.6340978              133.3255289             1682.8372611
    58682.916666666664241          79200.000000000            -29790092.395             27824277.388             16093092.121              720.7455517              106.5649534             1660.2841913
    58682.920138888890506          79500.000000000            -29574013.705             27852254.766             16587716.856              719.5646479               79.9855398             1637.1114943
    58682.923611111109494          79800.000000000            -29358481.352             27872292.020             17075298.521              717.1059171               53.6394277             1613.3326322
    58682.927083333335759          80100.000000000            -29143876.236             27884466.859             17555657.282              713.3860239               27.5779353             1588.9610431
    58682.930555555554747          80400.000000000            -28930573.943             27888872.257             18028617.334              708.4237197                1.8514779             1564.0101360
    58682.934027777781012          80700.000000000            -28718944.130             27885616.164             18494006.888              702.2397943              -23.4905117             1538.4932857
    58682.937500000000000          81000.000000000            -28509349.916             27874821.203             18951658.162              694.8570237              -48.3996594             1512.4238287
    58682.940972222226264          81300.000000000            -28302147.293             27856624.345             19401407.371              686.3001162              -72.8287244             1485.8150594
    58682.944444444445253          81600.000000000            -28097684.566             27831176.547             19843094.708              676.5956557              -96.7316706             1458.6802263
    58682.947916666664241          81900.000000000            -27896301.781             27798642.393             20276564.335              665.7720429             -120.0637362             1431.0325287
    58682.951388888890506          82200.000000000            -27698330.205             27759199.697             20701664.367              653.8594342             -142.7814999             1402.8851145
    58682.954861111109494          82500.000000000            -27504091.801             27713039.086             21118246.854              640.8896787             -164.8429449             1374.2510767
    58682.958333333335759          82800.000000000            -27313898.730             27660363.577             21526167.767              626.8962532             -186.2075195             1345.1434522
    58682.961805555554747          83100.000000000            -27128052.878             27601388.122             21925286.976              611.9141950             -206.8361961             1315.5752194
    58682.965277777781012          83400.000000000            -26946845.390             27536339.150             22315468.239              595.9800336             -226.6915260             1285.5592968
    58682.968750000000000          83700.000000000            -26770556.240             27465454.077             22696579.179              579.1317205             -245.7376922             1255.1085414
    58682.972222222226264          84000.000000000            -26599453.810             27388980.818             23068491.268              561.4085570             -263.9405589             1224.2357483
    58682.975694444445253          84300.000000000            -26433794.501             27307177.264             23431079.804              542.8511216             -281.2677185             1192.9536494
    58682.979166666664241          84600.000000000            -26273822.356             27220310.770             23784223.898              523.5011951             -297.6885351             1161.2749134
    58682.982638888890506          84900.000000000            -26119768.712             27128657.608             24127806.452              503.4016853             -313.1741853             1129.2121448
    58682.986111111109494          85200.000000000            -25971851.877             27032502.420             24461714.138              482.5965500             -327.6976960             1096.7778849
    58682.989583333335759          85500.000000000            -25830276.822             26932137.660             24785837.382              461.1307193             -341.2339790             1063.9846110
    58682.993055555554747          85800.000000000            -25695234.906             26827863.016             25100070.344              439.0500175             -353.7598628             1030.8447375
    58682.996527777781012          86100.000000000            -25566903.609             26719984.847             25404310.898              416.4010831             -365.2541215              997.3706162
    58683.000000000000000              0.000000000            -25445446.316             26608815.574             25698460.614              393.2312893             -375.6974997              963.5745370
