    58681.916666666664241          79200.000000000             30317373.477             27456626.467             15604490.372            -1932.1738271             1479.2242522             1683.3107092
    58681.920138888890506          79500.000000000             29731289.355             27894500.010             16106115.757            -1974.8871451             1439.8542920             1660.7541380
    58681.923611111109494          79800.000000000             29132541.513             28320492.928             16600880.898            -2016.5972407             1400.0231881             1637.5779956
    58681.927083333335759          80100.000000000             28521432.145             28734469.660             17088601.941            -2057.2960072             1359.7494530             1613.7957205
    58681.930555555554747          80400.000000000             27898265.809             29136300.173             17569099.059            -2096.9757870             1319.0514424             1589.4207274
    58681.934027777781012          80700.000000000             27263349.295             29525859.918             18042196.444            -2135.6293567             1277.9473531             1564.4664018
    58681.937500000000000          81000.000000000             26616991.498             29903029.781             18507722.302            -2173.2499141             1236.4552210             1538.9460955
    58681.940972222226264          81300.000000000             25959503.289             30267696.034             18965508.835            -2209.8310649             1194.5929201             1512.8731222
    58681.944444444445253          81600.000000000             25291197.401             30619750.288             19415392.236            -2245.3668091             1152.3781612             1486.2607535
    58681.947916666664241          81900.000000000             24612388.307             30959089.440             19857212.670            -2279.8515288             1109.8284913             1459.1222156
    58681.951388888890506          82200.000000000             23923392.112             31285615.630             20290814.266            -2313.2799751             1066.9612939             1431.4706861
    58681.954861111109494          82500.000000000             23224526.440             31599236.187             20716045.096            -2345.6472566             1023.7937881             1403.3192911
    58681.958333333335759          82800.000000000             22516110.330             31899863.579             21132757.162            -2376.9488268              980.3430301             1374.6811026
    58681.961805555554747          83100.000000000             21798464.137             32187415.369             21540806.380            -2407.1804730              936.6259130             1345.5691368
    58681.965277777781012          83400.000000000             21071909.429             32461814.164             21940052.562            -2436.3383045              892.6591684             1315.9963517
    58681.968750000000000          83700.000000000             20336768.895             32722987.565             22330359.399            -2464.4187423              848.4593675             1285.9756459
    58681.972222222226264          84000.000000000             19593366.252             32970868.121             22711594.441            -2491.4185080              804.0429225             1255.5198574
    58681.975694444445253          84300.000000000             18842026.157             33205393.280             23083629.083            -2517.3346136              759.4260883             1224.6417625
    58681.979166666664241          84600.000000000             18083074.121             33426505.345             23446338.540            -2542.1643516              714.6249648             1193.3540747
    58681.982638888890506          84900.000000000             17316836.427             33634151.425             23799601.834            -2565.9052854              669.6554987             1161.6694450
    58681.986111111109494          85200.000000000             16543640.049             33828283.390             24143301.772            -2588.5552397              624.5334861             1129.6004612
    58681.989583333335759          85500.000000000             15763812.574             34008857.828             24477324.928            -2610.1122921              579.2745751             1097.1596476
    58681.993055555554747          85800.000000000             14977682.132             34175835.996             24801561.624            -2630.5747639              533.8942680             1064.3594660
    58681.996527777781012          86100.000000000             14185577.319             34329183.785             25115905.911            -2649.9412122              488.4079249             1031.2123153
    58682.000000000000000              0.000000000             13387827.130             34468871.670             25420255.550            -2668.2104215              442.8307663              997.7305327
    58682.003472222226264            300.000000000             12584760.890             34594874.672             25714511.995            -2685.3813969              397.1778760              963.9263942
    58682.006944444445253            600.000000000             11776708.194             34707172.318             25998580.372            -2701.4533558              351.4642049              929.8121156
    58682.010416666664241            900.000000000             10963998.837             34805748.600             26272369.466            -2716.4257219              305.7045739              895.3998536
    58682.013888888890506           1200.000000000             10146962.758             34890591.936             26535791.696            -2730.2981177              259.9136776              860.7017075
    58682.017361111109494           1500.000000000              9325929.982             34961695.137             26788763.106            -2743.0703590              214.1060878              825.7297199
    58682.020833333335759           1800.000000000              8501230.559             35019055.365             27031203.343            -2754.7424485              168.2962569              790.4958790
    58682.024305555554747           2100.000000000              7673194.511             35062674.101             27263035.642            -2765.3145703              122.4985220              755.0121199
    58682.027777777781012           2400.000000000              6842151.778             35092557.111             27484186.812            -2774.7870845               76.7271082              719.2903267
    58682.031250000000000           2700.000000000              6008432.168             35108714.411             27694587.218            -2783.1605223               30.9961326              683.3423342
    58682.034722222226264           3000.000000000              5172365.303             35111160.236             27894170.771            -2790.4355814              -14.6803918              647.1799304
    58682.038194444445253           3300.000000000              4334280.572             35099913.012             28082874.910            -2796.6131216              -60.2885523              610.8148582
    58682.041666666664241           3600.000000000              3494507.081             35074995.323             28260640.590            -2801.6941606             -105.8145325              574.2588180
    58682.045138888890506           3900.000000000              2653373.609             35036433.883             28427412.270            -2805.6798706             -151.2446087              537.5234699
    58682.048611111109494           4200.000000000              1811208.559             34984259.512             28583137.903            -2808.5715748             -196.5651455              500.6204364
    58682.052083333335759           4500.000000000               968339.918             34918507.105             28727768.922            -2810.3707440             -241.7625923              463.5613046
    58682.055555555554747           4800.000000000               125095.205             34839215.613             28861260.232            -2811.0789942             -286.8234790              426.3576291
    58682.059027777781012           5100.000000000              -718198.562             34746428.014             28983570.198            -2810.6980840             -331.7344122              389.0209347
    58682.062500000000000           5400.000000000             -1561214.918             34640191.293             29094660.640            -2809.2299122             -376.4820715              351.5627186
    58682.065972222226264           5700.000000000             -2403627.987             34520556.423             29194496.824            -2806.6765163             -421.0532052              313.9944541
    58682.069444444445253           6000.000000000             -3245112.523             34387578.341             29283047.453            -2803.0400706             -465.4346266              276.3275925
    58682.072916666664241           6300.000000000             -4085343.955             34241315.931             29360284.663            -2798.3228850             -509.6132103              238.5735667
    58682.076388888890506           6600.000000000             -4923998.424             34081832.006             29426184.019            -2792.5274041             -553.5758881              200.7437938
    58682.079861111109494           6900.000000000             -5760752.825             33909193.291             29480724.505            -2785.6562061             -597.3096454              162.8496781
    58682.083333333335759           7200.000000000             -6595284.846             33723470.407             29523888.531            -2777.7120031             -640.8015174              124.9026141
    58682.086805555554747           7500.000000000             -7427273.010             33524737.861             29555661.918            -2768.6976402             -684.0385857               86.9139894
    58682.090277777781012           7800.000000000             -8256396.712             33313074.024             29576033.907            -2758.6160961             -727.0079742               48.8951880
    58682.093750000000000           8100.000000000             -9082336.261             33088561.128             29584997.151            -2747.4704834             -769.6968458               10.8575933
    58682.097222222226264           8400.000000000             -9904772.919             32851285.249             29582547.722            -2735.2640494             -812.0923991              -27.1874092
    58682.100694444445253           8700.000000000            -10723388.946             32601336.297             29568685.104            -2722.0001770             -854.1818648              -65.2284284
    58682.104166666664241           9000.000000000            -11537867.633             32338808.013             29543412.203            -2707.6823859             -895.9525022             -103.2540648
    58682.107638888890506           9300.000000000            -12347893.351             32063797.951             29506735.345            -2692.3143345             -937.3915962             -141.2529073
    58682.111111111109494           9600.000000000            -13153151.587             31776407.479             29458664.281            -2675.8998213             -978.4864543             -179.2135303
    58682.114583333335759           9900.000000000            -13953328.991             31476741.769             29399212.193            -2658.4427872            -1019.2244031             -217.1244905
    58682.118055555554747          10200.000000000            -14748113.416             31164909.793             29328395.699            -2639.9473181            -1059.5927856             -254.9743241
    58682.121527777781012          10500.000000000            -15537193.962             30841024.319             29246234.860            -2620.4176473            -1099.5789585             -292.7515434
    58682.125000000000000          10800.000000000            -16320261.022             30505201.903             29152753.185            -2599.8581583            -1139.1702892             -330.4446344
    58682.128472222226264          11100.000000000            -17097006.328             30157562.892             29047977.646            -2578.2733884            -1178.3541533             -368.0420535
    58682.131944444445253          11400.000000000            -17867122.996             29798231.419             28931938.678            -2555.6680319            -1217.1179320             -405.5322247
    58682.135416666664241          11700.000000000            -18630305.573             29427335.403             28804670.197            -2532.0469439            -1255.4490101             -442.9035369
    58682.138888888890506          12000.000000000            -19386250.090             29045006.545             28666209.607            -2507.4151444            -1293.3347733             -480.1443407
    58682.142361111109494          12300.000000000            -20134654.107             28651380.332             28516597.812            -2481.7778225            -1330.7626066             -517.2429463
    58682.145833333335759          12600.000000000            -20875216.767             28246596.035             28355879.232            -2455.1403409            -1367.7198919             -554.1876204
    58682.149305555554747          12900.000000000            -21607638.849             27830796.714             28184101.811            -2427.5082410            -1404.1940067             -590.9665835
    58682.152777777781012          13200.000000000            -22331622.822             27404129.211             28001317.035            -2398.8872475            -1440.1723222             -627.5680079
    58682.156250000000000          13500.000000000            -23046872.899             26966744.164             27807579.948            -2369.2832742            -1475.6422021             -663.9800146
    58682.159722222226264          13800.000000000            -23753095.098             26518795.998             27602949.161            -2338.7024294            -1510.5910010             -700.1906716
    58682.163194444445253          14100.000000000            -24449997.300             26060442.937             27387486.878            -2307.1510219            -1545.0060639             -736.1879912
    58682.166666666664241          14400.000000000            -25137289.306             25591847.000             27161258.905            -2274.6355668            -1578.8747248             -771.9599279
    58682.170138888890506          14700.000000000            -25814682.907             25113174.010             26924334.670            -2241.1627924            -1612.1843063             -807.4943764
    58682.173611111109494          15000.000000000            -26481891.944             24624593.593             26676787.244            -2206.7396465            -1644.9221193             -842.7791698
    58682.177083333335759          15300.000000000            -27138632.375             24126279.185             26418693.357            -2171.3733033            -1677.0754625             -877.8020778
    58682.180555555554747          15600.000000000            -27784622.346             23618408.034             26150133.416            -2135.0711707            -1708.6316227             -912.5508045
    58682.184027777781012          15900.000000000            -28419582.262             23101161.202             25871191.528            -2097.8408977            -1739.5778747             -947.0129876
    58682.187500000000000          16200.000000000            -29043234.859             22574723.573             25581955.520            -2059.6903818            -1769.9014822             -981.1761967
    58682.190972222226264          16500.000000000            -29655305.281             22039283.852             25282516.957            -2020.6277772            -1799.5896982            -1015.0279317
    58682.194444444445253          16800.000000000            -30255521.158             21495034.569             24972971.165            -1980.6615027            -1828.6297664            -1048.5556225
    58682.197916666664241          17100.000000000            -30843612.684             20942172.083             24653417.252            -1939.8002504            -1857.0089221            -1081.7466274
    58682.201388888890506          17400.000000000            -31419312.707             20380896.584             24323958.129            -1898.0529936            -1884.7143943            -1114.5882329
    58682.204861111109494          17700.000000000            -31982356.805             19811412.093             23984700.531            -1855.4289965            -1911.7334071            -1147.0676529
    58682.208333333335759          18000.000000000            -32532483.386             19233926.464             23635755.041            -1811.9378225            -1938.0531822            -1179.1720284
    58682.211805555554747          18300.000000000            -33069433.767             18648651.385             23277236.111            -1767.5893437            -1963.6609413            -1210.8884278
    58682.215277777781012          18600.000000000            -33592952.279             18055802.378             22909262.082            -1722.3937506            -1988.5439092            -1242.2038463
    58682.218750000000000          18900.000000000            -34102786.357             17455598.796             22531955.209            -1676.3615612            -2012.6893167            -1273.1052073
    58682.222222222226264          19200.000000000            -34598686.641             16848263.820             22145441.678            -1629.5036314            -2036.0844043            -1303.5793620
    58682.225694444445253          19500.000000000            -35080407.081             16234024.460             21749851.634            -1581.8311646            -2058.7164263            -1333.6130910
    58682.229166666664241          19800.000000000            -35547705.041             15613111.544             21345319.195            -1533.3557218            -2080.5726548            -1363.1931054
    58682.232638888890506          20100.000000000            -36000341.408             14985759.717             20931982.478            -1484.0892326            -2101.6403847            -1392.3060479
    58682.236111111109494          20400.000000000            -36438080.705             14352207.431             20509983.615            -1434.0440048            -2121.9069386            -1420.9384949
    58682.239583333335759          20700.000000000            -36860691.206             13712696.936             20079468.779            -1383.2327357            -2141.3596725            -1449.0769584
    58682.243055555554747          21000.000000000            -37267945.051             13067474.270             19640588.193            -1331.6685223            -2159.9859817            -1476.7078886
    58682.246527777781012          21300.000000000            -37659618.374             12416789.245             19193496.160            -1279.3648727            -2177.7733070            -1503.8176764
    58682.250000000000000          21600.000000000            -38035491.422             11760895.435             18738351.068            -1226.3357163            -2194.7091420            -1530.3926569
    58682.253472222226264          21900.000000000            -38395348.688             11100050.154             18275315.418            -1172.5954156            -2210.7810399            -1556.4191122
    58682.256944444445253          22200.000000000            -38738979.036             10434514.443             17804555.830            -1118.1587764            -2225.9766218            -1581.8832760
    58682.260416666664241          22500.000000000            -39066175.844              9764553.043             17326243.062            -1063.0410598            -2240.2835845            -1606.7713376
    58682.263888888890506          22800.000000000            -39376737.136              9090434.376             16840552.023            -1007.2579923            -2253.6897098            -1631.0694462
    58682.267361111109494          23100.000000000            -39670465.723              8412430.514             16347661.778             -950.8257775            -2266.1828733            -1654.7637165
    58682.270833333335759          23400.000000000            -39947169.355              7730817.151             15847755.568             -893.7611072            -2277.7510546            -1677.8402341
    58682.274305555554747          23700.000000000            -40206660.859              7045873.570             15341020.807             -836.0811718            -2288.3823475            -1700.2850615
    58682.277777777781012          24000.000000000            -40448758.300              6357882.610             14827649.095             -777.8036717            -2298.0649709            -1722.0842442
    58682.281250000000000          24300.000000000            -40673285.126              5667130.620             14307836.221             -718.9468277            -2306.7872802            -1743.2238185
    58682.284722222226264          24600.000000000            -40880070.335              4973907.423             13781782.162             -659.5293920            -2314.5377797            -1763.6898181
    58682.288194444445253          24900.000000000            -41068948.630              4278506.267             13249691.084             -599.5706582            -2321.3051346            -1783.4682825
    58682.291666666664241          25200.000000000            -41239760.583              3581223.773             12711771.340             -539.0904717            -2327.0781845            -1802.5452657
    58682.295138888890506          25500.000000000            -41392352.806              2882359.885             12168235.465             -478.1092397            -2331.8459573            -1820.9068446
    58682.298611111109494          25800.000000000            -41526578.118              2182217.804             11619300.163             -416.6479407            -2335.5976832            -1838.5391294
    58682.302083333335759          26100.000000000            -41642295.718              1481103.935             11065186.302             -354.7281341            -2338.3228097            -1855.4282734
    58682.305555555554747          26400.000000000            -41739371.361               779327.811             10506118.893             -292.3719688            -2340.0110175            -1871.5604834
    58682.309027777781012          26700.000000000            -41817677.536                77202.025              9942327.078             -229.6021920            -2340.6522361            -1886.9220319
    58682.312500000000000          27000.000000000            -41877093.648              -624957.850              9374044.105             -166.4421572            -2340.2366610            -1901.4992683
    58682.315972222226264          27300.000000000            -41917506.199             -1326833.339              8801507.305             -102.9158317            -2338.7547704            -1915.2786318
    58682.319444444445253          27600.000000000            -41938808.975             -2028103.158              8224958.060              -39.0478039            -2336.1973440            -1928.2466649
    58682.322916666664241          27900.000000000            -41940903.231             -2728443.301              7644641.773               25.1367109            -2332.5554807            -1940.3900265
    58682.326388888890506          28200.000000000            -41923697.883             -3427527.145              7060807.832               89.6118639            -2327.8206179            -1951.6955070
    58682.329861111109494          28500.000000000            -41887109.695             -4125025.550              6473709.564              154.3511685            -2321.9845516            -1962.1500430
    58682.333333333335759          28800.000000000            -41831063.477             -4820606.972              5883604.192              219.3274956            -2315.0394558            -1971.7407336
    58682.336805555554747          29100.000000000            -41755492.271             -5513937.577              5290752.781              284.5130704            -2306.9779041            -1980.4548561
    58682.340277777781012          29400.000000000            -41660337.550             -6204681.366              4695420.188              349.8794697            -2297.7928902            -1988.2798834
    58682.343750000000000          29700.000000000            -41545549.412             -6892500.307              4097874.993              415.3976203            -2287.4778503            -1995.2035019
    58682.347222222226264          30000.000000000            -41411086.773             -7577054.463              3498389.437              481.0377985            -2276.0266851            -2001.2136293
    58682.350694444445253          30300.000000000            -41256917.565             -8258002.142              2897239.349              546.7696303            -2263.4337823            -2006.2984342
    58682.354166666664241          30600.000000000            -41083018.930             -8935000.046              2294704.066              612.5620934            -2249.6940404            -2010.4463551
    58682.357638888890506          30900.000000000            -40889377.411             -9607703.424              1691066.352              678.3835196            -2234.8028915            -2013.6461209
    58682.361111111109494          31200.000000000            -40675989.150            -10275766.238              1086612.306              744.2015989            -2218.7563260            -2015.8867718
    58682.364583333335759          31500.000000000            -40442860.079            -10938841.333               481631.264              809.9833852            -2201.5509161            -2017.1576803
    58682.368055555554747          31800.000000000            -40190006.104            -11596580.619              -123584.300              875.6953025            -2183.1838408            -2017.4485735
    58682.371527777781012          32100.000000000            -39917453.302            -12248635.250              -728738.887              941.3031535            -2163.6529107            -2016.7495556
    58682.375000000000000          32400.000000000            -39625238.098            -12894655.824             -1333534.091             1006.7721293            -2142.9565927            -2015.0511305
    58682.378472222226264          32700.000000000            -39313407.451            -13534292.579             -1937668.716             1072.0668205            -2121.0940352            -2012.3442259
    58682.381944444445253          33000.000000000            -38982019.032            -14167195.604             -2540838.914             1137.1512300            -2098.0650934            -2008.6202165
    58682.385416666664241          33300.000000000            -38631141.396            -14793015.053             -3142738.319             1201.9887881            -2073.8703543            -2003.8709490
    58682.388888888890506          33600.000000000            -38260854.155            -15411401.369             -3743058.190             1266.5423684            -2048.5111619            -1998.0887665
    58682.392361111109494          33900.000000000            -37871248.138            -16022005.515             -4341487.572             1330.7743062            -2021.9896424            -1991.2665336
    58682.395833333335759          34200.000000000            -37462425.552            -16624479.212             -4937713.445             1394.6464186            -1994.3087287            -1983.3976616
    58682.399305555554747          34500.000000000            -37034500.135            -17218475.186             -5531420.901             1458.1200259            -1965.4721853            -1974.4761345
    58682.402777777781012          34800.000000000            -36587597.301            -17803647.419             -6122293.316             1521.1559765            -1935.4846323            -1964.4965341
    58682.406250000000000          35100.000000000            -36121854.274            -18379651.411             -6710012.533             1583.7146716            -1904.3515691            -1953.4540664
    58682.409722222226264          35400.000000000            -35637420.223            -18946144.447             -7294259.052             1645.7560943            -1872.0793979            -1941.3445870
    58682.413194444445253          35700.000000000            -35134456.384            -19502785.869             -7874712.234             1707.2398385            -1838.6754463            -1928.1646275
    58682.416666666664241          36000.000000000            -34613136.163            -20049237.361             -8451050.502             1768.1251417            -1804.1479889            -1913.9114207
    58682.420138888890506          36300.000000000            -34073645.250            -20585163.233             -9022951.556             1828.3709188            -1768.5062690            -1898.5829267
    58682.423611111109494          36600.000000000            -33516181.701            -21110230.716             -9590092.598             1887.9357986            -1731.7605183            -1882.1778579
    58682.427083333335759          36900.000000000            -32940956.022            -21624110.261            -10152150.559             1946.7781619            -1693.9219763            -1864.6957040
    58682.430555555554747          37200.000000000            -32348191.238            -22126475.846            -10708802.338             2004.8561824            -1655.0029085            -1846.1367570
    58682.434027777781012          37500.000000000            -31738122.946            -22617005.281            -11259725.043             2062.1278689            -1615.0166232            -1826.5021347
    58682.437500000000000          37800.000000000            -31110999.361            -23095380.531            -11804596.245             2118.5511103            -1573.9774871            -1805.7938047
    58682.440972222226264          38100.000000000            -30467081.342            -23561288.028            -12343094.236             2174.0837223            -1531.9009391            -1784.0146068
    58682.444444444445253          38400.000000000            -29806642.411            -24014419.002            -12874898.293             2228.6834962            -1488.8035035            -1761.1682748
    58682.447916666664241          38700.000000000            -29129968.747            -24454469.800            -13399688.949             2282.3082495            -1444.7028004            -1737.2594584
    58682.451388888890506          39000.000000000            -28437359.174            -24881142.224            -13917148.275             2334.9158785            -1399.6175549            -1712.2937420
    58682.454861111109494          39300.000000000            -27729125.130            -25294143.859            -14426960.155             2386.4644134            -1353.5676049            -1686.2776649
    58682.458333333335759          39600.000000000            -27005590.614            -25693188.408            -14928810.585             2436.9120737            -1306.5739058            -1659.2187380
    58682.461805555554747          39900.000000000            -26267092.127            -26077996.031            -15422387.960             2486.2173266            -1258.6585341            -1631.1254608
    58682.465277777781012          40200.000000000            -25513978.583            -26448293.678            -15907383.374             2534.3389466            -1209.8446885            -1602.0073362
    58682.468750000000000          40500.000000000            -24746611.210            -26803815.425            -16383490.925             2581.2360762            -1160.1566889            -1571.8748839
    58682.472222222226264          40800.000000000            -23965363.431            -27144302.816            -16850408.023             2626.8682882            -1109.6199724            -1540.7396524
    58682.475694444445253          41100.000000000            -23170620.724            -27469505.188            -17307835.694             2671.1956493            -1058.2610880            -1508.6142286
    58682.479166666664241          41400.000000000            -22362780.466            -27779180.013            -17755478.901             2714.1787846            -1006.1076876            -1475.5122469
    58682.482638888890506          41700.000000000            -21542251.753            -28073093.220            -18193046.852             2755.7789428             -953.1885154            -1441.4483946
    58682.486111111109494          42000.000000000            -20709455.206            -28351019.524            -18620253.321             2795.9580625             -899.5333944            -1406.4384168
    58682.489583333335759          42300.000000000            -19864822.753            -28612742.747            -19036816.966             2834.6788390             -845.1732094            -1370.4991186
    58682.493055555554747          42600.000000000            -19008797.388            -28858056.133            -19442461.643             2871.9047912             -790.1398886            -1333.6483648
    58682.496527777781012          42900.000000000            -18141832.923            -29086762.658            -19836916.728             2907.6003285             -734.4663815            -1295.9050779
    58682.500000000000000          43200.000000000            -17264393.700            -29298675.334            -20219917.431             2941.7308184             -678.1866345            -1257.2892335
    58682.503472222226264          43500.000000000            -16376954.301            -29493617.503            -20591205.111             2974.2626531             -621.3355630            -1217.8218536
    58682.506944444445253          43800.000000000            -15479999.229            -29671423.122            -20950527.592             3005.1633161             -563.9490219            -1177.5249967
    58682.510416666664241          44100.000000000            -14574022.568            -29831937.043            -21297639.466             3034.4014476             -506.0637720            -1136.4217464
    58682.513888888890506          44400.000000000            -13659527.631            -29975015.275            -21632302.406             3061.9469096             -447.7174445            -1094.5361969
    58682.517361111109494          44700.000000000            -12737026.579            -30100525.245            -21954285.460             3087.7708494             -388.9485025            -1051.8934360
    58682.520833333335759          45000.000000000            -11807040.029            -30208346.038            -22263365.350             3111.8457617             -329.7961998            -1008.5195260
    58682.524305555554747          45300.000000000            -10870096.640            -30298368.627            -22559326.759             3134.1455494             -270.3005371             -964.4414811
    58682.527777777781012          45600.000000000             -9926732.680            -30370496.092            -22841962.616             3154.6455821             -210.5022155             -919.6872433
    58682.531250000000000          45900.000000000             -8977491.582            -30424643.823            -23111074.367             3173.3227530             -150.4425879             -874.2856550
    58682.534722222226264          46200.000000000             -8022923.473            -30460739.708            -23366472.243             3190.1555330              -90.1636079             -828.2664297
    58682.538194444445253          46500.000000000             -7063584.697            -30478724.301            -23607975.514             3205.1240226              -29.7077760             -781.6601197
    58682.541666666664241          46800.000000000             -6100037.316            -30478550.986            -23835412.739             3218.2100005               30.8819154             -734.4980816
    58682.545138888890506          47100.000000000             -5132848.603            -30460186.108            -24048622.000             3229.3969703               91.5620397             -686.8124397
    58682.548611111109494          47400.000000000             -4162590.514            -30423609.098            -24247451.126             3238.6702027              152.2887956             -638.6360468
    58682.552083333335759          47700.000000000             -3189839.154            -30368812.578            -24431757.905             3246.0167751              213.0180677             -590.0024428
    58682.555555555554747          48000.000000000             -2215174.229            -30295802.442            -24601410.287             3251.4256076              273.7054891             -540.9458118
    58682.559027777781012          48300.000000000             -1239178.490            -30204597.924            -24756286.566             3254.8874951              334.3065054             -491.5009364
    58682.562500000000000          48600.000000000              -262437.163            -30095231.647            -24896275.556             3256.3951352              394.7764389             -441.7031505
    58682.565972222226264          48900.000000000               714462.623            -29967749.643            -25021276.747             3255.9431531              455.0705550             -391.5882911
    58682.569444444445253          49200.000000000              1690932.417            -29822211.368            -25131200.451             3253.5281209              515.1441286             -341.1926472
    58682.572916666664241          49500.000000000              2666383.037            -29658689.685            -25225967.925             3249.1485740              574.9525108             -290.5529083
    58682.576388888890506          49800.000000000              3640225.155            -29477270.832            -25305511.489             3242.8050225              634.4511960             -239.7061113
    58682.579861111109494          50100.000000000              4611869.893            -29278054.368            -25369774.618             3234.4999577              693.5958900             -188.6895864
    58682.583333333335759          50400.000000000              5580729.419            -29061153.100            -25418712.024             3224.2378556              752.3425762             -137.5409018
    58682.586805555554747          50700.000000000              6546217.541            -28826692.991            -25452289.718             3212.0251740              810.6475832              -86.2978081
    58682.590277777781012          51000.000000000              7507750.302            -28574813.046            -25470485.055             3197.8703468              868.4676501              -34.9981816
    58682.593750000000000          51300.000000000              8464746.568            -28305665.175            -25473286.768             3181.7837730              925.7599929               16.3200322
    58682.597222222226264          51600.000000000              9416628.620            -28019414.049            -25460694.973             3163.7778009              982.4823677               67.6188758
    58682.600694444445253          51900.000000000             10362822.731            -27716236.918            -25432721.171             3143.8667087             1038.5931347              118.8604363
    58682.604166666664241          52200.000000000             11302759.745            -27396323.429            -25389388.221             3122.0666801             1094.0513192              170.0069029
    58682.607638888890506          52500.000000000             12235875.645            -27059875.412            -25330730.305             3098.3957760             1148.8166718              221.0206227
    58682.611111111109494          52800.000000000             13161612.108            -26707106.658            -25256792.867             3072.8739018             1202.8497264              271.8641569
    58682.614583333335759          53100.000000000             14079417.054            -26338242.672            -25167632.547             3045.5227712             1256.1118564              322.5003358
    58682.618055555554747          53400.000000000             14988745.187            -25953520.413            -25063317.087             3016.3658651             1308.5653286              372.8923133
    58682.621527777781012          53700.000000000             15889058.511            -25553188.022            -24943925.228             2985.4283877             1360.1733544              423.0036201
    58682.625000000000000          54000.000000000             16779826.845            -25137504.528            -24809546.588             2952.7372188             1410.9001394              472.7982151
    58682.628472222226264          54300.000000000             17660528.318            -24706739.542            -24660281.528             2918.3208628             1460.7109291              522.2405366
    58682.631944444445253          54600.000000000             18530649.846            -24261172.941            -24496240.999             2882.2093937             1509.5720530              571.2955512
    58682.635416666664241          54900.000000000             19389687.597            -23801094.535            -24317546.376             2844.4343988             1557.4509651              619.9288006
    58682.638888888890506          55200.000000000             20237147.432            -23326803.725            -24124329.281             2805.0289181             1604.3162818              668.1064477
    58682.642361111109494          55500.000000000             21072545.338            -22838609.148            -23916731.387             2764.0273819             1650.1378164              715.7953197
    58682.645833333335759          55800.000000000             21895407.827            -22336828.314            -23694904.215             2721.4655466             1694.8866110              762.9629500
    58682.649305555554747          56100.000000000             22705272.333            -21821787.230            -23459008.916             2677.3804271             1738.5349645              809.5776172
    58682.652777777781012          56400.000000000             23501687.572            -21293820.025            -23209216.038             2631.8102291             1781.0564584              855.6083824
    58682.656250000000000          56700.000000000             24284213.892            -20753268.557            -22945705.292             2584.7942785             1822.4259780              901.0251238
    58682.659722222226264          57000.000000000             25052423.598            -20200482.020            -22668665.296             2536.3729508             1862.6197321              945.7985694
    58682.663194444445253          57300.000000000             25805901.257            -19635816.544            -22378293.322             2486.5875980             1901.6152678              989.9003267
    58682.666666666664241          57600.000000000             26544243.977            -19059634.795            -22074795.021             2435.4804762             1939.3914831             1033.3029102
    58682.670138888890506          57900.000000000             27267061.672            -18472305.565            -21758384.152             2383.0946719             1975.9286362             1075.9797665
    58682.673611111109494          58200.000000000             27973977.294            -17874203.362            -21429282.297             2329.4740279             2011.2083512             1117.9052969
    58682.677083333335759          58500.000000000             28664627.055            -17265708.003            -21087718.572             2274.6630699             2045.2136216             1159.0548768
    58682.680555555554747          58800.000000000             29338660.617            -16647204.202            -20733929.332             2218.7069325             2077.9288097             1199.4048737
    58682.684027777781012          59100.000000000             29995741.262            -16019081.157            -20368157.872             2161.6512861             2109.3396441             1238.9326615
    58682.687500000000000          59400.000000000             30635546.049            -15381732.146            -19990654.120             2103.5422646             2139.4332137             1277.6166335
    58682.690972222226264          59700.000000000             31257765.935            -14735554.116            -19601674.335             2044.4263929             2168.1979596             1315.4362117
    58682.694444444445253          60000.000000000             31862105.884            -14080947.279            -19201480.790             1984.3505170             2195.6236635             1352.3718548
    58682.697916666664241          60300.000000000             32448284.954            -13418314.716            -18790341.469             1923.3617342             2221.7014343             1388.4050630
    58682.701388888890506          60600.000000000             33016036.361            -12748061.974            -18368529.745             1861.5073248             2246.4236925             1423.5183810
    58682.704861111109494          60900.000000000             33565107.526            -12070596.684            -17936324.074             1798.8346857             2269.7841514             1457.6953986
    58682.708333333335759          61200.000000000             34095260.095            -11386328.169            -17494007.676             1735.3912656             2291.7777971             1490.9207492
    58682.711805555554747          61500.000000000             34606269.951            -10695667.068            -17041868.227             1671.2245021             2312.4008661             1523.1801059
    58682.715277777781012          61800.000000000             35097927.199             -9999024.965            -16580197.545             1606.3817603             2331.6508210             1554.4601762
    58682.718750000000000          62100.000000000             35570036.133             -9296814.024            -16109291.280             1540.9102739             2349.5263247             1584.7486941
    58682.722222222226264          62400.000000000             36022415.194             -8589446.635            -15629448.612             1474.8570887             2366.0272129             1614.0344111
    58682.725694444445253          62700.000000000             36454896.898             -7877335.064            -15140971.941             1408.2690074             2381.1544653             1642.3070847
    58682.729166666664241          63000.000000000             36867327.761             -7160891.114            -14644166.593             1341.1925379             2394.9101748             1669.5574661
    58682.732638888890506          63300.000000000             37259568.199             -6440525.799            -14139340.521             1273.6738431             2407.2975171             1695.7772856
    58682.736111111109494          63600.000000000             37631492.422             -5716649.021            -13626804.012             1205.7586933             2418.3207175             1720.9592371
    58682.739583333335759          63900.000000000             37982988.305             -4989669.262            -13106869.404             1137.4924215             2427.9850179             1745.0969611
    58682.743055555554747          64200.000000000             38313957.250             -4259993.281            -12579850.804             1068.9198809             2436.2966427             1768.1850267
    58682.746527777781012          64500.000000000             38624314.042             -3528025.830            -12046063.809             1000.0854042             2443.2627643             1790.2189120
    58682.750000000000000          64800.000000000             38913986.679             -2794169.367            -11505825.241              931.0327671             2448.8914680             1811.1949840
    58682.753472222226264          65100.000000000             39182916.206             -2058823.797            -10959452.880              861.8051523             2453.1917159             1831.1104773
    58682.756944444445253          65400.000000000             39431056.530             -1322386.206            -10407265.207              792.4451176             2456.1733118             1849.9634721
    58682.760416666664241          65700.000000000             39658374.227              -585250.617             -9849581.158              722.9945655             2457.8468647             1867.7528714
    58682.763888888890506          66000.000000000             39864848.342               152192.244             -9286719.876              653.4947156             2458.2237533             1884.4783780
    58682.767361111109494          66300.000000000             40050470.180               889555.177             -8719000.476              583.9860794             2457.3160894             1900.1404702
    58682.770833333335759          66600.000000000             40215243.092              1626454.721             -8146741.815              514.5084373             2455.1366827             1914.7403776
    58682.774305555554747          66900.000000000             40359182.248              2362511.358             -7570262.274              445.1008181             2451.6990046             1928.2800567
    58682.777777777781012          67200.000000000             40482314.413              3097349.705             -6989879.540              375.8014802             2447.0171537             1940.7621657
    58682.781250000000000          67500.000000000             40584677.714              3830598.700             -6405910.401              306.6478962             2441.1058201             1952.1900398
    58682.784722222226264          67800.000000000             40666321.396              4561891.772             -5818670.543              237.6767378             2433.9802516             1962.5676652
    58682.788194444445253          68100.000000000             40727305.588              5290867.003             -5228474.367              168.9238647             2425.6562196             1971.8996549
    58682.791666666664241          68400.000000000             40767701.050              6017167.282             -4635634.795              100.4243137             2416.1499859             1980.1912226
    58682.795138888890506          68700.000000000             40787588.932              6740440.445             -4040463.098               32.2122912             2405.4782699             1987.4481581
    58682.798611111109494          69000.000000000             40787060.517              7460339.409             -3443268.731              -35.6788336             2393.6582170             1993.6768021
    58682.802083333335759          69300.000000000             40766216.977              8176522.294             -2844359.161             -103.2165331             2380.7073671             1998.8840214
    58682.805555555554747          69600.000000000             40725169.111              8888652.538             -2244039.725             -170.3691244             2366.6436243             2003.0771846
    58682.809027777781012          69900.000000000             40664037.100              9596399.002             -1642613.473             -237.1057706             2351.4852277             2006.2641377
    58682.812500000000000          70200.000000000             40582950.245             10299436.063             -1040381.035             -303.3964807             2335.2507220             2008.4531802
    58682.815972222226264          70500.000000000             40482046.722             10997443.706              -437640.484             -369.2121078             2317.9589303             2009.6530420
    58682.819444444445253          70800.000000000             40361473.322             11690107.599               165312.785             -434.5243468             2299.6289267             2009.8728600
    58682.822916666664241          71100.000000000             40221385.203             12377119.170               768186.178             -499.3057295             2280.2800107             2009.1221556
    58682.826388888890506          71400.000000000             40061945.636             13058175.664              1370690.013             -563.5296200             2259.9316817             2007.4108127
    58682.829861111109494          71700.000000000             39883325.764             13732980.205              1972537.623             -627.1702078             2238.6036150             2004.7490562
    58682.833333333335759          72000.000000000             39685704.344             14401241.842              2573445.459             -690.2025004             2216.3156387             2001.1474307
    58682.836805555554747          72300.000000000             39469267.514             15062675.593              3173133.178             -752.6023150             2193.0877112             1996.6167806
    58682.840277777781012          72600.000000000             39234208.544             15717002.480              3771323.736             -814.3462694             2168.9399000             1991.1682294
    58682.843750000000000          72900.000000000             38980727.600             16363949.560              4367743.464             -875.4117714             2143.8923614             1984.8131612
    58682.847222222226264          73200.000000000             38709031.510             17003249.946              4962122.143             -935.7770085             2117.9653209             1977.5632013
    58682.850694444445253          73500.000000000             38419333.528             17634642.829              5554193.079             -995.4209361             2091.1790546             1969.4301989
    58682.854166666664241          73800.000000000             38111853.110             18257873.487              6143693.163            -1054.3232653             2063.5538719             1960.4262090
    58682.857638888890506          74100.000000000             37786815.686             18872693.294              6730362.930            -1112.4644508             2035.1100986             1950.5634756
    58682.861111111109494          74400.000000000             37444452.438             19478859.720              7313946.615            -1169.8256772             2005.8680611             1939.8544161
    58682.864583333335759          74700.000000000             37085000.088             20076136.335              7894192.204            -1226.3888455             1975.8480715             1928.3116049
    58682.868055555554747          75000.000000000             36708700.679             20664292.796              8470851.474            -1282.1365596             1945.0704134             1915.9477591
    58682.871527777781012          75300.000000000             36315801.370             21243104.841              9043680.040            -1337.0521117             1913.5553292             1902.7757238
    58682.875000000000000          75600.000000000             35906554.233             21812354.270              9612437.385            -1391.1194678             1881.3230069             1888.8084583
    58682.878472222226264          75900.000000000             35481216.049             22371828.934             10176886.898            -1444.3232531             1848.3935691             1874.0590236
    58682.881944444445253          76200.000000000             35040048.114             22921322.705             10736795.897            -1496.6487370             1814.7870620             1858.5405691
    58682.885416666664241          76500.000000000             34583316.049             23460635.460             11291935.660            -1548.0818183             1780.5234453             1842.2663212
    58682.888888888890506          76800.000000000             34111289.614             23989573.048             11842081.440            -1598.6090095             1745.6225827             1825.2495719
    58682.892361111109494          77100.000000000             33624242.523             24507947.262             12387012.487            -1648.2174223             1710.1042338             1807.5036681
    58682.895833333335759          77400.000000000             33122452.271             25015575.805             12926512.064            -1696.8947519             1673.9880457             1789.0420012
    58682.899305555554747          77700.000000000             32606199.956             25512282.258             13460367.454            -1744.6292621             1637.2935460             1769.8779978
    58682.902777777781012          78000.000000000             32075770.115             25997896.042             13988369.974            -1791.4097700             1600.0401358             1750.0251106
    58682.906250000000000          78300.000000000             31531450.560             26472252.376             14510314.979            -1837.2256310             1562.2470844             1729.4968095
    58682.909722222226264          78600.000000000             30973532.215             26935192.242             15026001.867            -1882.0667237             1523.9335233             1708.3065740
    58682.913194444445253          78900.000000000             30402308.966             27386562.338             15535234.078            -1925.9234353             1485.1184417             1686.4678858
    58682.916666666664241          79200.000000000             29818077.506             27826215.040             16037819.100            -1968.7866467             1445.8206819             1663.9942212
    58682.920138888890506          79500.000000000             29221137.193             28254008.350             16533568.460            -2010.6477181             1406.0589360             1640.8990452
    58682.923611111109494          79800.000000000             28611789.908             28669805.857             17022297.721            -2051.4984745             1365.8517425             1617.1958049
    58682.927083333335759          80100.000000000             27990339.914             29073476.689             17503826.479            -2091.3311918             1325.2174832             1592.8979244
    58682.930555555554747          80400.000000000             27357093.727             29464895.463             17977978.351            -2130.1385829             1284.1743815             1568.0187991
    58682.934027777781012          80700.000000000             26712359.985             29843942.240             18444580.970            -2167.9137837             1242.7405002             1542.5717914
    58682.937500000000000          81000.000000000             26056449.322             30210502.476             18903465.971            -2204.6503403             1200.9337398             1516.5702261
    58682.940972222226264          81300.000000000             25389674.252             30564466.971             19354468.979            -2240.3421954             1158.7718383             1490.0273864
    58682.944444444445253          81600.000000000             24712349.044             30905731.823             19797429.599            -2274.9836754             1116.2723697             1462.9565104
    58682.947916666664241          81900.000000000             24024789.616             31234198.377             20232191.401            -2308.5694782             1073.4527440             1435.3707881
    58682.951388888890506          82200.000000000             23327313.420             31549773.179             20658601.901            -2341.0946609             1030.3302075             1407.2833580
    58682.954861111109494          82500.000000000             22620239.342             31852367.920             21076512.553            -2372.5546274              986.9218428             1378.7073052
    58682.958333333335759          82800.000000000             21903887.592             32141899.394             21485778.725            -2402.9451173              943.2445696             1349.6556587
    58682.961805555554747          83100.000000000             21178579.614             32418289.447             21886259.686            -2432.2621940              899.3151456             1320.1413899
    58682.965277777781012          83400.000000000             20444637.981             32681464.927             22277818.588            -2460.5022344              855.1501681             1290.1774107
    58682.968750000000000          83700.000000000             19702386.310             32931357.637             22660322.447            -2487.6619176              810.7660746             1259.7765723
    58682.972222222226264          84000.000000000             18952149.170             33167904.288             23033642.125            -2513.7382146              766.1791457             1228.9516644
    58682.975694444445253          84300.000000000             18194251.995             33391046.454             23397652.312            -2538.7283787              721.4055060             1197.7154141
    58682.979166666664241          84600.000000000             17429021.004             33600730.519             23752231.506            -2562.6299354              676.4611268             1166.0804856
    58682.982638888890506          84900.000000000             16656783.117             33796907.638             24097261.996            -2585.4406733              631.3618282             1134.0594798
    58682.986111111109494          85200.000000000             15877865.879             33979533.691             24432629.840            -2607.1586347              586.1232817             1101.6649344
    58682.989583333335759          85500.000000000             15092597.386             34148569.235             24758224.850            -2627.7821076              540.7610132             1068.9093240
    58682.993055555554747          85800.000000000             14301306.211             34303979.466             25073940.569            -2647.3096166              495.2904051             1035.8050604
    58682.996527777781012          86100.000000000             13504321.337             34445734.169             25379674.256            -2665.7399153              449.7267000             1002.3644934
    58683.000000000000000              0.000000000             12701972.086             34573807.687             25675326.864            -2683.0719786              404.0850035              968.5999113
