 Earth Radiation Model (ERM):   1

 satsinex_filename =igs_metadata_2063.snx                                                                               
 use cannonball f0 model as a priori SRP model
 POD Tool mode: 1 :: Orbit Determination
  
 Initial Conditions mode: 1 :: A-priori orbit input file: COD0MGXFIN_20191990000_01D_05M_ORB.SP3
  
 Success: End of leap.second found,           28 values read
 Final entry in leap.second is,         2017           1   37.000000000000000     
 Satellites number:                    93 IC Eopch:         2019           7          18   0.0000000000000000     
  
STATUS :200401:0428:32.7 POD/:  A priori SRP model =       1
STATUS :200401:0428:32.7 POD/:  SRP model =       2
  
 PRN: G01, SVN:  63, BLK TYP: GPS-IIF, BLKID:   8, TX PWR: 240, MASS: 1633.000
 IC:    58682.000000000000        0.0000000000000000       -12053996.852000000        21412163.230999999       -9849315.8059999999       -1032.9676300939173        707.32140284404159        2889.1665919814259     
 Orbit Determination
 day of year        2019         199 G01  beta  -21.055801339172902     
 ECOM2 SRP MODEL IS ACTIVATED
 Orbit residuals: ICRF in orbital frame
 RMS-RTN ICRF FIT G01        0.0028        0.0016        0.0036
 Orbit residuals: ICRF
 RMS-XYZ ICRF FIT G01        0.0031        0.0021        0.0030
 External Orbit comparison
 Orbit comparison: ICRF
 RMS-RTN ICRF CMP G01        0.0028        0.0016        0.0036
 RMS-XYZ ICRF CMP G01        0.0031        0.0021        0.0030
 Orbit comparison: ITRF
 RMS-XYZ ITRF CMP G01        0.0017        0.0034        0.0030
  
  
 PRN: G02, SVN:  61, BLK TYP: GPS-IIR-B, BLKID:   6, TX PWR:  60, MASS: 1080.000
 IC:    58682.000000000000        0.0000000000000000        20561552.770000000       -13147270.275999999       -9692254.6860000007       -649.18898038938642        1190.7695703040808       -2831.8342814706266     
 Orbit Determination
 day of year        2019         199 G02  beta  -22.344868611303600     
 ECOM2 SRP MODEL IS ACTIVATED
 Orbit residuals: ICRF in orbital frame
 RMS-RTN ICRF FIT G02        0.0043        0.0029        0.0052
 Orbit residuals: ICRF
 RMS-XYZ ICRF FIT G02        0.0055        0.0035        0.0035
 External Orbit comparison
 Orbit comparison: ICRF
 RMS-RTN ICRF CMP G02        0.0043        0.0029        0.0052
 RMS-XYZ ICRF CMP G02        0.0055        0.0035        0.0035
 Orbit comparison: ITRF
 RMS-XYZ ITRF CMP G02        0.0042        0.0050        0.0035
  
  
 PRN: G03, SVN:  69, BLK TYP: GPS-IIF, BLKID:   8, TX PWR: 240, MASS: 1633.000
 IC:    58682.000000000000        0.0000000000000000       -4447741.3190000001        14515475.773000000       -21838716.232999999       -2667.1026573404670       -714.52934391237795        77.028180658817291     
 Orbit Determination
 day of year        2019         199 G03  beta   22.323743855587836     
 ECOM2 SRP MODEL IS ACTIVATED
 Orbit residuals: ICRF in orbital frame
 RMS-RTN ICRF FIT G03        0.0027        0.0022        0.0040
 Orbit residuals: ICRF
 RMS-XYZ ICRF FIT G03        0.0030        0.0024        0.0036
 External Orbit comparison
 Orbit comparison: ICRF
 RMS-RTN ICRF CMP G03        0.0027        0.0022        0.0040
 RMS-XYZ ICRF CMP G03        0.0030        0.0024        0.0036
 Orbit comparison: ITRF
 RMS-XYZ ITRF CMP G03        0.0029        0.0026        0.0036
  
  
 PRN: G04, SVN:  36, BLK TYP: GPS-IIA, BLKID:   3, TX PWR:  50, MASS:  930.000
 IC:    58682.000000000000        0.0000000000000000       -15995776.029000001       -476581.41899999999        20988229.555999998       -945.55684935487807       -2556.1952481933986       -713.65756746754050     
 Orbit Determination
 day of year        2019         199 G04  beta  -29.766311960889382     
 ECOM2 SRP MODEL IS ACTIVATED
 Orbit residuals: ICRF in orbital frame
 RMS-RTN ICRF FIT G04        0.0029        0.0022        0.0051
 Orbit residuals: ICRF
 RMS-XYZ ICRF FIT G04        0.0020        0.0041        0.0043
 External Orbit comparison
 Orbit comparison: ICRF
 RMS-RTN ICRF CMP G04        0.0029        0.0022        0.0051
 RMS-XYZ ICRF CMP G04        0.0020        0.0041        0.0043
 Orbit comparison: ITRF
 RMS-XYZ ITRF CMP G04        0.0033        0.0031        0.0043
  
  
 PRN: G05, SVN:  50, BLK TYP: GPS-IIR-M, BLKID:   7, TX PWR: 145, MASS: 1080.000
 IC:    58682.000000000000        0.0000000000000000        23035926.195000000       -3909048.6699999999        12696263.598999999        1528.2378789111972        608.59977280208841       -2539.2370615471154     
 Orbit Determination
 day of year        2019         199 G05  beta   21.199240540298192     
 ECOM2 SRP MODEL IS ACTIVATED
 Orbit residuals: ICRF in orbital frame
 RMS-RTN ICRF FIT G05        0.0043        0.0024        0.0046
 Orbit residuals: ICRF
 RMS-XYZ ICRF FIT G05        0.0036        0.0033        0.0046
 External Orbit comparison
 Orbit comparison: ICRF
 RMS-RTN ICRF CMP G05        0.0043        0.0024        0.0046
 RMS-XYZ ICRF CMP G05        0.0036        0.0033        0.0046
 Orbit comparison: ITRF
 RMS-XYZ ITRF CMP G05        0.0039        0.0030        0.0046
  
  
 PRN: G06, SVN:  67, BLK TYP: GPS-IIF, BLKID:   8, TX PWR: 240, MASS: 1633.000
 IC:    58682.000000000000        0.0000000000000000        17727154.694000002        1031866.1059999999       -19721193.353999998       -1688.6436297446489        1856.7366441907361       -1414.9137908518314     
 Orbit Determination
 day of year        2019         199 G06  beta  -21.308316932054520     
 ECOM2 SRP MODEL IS ACTIVATED
 Orbit residuals: ICRF in orbital frame
 RMS-RTN ICRF FIT G06        0.0048        0.0025        0.0034
 Orbit residuals: ICRF
 RMS-XYZ ICRF FIT G06        0.0036        0.0034        0.0041
 External Orbit comparison
 Orbit comparison: ICRF
 RMS-RTN ICRF CMP G06        0.0048        0.0025        0.0034
 RMS-XYZ ICRF CMP G06        0.0036        0.0034        0.0041
 Orbit comparison: ITRF
 RMS-XYZ ITRF CMP G06        0.0029        0.0039        0.0041
  
  
 PRN: G07, SVN:  48, BLK TYP: GPS-IIR-M, BLKID:   7, TX PWR: 145, MASS: 1080.000
 IC:    58682.000000000000        0.0000000000000000        1624945.2220000001        17897792.765999999        19669715.080000002       -1857.8880496930797        1614.0364086627960       -1381.0713046118617     
 Orbit Determination
 day of year        2019         199 G07  beta   49.142876134630889     
 ECOM2 SRP MODEL IS ACTIVATED
 Orbit residuals: ICRF in orbital frame
 RMS-RTN ICRF FIT G07        0.0057        0.0028        0.0057
 Orbit residuals: ICRF
 RMS-XYZ ICRF FIT G07        0.0055        0.0026        0.0060
 External Orbit comparison
 Orbit comparison: ICRF
 RMS-RTN ICRF CMP G07        0.0057        0.0028        0.0057
 RMS-XYZ ICRF CMP G07        0.0055        0.0026        0.0060
 Orbit comparison: ITRF
 RMS-XYZ ITRF CMP G07        0.0037        0.0048        0.0060
  
  
 PRN: G08, SVN:  72, BLK TYP: GPS-IIF, BLKID:   8, TX PWR: 240, MASS: 1633.000
 IC:    58682.000000000000        0.0000000000000000       -7250085.0379999997        18436713.934000000        17618669.473000001       -774.25059916544706       -2104.8236586116254        1907.2907456047833     
 Orbit Determination
 day of year        2019         199 G08  beta  -31.980433551299363     
 ECOM2 SRP MODEL IS ACTIVATED
 Orbit residuals: ICRF in orbital frame
 RMS-RTN ICRF FIT G08        0.0035        0.0025        0.0043
 Orbit residuals: ICRF
 RMS-XYZ ICRF FIT G08        0.0028        0.0032        0.0042
 External Orbit comparison
 Orbit comparison: ICRF
 RMS-RTN ICRF CMP G08        0.0035        0.0025        0.0043
 RMS-XYZ ICRF CMP G08        0.0028        0.0032        0.0042
 Orbit comparison: ITRF
 RMS-XYZ ITRF CMP G08        0.0027        0.0034        0.0042
  
  
 PRN: G09, SVN:  68, BLK TYP: GPS-IIF, BLKID:   8, TX PWR: 240, MASS: 1633.000
 IC:    58682.000000000000        0.0000000000000000        8038411.6450000005        25287690.113000002        1003464.3740000001       -261.64718279335648        213.37508176639676       -3153.2150257428875     
 Orbit Determination
 day of year        2019         199 G09  beta   68.870777437259264     
 ECOM2 SRP MODEL IS ACTIVATED
 Orbit residuals: ICRF in orbital frame
 RMS-RTN ICRF FIT G09        0.0025        0.0022        0.0046
 Orbit residuals: ICRF
 RMS-XYZ ICRF FIT G09        0.0024        0.0037        0.0036
 External Orbit comparison
 Orbit comparison: ICRF
 RMS-RTN ICRF CMP G09        0.0025        0.0022        0.0046
 RMS-XYZ ICRF CMP G09        0.0024        0.0037        0.0036
 Orbit comparison: ITRF
 RMS-XYZ ITRF CMP G09        0.0041        0.0018        0.0036
  
  
 PRN: G10, SVN:  73, BLK TYP: GPS-IIF, BLKID:   8, TX PWR: 240, MASS: 1633.000
 IC:    58682.000000000000        0.0000000000000000       -22820964.015000001       -11479735.607000001        7711022.9280000003        993.56729029119015        13.028398422524333        2965.0065776165575     
 Orbit Determination
 day of year        2019         199 G10  beta   22.173116755646067     
 ECOM2 SRP MODEL IS ACTIVATED
 Orbit residuals: ICRF in orbital frame
 RMS-RTN ICRF FIT G10        0.0025        0.0020        0.0033
 Orbit residuals: ICRF
 RMS-XYZ ICRF FIT G10        0.0031        0.0019        0.0028
 External Orbit comparison
 Orbit comparison: ICRF
 RMS-RTN ICRF CMP G10        0.0025        0.0020        0.0033
 RMS-XYZ ICRF CMP G10        0.0031        0.0019        0.0028
 Orbit comparison: ITRF
 RMS-XYZ ITRF CMP G10        0.0024        0.0027        0.0028
  
  
 PRN: G11, SVN:  46, BLK TYP: GPS-IIR-A, BLKID:   5, TX PWR:  60, MASS: 1080.000
 IC:    58682.000000000000        0.0000000000000000       -8268455.5519999992        25395668.601000000       -620088.52700000000       -399.66077997814864       -119.42341508716345        3040.2932158821495     
 Orbit Determination
 day of year        2019         199 G11  beta  -28.785558112513314     
 ECOM2 SRP MODEL IS ACTIVATED
 Orbit residuals: ICRF in orbital frame
 RMS-RTN ICRF FIT G11        0.0057        0.0034        0.0056
 Orbit residuals: ICRF
 RMS-XYZ ICRF FIT G11        0.0052        0.0051        0.0046
 External Orbit comparison
 Orbit comparison: ICRF
 RMS-RTN ICRF CMP G11        0.0057        0.0034        0.0056
 RMS-XYZ ICRF CMP G11        0.0052        0.0051        0.0046
 Orbit comparison: ITRF
 RMS-XYZ ITRF CMP G11        0.0032        0.0066        0.0046
  
  
 PRN: G12, SVN:  58, BLK TYP: GPS-IIR-M, BLKID:   7, TX PWR: 145, MASS: 1080.000
 IC:    58682.000000000000        0.0000000000000000        7978752.8499999996       -12828179.153999999       -22045044.381000001        2588.7462126081809        907.36426224559546        428.75267902389169     
 Orbit Determination
 day of year        2019         199 G12  beta  -1.5444545577093951     
 ECOM2 SRP MODEL IS ACTIVATED
 Orbit residuals: ICRF in orbital frame
 RMS-RTN ICRF FIT G12        0.0065        0.0043        0.0058
 Orbit residuals: ICRF
 RMS-XYZ ICRF FIT G12        0.0048        0.0075        0.0038
 External Orbit comparison
 Orbit comparison: ICRF
 RMS-RTN ICRF CMP G12        0.0065        0.0043        0.0058
 RMS-XYZ ICRF CMP G12        0.0048        0.0075        0.0038
 Orbit comparison: ITRF
 RMS-XYZ ITRF CMP G12        0.0057        0.0069        0.0038
  
  
 PRN: G13, SVN:  43, BLK TYP: GPS-IIR-A, BLKID:   5, TX PWR:  60, MASS: 1080.000
 IC:    58682.000000000000        0.0000000000000000        13327161.082000000       -9027873.7819999997        21007376.462000001        455.93832177296281        2653.8903211392462        852.32092021405697     
 Orbit Determination
 day of year        2019         199 G13  beta   74.006573147901790     
 ECOM2 SRP MODEL IS ACTIVATED
 Orbit residuals: ICRF in orbital frame
 RMS-RTN ICRF FIT G13        0.0033        0.0023        0.0028
 Orbit residuals: ICRF
 RMS-XYZ ICRF FIT G13        0.0025        0.0025        0.0035
 External Orbit comparison
 Orbit comparison: ICRF
 RMS-RTN ICRF CMP G13        0.0033        0.0023        0.0028
 RMS-XYZ ICRF CMP G13        0.0025        0.0025        0.0035
 Orbit comparison: ITRF
 RMS-XYZ ITRF CMP G13        0.0022        0.0027        0.0035
  
  
 PRN: G14, SVN:  41, BLK TYP: GPS-IIR-A, BLKID:   5, TX PWR:  60, MASS: 1080.000
 IC:    58682.000000000000        0.0000000000000000       -15590322.560000001       -7463460.2980000004       -19890997.300000001       -377.28545060753822       -2568.0517102470621        1220.8568459562957     
 Orbit Determination
 day of year        2019         199 G14  beta   72.359516517745476     
 ECOM2 SRP MODEL IS ACTIVATED
 Orbit residuals: ICRF in orbital frame
 RMS-RTN ICRF FIT G14        0.0029        0.0027        0.0047
 Orbit residuals: ICRF
 RMS-XYZ ICRF FIT G14        0.0033        0.0033        0.0041
 External Orbit comparison
 Orbit comparison: ICRF
 RMS-RTN ICRF CMP G14        0.0029        0.0027        0.0047
 RMS-XYZ ICRF CMP G14        0.0033        0.0033        0.0041
 Orbit comparison: ITRF
 RMS-XYZ ITRF CMP G14        0.0021        0.0041        0.0041
  
  
 PRN: G15, SVN:  55, BLK TYP: GPS-IIR-M, BLKID:   7, TX PWR: 145, MASS: 1080.000
 IC:    58682.000000000000        0.0000000000000000        5917781.6830000002       -19473529.836999997        16591468.555000000        1025.6607646066695        1946.5502743609250        1927.5617192778736     
 Orbit Determination
 day of year        2019         199 G15  beta   64.993088005560480     
 ECOM2 SRP MODEL IS ACTIVATED
 Orbit residuals: ICRF in orbital frame
 RMS-RTN ICRF FIT G15        0.0048        0.0026        0.0030
 Orbit residuals: ICRF
 RMS-XYZ ICRF FIT G15        0.0039        0.0029        0.0039
 External Orbit comparison
 Orbit comparison: ICRF
 RMS-RTN ICRF CMP G15        0.0048        0.0026        0.0030
 RMS-XYZ ICRF CMP G15        0.0039        0.0029        0.0039
 Orbit comparison: ITRF
 RMS-XYZ ITRF CMP G15        0.0031        0.0037        0.0039
  
  
 PRN: G16, SVN:  56, BLK TYP: GPS-IIR-A, BLKID:   5, TX PWR:  60, MASS: 1080.000
 IC:    58682.000000000000        0.0000000000000000       -23326657.967999998        770281.25800000003        12885117.109000001       -1501.0824712403119       -693.84853360615671       -2595.1879583317786     
 Orbit Determination
 day of year        2019         199 G16  beta  -2.3523099103054501     
 ECOM2 SRP MODEL IS ACTIVATED
 Orbit residuals: ICRF in orbital frame
 RMS-RTN ICRF FIT G16        0.0083        0.0060        0.0088
 Orbit residuals: ICRF
 RMS-XYZ ICRF FIT G16        0.0079        0.0086        0.0068
 External Orbit comparison
 Orbit comparison: ICRF
 RMS-RTN ICRF CMP G16        0.0083        0.0060        0.0088
 RMS-XYZ ICRF CMP G16        0.0079        0.0086        0.0068
 Orbit comparison: ITRF
 RMS-XYZ ITRF CMP G16        0.0069        0.0094        0.0068
  
  
 PRN: G17, SVN:  53, BLK TYP: GPS-IIR-M, BLKID:   7, TX PWR: 145, MASS: 1080.000
 IC:    58682.000000000000        0.0000000000000000        14088933.510000002        15779029.557000000       -15710220.552999999        285.53909878432751        2047.6128364689648        2245.9968638699502     
 Orbit Determination
 day of year        2019         199 G17  beta  -33.709274027303572     
 ECOM2 SRP MODEL IS ACTIVATED
 Orbit residuals: ICRF in orbital frame
 RMS-RTN ICRF FIT G17        0.0041        0.0016        0.0044
 Orbit residuals: ICRF
 RMS-XYZ ICRF FIT G17        0.0035        0.0037        0.0036
 External Orbit comparison
 Orbit comparison: ICRF
 RMS-RTN ICRF CMP G17        0.0041        0.0016        0.0044
 RMS-XYZ ICRF CMP G17        0.0035        0.0037        0.0036
 Orbit comparison: ITRF
 RMS-XYZ ITRF CMP G17        0.0042        0.0030        0.0036
  
  
 PRN: G18, SVN:  34, BLK TYP: GPS-IIA, BLKID:   3, TX PWR:  50, MASS:  930.000
 IC:    58682.000000000000        0.0000000000000000       -16900666.711000003        20379858.009000000       -1441647.2659999998       -313.41897172108293       -114.23081425204873        3163.4998493832536     
 Orbit Determination
 day of year        2019         199 G18  beta  -21.911697605197386     
 ECOM2 SRP MODEL IS ACTIVATED
 Orbit residuals: ICRF in orbital frame
 RMS-RTN ICRF FIT G18        0.0034        0.0025        0.0039
 Orbit residuals: ICRF
 RMS-XYZ ICRF FIT G18        0.0031        0.0034        0.0035
 External Orbit comparison
 Orbit comparison: ICRF
 RMS-RTN ICRF CMP G18        0.0034        0.0025        0.0039
 RMS-XYZ ICRF CMP G18        0.0031        0.0034        0.0035
 Orbit comparison: ITRF
 RMS-XYZ ITRF CMP G18        0.0028        0.0037        0.0035
  
  
 PRN: G19, SVN:  59, BLK TYP: GPS-IIR-B, BLKID:   6, TX PWR:  60, MASS: 1080.000
 IC:    58682.000000000000        0.0000000000000000        15158969.460000001        9019529.1500000004       -20145118.107999999        325.14569925144315        2467.1416589971632        1375.0928800553083     
 Orbit Determination
 day of year        2019         199 G19  beta  -34.126969962624592     
 ECOM2 SRP MODEL IS ACTIVATED
 Orbit residuals: ICRF in orbital frame
 RMS-RTN ICRF FIT G19        0.0054        0.0034        0.0051
 Orbit residuals: ICRF
 RMS-XYZ ICRF FIT G19        0.0049        0.0044        0.0048
 External Orbit comparison
 Orbit comparison: ICRF
 RMS-RTN ICRF CMP G19        0.0054        0.0034        0.0051
 RMS-XYZ ICRF CMP G19        0.0049        0.0044        0.0048
 Orbit comparison: ITRF
 RMS-XYZ ITRF CMP G19        0.0048        0.0046        0.0048
  
  
 PRN: G20, SVN:  51, BLK TYP: GPS-IIR-A, BLKID:   5, TX PWR:  60, MASS: 1080.000
 IC:    58682.000000000000        0.0000000000000000       -16498023.715000000       -13874825.987000000        15517239.015999999        2006.2757566850632        20.833118228241801        2121.4470770116895     
 Orbit Determination
 day of year        2019         199 G20  beta   17.109593534926397     
 ECOM2 SRP MODEL IS ACTIVATED
 Orbit residuals: ICRF in orbital frame
 RMS-RTN ICRF FIT G20        0.0031        0.0025        0.0031
 Orbit residuals: ICRF
 RMS-XYZ ICRF FIT G20        0.0033        0.0019        0.0033
 External Orbit comparison
 Orbit comparison: ICRF
 RMS-RTN ICRF CMP G20        0.0031        0.0025        0.0031
 RMS-XYZ ICRF CMP G20        0.0033        0.0019        0.0033
 Orbit comparison: ITRF
 RMS-XYZ ITRF CMP G20        0.0023        0.0030        0.0033
  
  
 PRN: G21, SVN:  45, BLK TYP: GPS-IIR-A, BLKID:   5, TX PWR:  60, MASS: 1080.000
 IC:    58682.000000000000        0.0000000000000000       -7074538.1140000001       -15198173.902000001        21429138.166000001        1723.0770080173388       -1868.4379721395671       -769.10470896214247     
 Orbit Determination
 day of year        2019         199 G21  beta  -21.947313104819106     
 ECOM2 SRP MODEL IS ACTIVATED
 Orbit residuals: ICRF in orbital frame
 RMS-RTN ICRF FIT G21        0.0036        0.0023        0.0024
 Orbit residuals: ICRF
 RMS-XYZ ICRF FIT G21        0.0034        0.0020        0.0029
 External Orbit comparison
 Orbit comparison: ICRF
 RMS-RTN ICRF CMP G21        0.0036        0.0023        0.0024
 RMS-XYZ ICRF CMP G21        0.0034        0.0020        0.0029
 Orbit comparison: ITRF
 RMS-XYZ ITRF CMP G21        0.0027        0.0030        0.0029
  
  
 PRN: G22, SVN:  47, BLK TYP: GPS-IIR-B, BLKID:   6, TX PWR:  60, MASS: 1080.000
 IC:    58682.000000000000        0.0000000000000000       -12456713.775000000        12576001.342000000       -19551485.249000002       -2475.9916685856879       -615.65190985612571        1176.4349331669509     
 Orbit Determination
 day of year        2019         199 G22  beta   19.320153963254509     
 ECOM2 SRP MODEL IS ACTIVATED
 Orbit residuals: ICRF in orbital frame
 RMS-RTN ICRF FIT G22        0.0031        0.0022        0.0042
 Orbit residuals: ICRF
 RMS-XYZ ICRF FIT G22        0.0034        0.0029        0.0034
 External Orbit comparison
 Orbit comparison: ICRF
 RMS-RTN ICRF CMP G22        0.0031        0.0022        0.0042
 RMS-XYZ ICRF CMP G22        0.0034        0.0029        0.0034
 Orbit comparison: ITRF
 RMS-XYZ ITRF CMP G22        0.0026        0.0037        0.0034
  
  
 PRN: G23, SVN:  60, BLK TYP: GPS-IIR-B, BLKID:   6, TX PWR:  60, MASS: 1080.000
 IC:    58682.000000000000        0.0000000000000000       -1284265.1579999998        23793041.666000001       -10958834.994999999       -729.26298819738440       -1308.0729569941759       -2711.2674481179565     
 Orbit Determination
 day of year        2019         199 G23  beta   68.340469712050648     
 ECOM2 SRP MODEL IS ACTIVATED
 Orbit residuals: ICRF in orbital frame
 RMS-RTN ICRF FIT G23        0.0027        0.0027        0.0054
 Orbit residuals: ICRF
 RMS-XYZ ICRF FIT G23        0.0025        0.0041        0.0046
 External Orbit comparison
 Orbit comparison: ICRF
 RMS-RTN ICRF CMP G23        0.0027        0.0027        0.0054
 RMS-XYZ ICRF CMP G23        0.0025        0.0041        0.0046
 Orbit comparison: ITRF
 RMS-XYZ ITRF CMP G23        0.0044        0.0019        0.0046
  
  
 PRN: G24, SVN:  65, BLK TYP: GPS-IIF, BLKID:   8, TX PWR: 240, MASS: 1633.000
 IC:    58682.000000000000        0.0000000000000000        13159561.266999999       -21958663.110000003       -6544636.3950000005        817.21831890381873       -372.07214821130037        2994.9864828800783     
 Orbit Determination
 day of year        2019         199 G24  beta   52.031959768701547     
 ECOM2 SRP MODEL IS ACTIVATED
 Orbit residuals: ICRF in orbital frame
 RMS-RTN ICRF FIT G24        0.0028        0.0022        0.0033
 Orbit residuals: ICRF
 RMS-XYZ ICRF FIT G24        0.0027        0.0023        0.0033
 External Orbit comparison
 Orbit comparison: ICRF
 RMS-RTN ICRF CMP G24        0.0028        0.0022        0.0033
 RMS-XYZ ICRF CMP G24        0.0027        0.0023        0.0033
 Orbit comparison: ITRF
 RMS-XYZ ITRF CMP G24        0.0027        0.0024        0.0033
  
  
 PRN: G25, SVN:  62, BLK TYP: GPS-IIF, BLKID:   8, TX PWR: 240, MASS: 1633.000
 IC:    58682.000000000000        0.0000000000000000       -7086605.3739999998       -16164863.381999999       -20136020.305999998        2437.9323499426246        559.51437503658235       -1296.8697812147439     
 Orbit Determination
 day of year        2019         199 G25  beta   1.5423031319308869     
 ECOM2 SRP MODEL IS ACTIVATED
 Orbit residuals: ICRF in orbital frame
 RMS-RTN ICRF FIT G25        0.0037        0.0019        0.0054
 Orbit residuals: ICRF
 RMS-XYZ ICRF FIT G25        0.0041        0.0034        0.0043
 External Orbit comparison
 Orbit comparison: ICRF
 RMS-RTN ICRF CMP G25        0.0037        0.0019        0.0054
 RMS-XYZ ICRF CMP G25        0.0041        0.0034        0.0043
 Orbit comparison: ITRF
 RMS-XYZ ITRF CMP G25        0.0034        0.0041        0.0043
  
  
 PRN: G26, SVN:  71, BLK TYP: GPS-IIF, BLKID:   8, TX PWR: 240, MASS: 1633.000
 IC:    58682.000000000000        0.0000000000000000       -26189832.729999997       -3909897.9330000002        3052773.3059999999       -311.13947093114257       -375.31156502291560       -3111.0573711842299     
 Orbit Determination
 day of year        2019         199 G26  beta   3.2487527883900453     
 ECOM2 SRP MODEL IS ACTIVATED
 Orbit residuals: ICRF in orbital frame
 RMS-RTN ICRF FIT G26        0.0034        0.0035        0.0076
 Orbit residuals: ICRF
 RMS-XYZ ICRF FIT G26        0.0063        0.0040        0.0052
 External Orbit comparison
 Orbit comparison: ICRF
 RMS-RTN ICRF CMP G26        0.0034        0.0035        0.0076
 RMS-XYZ ICRF CMP G26        0.0063        0.0040        0.0052
 Orbit comparison: ITRF
 RMS-XYZ ITRF CMP G26        0.0055        0.0050        0.0051
  
  
 PRN: G27, SVN:  66, BLK TYP: GPS-IIF, BLKID:   8, TX PWR: 240, MASS: 1633.000
 IC:    58682.000000000000        0.0000000000000000       -13736097.067000000        5628566.2069999995        21896446.531000003       -772.83356937766075       -2695.7639690032229        236.21848750486970     
 Orbit Determination
 day of year        2019         199 G27  beta  -32.610702139693139     
 ECOM2 SRP MODEL IS ACTIVATED
 Orbit residuals: ICRF in orbital frame
 RMS-RTN ICRF FIT G27        0.0030        0.0026        0.0048
 Orbit residuals: ICRF
 RMS-XYZ ICRF FIT G27        0.0021        0.0039        0.0044
 External Orbit comparison
 Orbit comparison: ICRF
 RMS-RTN ICRF CMP G27        0.0030        0.0026        0.0048
 RMS-XYZ ICRF CMP G27        0.0021        0.0039        0.0044
 Orbit comparison: ITRF
 RMS-XYZ ITRF CMP G27        0.0031        0.0031        0.0044
  
  
 PRN: G28, SVN:  44, BLK TYP: GPS-IIR-A, BLKID:   5, TX PWR:  60, MASS: 1080.000
 IC:    58682.000000000000        0.0000000000000000        21327963.135000002        13685566.900000000        8379868.5929999994       -989.10013170912862       -151.08182917535305        2990.1829714979976     
 Orbit Determination
 day of year        2019         199 G28  beta  -2.4932173030925444     
 ECOM2 SRP MODEL IS ACTIVATED
 Orbit residuals: ICRF in orbital frame
 RMS-RTN ICRF FIT G28        0.0104        0.0071        0.0093
 Orbit residuals: ICRF
 RMS-XYZ ICRF FIT G28        0.0063        0.0119        0.0079
 External Orbit comparison
 Orbit comparison: ICRF
 RMS-RTN ICRF CMP G28        0.0104        0.0071        0.0093
 RMS-XYZ ICRF CMP G28        0.0063        0.0119        0.0079
 Orbit comparison: ITRF
 RMS-XYZ ITRF CMP G28        0.0093        0.0098        0.0079
  
  
 PRN: G29, SVN:  57, BLK TYP: GPS-IIR-M, BLKID:   7, TX PWR: 145, MASS: 1080.000
 IC:    58682.000000000000        0.0000000000000000       -3810212.7629999998       -26183880.228000000       -2257635.4630000000        255.45618397137150        234.97087706252933       -3213.2987231649458     
 Orbit Determination
 day of year        2019         199 G29  beta  -33.936808586712161     
 ECOM2 SRP MODEL IS ACTIVATED
 Orbit residuals: ICRF in orbital frame
 RMS-RTN ICRF FIT G29        0.0060        0.0029        0.0058
 Orbit residuals: ICRF
 RMS-XYZ ICRF FIT G29        0.0061        0.0056        0.0030
 External Orbit comparison
 Orbit comparison: ICRF
 RMS-RTN ICRF CMP G29        0.0060        0.0029        0.0058
 RMS-XYZ ICRF CMP G29        0.0061        0.0056        0.0030
 Orbit comparison: ITRF
 RMS-XYZ ITRF CMP G29        0.0056        0.0061        0.0030
  
  
 PRN: G30, SVN:  64, BLK TYP: GPS-IIF, BLKID:   8, TX PWR: 240, MASS: 1633.000
 IC:    58682.000000000000        0.0000000000000000        11578457.150000000        10611178.568000000        21455147.756999999       -1992.1555654089898        1858.5446485187858        136.76297833025455     
 Orbit Determination
 day of year        2019         199 G30  beta   47.765131878006791     
 ECOM2 SRP MODEL IS ACTIVATED
 Orbit residuals: ICRF in orbital frame
 RMS-RTN ICRF FIT G30        0.0049        0.0024        0.0056
 Orbit residuals: ICRF
 RMS-XYZ ICRF FIT G30        0.0049        0.0028        0.0054
 External Orbit comparison
 Orbit comparison: ICRF
 RMS-RTN ICRF CMP G30        0.0049        0.0024        0.0056
 RMS-XYZ ICRF CMP G30        0.0049        0.0028        0.0054
 Orbit comparison: ITRF
 RMS-XYZ ITRF CMP G30        0.0038        0.0042        0.0054
  
  
 PRN: G31, SVN:  52, BLK TYP: GPS-IIR-M, BLKID:   7, TX PWR: 145, MASS: 1080.000
 IC:    58682.000000000000        0.0000000000000000       -19168033.862000000        289172.65899999999       -18570535.938000001        1609.0456487648189       -1706.4198640470277       -1644.1333709545434     
 Orbit Determination
 day of year        2019         199 G31  beta   48.518349419807187     
 ECOM2 SRP MODEL IS ACTIVATED
 Orbit residuals: ICRF in orbital frame
 RMS-RTN ICRF FIT G31        0.0040        0.0031        0.0061
 Orbit residuals: ICRF
 RMS-XYZ ICRF FIT G31        0.0053        0.0024        0.0054
 External Orbit comparison
 Orbit comparison: ICRF
 RMS-RTN ICRF CMP G31        0.0040        0.0031        0.0061
 RMS-XYZ ICRF CMP G31        0.0053        0.0024        0.0054
 Orbit comparison: ITRF
 RMS-XYZ ITRF CMP G31        0.0046        0.0036        0.0054
  
  
 PRN: G32, SVN:  70, BLK TYP: GPS-IIF, BLKID:   8, TX PWR: 240, MASS: 1633.000
 IC:    58682.000000000000        0.0000000000000000       -15631025.566000000       -14654150.320000000       -15709260.770000001       -350.53021867200732       -1982.0326956976205        2176.4519243706018     
 Orbit Determination
 day of year        2019         199 G32  beta   69.273874440590959     
 ECOM2 SRP MODEL IS ACTIVATED
 Orbit residuals: ICRF in orbital frame
 RMS-RTN ICRF FIT G32        0.0034        0.0025        0.0048
 Orbit residuals: ICRF
 RMS-XYZ ICRF FIT G32        0.0030        0.0035        0.0043
 External Orbit comparison
 Orbit comparison: ICRF
 RMS-RTN ICRF CMP G32        0.0034        0.0025        0.0048
 RMS-XYZ ICRF CMP G32        0.0030        0.0035        0.0043
 Orbit comparison: ITRF
 RMS-XYZ ITRF CMP G32        0.0024        0.0040        0.0043
  
  
 PRN: R01, SVN: 730, BLK TYP: GLO-M, BLKID: 102, TX PWR:  65, MASS: 1415.000
 IC:    58682.000000000000        0.0000000000000000        19230326.120000001        7668738.1679999996        14919487.561000001        1585.4805234298110        1288.9052807465196       -2705.1278730221093     
 Orbit Determination
 day of year        2019         199 R01  beta   44.600574734541524     
 ECOM2 SRP MODEL IS ACTIVATED
 Orbit residuals: ICRF in orbital frame
 RMS-RTN ICRF FIT R01        0.0050        0.0042        0.0052
 Orbit residuals: ICRF
 RMS-XYZ ICRF FIT R01        0.0050        0.0049        0.0046
 External Orbit comparison
 Orbit comparison: ICRF
 RMS-RTN ICRF CMP R01        0.0050        0.0042        0.0052
 RMS-XYZ ICRF CMP R01        0.0050        0.0049        0.0046
 Orbit comparison: ITRF
 RMS-XYZ ITRF CMP R01        0.0048        0.0051        0.0046
  
  
 PRN: R02, SVN: 747, BLK TYP: GLO-M, BLKID: 102, TX PWR:  85, MASS: 1415.000
 IC:    58682.000000000000        0.0000000000000000        6355117.4810000006       -9000114.8140000012        23050483.531000003        2281.3036597305909        2163.6154038142413        211.68970130011439     
 Orbit Determination
 day of year        2019         199 R02  beta   45.580984235610387     
 ECOM2 SRP MODEL IS ACTIVATED
 Orbit residuals: ICRF in orbital frame
 RMS-RTN ICRF FIT R02        0.0044        0.0032        0.0048
 Orbit residuals: ICRF
 RMS-XYZ ICRF FIT R02        0.0040        0.0044        0.0041
 External Orbit comparison
 Orbit comparison: ICRF
 RMS-RTN ICRF CMP R02        0.0044        0.0032        0.0048
 RMS-XYZ ICRF CMP R02        0.0040        0.0044        0.0041
 Orbit comparison: ITRF
 RMS-XYZ ITRF CMP R02        0.0043        0.0041        0.0041
  
  
 PRN: R03, SVN: 744, BLK TYP: GLO-M, BLKID: 102, TX PWR:  85, MASS: 1415.000
 IC:    58682.000000000000        0.0000000000000000       -8844346.0879999995       -18341543.902000003        15436652.479000000        1452.9205044154078        1524.7489582709968        2647.9205741547048     
 Orbit Determination
 day of year        2019         199 R03  beta   45.417765948137337     
 ECOM2 SRP MODEL IS ACTIVATED
 Orbit residuals: ICRF in orbital frame
 RMS-RTN ICRF FIT R03        0.0050        0.0032        0.0036
 Orbit residuals: ICRF
 RMS-XYZ ICRF FIT R03        0.0035        0.0038        0.0048
 External Orbit comparison
 Orbit comparison: ICRF
 RMS-RTN ICRF CMP R03        0.0050        0.0032        0.0036
 RMS-XYZ ICRF CMP R03        0.0035        0.0038        0.0048
 Orbit comparison: ITRF
 RMS-XYZ ITRF CMP R03        0.0042        0.0029        0.0048
  
  
 PRN: R04, SVN: 742, BLK TYP: GLO-M, BLKID: 102, TX PWR:  85, MASS: 1415.000
 IC:    58682.000000000000        0.0000000000000000       -19147438.609999999       -16782959.664999999       -1655586.1970000002       -277.46930305659771       -39.339570675045252        3558.3884430481121     
 Orbit Determination
 day of year        2019         199 R04  beta   45.366518045096115     
 ECOM2 SRP MODEL IS ACTIVATED
 Orbit residuals: ICRF in orbital frame
 RMS-RTN ICRF FIT R04        0.0037        0.0028        0.0044
 Orbit residuals: ICRF
 RMS-XYZ ICRF FIT R04        0.0037        0.0039        0.0034
 External Orbit comparison
 Orbit comparison: ICRF
 RMS-RTN ICRF CMP R04        0.0037        0.0028        0.0044
 RMS-XYZ ICRF CMP R04        0.0037        0.0039        0.0034
 Orbit comparison: ITRF
 RMS-XYZ ITRF CMP R04        0.0037        0.0039        0.0034
  
  
 PRN: R05, SVN: 856, BLK TYP: GLO-M+, BLKID: 102, TX PWR: 120, MASS: 1415.000
 IC:    58682.000000000000        0.0000000000000000       -18168015.093000002       -6160496.1620000005       -16808032.202000000       -1768.7424611635506       -1482.4852800052613        2450.9398451596498     
 Orbit Determination
 day of year        2019         199 R05  beta   45.362798337308355     
 ECOM2 SRP MODEL IS ACTIVATED
 Orbit residuals: ICRF in orbital frame
 RMS-RTN ICRF FIT R05        0.0038        0.0031        0.0033
 Orbit residuals: ICRF
 RMS-XYZ ICRF FIT R05        0.0038        0.0029        0.0036
 External Orbit comparison
 Orbit comparison: ICRF
 RMS-RTN ICRF CMP R05        0.0038        0.0031        0.0033
 RMS-XYZ ICRF CMP R05        0.0038        0.0029        0.0036
 Orbit comparison: ITRF
 RMS-XYZ ITRF CMP R05        0.0030        0.0037        0.0036
  
  
 PRN: R07, SVN: 745, BLK TYP: GLO-M, BLKID: 102, TX PWR:  85, MASS: 1415.000
 IC:    58682.000000000000        0.0000000000000000        9257919.6469999999        18429071.264999997       -14946824.130000001       -1420.1300113629550       -1490.8188771419227       -2714.2591939978302     
 Orbit Determination
 day of year        2019         199 R07  beta   45.464350342031658     
 ECOM2 SRP MODEL IS ACTIVATED
 Orbit residuals: ICRF in orbital frame
 RMS-RTN ICRF FIT R07        0.0044        0.0034        0.0043
 Orbit residuals: ICRF
 RMS-XYZ ICRF FIT R07        0.0038        0.0041        0.0043
 External Orbit comparison
 Orbit comparison: ICRF
 RMS-RTN ICRF CMP R07        0.0044        0.0034        0.0043
 RMS-XYZ ICRF CMP R07        0.0038        0.0041        0.0043
 Orbit comparison: ITRF
 RMS-XYZ ITRF CMP R07        0.0040        0.0039        0.0043
  
  
 PRN: R08, SVN: 743, BLK TYP: GLO-M, BLKID: 102, TX PWR:  85, MASS: 1415.000
 IC:    58682.000000000000        0.0000000000000000        18930466.617999997        17064463.919999998        1008871.1790000000        203.94452803954482       -26.868457365781069       -3565.8121522235451     
 Orbit Determination
 day of year        2019         199 R08  beta   45.459507873791985     
 ECOM2 SRP MODEL IS ACTIVATED
 Orbit residuals: ICRF in orbital frame
 RMS-RTN ICRF FIT R08        0.0039        0.0033        0.0038
 Orbit residuals: ICRF
 RMS-XYZ ICRF FIT R08        0.0038        0.0033        0.0038
 External Orbit comparison
 Orbit comparison: ICRF
 RMS-RTN ICRF CMP R08        0.0039        0.0033        0.0038
 RMS-XYZ ICRF CMP R08        0.0038        0.0033        0.0038
 Orbit comparison: ITRF
 RMS-XYZ ITRF CMP R08        0.0042        0.0029        0.0038
  
  
 PRN: R09, SVN: 802, BLK TYP: GLO-K1B, BLKID: 103, TX PWR: 105, MASS:  995.000
 IC:    58682.000000000000        0.0000000000000000       -16788871.938000001        12481280.119999999        14558521.597000001       -1879.2598628215492        669.45119211077690       -2750.2258331086487     
 Orbit Determination
 day of year        2019         199 R09  beta   25.037049623241959     
 ECOM2 SRP MODEL IS ACTIVATED
 Orbit residuals: ICRF in orbital frame
 RMS-RTN ICRF FIT R09        0.0137        0.0066        0.0049
 Orbit residuals: ICRF
 RMS-XYZ ICRF FIT R09        0.0049        0.0144        0.0048
 External Orbit comparison
 Orbit comparison: ICRF
 RMS-RTN ICRF CMP R09        0.0137        0.0066        0.0049
 RMS-XYZ ICRF CMP R09        0.0049        0.0144        0.0048
 Orbit comparison: ITRF
 RMS-XYZ ITRF CMP R09        0.0108        0.0108        0.0047
  
  
 PRN: R10, SVN: 717, BLK TYP: GLO-M, BLKID: 102, TX PWR:  65, MASS: 1415.000
 IC:    58682.000000000000        0.0000000000000000       -2200641.9720000001        11552111.714000000        22607432.702999998       -2969.8713153772987        901.47624014690518       -756.99857568740845     
 Orbit Determination
 day of year        2019         199 R10  beta   24.230571921162170     
 ECOM2 SRP MODEL IS ACTIVATED
 Orbit residuals: ICRF in orbital frame
 RMS-RTN ICRF FIT R10        0.0031        0.0025        0.0036
 Orbit residuals: ICRF
 RMS-XYZ ICRF FIT R10        0.0031        0.0022        0.0037
 External Orbit comparison
 Orbit comparison: ICRF
 RMS-RTN ICRF CMP R10        0.0031        0.0025        0.0036
 RMS-XYZ ICRF CMP R10        0.0031        0.0022        0.0037
 Orbit comparison: ITRF
 RMS-XYZ ITRF CMP R10        0.0023        0.0031        0.0037
  
  
 PRN: R11, SVN: 853, BLK TYP: GLO-M, BLKID: 102, TX PWR:  85, MASS: 1415.000
 IC:    58682.000000000000        0.0000000000000000        16569046.375000002        4500012.8250000002        18903890.147000000       -2495.2932246774435        666.75599405448884        2025.4915814958513     
 Orbit Determination
 day of year        2019         199 R11  beta   25.007149732395888     
 ECOM2 SRP MODEL IS ACTIVATED
 Orbit residuals: ICRF in orbital frame
 RMS-RTN ICRF FIT R11        0.0027        0.0018        0.0039
 Orbit residuals: ICRF
 RMS-XYZ ICRF FIT R11        0.0030        0.0026        0.0032
 External Orbit comparison
 Orbit comparison: ICRF
 RMS-RTN ICRF CMP R11        0.0027        0.0018        0.0039
 RMS-XYZ ICRF CMP R11        0.0030        0.0026        0.0032
 Orbit comparison: ITRF
 RMS-XYZ ITRF CMP R11        0.0030        0.0027        0.0031
  
  
 PRN: R12, SVN: 858, BLK TYP: GLO-M+, BLKID: 102, TX PWR: 110, MASS: 1415.000
 IC:    58682.000000000000        0.0000000000000000        24490721.103999998       -4935941.7080000006        5140883.1349999998       -719.16234808042645        40.555123071186244        3487.7107348302379     
 Orbit Determination
 day of year        2019         199 R12  beta   24.987871443340929     
 ECOM2 SRP MODEL IS ACTIVATED
 Orbit residuals: ICRF in orbital frame
 RMS-RTN ICRF FIT R12        0.0027        0.0018        0.0027
 Orbit residuals: ICRF
 RMS-XYZ ICRF FIT R12        0.0025        0.0026        0.0022
 External Orbit comparison
 Orbit comparison: ICRF
 RMS-RTN ICRF CMP R12        0.0027        0.0018        0.0027
 RMS-XYZ ICRF CMP R12        0.0025        0.0026        0.0022
 Orbit comparison: ITRF
 RMS-XYZ ITRF CMP R12        0.0029        0.0022        0.0022
  
  
 PRN: R13, SVN: 721, BLK TYP: GLO-M, BLKID: 102, TX PWR:  25, MASS: 1415.000
 IC:    58682.000000000000        0.0000000000000000        18416038.949999999       -12155985.977000000       -12820237.590000000        1628.3713384307921       -665.03125407733023        2971.2526502665132     
 Orbit Determination
 day of year        2019         199 R13  beta   25.487092436593311     
 ECOM2 SRP MODEL IS ACTIVATED
 Orbit residuals: ICRF in orbital frame
 RMS-RTN ICRF FIT R13        0.0042        0.0019        0.0037
 Orbit residuals: ICRF
 RMS-XYZ ICRF FIT R13        0.0035        0.0035        0.0032
 External Orbit comparison
 Orbit comparison: ICRF
 RMS-RTN ICRF CMP R13        0.0042        0.0019        0.0037
 RMS-XYZ ICRF CMP R13        0.0035        0.0035        0.0032
 Orbit comparison: ITRF
 RMS-XYZ ITRF CMP R13        0.0036        0.0034        0.0032
  
  
 PRN: R14, SVN: 852, BLK TYP: GLO-M, BLKID: 102, TX PWR:  85, MASS: 1415.000
 IC:    58682.000000000000        0.0000000000000000        1926441.7840000000       -11799172.629999999       -22520797.737000000        2946.1253271945752       -922.47496885992587        732.69708824157715     
 Orbit Determination
 day of year        2019         199 R14  beta   24.885655866191396     
 ECOM2 SRP MODEL IS ACTIVATED
 Orbit residuals: ICRF in orbital frame
 RMS-RTN ICRF FIT R14        0.0046        0.0031        0.0063
 Orbit residuals: ICRF
 RMS-XYZ ICRF FIT R14        0.0056        0.0032        0.0054
 External Orbit comparison
 Orbit comparison: ICRF
 RMS-RTN ICRF CMP R14        0.0046        0.0031        0.0063
 RMS-XYZ ICRF CMP R14        0.0056        0.0032        0.0054
 Orbit comparison: ITRF
 RMS-XYZ ITRF CMP R14        0.0046        0.0046        0.0054
  
  
 PRN: R15, SVN: 857, BLK TYP: GLO-M, BLKID: 102, TX PWR:  85, MASS: 1415.000
 IC:    58682.000000000000        0.0000000000000000       -15764290.753999999       -4845102.2350000003       -19434340.364000000        2580.3249331209809       -680.66653944738209       -1921.7180246450007     
 Orbit Determination
 day of year        2019         199 R15  beta   24.812158472810236     
 ECOM2 SRP MODEL IS ACTIVATED
 Orbit residuals: ICRF in orbital frame
 RMS-RTN ICRF FIT R15        0.0046        0.0028        0.0051
 Orbit residuals: ICRF
 RMS-XYZ ICRF FIT R15        0.0048        0.0017        0.0054
 External Orbit comparison
 Orbit comparison: ICRF
 RMS-RTN ICRF CMP R15        0.0046        0.0028        0.0051
 RMS-XYZ ICRF CMP R15        0.0048        0.0017        0.0054
 Orbit comparison: ITRF
 RMS-XYZ ITRF CMP R15        0.0032        0.0040        0.0054
  
  
 PRN: R16, SVN: 736, BLK TYP: GLO-M, BLKID: 102, TX PWR:  25, MASS: 1415.000
 IC:    58682.000000000000        0.0000000000000000       -24497191.467000000        5419338.6389999995       -4933382.1500000004        684.86477382481098       -60.978364711627364       -3472.0596422124654     
 Orbit Determination
 day of year        2019         199 R16  beta   25.917301260945003     
 ECOM2 SRP MODEL IS ACTIVATED
 Orbit residuals: ICRF in orbital frame
 RMS-RTN ICRF FIT R16        0.0088        0.0045        0.0052
 Orbit residuals: ICRF
 RMS-XYZ ICRF FIT R16        0.0054        0.0073        0.0064
 External Orbit comparison
 Orbit comparison: ICRF
 RMS-RTN ICRF CMP R16        0.0088        0.0045        0.0052
 RMS-XYZ ICRF CMP R16        0.0054        0.0073        0.0064
 Orbit comparison: ITRF
 RMS-XYZ ITRF CMP R16        0.0066        0.0063        0.0064
  
  
 PRN: R17, SVN: 851, BLK TYP: GLO-M, BLKID: 102, TX PWR:  85, MASS: 1415.000
 IC:    58682.000000000000        0.0000000000000000        2953790.5689999997       -24571526.033999998        6101505.1629999997       -3.7619351237080991       -861.12306263297796       -3469.3078855182976     
 Orbit Determination
 day of year        2019         199 R17  beta  -42.865508701907501     
 ECOM2 SRP MODEL IS ACTIVATED
 Orbit residuals: ICRF in orbital frame
 RMS-RTN ICRF FIT R17        0.0029        0.0017        0.0028
 Orbit residuals: ICRF
 RMS-XYZ ICRF FIT R17        0.0023        0.0030        0.0023
 External Orbit comparison
 Orbit comparison: ICRF
 RMS-RTN ICRF CMP R17        0.0029        0.0017        0.0028
 RMS-XYZ ICRF CMP R17        0.0023        0.0030        0.0023
 Orbit comparison: ITRF
 RMS-XYZ ITRF CMP R17        0.0027        0.0027        0.0023
  
  
 PRN: R18, SVN: 854, BLK TYP: GLO-M, BLKID: 102, TX PWR:  70, MASS: 1415.000
 IC:    58682.000000000000        0.0000000000000000       -5589154.1209999993       -15149655.495999999        19773201.915000003        510.09169601649046       -2661.5103071834892       -1890.2874433510005     
 Orbit Determination
 day of year        2019         199 R18  beta  -43.085962623957776     
 ECOM2 SRP MODEL IS ACTIVATED
 Orbit residuals: ICRF in orbital frame
 RMS-RTN ICRF FIT R18        0.0027        0.0016        0.0032
 Orbit residuals: ICRF
 RMS-XYZ ICRF FIT R18        0.0024        0.0031        0.0022
 External Orbit comparison
 Orbit comparison: ICRF
 RMS-RTN ICRF CMP R18        0.0027        0.0016        0.0032
 RMS-XYZ ICRF CMP R18        0.0024        0.0031        0.0022
 Orbit comparison: ITRF
 RMS-XYZ ITRF CMP R18        0.0026        0.0029        0.0022
  
  
 PRN: R19, SVN: 720, BLK TYP: GLO-M, BLKID: 102, TX PWR:  60, MASS: 1415.000
 IC:    58682.000000000000        0.0000000000000000       -11154329.713000000        2178756.6259999997        22830020.036000002        839.05996274575591       -3018.3619459923357        697.63531815260649     
 Orbit Determination
 day of year        2019         199 R19  beta  -42.993369359583681     
 ECOM2 SRP MODEL IS ACTIVATED
 Orbit residuals: ICRF in orbital frame
 RMS-RTN ICRF FIT R19        0.0028        0.0022        0.0044
 Orbit residuals: ICRF
 RMS-XYZ ICRF FIT R19        0.0024        0.0040        0.0032
 External Orbit comparison
 Orbit comparison: ICRF
 RMS-RTN ICRF CMP R19        0.0028        0.0022        0.0044
 RMS-XYZ ICRF CMP R19        0.0024        0.0040        0.0032
 Orbit comparison: ITRF
 RMS-XYZ ITRF CMP R19        0.0035        0.0031        0.0032
  
  
 PRN: R20, SVN: 719, BLK TYP: GLO-M, BLKID: 102, TX PWR:  40, MASS: 1415.000
 IC:    58682.000000000000        0.0000000000000000       -10659017.584999999        20028369.942000002        11614868.774000000        607.43697396852076       -1488.6038624271750        3128.7109135594219     
 Orbit Determination
 day of year        2019         199 R20  beta  -42.985954313918604     
 ECOM2 SRP MODEL IS ACTIVATED
 Orbit residuals: ICRF in orbital frame
 RMS-RTN ICRF FIT R20        0.0038        0.0036        0.0036
 Orbit residuals: ICRF
 RMS-XYZ ICRF FIT R20        0.0041        0.0035        0.0034
 External Orbit comparison
 Orbit comparison: ICRF
 RMS-RTN ICRF CMP R20        0.0038        0.0036        0.0036
 RMS-XYZ ICRF CMP R20        0.0041        0.0035        0.0034
 Orbit comparison: ITRF
 RMS-XYZ ITRF CMP R20        0.0037        0.0039        0.0034
  
  
 PRN: R21, SVN: 855, BLK TYP: GLO-M+, BLKID: 102, TX PWR: 100, MASS: 1415.000
 IC:    58682.000000000000        0.0000000000000000       -2653952.9640000002        24461904.312999997       -6785870.2769999998       -3.8619161504320800        954.02553313225508        3440.0105215953663     
 Orbit Determination
 day of year        2019         199 R21  beta  -43.045571376973470     
 ECOM2 SRP MODEL IS ACTIVATED
 Orbit residuals: ICRF in orbital frame
 RMS-RTN ICRF FIT R21        0.0041        0.0026        0.0032
 Orbit residuals: ICRF
 RMS-XYZ ICRF FIT R21        0.0042        0.0026        0.0030
 External Orbit comparison
 Orbit comparison: ICRF
 RMS-RTN ICRF CMP R21        0.0041        0.0026        0.0032
 RMS-XYZ ICRF CMP R21        0.0042        0.0026        0.0030
 Orbit comparison: ITRF
 RMS-XYZ ITRF CMP R21        0.0037        0.0033        0.0030
  
  
 PRN: R22, SVN: 731, BLK TYP: GLO-M, BLKID: 102, TX PWR:  85, MASS: 1415.000
 IC:    58682.000000000000        0.0000000000000000        6779320.8499999996        12462638.440000001       -21168556.824000001       -597.52389773912728        2845.3251162320375        1494.5668838173151     
 Orbit Determination
 day of year        2019         199 R22  beta  -43.151493411711215     
 ECOM2 SRP MODEL IS ACTIVATED
 Orbit residuals: ICRF in orbital frame
 RMS-RTN ICRF FIT R22        0.0036        0.0027        0.0047
 Orbit residuals: ICRF
 RMS-XYZ ICRF FIT R22        0.0042        0.0032        0.0038
 External Orbit comparison
 Orbit comparison: ICRF
 RMS-RTN ICRF CMP R22        0.0036        0.0027        0.0047
 RMS-XYZ ICRF CMP R22        0.0042        0.0032        0.0038
 Orbit comparison: ITRF
 RMS-XYZ ITRF CMP R22        0.0037        0.0038        0.0038
  
  
 PRN: R23, SVN: 732, BLK TYP: GLO-M, BLKID: 102, TX PWR:  65, MASS: 1415.000
 IC:    58682.000000000000        0.0000000000000000        11778208.566000000       -8253442.9160000002       -21080633.851000000       -777.17954548075795        2782.0141673032194       -1524.6330239698291     
 Orbit Determination
 day of year        2019         199 R23  beta  -43.153112579450848     
 ECOM2 SRP MODEL IS ACTIVATED
 Orbit residuals: ICRF in orbital frame
 RMS-RTN ICRF FIT R23        0.0036        0.0018        0.0030
 Orbit residuals: ICRF
 RMS-XYZ ICRF FIT R23        0.0027        0.0024        0.0035
 External Orbit comparison
 Orbit comparison: ICRF
 RMS-RTN ICRF CMP R23        0.0036        0.0018        0.0030
 RMS-XYZ ICRF CMP R23        0.0027        0.0024        0.0035
 Orbit comparison: ITRF
 RMS-XYZ ITRF CMP R23        0.0026        0.0025        0.0035
  
  
 PRN: R24, SVN: 735, BLK TYP: GLO-M, BLKID: 102, TX PWR:  20, MASS: 1415.000
 IC:    58682.000000000000        0.0000000000000000        9799058.8000000007       -21377696.660000000       -9929716.8910000008       -529.43684228882194        1266.5292478911579       -3258.7044137045741     
 Orbit Determination
 day of year        2019         199 R24  beta  -43.155654099308940     
 ECOM2 SRP MODEL IS ACTIVATED
 Orbit residuals: ICRF in orbital frame
 RMS-RTN ICRF FIT R24        0.0052        0.0021        0.0047
 Orbit residuals: ICRF
 RMS-XYZ ICRF FIT R24        0.0047        0.0045        0.0033
 External Orbit comparison
 Orbit comparison: ICRF
 RMS-RTN ICRF CMP R24        0.0052        0.0021        0.0047
 RMS-XYZ ICRF CMP R24        0.0047        0.0045        0.0033
 Orbit comparison: ITRF
 RMS-XYZ ITRF CMP R24        0.0047        0.0046        0.0033
  
  
 PRN: R26, SVN: 801, BLK TYP: GLO-K1A, BLKID: 103, TX PWR: 135, MASS:  995.000
 IC:    58682.000000000000        0.0000000000000000       -10952372.447000001        18203484.990000002        14145615.924000001        637.86659165844321       -1838.8723802156746        2859.3278840463609     
 Orbit Determination
 day of year        2019         199 R26  beta  -43.165914313129512     
 ECOM2 SRP MODEL IS ACTIVATED
 Orbit residuals: ICRF in orbital frame
 RMS-RTN ICRF FIT R26        0.0139        0.0051        0.0047
 Orbit residuals: ICRF
 RMS-XYZ ICRF FIT R26        0.0056        0.0079        0.0122
 External Orbit comparison
 Orbit comparison: ICRF
 RMS-RTN ICRF CMP R26        0.0139        0.0051        0.0047
 RMS-XYZ ICRF CMP R26        0.0056        0.0079        0.0122
 Orbit comparison: ITRF
 RMS-XYZ ITRF CMP R26        0.0069        0.0068        0.0122
  
  
 PRN: E01, SVN: 210, BLK TYP: GAL-2, BLKID: 202, TX PWR: 265, MASS:  706.679
 IC:    58682.000000000000        0.0000000000000000       -27877061.088000000       -3940192.8649999998       -9120983.4499999993        923.18051231279969        58.256494751200080       -2847.3194578215480     
 Orbit Determination
 day of year        2019         199 E01  beta   16.182550437271544     
 ECOM2 SRP MODEL IS ACTIVATED
 Orbit residuals: ICRF in orbital frame
 RMS-RTN ICRF FIT E01        0.0073        0.0026        0.0053
 Orbit residuals: ICRF
 RMS-XYZ ICRF FIT E01        0.0049        0.0062        0.0050
 External Orbit comparison
 Orbit comparison: ICRF
 RMS-RTN ICRF CMP E01        0.0073        0.0026        0.0053
 RMS-XYZ ICRF CMP E01        0.0049        0.0062        0.0050
 Orbit comparison: ITRF
 RMS-XYZ ITRF CMP E01        0.0056        0.0056        0.0050
  
  
 PRN: E02, SVN: 211, BLK TYP: GAL-2, BLKID: 202, TX PWR: 265, MASS:  707.638
 IC:    58682.000000000000        0.0000000000000000        27905997.852000002        3902093.0710000000        9068133.7609999999       -917.31216387450695       -59.574727106373757        2849.4800706319511     
 Orbit Determination
 day of year        2019         199 E02  beta   16.183891362672064     
 ECOM2 SRP MODEL IS ACTIVATED
 Orbit residuals: ICRF in orbital frame
 RMS-RTN ICRF FIT E02        0.0035        0.0022        0.0032
 Orbit residuals: ICRF
 RMS-XYZ ICRF FIT E02        0.0031        0.0030        0.0030
 External Orbit comparison
 Orbit comparison: ICRF
 RMS-RTN ICRF CMP E02        0.0035        0.0022        0.0032
 RMS-XYZ ICRF CMP E02        0.0031        0.0030        0.0030
 Orbit comparison: ITRF
 RMS-XYZ ITRF CMP E02        0.0029        0.0032        0.0030
  
  
 PRN: E03, SVN: 212, BLK TYP: GAL-2, BLKID: 202, TX PWR: 265, MASS:  709.911
 IC:    58682.000000000000        0.0000000000000000        21878423.814999998        13186941.897000000        14975063.582000000        867.08034464716911        1224.3780251964927       -2344.5046188235283     
 Orbit Determination
 day of year        2019         199 E03  beta   55.526810425410375     
 ECOM2 SRP MODEL IS ACTIVATED
 Orbit residuals: ICRF in orbital frame
 RMS-RTN ICRF FIT E03        0.0054        0.0037        0.0022
 Orbit residuals: ICRF
 RMS-XYZ ICRF FIT E03        0.0053        0.0035        0.0027
 External Orbit comparison
 Orbit comparison: ICRF
 RMS-RTN ICRF CMP E03        0.0054        0.0037        0.0022
 RMS-XYZ ICRF CMP E03        0.0053        0.0035        0.0027
 Orbit comparison: ITRF
 RMS-XYZ ITRF CMP E03        0.0037        0.0052        0.0027
  
  
 PRN: E04, SVN: 213, BLK TYP: GAL-2, BLKID: 202, TX PWR: 265, MASS:  708.765
 IC:    58682.000000000000        0.0000000000000000       -16082991.971999999        6620434.2670000000       -23939864.221000001       -1356.5779536478221       -1983.0557372793555        362.86813656613231     
 Orbit Determination
 day of year        2019         199 E04  beta   55.532564610704227     
 ECOM2 SRP MODEL IS ACTIVATED
 Orbit residuals: ICRF in orbital frame
 RMS-RTN ICRF FIT E04        0.0078        0.0032        0.0049
 Orbit residuals: ICRF
 RMS-XYZ ICRF FIT E04        0.0053        0.0045        0.0068
 External Orbit comparison
 Orbit comparison: ICRF
 RMS-RTN ICRF CMP E04        0.0078        0.0032        0.0049
 RMS-XYZ ICRF CMP E04        0.0053        0.0045        0.0068
 Orbit comparison: ITRF
 RMS-XYZ ITRF CMP E04        0.0055        0.0043        0.0068
  
  
 PRN: E05, SVN: 214, BLK TYP: GAL-2, BLKID: 202, TX PWR: 265, MASS:  709.761
 IC:    58682.000000000000        0.0000000000000000        14884048.461000001        25428042.405000001       -2855144.9739999999       -134.91344819776714       -255.36033029109240       -2969.8033947977237     
 Orbit Determination
 day of year        2019         199 E05  beta   55.527134078062943     
 ECOM2 SRP MODEL IS ACTIVATED
 Orbit residuals: ICRF in orbital frame
 RMS-RTN ICRF FIT E05        0.0055        0.0023        0.0033
 Orbit residuals: ICRF
 RMS-XYZ ICRF FIT E05        0.0040        0.0039        0.0039
 External Orbit comparison
 Orbit comparison: ICRF
 RMS-RTN ICRF CMP E05        0.0055        0.0023        0.0033
 RMS-XYZ ICRF CMP E05        0.0040        0.0039        0.0039
 Orbit comparison: ITRF
 RMS-XYZ ITRF CMP E05        0.0039        0.0041        0.0039
  
  
 PRN: E07, SVN: 207, BLK TYP: GAL-2, BLKID: 202, TX PWR: 265, MASS:  706.648
 IC:    58682.000000000000        0.0000000000000000        795790.32500000007       -22735808.704000000        18944553.925000001        1052.6268764302367        1579.0350764803588        1853.2687237635255     
 Orbit Determination
 day of year        2019         199 E07  beta   55.531097494388597     
 ECOM2 SRP MODEL IS ACTIVATED
 Orbit residuals: ICRF in orbital frame
 RMS-RTN ICRF FIT E07        0.0071        0.0032        0.0040
 Orbit residuals: ICRF
 RMS-XYZ ICRF FIT E07        0.0062        0.0045        0.0043
 External Orbit comparison
 Orbit comparison: ICRF
 RMS-RTN ICRF CMP E07        0.0071        0.0032        0.0040
 RMS-XYZ ICRF CMP E07        0.0062        0.0045        0.0043
 Orbit comparison: ITRF
 RMS-XYZ ITRF CMP E07        0.0045        0.0062        0.0043
  
  
 PRN: E08, SVN: 208, BLK TYP: GAL-2, BLKID: 202, TX PWR: 265, MASS:  709.138
 IC:    58682.000000000000        0.0000000000000000        15860011.198000001       -6775097.3820000002        24067547.776999999        1379.3583119027317        1977.9279423123226       -350.94803134351969     
 Orbit Determination
 day of year        2019         199 E08  beta   55.261247342335942     
 ECOM2 SRP MODEL IS ACTIVATED
 Orbit residuals: ICRF in orbital frame
 RMS-RTN ICRF FIT E08        0.0059        0.0030        0.0031
 Orbit residuals: ICRF
 RMS-XYZ ICRF FIT E08        0.0045        0.0042        0.0039
 External Orbit comparison
 Orbit comparison: ICRF
 RMS-RTN ICRF CMP E08        0.0059        0.0030        0.0031
 RMS-XYZ ICRF CMP E08        0.0045        0.0042        0.0039
 Orbit comparison: ITRF
 RMS-XYZ ITRF CMP E08        0.0044        0.0043        0.0039
  
  
 PRN: E09, SVN: 209, BLK TYP: GAL-2, BLKID: 202, TX PWR: 265, MASS:  707.882
 IC:    58682.000000000000        0.0000000000000000       -454061.60699999996        22714199.799999997       -18971778.037999999       -1058.4808240077691       -1582.7512782141566       -1867.1233313493431     
 Orbit Determination
 day of year        2019         199 E09  beta   55.262481236760095     
 ECOM2 SRP MODEL IS ACTIVATED
 Orbit residuals: ICRF in orbital frame
 RMS-RTN ICRF FIT E09        0.0069        0.0027        0.0037
 Orbit residuals: ICRF
 RMS-XYZ ICRF FIT E09        0.0043        0.0046        0.0053
 External Orbit comparison
 Orbit comparison: ICRF
 RMS-RTN ICRF CMP E09        0.0069        0.0027        0.0037
 RMS-XYZ ICRF CMP E09        0.0043        0.0046        0.0053
 Orbit comparison: ITRF
 RMS-XYZ ITRF CMP E09        0.0047        0.0042        0.0053
  
  
 PRN: E11, SVN: 101, BLK TYP: GAL-1, BLKID: 201, TX PWR: 135, MASS:  696.806
 IC:    58682.000000000000        0.0000000000000000       -10336456.433000000        27509785.930999998       -3480501.8210000000       -34.872180713340640        368.66692044585943        3026.4902162342332     
 Orbit Determination
 day of year        2019         199 E11  beta  -30.885719586191922     
 ECOM2 SRP MODEL IS ACTIVATED
 Orbit residuals: ICRF in orbital frame
 RMS-RTN ICRF FIT E11        0.0042        0.0020        0.0050
 Orbit residuals: ICRF
 RMS-XYZ ICRF FIT E11        0.0051        0.0039        0.0022
 External Orbit comparison
 Orbit comparison: ICRF
 RMS-RTN ICRF CMP E11        0.0042        0.0020        0.0050
 RMS-XYZ ICRF CMP E11        0.0051        0.0039        0.0022
 Orbit comparison: ITRF
 RMS-XYZ ITRF CMP E11        0.0048        0.0044        0.0022
  
  
 PRN: E12, SVN: 102, BLK TYP: GAL-1, BLKID: 201, TX PWR: 135, MASS:  695.318
 IC:    58682.000000000000        0.0000000000000000       -19023082.927000001        16851883.811999999        15158708.191000000        736.07834590598941       -1336.7211852818727        2410.7291777096689     
 Orbit Determination
 day of year        2019         199 E12  beta  -30.886528000384033     
 ECOM2 SRP MODEL IS ACTIVATED
 Orbit residuals: ICRF in orbital frame
 RMS-RTN ICRF FIT E12        0.0044        0.0022        0.0064
 Orbit residuals: ICRF
 RMS-XYZ ICRF FIT E12        0.0053        0.0052        0.0029
 External Orbit comparison
 Orbit comparison: ICRF
 RMS-RTN ICRF CMP E12        0.0044        0.0022        0.0064
 RMS-XYZ ICRF CMP E12        0.0053        0.0052        0.0029
 Orbit comparison: ITRF
 RMS-XYZ ITRF CMP E12        0.0050        0.0055        0.0029
  
  
 PRN: E13, SVN: 220, BLK TYP: GAL-2, BLKID: 202, TX PWR: 265, MASS:  710.795
 IC:    58682.000000000000        0.0000000000000000        10315342.844000001       -27545393.127000000        3340214.3850000002        17.312957407906651       -361.75098504498601       -3034.4040685305372     
 Orbit Determination
 day of year        2019         199 E13  beta  -31.152926119829207     
 ECOM2 SRP MODEL IS ACTIVATED
 Orbit residuals: ICRF in orbital frame
 RMS-RTN ICRF FIT E13        0.0082        0.0025        0.0039
 Orbit residuals: ICRF
 RMS-XYZ ICRF FIT E13        0.0045        0.0052        0.0064
 External Orbit comparison
 Orbit comparison: ICRF
 RMS-RTN ICRF CMP E13        0.0082        0.0025        0.0039
 RMS-XYZ ICRF CMP E13        0.0045        0.0052        0.0064
 Orbit comparison: ITRF
 RMS-XYZ ITRF CMP E13        0.0052        0.0046        0.0064
  
  
 PRN: E14, SVN: 202, BLK TYP: GAL-2, BLKID: 202, TX PWR: 265, MASS:  662.141
 IC:    58682.000000000000        0.0000000000000000       -15302013.850000000       -7642345.4100000001        16362234.572999999       -319.05453299358487       -3084.0931031657383       -1317.5469598192722     
 Orbit Determination
 day of year        2019         199 E14  beta  -28.160534386124162     
 ECOM2 SRP MODEL IS ACTIVATED
 Orbit residuals: ICRF in orbital frame
 RMS-RTN ICRF FIT E14        0.0052        0.0031        0.0045
 Orbit residuals: ICRF
 RMS-XYZ ICRF FIT E14        0.0052        0.0042        0.0035
 External Orbit comparison
 Orbit comparison: ICRF
 RMS-RTN ICRF CMP E14        0.0052        0.0031        0.0045
 RMS-XYZ ICRF CMP E14        0.0052        0.0042        0.0035
 Orbit comparison: ITRF
 RMS-XYZ ITRF CMP E14        0.0040        0.0053        0.0035
  
  
 PRN: E15, SVN: 221, BLK TYP: GAL-2, BLKID: 202, TX PWR: 265, MASS:  710.703
 IC:    58682.000000000000        0.0000000000000000        18841715.298000000       -17290122.710000001       -14907560.846000001       -727.89898990094662        1312.6371364817023       -2442.1225254107267     
 Orbit Determination
 day of year        2019         199 E15  beta  -31.150946271408852     
 ECOM2 SRP MODEL IS ACTIVATED
 Orbit residuals: ICRF in orbital frame
 RMS-RTN ICRF FIT E15        0.0068        0.0022        0.0033
 Orbit residuals: ICRF
 RMS-XYZ ICRF FIT E15        0.0043        0.0045        0.0048
 External Orbit comparison
 Orbit comparison: ICRF
 RMS-RTN ICRF CMP E15        0.0068        0.0022        0.0033
 RMS-XYZ ICRF CMP E15        0.0043        0.0045        0.0048
 Orbit comparison: ITRF
 RMS-XYZ ITRF CMP E15        0.0046        0.0042        0.0048
  
  
 PRN: E18, SVN: 201, BLK TYP: GAL-2, BLKID: 202, TX PWR: 265, MASS:  660.977
 IC:    58682.000000000000        0.0000000000000000        21071560.059000000        2339604.3270000000       -24640746.873000000        282.94972685351968        1615.0713147632778        576.02070184051991     
 Orbit Determination
 day of year        2019         199 E18  beta  -28.335528473780318     
 ECOM2 SRP MODEL IS ACTIVATED
 Orbit residuals: ICRF in orbital frame
 RMS-RTN ICRF FIT E18        0.0040        0.0021        0.0035
 Orbit residuals: ICRF
 RMS-XYZ ICRF FIT E18        0.0028        0.0035        0.0036
 External Orbit comparison
 Orbit comparison: ICRF
 RMS-RTN ICRF CMP E18        0.0040        0.0021        0.0035
 RMS-XYZ ICRF CMP E18        0.0028        0.0035        0.0036
 Orbit comparison: ITRF
 RMS-XYZ ITRF CMP E18        0.0034        0.0029        0.0036
  
  
 PRN: E19, SVN: 103, BLK TYP: GAL-1, BLKID: 201, TX PWR:  95, MASS:  697.632
 IC:    58682.000000000000        0.0000000000000000       -21710637.596999999       -14930311.325000001       -13477419.718999999       -798.83396603912115       -1092.8703332245350        2495.1091701816767     
 Orbit Determination
 day of year        2019         199 E19  beta   55.497867381988634     
 ECOM2 SRP MODEL IS ACTIVATED
 Orbit residuals: ICRF in orbital frame
 RMS-RTN ICRF FIT E19        0.0032        0.0026        0.0037
 Orbit residuals: ICRF
 RMS-XYZ ICRF FIT E19        0.0027        0.0033        0.0036
 External Orbit comparison
 Orbit comparison: ICRF
 RMS-RTN ICRF CMP E19        0.0032        0.0026        0.0037
 RMS-XYZ ICRF CMP E19        0.0027        0.0033        0.0036
 Orbit comparison: ITRF
 RMS-XYZ ITRF CMP E19        0.0033        0.0027        0.0036
  
  
 PRN: E21, SVN: 215, BLK TYP: GAL-2, BLKID: 202, TX PWR: 265, MASS:  708.500
 IC:    58682.000000000000        0.0000000000000000       -12679765.709999999       -14076255.120999999       -22740392.908000000        2280.6770790647715       -124.44633818976581       -1195.6843586601317     
 Orbit Determination
 day of year        2019         199 E21  beta   16.310390187762970     
 ECOM2 SRP MODEL IS ACTIVATED
 Orbit residuals: ICRF in orbital frame
 RMS-RTN ICRF FIT E21        0.0055        0.0022        0.0048
 Orbit residuals: ICRF
 RMS-XYZ ICRF FIT E21        0.0043        0.0043        0.0046
 External Orbit comparison
 Orbit comparison: ICRF
 RMS-RTN ICRF CMP E21        0.0055        0.0022        0.0048
 RMS-XYZ ICRF CMP E21        0.0043        0.0043        0.0046
 Orbit comparison: ITRF
 RMS-XYZ ITRF CMP E21        0.0036        0.0049        0.0046
  
  
 PRN: E24, SVN: 205, BLK TYP: GAL-2, BLKID: 202, TX PWR: 265, MASS:  708.789
 IC:    58682.000000000000        0.0000000000000000       -9768176.7589999996        15953571.749000000        22933513.849999998       -2294.5029801372439        213.32630916312337       -1124.4409238845110     
 Orbit Determination
 day of year        2019         199 E24  beta   16.074215329620987     
 ECOM2 SRP MODEL IS ACTIVATED
 Orbit residuals: ICRF in orbital frame
 RMS-RTN ICRF FIT E24        0.0049        0.0030        0.0036
 Orbit residuals: ICRF
 RMS-XYZ ICRF FIT E24        0.0034        0.0034        0.0047
 External Orbit comparison
 Orbit comparison: ICRF
 RMS-RTN ICRF CMP E24        0.0049        0.0030        0.0036
 RMS-XYZ ICRF CMP E24        0.0034        0.0034        0.0047
 Orbit comparison: ITRF
 RMS-XYZ ITRF CMP E24        0.0043        0.0022        0.0047
  
  
 PRN: E25, SVN: 216, BLK TYP: GAL-2, BLKID: 202, TX PWR: 265, MASS:  710.475
 IC:    58682.000000000000        0.0000000000000000        12626543.652000001        14098958.790000001        22768790.017999999       -2281.7738388832659        123.69464719854295        1188.3378998823464     
 Orbit Determination
 day of year        2019         199 E25  beta   16.310692164218313     
 ECOM2 SRP MODEL IS ACTIVATED
 Orbit residuals: ICRF in orbital frame
 RMS-RTN ICRF FIT E25        0.0038        0.0025        0.0045
 Orbit residuals: ICRF
 RMS-XYZ ICRF FIT E25        0.0041        0.0021        0.0044
 External Orbit comparison
 Orbit comparison: ICRF
 RMS-RTN ICRF CMP E25        0.0038        0.0025        0.0045
 RMS-XYZ ICRF CMP E25        0.0041        0.0021        0.0044
 Orbit comparison: ITRF
 RMS-XYZ ITRF CMP E25        0.0038        0.0026        0.0044
  
  
 PRN: E26, SVN: 203, BLK TYP: GAL-2, BLKID: 202, TX PWR: 265, MASS:  705.688
 IC:    58682.000000000000        0.0000000000000000       -4288551.8350000000       -21722564.622000001        19640160.238000002        779.44523563794792       -1812.6881696209311       -1834.4879064038396     
 Orbit Determination
 day of year        2019         199 E26  beta  -30.630456382973552     
 ECOM2 SRP MODEL IS ACTIVATED
 Orbit residuals: ICRF in orbital frame
 RMS-RTN ICRF FIT E26        0.0081        0.0025        0.0058
 Orbit residuals: ICRF
 RMS-XYZ ICRF FIT E26        0.0059        0.0057        0.0063
 External Orbit comparison
 Orbit comparison: ICRF
 RMS-RTN ICRF CMP E26        0.0081        0.0025        0.0058
 RMS-XYZ ICRF CMP E26        0.0059        0.0057        0.0063
 Orbit comparison: ITRF
 RMS-XYZ ITRF CMP E26        0.0061        0.0055        0.0063
  
  
 PRN: E27, SVN: 217, BLK TYP: GAL-2, BLKID: 202, TX PWR: 265, MASS:  710.244
 IC:    58682.000000000000        0.0000000000000000        9966687.0739999991       -15925466.313999999       -22870844.112000000        2286.3098959699273       -229.58564819768071        1155.2546411417425     
 Orbit Determination
 day of year        2019         199 E27  beta   16.312011221893194     
 ECOM2 SRP MODEL IS ACTIVATED
 Orbit residuals: ICRF in orbital frame
 RMS-RTN ICRF FIT E27        0.0053        0.0032        0.0036
 Orbit residuals: ICRF
 RMS-XYZ ICRF FIT E27        0.0034        0.0050        0.0038
 External Orbit comparison
 Orbit comparison: ICRF
 RMS-RTN ICRF CMP E27        0.0053        0.0032        0.0036
 RMS-XYZ ICRF CMP E27        0.0034        0.0050        0.0038
 Orbit comparison: ITRF
 RMS-XYZ ITRF CMP E27        0.0034        0.0050        0.0038
  
  
 PRN: E30, SVN: 206, BLK TYP: GAL-2, BLKID: 202, TX PWR: 265, MASS:  707.740
 IC:    58682.000000000000        0.0000000000000000        26656578.636999998       -8404870.9770000000       -9751119.0430000015        967.30955989658833       -189.66938161849976        2809.0474607832730     
 Orbit Determination
 day of year        2019         199 E30  beta   16.078656431368028     
 ECOM2 SRP MODEL IS ACTIVATED
 Orbit residuals: ICRF in orbital frame
 RMS-RTN ICRF FIT E30        0.0043        0.0024        0.0034
 Orbit residuals: ICRF
 RMS-XYZ ICRF FIT E30        0.0034        0.0040        0.0029
 External Orbit comparison
 Orbit comparison: ICRF
 RMS-RTN ICRF CMP E30        0.0043        0.0024        0.0034
 RMS-XYZ ICRF CMP E30        0.0034        0.0040        0.0029
 Orbit comparison: ITRF
 RMS-XYZ ITRF CMP E30        0.0036        0.0039        0.0029
  
  
 PRN: E31, SVN: 218, BLK TYP: GAL-2, BLKID: 202, TX PWR: 265, MASS:  711.514
 IC:    58682.000000000000        0.0000000000000000       -26692762.024999999        8439520.8739999998        9603725.8390000015       -951.22484141215682        199.21979554183781       -2821.8545209020376     
 Orbit Determination
 day of year        2019         199 E31  beta   16.315715185666171     
 ECOM2 SRP MODEL IS ACTIVATED
 Orbit residuals: ICRF in orbital frame
 RMS-RTN ICRF FIT E31        0.0064        0.0023        0.0040
 Orbit residuals: ICRF
 RMS-XYZ ICRF FIT E31        0.0038        0.0052        0.0045
 External Orbit comparison
 Orbit comparison: ICRF
 RMS-RTN ICRF CMP E31        0.0064        0.0023        0.0040
 RMS-XYZ ICRF CMP E31        0.0038        0.0052        0.0045
 Orbit comparison: ITRF
 RMS-XYZ ITRF CMP E31        0.0052        0.0039        0.0045
  
  
 PRN: E33, SVN: 222, BLK TYP: GAL-2, BLKID: 202, TX PWR: 265, MASS:  709.866
 IC:    58682.000000000000        0.0000000000000000       -16351699.955000000       -3127235.2030000002        24473910.774000000        1048.6699069440365       -2222.5829350757413        417.21578619256616     
 Orbit Determination
 day of year        2019         199 E33  beta  -31.150778071725139     
 ECOM2 SRP MODEL IS ACTIVATED
 Orbit residuals: ICRF in orbital frame
 RMS-RTN ICRF FIT E33        0.0082        0.0027        0.0053
 Orbit residuals: ICRF
 RMS-XYZ ICRF FIT E33        0.0061        0.0062        0.0051
 External Orbit comparison
 Orbit comparison: ICRF
 RMS-RTN ICRF CMP E33        0.0082        0.0027        0.0053
 RMS-XYZ ICRF CMP E33        0.0061        0.0062        0.0051
 Orbit comparison: ITRF
 RMS-XYZ ITRF CMP E33        0.0059        0.0065        0.0051
  
  
 PRN: E36, SVN: 219, BLK TYP: GAL-2, BLKID: 202, TX PWR: 265, MASS:  709.703
 IC:    58682.000000000000        0.0000000000000000        4288874.0669999998        21680316.543000001       -19690252.230999999       -755.21137233823538        1829.1928008422256        1849.5927265211940     
 Orbit Determination
 day of year        2019         199 E36  beta  -31.150804668439882     
 ECOM2 SRP MODEL IS ACTIVATED
 Orbit residuals: ICRF in orbital frame
 RMS-RTN ICRF FIT E36        0.0048        0.0025        0.0028
 Orbit residuals: ICRF
 RMS-XYZ ICRF FIT E36        0.0047        0.0029        0.0025
 External Orbit comparison
 Orbit comparison: ICRF
 RMS-RTN ICRF CMP E36        0.0048        0.0025        0.0028
 RMS-XYZ ICRF CMP E36        0.0047        0.0029        0.0025
 Orbit comparison: ITRF
 RMS-XYZ ITRF CMP E36        0.0039        0.0039        0.0025
  
  
 PRN: C06, SVN:   5, BLK TYP: BDS-2I, BLKID: 302, TX PWR: 185, MASS: 1400.000
 IC:    58682.000000000000        0.0000000000000000       -7301024.5709999995        33029122.985000003       -24606594.800999999        485.78779792785645       -1181.1300974488258       -1724.1501291617751     
 Orbit Determination
 day of year        2019         199 C06  beta   66.484172471400285     
 ECOM2 SRP MODEL IS ACTIVATED
 Orbit residuals: ICRF in orbital frame
 RMS-RTN ICRF FIT C06        0.0122        0.0090        0.0165
 Orbit residuals: ICRF
 RMS-XYZ ICRF FIT C06        0.0100        0.0175        0.0097
 External Orbit comparison
 Orbit comparison: ICRF
 RMS-RTN ICRF CMP C06        0.0122        0.0090        0.0165
 RMS-XYZ ICRF CMP C06        0.0100        0.0175        0.0097
 Orbit comparison: ITRF
 RMS-XYZ ITRF CMP C06        0.0161        0.0120        0.0097
  
  
 PRN: C07, SVN:   7, BLK TYP: BDS-2I, BLKID: 302, TX PWR: 185, MASS: 1400.000
 IC:    58682.000000000000        0.0000000000000000       -17663751.368000001        22312047.729000002        31135242.386000000       -1140.0374581515789        271.96103527024388       -870.44542080909014     
 Orbit Determination
 day of year        2019         199 C07  beta   8.8743457186794856     
 ECOM2 SRP MODEL IS ACTIVATED
 Orbit residuals: ICRF in orbital frame
 RMS-RTN ICRF FIT C07        0.0311        0.0180        0.0076
 Orbit residuals: ICRF
 RMS-XYZ ICRF FIT C07        0.0203        0.0276        0.0134
 External Orbit comparison
 Orbit comparison: ICRF
 RMS-RTN ICRF CMP C07        0.0311        0.0180        0.0076
 RMS-XYZ ICRF CMP C07        0.0203        0.0276        0.0134
 Orbit comparison: ITRF
 RMS-XYZ ITRF CMP C07        0.0217        0.0265        0.0134
  
  
 PRN: C08, SVN:   8, BLK TYP: BDS-2I, BLKID: 302, TX PWR: 185, MASS: 1400.000
 IC:    58682.000000000000        0.0000000000000000       -22397536.981000002        34920005.398000002       -8298200.8150000004        905.34097309038043        1195.3227086439729        2550.1136613963172     
 Orbit Determination
 day of year        2019         199 C08  beta  -26.265056597348256     
 ECOM2 SRP MODEL IS ACTIVATED
 Orbit residuals: ICRF in orbital frame
 RMS-RTN ICRF FIT C08        0.0321        0.0200        0.0124
 Orbit residuals: ICRF
 RMS-XYZ ICRF FIT C08        0.0178        0.0254        0.0250
 External Orbit comparison
 Orbit comparison: ICRF
 RMS-RTN ICRF CMP C08        0.0321        0.0200        0.0124
 RMS-XYZ ICRF CMP C08        0.0178        0.0254        0.0250
 Orbit comparison: ITRF
 RMS-XYZ ITRF CMP C08        0.0216        0.0223        0.0250
  
  
 PRN: C09, SVN:   9, BLK TYP: BDS-2I, BLKID: 302, TX PWR: 185, MASS: 1400.000
 IC:    58682.000000000000        0.0000000000000000        2805486.5630000001        39922694.354999997       -12450048.017999999        977.94221437023953       -806.11926873028278       -2338.1811817772686     
 Orbit Determination
 day of year        2019         199 C09  beta   68.247625454097232     
 ECOM2 SRP MODEL IS ACTIVATED
 Orbit residuals: ICRF in orbital frame
 RMS-RTN ICRF FIT C09        0.0094        0.0072        0.0144
 Orbit residuals: ICRF
 RMS-XYZ ICRF FIT C09        0.0060        0.0148        0.0096
 External Orbit comparison
 Orbit comparison: ICRF
 RMS-RTN ICRF CMP C09        0.0094        0.0072        0.0144
 RMS-XYZ ICRF CMP C09        0.0060        0.0148        0.0096
 Orbit comparison: ITRF
 RMS-XYZ ITRF CMP C09        0.0129        0.0092        0.0096
  
  
 PRN: C10, SVN:  10, BLK TYP: BDS-2I, BLKID: 302, TX PWR: 185, MASS: 1400.000
 IC:    58682.000000000000        0.0000000000000000       -814723.81099999999        25991425.530000001        33358847.411000002       -1156.5456459338311       -200.25198208913207        106.84938018023968     
 Orbit Determination
 day of year        2019         199 C10  beta   9.1768572450097707     
 ECOM2 SRP MODEL IS ACTIVATED
 Orbit residuals: ICRF in orbital frame
 RMS-RTN ICRF FIT C10        0.0349        0.0206        0.0057
 Orbit residuals: ICRF
 RMS-XYZ ICRF FIT C10        0.0188        0.0326        0.0160
 External Orbit comparison
 Orbit comparison: ICRF
 RMS-RTN ICRF CMP C10        0.0349        0.0206        0.0057
 RMS-XYZ ICRF CMP C10        0.0188        0.0326        0.0160
 Orbit comparison: ITRF
 RMS-XYZ ITRF CMP C10        0.0204        0.0316        0.0160
  
  
 PRN: C11, SVN:  12, BLK TYP: BDS-2M, BLKID: 303, TX PWR: 130, MASS:  800.000
 IC:    58682.000000000000        0.0000000000000000       -13674398.705000000       -11060934.748000000        21697075.710000001        161.95485829003155       -2462.8889725282788       -1161.2526845671237     
 Orbit Determination
 day of year        2019         199 C11  beta  -35.488656487267150     
 ECOM2 SRP MODEL IS ACTIVATED
 Orbit residuals: ICRF in orbital frame
 RMS-RTN ICRF FIT C11        0.0372        0.0150        0.0080
 Orbit residuals: ICRF
 RMS-XYZ ICRF FIT C11        0.0155        0.0217        0.0310
 External Orbit comparison
 Orbit comparison: ICRF
 RMS-RTN ICRF CMP C11        0.0372        0.0150        0.0080
 RMS-XYZ ICRF CMP C11        0.0155        0.0217        0.0310
 Orbit comparison: ITRF
 RMS-XYZ ITRF CMP C11        0.0193        0.0185        0.0310
  
  
 PRN: C12, SVN:  13, BLK TYP: BDS-2M, BLKID: 303, TX PWR: 130, MASS:  800.000
 IC:    58682.000000000000        0.0000000000000000        1207928.8049999999       -27834089.939000003        178991.62400000001        55.450689003570005       -11.599153872579336       -3158.6327097277390     
 Orbit Determination
 day of year        2019         199 C12  beta  -35.437089896459831     
 ECOM2 SRP MODEL IS ACTIVATED
 Orbit residuals: ICRF in orbital frame
 RMS-RTN ICRF FIT C12        0.0353        0.0117        0.0118
 Orbit residuals: ICRF
 RMS-XYZ ICRF FIT C12        0.0226        0.0185        0.0258
 External Orbit comparison
 Orbit comparison: ICRF
 RMS-RTN ICRF CMP C12        0.0353        0.0117        0.0118
 RMS-XYZ ICRF CMP C12        0.0226        0.0185        0.0258
 Orbit comparison: ITRF
 RMS-XYZ ITRF CMP C12        0.0211        0.0202        0.0258
  
  
 PRN: C13, SVN:  17, BLK TYP: BDS-2I, BLKID: 302, TX PWR: 185, MASS: 1400.000
 IC:    58682.000000000000        0.0000000000000000       -12348659.412999999        35597305.722999997       -19130059.627000000        444.78270298615098        1317.9915976896882        2147.1845619902015     
 Orbit Determination
 day of year        2019         199 C13  beta  -25.009669525381895     
 ECOM2 SRP MODEL IS ACTIVATED
 Orbit residuals: ICRF in orbital frame
 RMS-RTN ICRF FIT C13        0.0341        0.0220        0.0110
 Orbit residuals: ICRF
 RMS-XYZ ICRF FIT C13        0.0138        0.0331        0.0219
 External Orbit comparison
 Orbit comparison: ICRF
 RMS-RTN ICRF CMP C13        0.0341        0.0220        0.0110
 RMS-XYZ ICRF CMP C13        0.0138        0.0331        0.0219
 Orbit comparison: ITRF
 RMS-XYZ ITRF CMP C13        0.0230        0.0275        0.0219
  
  
 PRN: C14, SVN:  15, BLK TYP: BDS-2M, BLKID: 303, TX PWR: 130, MASS:  800.000
 IC:    58682.000000000000        0.0000000000000000       -19850431.815000001       -18347447.112000003        7083535.2800000003        743.21685082837939        321.56003310903907        2940.5820724526420     
 Orbit Determination
 day of year        2019         199 C14  beta   36.497044232534996     
 ECOM2 SRP MODEL IS ACTIVATED
 Orbit residuals: ICRF in orbital frame
 RMS-RTN ICRF FIT C14        0.0375        0.0157        0.0080
 Orbit residuals: ICRF
 RMS-XYZ ICRF FIT C14        0.0321        0.0228        0.0127
 External Orbit comparison
 Orbit comparison: ICRF
 RMS-RTN ICRF CMP C14        0.0375        0.0157        0.0080
 RMS-XYZ ICRF CMP C14        0.0321        0.0228        0.0127
 Orbit comparison: ITRF
 RMS-XYZ ITRF CMP C14        0.0287        0.0270        0.0127
  
  
 PRN: C16, SVN:  19, BLK TYP: BDS-2I, BLKID: 302, TX PWR: 185, MASS: 1400.000
 IC:    58682.000000000000        0.0000000000000000       -5118297.0910000000        34361884.463000000       -23737715.291000001        572.10626302473247       -1176.1504008844495       -1831.3090570494533     
 Orbit Determination
 day of year        2019         199 C16  beta   66.392277864738944     
 ECOM2 SRP MODEL IS ACTIVATED
 Orbit residuals: ICRF in orbital frame
 RMS-RTN ICRF FIT C16        0.0118        0.0083        0.0164
 Orbit residuals: ICRF
 RMS-XYZ ICRF FIT C16        0.0097        0.0171        0.0094
 External Orbit comparison
 Orbit comparison: ICRF
 RMS-RTN ICRF CMP C16        0.0118        0.0083        0.0164
 RMS-XYZ ICRF CMP C16        0.0097        0.0171        0.0094
 Orbit comparison: ITRF
 RMS-XYZ ITRF CMP C16        0.0157        0.0117        0.0094
  
  
 PRN: J01, SVN:   1, BLK TYP: QZS-1, BLKID: 401, TX PWR: 250, MASS: 2237.000
 IC:    58682.000000000000        0.0000000000000000       -25383517.658000000        16786238.335999999       -24545965.445000000       -1038.4359702914953       -475.09103770926595        638.28563753515482     
 Orbit Determination
 day of year        2019         199 J01  beta   36.156316210856659     
 ECOM2 SRP MODEL IS ACTIVATED
 Orbit residuals: ICRF in orbital frame
 RMS-RTN ICRF FIT J01        0.0081        0.0087        0.0075
 Orbit residuals: ICRF
 RMS-XYZ ICRF FIT J01        0.0106        0.0077        0.0051
 External Orbit comparison
 Orbit comparison: ICRF
 RMS-RTN ICRF CMP J01        0.0081        0.0087        0.0075
 RMS-XYZ ICRF CMP J01        0.0106        0.0077        0.0051
 Orbit comparison: ITRF
 RMS-XYZ ITRF CMP J01        0.0090        0.0095        0.0051
  
  
 PRN: J02, SVN:   2, BLK TYP: QZS-2I, BLKID: 402, TX PWR: 500, MASS: 2294.000
 IC:    58682.000000000000        0.0000000000000000       -30976517.511000000        26335692.677999999        15772579.595999999        55.535520423203707        820.89028690755367       -1811.2431489862502     
 Orbit Determination
 day of year        2019         199 J02  beta   27.252739262251339     
 ECOM2 SRP MODEL IS ACTIVATED
 Orbit residuals: ICRF in orbital frame
 RMS-RTN ICRF FIT J02        0.0119        0.0104        0.0069
 Orbit residuals: ICRF
 RMS-XYZ ICRF FIT J02        0.0107        0.0056        0.0123
 External Orbit comparison
 Orbit comparison: ICRF
 RMS-RTN ICRF CMP J02        0.0119        0.0104        0.0069
 RMS-XYZ ICRF CMP J02        0.0107        0.0056        0.0123
 Orbit comparison: ITRF
 RMS-XYZ ITRF CMP J02        0.0082        0.0088        0.0123
  
  
 PRN: J03, SVN:   4, BLK TYP: QZS-2I, BLKID: 402, TX PWR: 550, MASS: 2335.000
 IC:    58682.000000000000        0.0000000000000000       -25512291.944000002        26743572.219999999        25444660.070999999        412.94735897332430       -367.19508615508676        992.78877043351531     
 Orbit Determination
 day of year        2019         199 J03  beta  -18.936952361700744     
 ECOM2 SRP MODEL IS ACTIVATED
 Orbit residuals: ICRF in orbital frame
 RMS-RTN ICRF FIT J03        0.0071        0.0046        0.0046
 Orbit residuals: ICRF
 RMS-XYZ ICRF FIT J03        0.0073        0.0050        0.0038
 External Orbit comparison
 Orbit comparison: ICRF
 RMS-RTN ICRF CMP J03        0.0071        0.0046        0.0046
 RMS-XYZ ICRF CMP J03        0.0073        0.0050        0.0038
 Orbit comparison: ITRF
 RMS-XYZ ITRF CMP J03        0.0068        0.0057        0.0038
  
  
 CPU Time (sec)   1248.4351609999999     
