   58682.000000000000        0.0000000000000000        13387827.128780300        34468871.664136738        25420255.553832464       -2668.1768460947251        442.80351521542423        997.78633906201287     
   58682.003472222219        300.00000000000000        12584760.891412808        34594874.665430844        25714511.998286456       -2685.3503767791076        397.15018270816256        963.98363471075481     
   58682.006944444445        600.00000000000000        11776708.193849187        34707172.311315052        25998580.376449425       -2701.4211926705771        351.43525398239598        929.86885217202894     
   58682.010416666664        900.00000000000000        10963998.837950470        34805748.592920162        26272369.469812192       -2716.3956201332226        305.67536804730980        895.45807546955075     
   58682.013888888891        1200.0000000000000        10146962.757770417        34890591.929050863        26535791.700706817       -2730.2679450252053        259.88329331093229        860.75949012112824     
   58682.017361111109        1500.0000000000000        9325929.9838815462        34961695.129695244        26788763.110377938       -2743.0410430163743        214.07517387930818        825.78835713705485     
   58682.020833333336        1800.0000000000000        8501230.5571445208        35019055.358566836        27031203.348144446       -2754.7138143180937        168.26463798628663        790.55493393543077     
   58682.024305555555        2100.0000000000000        7673194.5120846117        35062674.094211899        27263035.646431088       -2765.2866354510697        122.46622234076716        755.07157745308575     
   58682.027777777781        2400.0000000000000        6842151.7761302944        35092557.104570448        27484186.816957556       -2774.7598584501775        76.694144259095026        719.35016404959845     
   58682.031250000000        2700.0000000000000        6008432.1686480399        35108714.403420195        27694587.222740576       -2783.1340009082678        30.962526918905894        683.40253304269027     
   58682.034722222219        3000.0000000000000        5172365.3047105921        35111160.229286477        27894170.776274689       -2790.4097919286251       -14.714618139999402        647.24047240296591     
   58682.038194444445        3300.0000000000000        4334280.5725623239        35099913.005530424        28082874.914574675       -2796.5880601580352       -60.323380171894598        610.87572081709220     
   58682.041666666664        3600.0000000000000        3494507.0824969122        35074995.316649854        28260640.594271835       -2801.6698462195855       -105.84994082217008        574.31998437881953     
   58682.045138888883        3900.0000000000000        2653373.6086031059        35036433.877122216        28427412.274723411       -2805.6563015528841       -151.28057602699425        537.58491993762527     
   58682.048611111109        4200.0000000000000        1811208.5603893439        34984259.506207950        28583137.908066183       -2808.5487646319789       -196.60165182740474        500.68215149468762     
   58682.052083333328        4500.0000000000000        968339.91744945582        34918507.099603079        28727768.927339174       -2810.3486982396016       -241.79961557550882        463.62326282877655     
   58682.055555555555        4800.0000000000000        125095.20474668773        34839215.607629165        28861260.236530397       -2811.0577189542964       -286.86099941824716        426.41981267221803     
   58682.059027777774        5100.0000000000000       -718198.56261388690        34746428.008133695        28983570.202680618       -2810.6775921532676       -331.77240729304543        389.08332472532015     
   58682.062500000000        5400.0000000000000       -1561214.9190900763        34640191.288293093        29094660.644958161       -2809.2102049908335       -376.52051828036912        351.62529549959623     
   58682.065972222219        5700.0000000000000       -2403627.9860313311        34520556.419078805        29194496.828729138       -2806.6576119051747       -421.09208456597901        314.05720013227648     
   58682.069444444445        6000.0000000000000       -3245112.5238637063        34387578.337248951        29283047.457655564       -2803.0219696450481       -465.47391834113932        276.39048640132114     
   58682.072916666664        6300.0000000000000       -4085343.9547555503        34241315.927226596        29360284.667738214       -2798.3055965365184       -509.65288797248638        238.63659323168554     
   58682.076388888883        6600.0000000000000       -4923998.4235949153        34081832.002819389        29426184.023431081       -2792.5109315007435       -553.61593240986656        200.80692926866254     
   58682.079861111109        6900.0000000000000       -5760752.8247122495        33909193.287661754        29480724.509691767       -2785.6405636639424       -597.35003592976841        162.91290434523395     
   58682.083333333336        7200.0000000000000       -6595284.8476564083        33723470.404806890        29523888.535067547       -2777.6971885928297       -640.84222804105707        124.96591761328955     
   58682.086805555555        7500.0000000000000       -7427273.0101432186        33524737.858665649        29555661.922757380       -2768.6836656150472       -684.07960212125829        86.977343013644827     
   58682.090277777781        7800.0000000000000       -8256396.7126573371        33313074.021296825        29576033.910714306       -2758.6029739085120       -727.04926638675408        48.958576721967667     
   58682.093750000000        8100.0000000000000       -9082336.2610659730        33088561.126438376        29584997.155688290       -2747.4582044511344       -769.73839253758274        10.921001198575041     
   58682.097222222226        8400.0000000000000       -9904772.9181117266        32851285.247313462        29582547.726322580       -2735.2526381303610       -812.13418346719982       -27.124006607359000     
   58682.100694444445        8700.0000000000000       -10723388.945893725        32601336.296682604        29568685.108233657       -2721.9896314457337       -854.22385809825209       -65.165047915320997     
   58682.104166666672        9000.0000000000000       -11537867.633899510        32338808.012290232        29543412.207063865       -2707.6727130921063       -895.99468956745557       -103.19072330573657     
   58682.107638888891        9300.0000000000000       -12347893.350678166        32063797.950174570        29506735.348578297       -2692.3055374258565       -937.43395183261794       -141.18962846624737     
   58682.111111111117        9600.0000000000000       -13153151.587063834        31776407.478096392        29458664.283745844       -2675.8919098063943       -978.52895342814020       -179.15032888754780     
   58682.114583333336        9900.0000000000000       -13953328.991205163        31476741.768993553        29399212.195804920       -2658.4357655005642       -1019.2670238040474       -217.06138799893029     
   58682.118055555555        10200.000000000000       -14748113.414545689        31164909.794766426        29328395.701349609       -2639.9411924026613       -1059.6355069580466       -254.91133648158493     
   58682.121527777781        10500.000000000000       -15537193.961510897        30841024.319870103        29246234.862422597       -2620.4124209302090       -1099.6217611623167       -292.68869298911346     
   58682.125000000000        10800.000000000000       -16320261.021484550        30505201.903488282        29152753.187575262       -2599.8538370258466       -1139.2131475848537       -330.38194101891236     
   58682.128472222219        11100.000000000000       -17097006.326532874        30157562.893463861        29047977.647975590       -2578.2699799391867       -1178.3970438731330       -367.97953039192640     
   58682.131944444445        11400.000000000000       -17867122.994431395        29798231.421182293        28931938.680488564       -2555.6655404364751       -1217.1608340758517       -405.46989774512190     
   58682.135416666664        11700.000000000000       -18630305.572567444        29427335.404607683        28804670.198758397       -2532.0453735016290       -1255.4919041973878       -442.84142452747420     
   58682.138888888891        12000.000000000000       -19386250.089361884        29045006.546461180        28666209.608304583       -2507.4144978773943       -1293.3776289396476       -480.08245837279952     
   58682.142361111109        12300.000000000000       -20134654.106174137        28651380.334658381        28516597.813618880       -2481.7781101172818       -1330.8054110474682       -517.18132052490898     
   58682.145833333336        12600.000000000000       -20875216.766683731        28246596.037716128        28355879.232257430       -2455.1415594424243       -1367.7626173720178       -554.12626199597673     
   58682.149305555555        12900.000000000000       -21607638.847826440        27830796.716800015        28184101.811936066       -2427.5103994533101       -1404.2366324293025       -590.90551723072429     
   58682.152777777781        13200.000000000000       -22331622.821688883        27404129.213277765        28001317.035645537       -2398.8903480312711       -1440.2148258428847       -627.50725442591192     
   58682.156250000000        13500.000000000000       -23046872.897400845        26966744.167079363        27807579.947729930       -2369.2873153516384       -1475.6845567457383       -663.91959066998947     
   58682.159722222219        13800.000000000000       -23753095.095370825        26518796.002716705        27602949.161024828       -2338.7074302247993       -1510.6331942065303       -700.13059856640075     
   58682.163194444445        14100.000000000000       -24449997.298649371        26060442.940525752        27387486.877953257       -2307.1569724724895       -1545.0480666439346       -736.12828613833574     
   58682.166666666664        14400.000000000000       -25137289.303618770        25591847.004875902        27161258.904620092       -2274.6424757647455       -1578.9165217707082       -771.90061759255150     
   58682.170138888883        14700.000000000000       -25814682.906145383        25113174.013218123        26924334.668972477       -2241.1706591129214       -1612.2258659327183       -807.43547621590506     
   58682.173611111109        15000.000000000000       -26481891.942139693        24624593.597544506        26676787.242875565       -2206.7484756818976       -1644.9634266282187       -842.72070171713847     
   58682.177083333328        15300.000000000000       -27138632.372664772        24126279.189698424        26418693.354270689       -2171.3830972296114       -1677.1164953771442       -877.74405996849691     
   58682.180555555555        15600.000000000000       -27784622.344596211        23618408.037492916        26150133.413288552       -2135.0819311575242       -1708.6723561090716       -912.49325831155068     
   58682.184027777774        15900.000000000000       -28419582.259942610        23101161.206866909        25871191.525378108       -2097.8526293284026       -1739.6182921507586       -946.95593397394623     
   58682.187500000000        16200.000000000000       -29043234.857600179        22574723.576899316        25581955.517458614       -2059.7030785782263       -1769.9415524670180       -981.11965745066414     
   58682.190972222219        16500.000000000000       -29655305.278569341        22039283.857114423        25282516.954041127       -2020.6414559653344       -1799.6294119543911       -1014.9719253052788     
   58682.194444444445        16800.000000000000       -30255521.156255588        21495034.573793937        24972971.162396215       -1980.6761524301021       -1828.6690954588184       -1048.5001717331945     
   58682.197916666664        17100.000000000000       -30843612.681551900        20942172.089145556        24653417.248675138       -1939.8158755601187       -1857.0478520170564       -1081.6917542782739     
   58682.201388888883        17400.000000000000       -31419312.704159293        20380896.588941749        24323958.125098150       -1898.0695954272539       -1884.7528945242336       -1114.5339543690006     
   58682.204861111109        17700.000000000000       -31982356.803145442        19811412.097988687        23984700.527085666       -1855.4465774111541       -1911.7714642766330       -1147.0139986304146     
   58682.208333333336        18000.000000000000       -32532483.384555809        19233926.467033185        23635755.036439609       -1811.9563776376376       -1938.0907700657115       -1179.1190082835828     
   58682.211805555555        18300.000000000000       -33069433.764748003        18648651.390664678        23277236.107498430       -1767.6088784304206       -1963.6980449658515       -1210.8360719472757     
   58682.215277777781        18600.000000000000       -33592952.277706787        18055802.381495982        22909262.077336170       -1722.4142631029379       -1988.5805085016309       -1242.1521777239457     
   58682.218750000000        18900.000000000000       -34102786.353735134        17455598.800622847        22531955.203909047       -1676.3830460234260       -2012.7253820465467       -1273.0542354920037     
   58682.222222222226        19200.000000000000       -34598686.637430690        16848263.825035781        22145441.674274210       -1629.5261010703341       -2036.1199280522972       -1303.5291236767187     
   58682.225694444445        19500.000000000000       -35080407.078830689        16234024.463591449        21749851.628759250       -1581.8546062486421       -2058.7513813727683       -1333.5636003589741     
   58682.229166666672        19800.000000000000       -35547705.038150772        15613111.547877297        21345319.190156616       -1533.3801364620820       -2080.6070231420258       -1363.1443872093955     
   58682.232638888891        20100.000000000000       -36000341.405405678        14985759.722056048        20931982.471945744       -1484.1146230290688       -2101.6741477868018       -1392.2581216561800     
   58682.236111111117        20400.000000000000       -36438080.703603268        14352207.434059536        20509983.610484537       -1434.0703624073681       -2121.9400798630568       -1420.8913842575632     
   58682.239583333336        20700.000000000000       -36860691.202917531        13712696.939823002        20079468.773221556       -1383.2600602483737       -2141.3921667856071       -1449.0306882147547     
   58682.243055555555        21000.000000000000       -37267945.047681339        13067474.275943518        19640588.187931508       -1331.6968147961131       -2160.0178157904693       -1476.6624774814068     
   58682.246527777781        21300.000000000000       -37659618.371830851        12416789.248731516        19193496.153929513       -1279.3941267331088       -2177.8044593160466       -1503.7731502848558     
   58682.250000000000        21600.000000000000       -38035491.419834487        11760895.440654570        18738351.062295869       -1226.3659268511315       -2194.7395928703322       -1530.3490355052170     
   58682.253472222219        21900.000000000000       -38395348.685286403        11100050.159631234        18275315.412132714       -1172.6265834563512       -2210.8107792694514       -1556.3764211453122     
   58682.256944444445        22200.000000000000       -38738979.034543000        10434514.447614325        17804555.823793907       -1118.1908919821701       -2226.0056229317684       -1581.8415367141226     
   58682.260416666664        22500.000000000000       -39066175.842011102        9764553.0482660960        17326243.056135811       -1063.0741201055375       -2240.3118375897761       -1606.7305754508366     
   58682.263888888891        22800.000000000000       -39376737.133439794        9090434.3802781776        16840552.015783153       -1007.2919942846726       -2253.7171883905239       -1631.0296777491071     
   58682.267361111109        23100.000000000000       -39670465.721323282        8412430.5192182343        16347661.772380326       -950.86071337184444       -2266.2095705140482       -1654.7249729718365     
   58682.270833333336        23400.000000000000       -39947169.353297554        7730817.1529268073        15847755.560866391       -893.79697205757702       -2277.7769481100731       -1677.8025327023222     
   58682.274305555555        23700.000000000000       -40206660.857768133        7045873.5753836455        15341020.800745688       -836.11795739704576       -2288.4074217732646       -1700.2484279166142     
   58682.277777777781        24000.000000000000       -40448758.297987990        6357882.6121393684        14827649.088372884       -777.84137147394335       -2298.0892132810686       -1722.0487040373366     
   58682.281250000000        24300.000000000000       -40673285.124026433        5667130.6246275557        14307836.214235589       -718.98543367734919       -2306.8106674615187       -1743.1893872829603     
   58682.284722222219        24600.000000000000       -40880070.332975104        4973907.4286701456        13781782.155250750       -659.56890279106256       -2314.5603071574164       -1763.6565271741399     
   58682.288194444445        24900.000000000000       -41068948.628916711        4278506.2719533499        13249691.077061696       -599.61105813955169       -2321.3267807903730       -1783.4361488413376     
   58682.291666666664        25200.000000000000       -41239760.581929818        3581223.7786376602        12711771.334332757       -539.13174913357204       -2327.0989402236551       -1802.5143184784013     
   58682.295138888883        25500.000000000000       -41392352.805088125        2882359.8885347522        12168235.458077434       -478.15139163758988       -2331.8658017768116       -1820.8771021282237     
   58682.298611111109        25800.000000000000       -41526578.117460594        2182217.8090531523        11619300.156960638       -416.69095460744455       -2335.6166053418683       -1838.5106171718082     
   58682.302083333328        26100.000000000000       -41642295.717342496        1481103.9394808577        11065186.294619540       -354.77199710430642       -2338.3407961785542       -1855.4010136378995     
   58682.305555555555        26400.000000000000       -41739371.359915063        779327.81569640641        10506118.885993080       -292.41666997321732       -2340.0280578390903       -1871.5344995100450     
   58682.309027777774        26700.000000000000       -41817677.535045356        77202.027973227101        9942327.0706512742       -229.64772394129062       -2340.6683158655010       -1886.8973434179077     
   58682.312500000000        27000.000000000000       -41877093.647791691       -624957.84648946230        9374044.0991298370       -166.48850212430924       -2340.2517626785839       -1901.4758963570675     
   58682.315972222219        27300.000000000000       -41917506.198524699       -1326833.3353449577        8801507.2992636580       -102.96297753648875       -2338.7688916151606       -1915.2566090129353     
   58682.319444444445        27600.000000000000       -41938808.974425822       -2028103.1542784998        8224958.0535417199       -39.095738933167723       -2336.2104674422753       -1928.2260061416214     
   58682.322916666664        27900.000000000000       -41940903.230352215       -2728443.2956127692        7644641.7674421007        25.088006834391393       -2332.5676017267242       -1940.3707561702388     
   58682.326388888883        28200.000000000000       -41923697.881358519       -3427527.1410898883        7060807.8257882502        89.562397922017993       -2327.8317170366931       -1951.6776430357402     
   58682.329861111109        28500.000000000000       -41887109.694983952       -4125025.5460111350        6473709.5581054781        154.30096212787936       -2321.9946298204432       -1962.1336120293120     
   58682.333333333336        28800.000000000000       -41831063.476149507       -4820606.9697214710        5883604.1849627411        219.27656461851907       -2315.0484894914571       -1971.7257502626833     
   58682.336805555555        29100.000000000000       -41755492.270912588       -5513937.5712416247        5290752.7763503669        284.46143019986584       -2306.9858948148958       -1980.4413438130359     
   58682.340277777781        29400.000000000000       -41660337.549597070       -6204681.3650968680        4695420.1830181638        349.82714201687793       -2297.7998285738058       -1988.2678708516662     
   58682.343750000000        29700.000000000000       -41545549.411512211       -6892500.3029911537        4097874.9878552551        415.34462107529282       -2287.4837204246846       -1995.1929943968973     
   58682.347222222226        30000.000000000000       -41411086.772366017       -7577054.4598044232        3498389.4332357184        480.98414948036117       -2276.0314937954768       -2001.2046624969510     
   58682.350694444445        30300.000000000000       -41256917.564609565       -8258002.1398032252        2897239.3433898613        546.71534772912162       -2263.4375091514353       -2006.2910174921237     
   58682.354166666672        30600.000000000000       -41083018.929176040       -8935000.0443927646        2294704.0617583729        612.50720314159230       -2249.6966845142852       -2010.4405095764532     
   58682.357638888891        30900.000000000000       -40889377.410082020       -9607703.4220613055        1691066.3473521434        678.32804037726601       -2234.8044423213860       -2013.6418647263120     
   58682.361111111117        31200.000000000000       -40675989.150406696       -10275766.234514497        1086612.3021144518        744.14555448187127       -2218.7567860665395       -2015.8841232981533     
   58682.364583333336        31500.000000000000       -40442860.078535534       -10938841.331400869        481631.26026482030        809.92679899099721       -2201.5502730160024       -2017.1566573871983     
   58682.368055555555        31800.000000000000       -40190006.104204804       -11596580.616131132       -123584.30333858340        875.63820189106741       -2183.1820905320715       -2017.4491930700949     
   58682.371527777781        32100.000000000000       -39917453.300398991       -12248635.249858925       -728738.89186364179        941.24555730353632       -2163.6500497989964       -2016.7518347331045     
   58682.375000000000        32400.000000000000       -39625238.097848043       -12894655.821397014       -1333534.0951447475        1006.7140638334107       -2142.9526152524518       -2015.0550748307853     
   58682.378472222219        32700.000000000000       -39313407.451039694       -13534292.577037316       -1937668.7193775445        1072.0083193762880       -2121.0889466252229       -2012.3498651260888     
   58682.381944444445        33000.000000000000       -38982019.031688131       -14167195.603191044       -2540838.9187614392        1137.0923132792332       -2098.0588792212839       -2008.6275545657234     
   58682.385416666664        33300.000000000000       -38631141.396400452       -14793015.051796259       -3142738.3221910368        1201.9294903993739       -2073.8630212827165       -2003.8800023834663     
   58682.388888888891        33600.000000000000       -38260854.154126190       -15411401.369261552       -3743058.1949480120        1266.4827132463051       -2048.5027015011965       -1998.0995460166721     
   58682.392361111109        33900.000000000000       -37871248.137281142       -16022005.515042547       -4341487.5753858360        1330.7143261919107       -2021.9800585447792       -1991.2790501840568     
   58682.395833333336        34200.000000000000       -37462425.550734736       -16624479.214411099       -4937713.4486564584        1394.5861434857973       -1994.2980187309431       -1983.4119252563171     
   58682.399305555555        34500.000000000000       -37034500.135005012       -17218475.187461734       -5531420.9044099003        1458.0594866604722       -1965.4603472587855       -1974.4921601405015     
   58682.402777777781        34800.000000000000       -36587597.299541309       -17803647.422309201       -6122293.3205505377        1521.0952062390011       -1935.4716687440798       -1964.5143240357240     
   58682.406250000000        35100.000000000000       -36121854.273670457       -18379651.413546920       -6710012.5359596200        1583.6536979635903       -1904.3374741161756       -1953.4736231604984     
   58682.409722222219        35400.000000000000       -35637420.224925660       -18946144.447942313       -7294259.0552795762        1645.6949608777425       -1872.0641851224373       -1941.3659339400074     
   58682.413194444445        35700.000000000000       -35134456.383768447       -19502785.872369807       -7874712.2386859655        1707.1785747052518       -1838.6591049376573       -1928.1877521170320     
   58682.416666666664        36000.000000000000       -34613136.164122514       -20049237.363135736       -8451050.5046671927        1768.0637816857279       -1804.1305324448974       -1913.9363370030264     
   58682.420138888883        36300.000000000000       -34073645.250991598       -20585163.236854177       -9022951.5598664638        1828.3094975596061       -1768.4876903338159       -1898.6096329267682     
   58682.423611111109        36600.000000000000       -33516181.701680433       -21110230.720165949       -9590092.6008974332        1887.8743552199771       -1731.7408229218172       -1882.2063558403067     
   58682.427083333328        36900.000000000000       -32940956.023441922       -21624110.264979221       -10152150.563204734        1946.7167321842999       -1693.9011712046167       -1864.7259968610736     
   58682.430555555555        37200.000000000000       -32348191.238362808       -22126475.851037141       -10708802.341947999        2004.7948051173328       -1654.9809969689179       -1846.1688388127068     
   58682.434027777774        37500.000000000000       -31738122.946847126       -22617005.286369085       -11259725.046888430        2062.0665806884249       -1614.9936046652967       -1826.5360038940125     
   58682.437500000000        37800.000000000000       -31110999.361622855       -23095380.536890604       -11804596.248330863        2118.4899441950461       -1573.9533674225518       -1805.8294572122011     
   58682.440972222219        38100.000000000000       -30467081.345805384       -23561288.033616137       -12343094.239057818        2174.0227282904625       -1531.8757303178766       -1784.0520415935657     
   58682.444444444445        38400.000000000000       -29806642.413362559       -24014419.009015370       -12874898.296334235        2228.6227089661033       -1488.7772040352804       -1761.2074806396959     
   58682.447916666664        38700.000000000000       -29129968.750897344       -24454469.806420811       -13399688.952871835        2282.2477125112555       -1444.6754238106589       -1737.3004255874728     
   58682.451388888883        39000.000000000000       -28437359.178777229       -24881142.230605289       -13917148.277907506        2334.8556259570637       -1399.5890990496491       -1712.3364606731845     
   58682.454861111109        39300.000000000000       -27729125.134293582       -25294143.866440963       -14426960.158239825        2386.4044929624833       -1353.5380825197976       -1686.3221267578867     
   58682.458333333336        39600.000000000000       -27005590.618231710       -25693188.417255748       -14928810.588334316        2436.8525197025156       -1306.5433225564548       -1659.2649231310056     
   58682.461805555555        39900.000000000000       -26267092.133758619       -26077996.038958915       -15422387.961442860        2486.1581873151781       -1258.6268965138529       -1631.1733588095096     
   58682.465277777781        40200.000000000000       -25513978.588440731       -26448293.686192591       -15907383.375792174        2534.2802599940906       -1209.8120110549517       -1602.0569352190671     
   58682.468750000000        40500.000000000000       -24746611.218121126       -26803815.433787160       -16383490.927730964        2581.1778789138380       -1160.1229713871562       -1571.9261531133172     
   58682.472222222226        40800.000000000000       -23965363.439494040       -27144302.824197587       -16850408.024010651        2626.8106377360518       -1109.5852316740293       -1540.7925808532812     
   58682.475694444445        41100.000000000000       -23170620.732961658       -27469505.197330628       -17307835.696009248        2671.1385727726251       -1058.2253287036101       -1508.6687927543753     
   58682.479166666672        41400.000000000000       -22362780.475748278       -27779180.022484832       -17755478.902048014        2714.1223323437480       -1006.0709223676070       -1475.5684187318861     
   58682.482638888891        41700.000000000000       -21542251.764503483       -28073093.228805143       -18193046.852727819        2755.7231513521524       -953.15075231991239       -1441.5061531913896     
   58682.486111111117        42000.000000000000       -20709455.218910061       -28351019.533147618       -18620253.322300848        2795.9029746440478       -899.49464669884594       -1406.4977344739225     
   58682.489583333336        42300.000000000000       -19864822.766104415       -28612742.756311130       -19036816.967077825        2834.6244976349453       -845.13348334867840       -1370.5599627304900     
   58682.493055555555        42600.000000000000       -19008797.403568815       -28858056.141136754       -19442461.643875577        2871.8512398386274       -790.09920157284455       -1333.7107111162568     
   58682.496527777781        42900.000000000000       -18141832.938026343       -29086762.667387772       -19836916.729509249        2907.5476038277361       -734.42474418610141       -1295.9688877710623     
   58682.500000000000        43200.000000000000       -17264393.716810778       -29298675.343184553       -20219917.431298185        2941.6789597742832       -678.14405174647334       -1257.3544724105893     
   58682.503472222219        43500.000000000000       -16376954.319597743       -29493617.510482769       -20591205.111646008        2974.2117150993245       -621.29205839547171       -1217.8884916645318     
   58682.506944444445        43800.000000000000       -15479999.244217852       -29671423.130737137       -20950527.592631452        3005.1133208486563       -563.90460164779529       -1177.5929920932126     
   58682.510416666664        44100.000000000000       -14574022.584262718       -29831937.050047036       -21297639.467614062        3034.3524409662205       -506.01844784874152       -1136.4910606730625     
   58682.513888888891        44400.000000000000       -13659527.645554898       -29975015.281836558       -21632302.407954499        3061.8989269026606       -447.67123903361289       -1094.6067870370268     
   58682.517361111109        44700.000000000000       -12737026.593420539       -30100525.252620339       -21954285.461676519        3087.7239305097701       -388.90142288100901       -1051.9652601562398     
   58682.520833333336        45000.000000000000       -11807040.041653048       -30208346.044445176       -22263365.351237878        3111.7999386798542       -329.74825961591375       -1008.5925383865509     
   58682.524305555555        45300.000000000000       -10870096.652206235       -30298368.632991951       -22559326.760281086        3134.1008635937978       -270.25175795046232       -964.51564170104746     
   58682.527777777781        45600.000000000000       -9926732.6907948963       -30370496.098382343       -22841962.618466031        3154.6020634695305       -210.45260646472889       -919.76250110824787     
   58682.531250000000        45900.000000000000       -8977491.5945623815       -30424643.828558452       -23111074.369279921        3173.2804317738755       -150.39216710894669       -874.36195484390009     
   58682.534722222219        46200.000000000000       -8022923.4852559501       -30460739.712562934       -23366472.243948933        3190.1144550712852       -90.112392344591569       -828.34372934071553     
   58682.538194444445        46500.000000000000       -7063584.7078543296       -30478724.305769503       -23607975.515301675        3205.0842050995370       -29.655782414623104       -781.73836665530996     
   58682.541666666664        46800.000000000000       -6100037.3276477121       -30478550.990402069       -23835412.740710277        3218.1714871764570        30.934670158852555       -734.57722222252482     
   58682.545138888883        47100.000000000000       -5132848.6136697261       -30460186.111346487       -24048622.002056576        3229.3597765162531        91.615540898329584       -686.89241803517939     
   58682.548611111109        47400.000000000000       -4162590.5239320928       -30423609.101279680       -24247451.127694715        3238.6343671857476        152.34302126729062       -638.71680975160609     
   58682.552083333328        47700.000000000000       -3189839.1626341077       -30368812.580472767       -24431757.907465622        3245.9823177582862        213.07300402812098       -590.08392987131663     
   58682.555555555555        48000.000000000000       -2215174.2387133227       -30295802.443538066       -24601410.288708929        3251.3925539789143        273.76110954381329       -541.02796957205646     
   58682.559027777774        48300.000000000000       -1239178.4980772266       -30204597.926670589       -24756286.568323564        3254.8558723953829        334.36279774387975       -491.58370408204536     
   58682.562500000000        48600.000000000000       -262437.17171785072       -30095231.647666484       -24896275.557798315        3256.3649548491198        394.83338200240695       -441.78646854113265     
   58682.565972222219        48900.000000000000        714462.61347784579       -29967749.643947437       -25021276.749312107        3255.9144533001895        455.12812322195640       -391.67210197653458     
   58682.569444444445        49200.000000000000        1690932.4096945270       -29822211.369234290       -25131200.452806901        3253.5009044192357        515.20230909876352       -341.27688809979816     
   58682.572916666664        49500.000000000000        2666383.0284725758       -29658689.685771160       -25225967.927070614        3249.1228698884470        575.01127703558404       -290.63751765282342     
   58682.576388888883        49800.000000000000        3640225.1467284183       -29477270.832531270       -25305511.490867656        3242.7808387178502        634.51053033369703       -239.79102689754973     
   58682.579861111109        50100.000000000000        4611869.8854378927       -29278054.367060546       -25369774.620018028        3234.4773135486084        693.65576605313026       -188.77474776497883     
   58682.583333333336        50400.000000000000        5580729.4132041587       -29061153.099444062       -25418712.026522756        3224.2167539861093        752.40297274589625       -137.62624638464652     
   58682.586805555555        50700.000000000000        6546217.5334965717       -28826692.990377150       -25452289.720658295        3212.0056336822367        810.70847728482090       -86.383268749307234     
   58682.590277777781        51000.000000000000        7507750.2956786035       -28574813.044665031       -25470485.058115341        3197.8523827724766        868.52901955303287       -35.083698339098234     
   58682.593750000000        51300.000000000000        8464746.5620171241       -28305665.173982151       -25473286.771054890        3181.7673776045558        925.82180998147737        16.234523079540548     
   58682.597222222226        51600.000000000000        9416628.6128851753       -28019414.047659159       -25460694.976235528        3163.7629919698024        982.54461157221272        67.533439839359090     
   58682.600694444445        51900.000000000000        10362822.724337650       -27716236.916263387       -25432721.174088664        3143.8534834254310        1038.6557771831976        118.77513136776008     
   58682.604166666672        52200.000000000000        11302759.739675548       -27396323.426831800       -25389388.224782489        3122.0550465204060        1094.1143397387361        169.92179894397609     
   58682.607638888891        52500.000000000000        12235875.639443222       -27059875.409929734       -25330730.307282507        3098.3857295334174        1148.8800369386393        220.93577757817735     
   58682.611111111117        52800.000000000000        13161612.103147233       -26707106.656473700       -25256792.870396581        3072.8654461572933        1202.9134141984196        271.77962925777172     
   58682.614583333336        53100.000000000000        14079417.051028825       -26338242.669371836       -25167632.550782245        3045.5158951322596        1256.1758412488107        322.41619756872097     
   58682.618055555555        53400.000000000000        14988745.182655305       -25953520.411044247       -25063317.089948125        3016.3605771847733        1308.6295803502856        372.80861653469788     
   58682.621527777781        53700.000000000000        15889058.508563692       -25553188.019934483       -24943925.231241886        2985.4246712659847        1360.2378455506978        422.92042938433138     
   58682.625000000000        54000.000000000000        16779826.841079462       -25137504.526305053       -24809546.590761989        2952.7350640990194        1410.9648382495582        472.71558910714737     
   58682.628472222219        54300.000000000000        17660528.314263485       -24706739.540833659       -24660281.531323381        2918.3202779107619        1460.7758156703749        522.15853169104173     
   58682.631944444445        54600.000000000000        18530649.844719514       -24261172.938699130       -24496241.002312832        2882.2103501639417        1509.6370902956376        571.21422921598810     
   58682.635416666664        54900.000000000000        19389687.594523940       -23801094.534127999       -24317546.379547983        2844.4368974825966        1557.5161273395702        619.84821781734149     
   58682.638888888891        55200.000000000000        20237147.432730325       -23326803.723261770       -24124329.284133364        2805.0329365322432        1604.3815400231426        668.02665969608745     
   58682.642361111109        55500.000000000000        21072545.337001931       -22838609.147002213       -23916731.390204892        2764.0329099673054        1650.2031371629885        715.71637941110919     
   58682.645833333336        55800.000000000000        21895407.828812357       -22336828.311748061       -23694904.218736522        2721.4725688593180        1694.9519670843956        762.88491083325459     
   58682.649305555555        56100.000000000000        22705272.334447477       -21821787.228674263       -23459008.919208530        2677.3889247985526        1738.6003240984264        809.50053355992327     
   58682.652777777781        56400.000000000000        23501687.575023312       -21293820.023286399       -23209216.041329641        2631.8201856581954        1781.1217885172541        855.53230119504360     
   58682.656250000000        56700.000000000000        24284213.894290783       -20753268.556408949       -22945705.295643229        2584.8056643595978        1822.4912471405196        900.95009797278215     
   58682.659722222219        57000.000000000000        25052423.600056067       -20200482.018977806       -22668665.300158430        2536.3857642521334        1862.6849162593353        945.72464676077766     
   58682.663194444445        57300.000000000000        25805901.261185143       -19635816.542602599       -22378293.325898767        2486.6018032730090        1901.6803266646018        989.82755335414640     
   58682.666666666664        57600.000000000000        26544243.980497818       -19059634.795629840       -22074795.024405420        2435.4960585881799        1939.4563914704372        1033.2313317175897     
   58682.670138888883        57900.000000000000        27267061.676764470       -18472305.564991701       -21758384.155257370        2383.1116028725210        1975.9933598810173        1075.9094225664815     
   58682.673611111109        58200.000000000000        27973977.299788788       -17874203.360670008       -21429282.300466981        2329.4922823432380        2011.2728577191922        1117.8362351056730     
   58682.677083333328        58500.000000000000        28664627.061157446       -17265708.002360672       -21087718.574904572        2274.6826256975132        2045.2778766980366        1158.9871326519180     
   58682.680555555555        58800.000000000000        29338660.622889791       -16647204.201641189       -20733929.335644364        2218.7277653402361        2077.9927841398171        1199.3384860118149     
   58682.684027777774        59100.000000000000        29995741.270087343       -16019081.156412877       -20368157.875280708        2161.6733627599392        2109.4033094216015        1238.8676682414418     
   58682.687500000000        59400.000000000000        30635546.056233302       -15381732.145611357       -19990654.124193352        2103.5655596897627        2139.4965268487517        1277.5530676712849     
   58682.690972222219        59700.000000000000        31257765.942477997       -14735554.116562717       -19601674.338801373        2044.4508890442028        2168.2609012800822        1315.3741121053524     
   58682.694444444445        60000.000000000000        31862105.892483126       -14080947.278958356       -19201480.793734178        1984.3761710492031        2195.6862003766414        1352.3112496641902     
   58682.697916666664        60300.000000000000        32448284.961944658       -13418314.715149086       -18790341.471993003        1923.3885285868234        2221.7635299653762        1388.3459813157901     
   58682.701388888883        60600.000000000000        33016036.370387182       -12748061.975262718       -18368529.748078924        1861.5352249131192        2246.4853163913704        1423.4608488328831     
   58682.704861111109        60900.000000000000        33565107.535063997       -12070596.683947625       -17936324.077050418        1798.8636638773701        2269.8452778448509        1457.6394491304407     
   58682.708333333336        61200.000000000000        34095260.105015650       -11386328.168040974       -17494007.678581569        1735.4212873249985        2291.8383859753872        1490.8663982094802     
   58682.711805555555        61500.000000000000        34606269.960235640       -10695667.068511959       -17041868.230954833        1671.2555442381399        2312.4608938838687        1523.1273804971656     
   58682.715277777781        61800.000000000000        35097927.209745809       -9999024.9632507712       -16580197.548051978        1606.4137920237981        2331.7102604450670        1554.4091028845244     
   58682.718750000000        62100.000000000000        35570036.143835358       -9296814.0246513654       -16109291.283260060        1540.9432564713677        2349.5851374165773        1584.6992829769033     
   58682.722222222226        62400.000000000000        36022415.204569355       -8589446.6343309823       -15629448.615410725        1474.8910031876742        2366.0853798150083        1613.9866862086390     
   58682.725694444445        62700.000000000000        36454896.909532636       -7877335.0621323446       -15140971.944633354        1408.3038149899264        2381.2119468874976        1642.2610585772745     
   58682.729166666672        63000.000000000000        36867327.771924824       -7160891.1132680196       -14644166.597200774        1341.2282119195875        2394.9669530644887        1669.5131597827447     
   58682.732638888891        63300.000000000000        37259568.211535759       -6440525.7970732329       -14139340.523358366        1273.7103515406368        2407.3535544548818        1695.7347038701505     
   58682.736111111117        63600.000000000000        37631492.434772946       -5716649.0188905234       -13626804.015095768        1205.7960055097171        2418.3759941723115        1720.9183950038293     
   58682.739583333336        63900.000000000000        37982988.317309715       -4989669.2580443388       -13106869.406923136        1137.5305048007367        2428.0395032656043        1745.0578650722587     
   58682.743055555555        64200.000000000000        38313957.262242690       -4259993.2801208375       -12579850.807602422        1068.9587126473612        2436.3503105332802        1768.1476898266192     
   58682.746527777781        64500.000000000000        38624314.055076465       -3528025.8257244723       -12046063.811872073        1000.1249461381374        2443.3155928513693        1790.1833386735379     
   58682.750000000000        64800.000000000000        38913986.691373333       -2794169.3639900424       -11505825.244122028        931.07298960375533        2448.9434213745781        1811.1611779757473     
   58682.753472222219        65100.000000000000        39182916.219074644       -2058823.7963382546       -10959452.882095044        861.84603323150782        2453.2427868549180        1831.0784461260628     
   58682.756944444445        65400.000000000000        39431056.543695226       -1322386.2014569584       -10407265.209519466        792.48661747974006        2456.2234636937183        1849.9332135161510     
   58682.760416666664        65700.000000000000        39658374.240204133       -585250.61349318200       -9849581.1607550588        723.03666324579399        2457.8960795686448        1867.7243892690931     
   58682.763888888891        66000.000000000000        39864848.355761580        152192.25060598651       -9286719.8784207571        653.53737531225556        2458.2720057757060        1884.4516689136381     
   58682.767361111109        66300.000000000000        40050470.193440251        889555.18115334667       -8719000.4779884107        584.02928037664890        2457.3633622751445        1900.1155398435169     
   58682.770833333336        66600.000000000000        40215243.105975039        1626454.7279820133       -8146741.8163940702        514.55214336186430        2455.1829496773071        1914.7172130149074     
   58682.774305555555        66900.000000000000        40359182.260901451        2362511.3635555222       -7570262.2765974067        445.14500335557443        2451.7442540339175        1928.2586623722802     
   58682.777777777781        67200.000000000000        40482314.427056864        3097349.7125437618       -6989879.5411798041        375.84612046758247        2447.0613588788206        1940.7425342269073     
   58682.781250000000        67500.000000000000        40584677.727538534        3830598.7063269778       -6405910.4018811025        306.69295992064997        2441.1489608045845        1952.1721585868981     
   58682.784722222219        67800.000000000000        40666321.409877323        4561891.7785050757       -5818670.5451676939        237.72219831317943        2434.0223210787371        1962.5515347269059     
   58682.788194444445        68100.000000000000        40727305.600877590        5290867.0100541832       -5228474.3687728709        168.96969753945024        2425.6971884052559        1971.8852640852901     
   58682.791666666664        68400.000000000000        40767701.063227996        6017167.2886613868       -4635634.7962401668        100.47049152461437        2416.1898521068706        1980.1785656877869     
   58682.795138888883        68700.000000000000        40787588.944895573        6740440.4519533264       -4040463.0994534483        32.258790082870291        2405.5170065371112        1987.4372170621218     
   58682.798611111109        69000.000000000000        40787060.530896917        7460339.4173790412       -3443268.7321716463       -35.632041808402164        2393.6958142580270        1993.6675743021972     
   58682.802083333328        69300.000000000000        40766216.990433276        8176522.3023596881       -2844359.1615549438       -103.16947297660727        2380.7438096019278        1998.8764891873059     
   58682.805555555555        69600.000000000000        40725169.124237739        8888652.5484571438       -2244039.7256912435       -170.32182382291558        2366.6789005987494        2003.0713354883303     
   58682.809027777774        69900.000000000000        40664037.111864090        9596399.0115471371       -1642613.4731230782       -237.05824712633535        2351.5193276969921        2006.2599614863650     
   58682.812500000000        70200.000000000000        40582950.258259133        10299436.072740590       -1040381.0353727649       -303.34875957100570        2335.2836270391981        2008.4506522002964     
   58682.815972222219        70500.000000000000        40482046.734858274        10997443.715294978       -437640.48645784648       -369.16421848381987        2317.9906424851074        2009.6521610374937     
   58682.819444444445        70800.000000000000        40361473.334211998        11690107.610527577        165312.78356835694       -434.47630595398658        2299.6594281620501        2009.8736068412995     
   58682.822916666664        71100.000000000000        40221385.215188675        12377119.179181382        768186.17709342251       -499.25756207374036        2280.3092944594327        2009.1245108460309     
   58682.826388888883        71400.000000000000        40061945.648864895        13058175.672282875        1370690.0124216932       -563.48135207847599        2259.9597396593963        2007.4147578991356     
   58682.829861111109        71700.000000000000        39883325.774896085        13732980.213583466        1972537.6222298322       -627.12185426074325        2238.6304480829403        2004.7545790916240     
   58682.833333333336        72000.000000000000        39685704.354702190        14401241.854375791        2573445.4580286806       -690.15408472401737        2216.3412244213423        2001.1545037322210     
   58682.836805555555        72300.000000000000        39469267.524991043        15062675.601912707        3173133.1756240339       -752.55385975820855        2193.1120570070898        1996.6253970974431     
   58682.840277777781        72600.000000000000        39234208.554268822        15717002.491606710        3771323.7345727324       -814.29779915665767        2168.9630052136931        1991.1783657909455     
   58682.843750000000        72900.000000000000        38980727.610754110        16363949.568717545        4367743.4606157821       -875.36329925147970        2143.9142059465435        1984.8247943375852     
   58682.847222222226        73200.000000000000        38709031.520417146        17003249.955408890        4962122.1401316272       -935.72855931578226        2117.9859166854840        1977.5763198352950     
   58682.850694444445        73500.000000000000        38419333.538329251        17634642.838602439        5554193.0765631311       -995.37252688361286        2091.1983939262082        1969.4447752560484     
   58682.854166666672        73800.000000000000        38111853.120129980        18257873.497255791        6143693.1598450877       -1054.2749169919907        2063.5719544666431        1960.4422272689733     
   58682.857638888891        74100.000000000000        37786815.694950446        18872693.303648584        6730362.9268286657       -1112.4161822418532        2035.1269239073258        1950.5809106975689     
   58682.861111111117        74400.000000000000        37444452.447288074        19478859.729813557        7313946.6116892146       -1169.7775062852406        2005.8836279376944        1939.8732541050720     
   58682.864583333336        74700.000000000000        37085000.096202314        20076136.344580781        7894192.2013390251       -1226.3407905868996        1975.8623794966857        1928.3318174613216     
   58682.868055555555        75000.000000000000        36708700.687834807        20664292.803581659        8470851.4708150383       -1282.0886394476229        1945.0834697597211        1915.9693262711396     
   58682.871527777781        75300.000000000000        36315801.377725519        21243104.850253738        9043680.0366859939       -1337.0043437453778        1913.5671292221000        1902.7986270764375     
   58682.875000000000        75600.000000000000        35906554.241331868        21812354.277071457        9612437.3814060967       -1391.0718662678553        1881.3335561350350        1888.8326710317197     
   58682.878472222219        75900.000000000000        35481216.056293361        22371828.940895114        10176886.893722596       -1444.2758418680905        1848.4028772753122        1874.0845323990600     
   58682.881944444445        76200.000000000000        35040048.119839996        22921322.712912653        10736795.894016529       -1496.6015235982145        1814.7951219641488        1858.5673430764962     
   58682.885416666664        76500.000000000000        34583316.056371920        23460635.465859625        11291935.655662555       -1548.0348270178438        1780.5302724352698        1842.2943397940621     
   58682.888888888891        76800.000000000000        34111289.619413696        23989573.054810040        11842081.435399286       -1598.5622524618682        1745.6281748766764        1825.2788149532050     
   58682.892361111109        77100.000000000000        33624242.529657573        24507947.266174238        12387012.482631566       -1648.1709168549412        1710.1086029031771        1807.5341147766235     
   58682.895833333336        77400.000000000000        33122452.275379796        25015575.810945239        12926512.059804000       -1696.8485139538104        1673.9911972162895        1789.0736250228422     
   58682.899305555555        77700.000000000000        32606199.960853428        25512282.262997802        13460367.449683797       -1744.5833053113099        1637.2954826316250        1769.9107817135871     
   58682.902777777781        78000.000000000000        32075770.119096156        25997896.046978738        13988369.970711207       -1791.3641093056201        1600.0408717010712        1750.0590255158847     
   58682.906250000000        78300.000000000000        31531450.564388964        26472252.380263519        14510314.974274879       -1837.1802827361132        1562.2466216268754        1729.5318311685619     
   58682.909722222219        78600.000000000000        30973532.218893189        26935192.244402871        15026001.861036183       -1882.0217053187039        1523.9318779030787        1708.3426912342620     
   58682.913194444445        78900.000000000000        30402308.967298012        27386562.342346806        15535234.073200909       -1925.8787550793579        1485.1156220494486        1686.5050656233075     
   58682.916666666664        79200.000000000000        29818077.508478083        27826215.041862302        16037819.094796384       -1968.7423223377252        1445.8166973134375        1664.0324508812223     
   58682.920138888883        79500.000000000000        29221137.195272390        28254008.352000140        16533568.455971437       -2010.6037612072116        1406.0537933502646        1640.9382923056678     
   58682.923611111109        79800.000000000000        28611789.908236161        28669805.859779816        17022297.716232095       -2051.4549047845862        1365.8454545123323        1617.2360507008273     
   58682.927083333328        80100.000000000000        27990339.913839690        29073476.690007634        17503826.474706940       -2091.2880137756879        1325.2100631624769        1592.9391454163447     
   58682.930555555555        80400.000000000000        27357093.725541331        29464895.464979783        17977978.346407019       -2130.0958168785569        1284.1658419178284        1568.0609763613475     
   58682.934027777774        80700.000000000000        26712359.982637219        29843942.241114736        18444580.966452185       -2167.8714397773447        1242.7308538035948        1542.6149009667399     
   58682.937500000000        81000.000000000000        26056449.320451938        30210502.476563923        18903465.966314208       -2204.6084270698484        1200.9229955547721        1516.6142405369021     
   58682.940972222219        81300.000000000000        25389674.249047775        30564466.971059311        19354468.974043511       -2240.3007373209566        1158.7600155584541        1490.0722913869579     
   58682.944444444445        81600.000000000000        24712349.039011616        30905731.823666293        19797429.594482981       -2274.9426751151727        1116.2594765160652        1463.0022781712491     
   58682.947916666664        81900.000000000000        24024789.611365333        31234198.376511998        20232191.395473886       -2308.5289502104547        1073.4387964862999        1435.4174017754990     
   58682.951388888883        82200.000000000000        23327313.416140214        31549773.177106079        20658601.897083323       -2341.0546154500462        1030.3152244834012        1407.3307928911522     
   58682.954861111109        82500.000000000000        22620239.336933106        31852367.918904722        21076512.548782755       -2372.5150860728795        986.90583462152915        1378.7555374729247     
   58682.958333333336        82800.000000000000        21903887.584705882        32141899.393444709        21485778.720646840       -2402.9060791745374        943.22754890792544        1349.7046677970663     
   58682.961805555555        83100.000000000000        21178579.607367687        32418289.445226245        21886259.681522828       -2432.2236777499593        899.29713488357379        1320.1911580251799     
   58682.965277777781        83400.000000000000        20444637.971832823        32681464.925700475        22277818.584251478       -2460.4642497505265        855.13117805654258        1290.2279133272446     
   58682.968750000000        83700.000000000000        19702386.302110590        32931357.634538975        22660322.442782946       -2487.6244732321625        810.74612192481970        1259.8277841712361     
   58682.972222222226        84000.000000000000        18952149.160169527        33167904.286759473        23033642.120400116       -2513.7013313572702        766.15825427652578        1229.0035721883801     
   58682.975694444445        84300.000000000000        18194251.985062834        33391046.452424753        23397652.307832625       -2538.6920549302163        721.38368252207408        1197.7679903647893     
   58682.979166666672        84600.000000000000        17429020.992857553        33600730.517213561        23752231.501444440       -2562.5941937882335        676.43839397548868        1166.1337108673417     
   58682.982638888891        84900.000000000000        16656783.103799200        33796907.637097381        24097261.991370503       -2585.4055173087959        631.33820269853607        1134.1133345327585     
   58682.986111111117        85200.000000000000        15877865.864713408        33979533.689919867        24432629.835662175       -2607.1240710673997        586.09877722459419        1101.7193959175686     
   58682.989583333336        85500.000000000000        15092597.369845817        34148569.234332025        24758224.846435748       -2627.7481670450570        540.73565916532323        1068.9643775070256     
   58682.993055555555        85800.000000000000        14301306.197167818        34303979.463888980        25073940.565991998       -2647.2762602314651        495.26420098158303        1035.8606683708604     
   58682.996527777781        86100.000000000000        13504321.320870096        34445734.168487795        25379674.252980307       -2665.7072913055204        449.69971011022460        1002.4206799631193     
   58683.000000000000        0.0000000000000000        12701972.069436762        34573807.686738968        25675326.861477494       -2683.0392303279364        404.05695787014201        968.65637670319722     
