    58250.916666666664241          79200.000000000              7284138.998            -13485035.271             21727176.675             3439.6571619             1771.6636085              -62.0558305
    58250.927083333335759          80100.000000000             10308507.715            -11779453.446             21485122.684             3271.5179227             2013.1206092             -475.1222153
    58250.937500000000000          81000.000000000             13155974.865             -9871736.307             20874310.789             3047.0896776             2220.2029554             -880.3453271
    58250.947916666664241          81900.000000000             15777500.509             -7794487.642             19904943.588             2770.1297487             2389.3081945            -1270.7678112
    58250.958333333335759          82800.000000000             18127840.751             -5583271.192             18593390.542             2445.3055732             2517.4710955            -1639.6624761
    58250.968750000000000          83700.000000000             20166335.079             -3276011.693             16961928.345             2078.1215321             2602.4185020            -1980.6483927
    58250.979166666664241          84600.000000000             21857620.940              -912351.378             15038378.527             1674.8305082             2642.6132589            -2287.8028321
    58250.989583333335759          85500.000000000             23172262.192              1467027.716             12855646.956             1242.3311945             2637.2861088            -2555.7669941
    58251.000000000000000              0.000000000             24087279.234              3821104.373             10451171.752              788.0525133             2586.4545974            -2779.8434401
    58251.010416666664241            900.000000000             24586569.941              6109229.687              7866288.027              319.8268649             2490.9282237            -2956.0831714
    58251.020833333335759           1800.000000000             24661212.254              8291836.807              5145519.658             -154.2457193             2352.2993180            -3081.3603749
    58251.031250000000000           2700.000000000             24309641.316             10331135.934              2335810.026             -625.9401137             2172.9194211            -3153.4330217
    58251.041666666664241           3600.000000000             23537696.307             12191781.581              -514294.816            -1087.0526276             1955.8612734            -3170.9877419
    58251.052083333335759           4500.000000000             22358534.699             13841499.295             -3355495.796            -1529.5486100             1704.8668776            -3133.6677091
    58251.062500000000000           5400.000000000             20792414.325             15251659.671             -6138607.580            -1945.7080766             1424.2824666            -3042.0826501
    58251.072916666664241           6300.000000000             18866346.433             16397788.377             -8815426.108            -2328.2662684             1118.9815631            -2897.8005223
    58251.083333333335759           7200.000000000             16613625.653             17260002.133            -11339580.370            -2670.5461211              794.2776472            -2703.3208623
    58251.093750000000000           8100.000000000             14073245.459             17823362.070            -13667352.108            -2966.5798004              455.8282267            -2462.0302763
    58251.104166666664241           9000.000000000             11289210.153             18078137.649            -15758447.757            -3211.2167299              109.5323286            -2178.1409987
    58251.114583333335759           9900.000000000              8309756.542             18019976.151            -17576707.956            -3400.2158899             -238.5764217            -1856.6138584
    58251.125000000000000          10800.000000000              5186500.317             17649974.814            -19090741.334            -3530.3205837             -582.4388846            -1503.0673593
    58251.135416666664241          11700.000000000              1973523.566             16974654.650            -20274470.974            -3599.3143194             -916.0794012            -1123.6748761
    58251.145833333335759          12600.000000000             -1273579.174             16005837.048            -21107583.819            -3606.0569311            -1233.7125057             -725.0521917
    58251.156250000000000          13500.000000000             -4498678.302             14760426.135            -21575875.409            -3550.5005306            -1529.8452803             -314.1377509
    58251.166666666664241          14400.000000000             -7646091.825             13260101.706            -21671484.490            -3433.6853354            -1799.3734423              101.9319188
    58251.177083333335759          15300.000000000            -10661555.376             11530929.150            -21393014.245            -3257.7158328            -2037.6694555              515.9491574
    58251.187500000000000          16200.000000000            -13493162.229              9602894.219            -20745539.110            -3025.7181186            -2240.6611845              920.7620805
    58251.197916666664241          17100.000000000            -16092256.877              7509371.748            -19740498.273            -2741.7795792            -2404.8998497             1309.3991294
    58251.208333333335759          18000.000000000            -18414266.917              5286538.407            -18395478.956            -2410.8723656            -2527.6162893             1675.1890776
    58251.218750000000000          18900.000000000            -20419459.380              2972740.370            -16733894.498            -2038.7623446            -2606.7647845             2011.8744812
    58251.229166666664241          19800.000000000            -22073609.294               607827.331            -14784563.984            -1631.9054019            -2641.0539450             2313.7167438
    58251.239583333335759          20700.000000000            -23348569.965             -1767535.337            -12581201.698            -1197.3331167            -2629.9643920             2575.5911769
    58251.250000000000000          21600.000000000            -24222736.394             -4112564.390            -10161826.054             -742.5299391            -2573.7532024             2793.0706599
    58251.260416666664241          22500.000000000            -24681395.138             -6387054.607             -7568098.813             -275.3040630            -2473.4452971             2962.4967326
    58251.270833333335759          23400.000000000            -24716955.963             -8552061.208             -4844606.332              196.3457765            -2330.8121552             3081.0371953
    58251.281250000000000          24300.000000000            -24329062.612            -10570557.615             -2038095.302              664.3653605            -2148.3384314             3146.7295323
    58251.291666666664241          25200.000000000            -23524582.003            -12408057.994               803324.038             1120.7797200            -1929.1772157             3158.5097176
    58251.302083333335759          26100.000000000            -22317473.111            -14033194.757              3630993.945             1557.8254369            -1677.0948324             3116.2261986
    58251.312500000000000          27000.000000000            -20728538.628            -15418242.052              6396531.136             1968.0785118            -1396.4061976             3020.6390808
    58251.322916666664241          27900.000000000            -18785064.246            -16539577.240              9052641.443             2344.5759203            -1091.9018612             2873.4047517
    58251.333333333335759          28800.000000000            -16520352.027            -17378073.424             11553914.223             2680.9291341             -768.7679393             2677.0463756
    58251.343750000000000          29700.000000000            -13973155.825            -17919417.189             13857584.086             2971.4280389             -432.5001985             2434.9108681
    58251.354166666664241          30600.000000000            -11187028.021            -18154346.865             15924248.094             3211.1338517              -88.8135929             2151.1131112
    58251.364583333335759          31500.000000000             -8209588.060            -18078807.831             17718527.340             3395.9598078              256.4514291             1830.4683008
    58251.375000000000000          32400.000000000             -5091724.275            -17694022.535             19209662.673             3522.7385507              597.4245212             1478.4134325
    58251.385416666664241          33300.000000000             -1886741.389            -17006474.113             20372035.283             3589.2753145              928.3016139             1100.9190296
    58251.395833333335759          34200.000000000              1350533.155            -16027803.693             21185603.897             3594.3861358             1243.4403462              704.3923054
    58251.406250000000000          35100.000000000              4564670.291            -14774622.638             21636251.439             3537.9204755             1537.4534371              295.5730372
    58251.416666666664241          36000.000000000              7700573.576            -13268242.171             21716035.206             3420.7677684             1805.2986804             -118.5764802
    58251.427083333335759          36900.000000000             10704411.970            -11534324.022             21423335.882             3244.8475673             2042.3642459             -530.9859470
    58251.437500000000000          37800.000000000             13524536.292             -9602456.908             20762902.065             3013.0831040             2244.5479703             -934.5944715
    58251.447916666664241          38700.000000000             16112364.415             -7505664.849             19745788.432             2729.3582737             2408.3293228            -1322.4692169
    58251.458333333335759          39600.000000000             18423220.351             -5279854.502             18389187.238             2398.4582559             2530.8327493            -1687.9234965
    58251.468750000000000          40500.000000000             20417112.703             -2963209.836             16716154.482             2025.9942360             2609.8811329            -2024.6324222
    58251.479166666664241          41400.000000000             22059438.476              -595543.591             14755233.834             1618.3129713             2644.0381775            -2326.7441184
    58251.489583333335759          42300.000000000             23321599.067              1782384.006             12539983.232             1182.3922665             2632.6386243            -2588.9844421
    58251.500000000000000          43200.000000000             24181516.350              4129567.890             10108410.939              725.7237680             2575.8053662            -2806.7531261
    58251.510416666664241          44100.000000000             24624038.226              6405470.029              7502329.702              256.1848445             2474.4527237            -2976.2092888
    58251.520833333335759          45000.000000000             24641224.737              8570727.824              4766639.476             -218.0983242             2330.2754032            -3094.3443547
    58251.531250000000000          45900.000000000             24232507.903             10587846.050              1948550.866             -688.8939999             2145.7229528            -3159.0405966
    58251.541666666664241          46800.000000000             23404720.806             12421859.322              -903237.064            -1148.0117498             1923.9598731            -3169.1137623
    58251.552083333335759          47700.000000000             22171993.955             14040952.391             -3739389.712            -1587.4499821             1668.8118927            -3124.3385697
    58251.562500000000000          48600.000000000             20555519.723             15417026.169             -6510804.770            -1999.5410868             1384.6992893            -3025.4562399
    58251.572916666664241          49500.000000000             18583188.389             16526198.367             -9169478.586            -2377.0910980             1076.5584878            -2874.1636720
    58251.583333333335759          50400.000000000             16289102.081             17349228.874            -11669354.529            -2713.5108730              749.7534897            -2673.0843258
    58251.593750000000000          51300.000000000             13712975.546             17871861.510            -13967137.103            -3002.9359725              409.9789613            -2425.7213443
    58251.604166666664241          52200.000000000             10899435.068             18085075.577            -16023056.224            -3240.3327108               63.1570228            -2136.3938993
    58251.614583333335759          53100.000000000              7897228.994             17985242.493            -17801567.174            -3421.5882054             -284.6700777            -1810.1581541
    58251.625000000000000          54000.000000000              4758365.092             17574184.827            -19271973.145            -3543.5826790             -627.4491533            -1452.7145937
    58251.635416666664241          54900.000000000              1537191.322             16859137.069            -20408958.988            -3604.2427251             -959.2248792            -1070.3037602
    58251.645833333335759          55800.000000000             -1710562.445             15852609.483            -21193026.765            -3602.5747254            -1274.2460251             -669.5926463
    58251.656250000000000          56700.000000000             -4928763.703             14572158.274            -21610825.723            -3538.6780739            -1567.0670620             -257.5541381
    58251.666666666664241          57600.000000000             -8061859.426             13040067.111            -21655371.576            -3413.7383120            -1832.6432618              158.6580368
    58251.677083333335759          58500.000000000            -11055843.140             11282946.622            -21326152.134            -3230.0006904            -2066.4176090              571.8363970
    58251.687500000000000          59400.000000000            -13859189.722              9331259.907            -20629118.536            -2990.7250439            -2264.3980772              974.8464285
    58251.697916666664241          60300.000000000            -16423741.606              7218783.303            -19576563.479            -2700.1231891            -2423.2240615             1360.7506382
    58251.708333333335759          61200.000000000            -18705531.340              4982012.605            -18186889.804            -2363.2803270            -2540.2210066             1722.9277803
    58251.718750000000000          62100.000000000            -20665526.840              2659525.710            -16484274.710            -1986.0621661            -2613.4425207             2055.1852620
    58251.729166666664241          63000.000000000            -22270287.330               291313.175            -14498236.551            -1575.0096602            -2641.6995033             2351.8629302
    58251.739583333335759          63900.000000000            -23492519.737             -2081911.493            -12263112.715            -1137.2234012            -2624.5760565             2607.9266495
    58251.750000000000000          64800.000000000            -24311527.186             -4419409.924             -9817458.390             -680.2398059            -2562.4321719             2819.0503048
    58251.760416666664241          65700.000000000            -24713543.189             -6681113.497             -7203377.173             -211.9013010            -2456.3934056             2981.6850956
    58251.770833333335759          66600.000000000            -24691947.138             -8828302.957             -4465795.377              259.7772658            -2308.3279491             3093.1152308
    58251.781250000000000          67500.000000000            -24247358.705            -10824261.939             -1651692.585              726.7437713            -2120.8116969             3151.4993736
    58251.791666666664241          68400.000000000            -23387610.724            -12634893.938              1190698.520             1181.0433479            -1897.0820731             3155.8974295
    58251.802083333335759          69300.000000000            -22127602.064            -14229292.993              4012709.772             1614.9502056            -1640.9815295             3106.2825054
    58251.812500000000000          70200.000000000            -20489033.822            -15580259.260              6766059.236             2021.0947624            -1356.8917505             3003.5380946
    58251.822916666664241          71100.000000000            -18500033.923            -16664751.612              9403663.830             2392.5842245            -1049.6597009             2849.4407500
    58251.833333333335759          72000.000000000            -16194676.780            -17464270.461             11880429.992             2723.1149138             -724.5167280             2646.6287042
    58251.843750000000000          72900.000000000            -13612406.165            -17965165.120             14154010.011             3007.0747973             -386.9919870             2398.5570636
    58251.854166666664241          73800.000000000            -10797370.732            -18158861.181             16185512.271             3239.6348419              -42.8214903             2109.4403556
    58251.864583333335759          74700.000000000             -7797682.812            -18042004.563             17940154.443             3416.8279858              302.1458984             1784.1833367
    58251.875000000000000          75600.000000000             -4664612.098            -17616520.081             19387849.488             3535.6146785              642.0441994             1428.3010813
    58251.885416666664241          76500.000000000             -1451726.739            -16889583.563             20503715.344             3593.9340993              971.0864547             1047.8294671
    58251.895833333335759          77400.000000000              1786004.944            -15873507.767             21268500.167             3590.7403091             1283.6599489              649.2272639
    58251.906250000000000          78300.000000000              4993138.265            -14585543.503             21668916.159             3526.0227352             1574.4191926              239.2711153
    58251.916666666664241          79200.000000000              8114687.181            -13047598.565             21697876.197             3400.8105258             1838.3753553             -175.0552080
    58251.927083333335759          80100.000000000             11097055.846            -11285878.275             21354628.756             3217.1604630             2070.9808269             -586.6758087
    58251.937500000000000          81000.000000000             13888951.822             -9330452.603             20644788.005             2978.1282806             2268.2075938             -988.5403431
    58251.947916666664241          81900.000000000             16442266.008             -7214756.017             19580257.417             2687.7234206             2426.6181161            -1373.7426944
    58251.958333333335759          82800.000000000             18712904.487             -4975027.421             18179046.795             2350.8474745             2543.4274136            -1735.6388400
    58251.968750000000000          83700.000000000             20661557.806             -2649698.623             16464984.284             1973.2168101             2616.5551077            -2067.9620059
    58251.979166666664241          84600.000000000             22254393.777              -278740.951             14467326.727             1561.2701687             2644.6662376            -2364.9331099
    58251.989583333335759          85500.000000000             23463660.768              2097019.420             12220273.497             1122.0623414             2627.1997809            -2621.3644293
    58252.000000000000000              0.000000000             24268189.563              4436605.923              9762390.871              663.1453812             2564.3839652            -2832.7544131
    58252.010416666664241            900.000000000             24653783.371              6699603.618              7135955.823              192.4391639             2457.2376678            -2995.3715925
    58252.020833333335759           1800.000000000             24613487.350              8846866.032              4386229.937             -281.9065365             2307.5574582            -3106.3256498
    58252.031250000000000           2700.000000000             24147731.098             10841203.810              1560675.800             -751.6559669             2117.8901415            -3163.6238880
    58252.041666666664241           3600.000000000             23264339.954             12648042.195             -1291870.271            -1208.6345471             1891.4910031            -3166.2115993
    58252.052083333335759           4500.000000000             21978413.503             14236034.690             -4122054.151            -1644.8762900             1632.2683146            -3113.9951627
    58252.062500000000000           5400.000000000             20312072.447             15577620.921             -6880872.526            -2052.7684152             1344.7150268            -3007.8470971
    58252.072916666664241           6300.000000000             18294077.729             16649517.735             -9520537.803            -2425.1900706             1033.8289286            -2849.5927320
    58252.083333333335759           7200.000000000             15959328.601             17433133.824            -11995322.781            -2755.6421765              705.0228641            -2641.9786265
    58252.093750000000000           8100.000000000             13348248.873             17914899.774            -14262368.894            -3038.3656073              364.0268716            -2388.6233334
    58252.104166666664241           9000.000000000             10506072.991             18086507.163            -16282442.567            -3268.4452231               16.7843080            -2093.9515502
    58252.114583333335759           9900.000000000              7482045.671             17945052.289            -18020625.365            -3441.8976340             -330.6558440            -1763.1131048
    58252.125000000000000          10800.000000000              4328550.506             17493082.100            -19446925.068            -3555.7410106             -672.2482281            -1401.8885702
    58252.135416666664241          11700.000000000              1100184.306             16738541.942            -20536796.544            -3608.0457163            -1002.0596828            -1016.5835807
    58252.145833333335759          12600.000000000             -2147205.202             15694626.720            -21271563.278            -3597.9650124            -1314.3749583             -613.9141258
    58252.156250000000000          13500.000000000             -5357500.228             14379538.962            -21638732.499            -3525.7455534            -1603.7975451             -200.8852256
    58252.166666666664241          14400.000000000             -8475294.151             12816159.047            -21632199.059            -3392.7178350            -1865.3437590              215.3345490
    58252.177083333335759          15300.000000000            -11446855.352             11031634.416            -21252335.435            -3201.2671642            -2094.5284298              627.5402581
    58252.187500000000000          16200.000000000            -14221056.481              9056895.977            -20505967.402            -2954.7860853            -2287.4407791             1028.6170841
    58252.197916666664241          17100.000000000            -16750253.023              6926111.096            -19406237.031            -2657.6095135            -2440.8093118             1411.6638480
    58252.208333333335759          18000.000000000            -18991096.266              4676083.473            -17972356.679            -2314.9340938            -2552.0547959             1770.1114123
    58252.218750000000000          18900.000000000            -20905267.234              2345610.967            -16229259.452            -1932.7235278            -2619.3306531             2097.8340047
    58252.229166666664241          19800.000000000            -22460119.820               -25187.090            -14207153.335            -1517.6017867            -2641.5503238             2389.2516925
    58252.239583333335759          20700.000000000            -23629223.122             -2395561.272            -11940987.682            -1076.7362643            -2618.4014058             2639.4224477
    58252.250000000000000          21600.000000000            -24392794.893             -4724830.206             -9469842.022             -617.7130207            -2550.3465917             2844.1224717
    58252.260416666664241          22500.000000000            -24738019.979             -6973073.697             -6836248.291             -148.4063227            -2438.6116398             2999.9136777
    58252.270833333335759          23400.000000000            -24659249.610             -9101809.363             -4085458.433              323.1552898            -2285.1608176             3104.1974738
    58252.281250000000000          24300.000000000            -24158079.423            -11074641.744             -1264670.006              788.9242008            -2092.6604351             3155.2542273
    58252.291666666664241          25200.000000000            -23243306.049            -12857873.529              1577777.139             1240.9680150            -1864.4312543             3152.2680371
    58252.302083333335759          26100.000000000            -21930764.020            -14421069.283              4393219.802             1671.6008742            -1604.3907022             3095.3366706
    58252.312500000000000          27000.000000000            -20243046.584            -15737562.973              7133492.667             2073.5098217            -1316.9859369             2985.4667486
    58252.322916666664241          27900.000000000            -18209115.706            -16784901.556              9751738.664             2439.8743796            -1007.1189158             2824.5544710
    58252.333333333335759          28800.000000000            -15863808.146            -17545217.995             12203195.653             2764.4776525             -680.0646863             2615.3523628
    58252.343750000000000          29700.000000000            -13247245.937            -18005528.157             14445947.129             3041.8074361             -341.3841717             2361.4226943
    58252.354166666664241          30600.000000000            -10404160.867            -18157947.231             16441625.295             3267.1459785                3.1672412             2067.0783709
    58252.364583333335759          31500.000000000             -7383143.741            -17999822.478             18156055.650             3436.6472061              347.7339934             1737.3122197
    58252.375000000000000          32400.000000000             -4235830.173            -17533780.326             19559833.092             3547.4003899              686.4561968             1377.7157039
    58252.385416666664241          33300.000000000             -1016035.502            -16767687.002             20628820.522             3597.4793818             1013.5657058              994.3881950
    58252.395833333335759          34200.000000000              2221147.821            -15714523.088             21344562.005             3585.9766950             1323.4810969              593.8380191
    58252.406250000000000          35100.000000000              5420276.489            -14392173.590             21694603.655             3513.0218463             1610.9002383              182.8765790
    58252.416666666664241          36000.000000000              8526491.832            -12823136.260             21672716.624             3379.7835175             1870.8891354             -231.4930571
    58252.427083333335759          36900.000000000             11486449.877            -11034152.139             21279017.892             3188.4552413             2098.9657335             -642.1916143
    58252.437500000000000          37800.000000000             14249231.039             -9055763.433             20519985.917             2942.2244844             2291.1773599            -1042.1815262
    58252.447916666664241          38700.000000000             16767214.540             -6921805.049             19408369.678             2645.2251850             2444.1704977            -1424.5856056
    58252.458333333335759          39600.000000000             18996902.762             -4668837.268             17962991.267             2302.4740241             2555.2515989            -1782.8046562
    58252.468750000000000          40500.000000000             20899681.109             -2335528.186             16208443.809             1919.7909668             2622.4376930            -2110.6321039
    58252.479166666664241          41400.000000000             22442499.577                38004.348             14174688.314             1503.7049006             2644.4956203            -2402.3636369
    58252.489583333335759          42300.000000000             23598463.121              2410880.600             11896554.874             1061.3455267             2620.9688395            -2652.8997868
    58252.500000000000000          43200.000000000             24347319.075              4742165.004              9413155.489              600.3230085             2552.1909204            -2857.8393690
    58252.510416666664241          44100.000000000             24675831.446              6991578.107              6767217.685              128.5972418             2439.2850518            -3013.5617494
    58252.520833333335759          45000.000000000             24578033.688              9120201.619              4004349.835             -345.6610421             2284.1491572            -3117.2960164
    58252.531250000000000          45900.000000000             24055353.737             11091163.535              1172250.782             -814.2148086             2089.4265237            -3167.1753348
    58252.541666666664241          46800.000000000             23116607.464             12870290.391             -1680122.228            -1268.9080955             1858.4621884            -3162.2750209
    58252.552083333335759          47700.000000000             21777859.336             14426714.066             -4503412.133            -1701.8132467             1595.2456935            -3102.6332208
    58252.562500000000000          48600.000000000             20062151.773             15733421.289             -7248731.125            -2105.3749258             1304.3411823            -2989.2534760
    58252.572916666664241          49500.000000000             17999107.501             16767735.006             -9868523.764            -2472.5478300              990.8061552            -2824.0888998
    58252.583333333335759          50400.000000000             15624411.923             17511718.142            -12317407.635            -2796.9251428              660.1005192            -2610.0081559
    58252.593750000000000          51300.000000000             12979185.078             17952491.826            -14552975.413            -3072.8549718              317.9878195            -2350.7438968
    58252.604166666664241          52200.000000000             10109255.161             18082461.991            -16536543.039            -3295.5423277              -29.5692598            -2050.8247593
    58252.614583333335759          53100.000000000              7064347.539             17899450.169            -18233829.835            -3461.1345815             -376.5169143            -1715.4924149
    58252.625000000000000          54000.000000000              3897204.934             17406726.334            -19615557.909            -3566.7887689             -716.8195001            -1350.6055116
    58252.635416666664241          54900.000000000               662655.648             16612943.666            -20657960.008            -3610.7195824            -1044.5678349             -962.5326138
    58252.645833333335759          55800.000000000             -2583352.446             15531977.097            -21343186.905            -3592.2273632            -1354.0843669             -558.0364388
    58252.656250000000000          56700.000000000             -5784733.990             14182669.374            -21659607.597            -3511.7058741            -1640.0231972             -144.1518090
    58252.666666666664241          57600.000000000             -8886246.208             12588490.117            -21601997.755            -3370.6300733            -1897.4631224              271.9402143
    58252.677083333335759          58500.000000000            -11834449.177             10777114.893            -21171614.089            -3171.5245115            -2121.9920796              683.0395664
    58252.687500000000000          59400.000000000            -14578629.300              8779932.686            -20376154.498            -2917.9133326            -2309.7816090             1082.0534028
    58252.697916666664241          60300.000000000            -17071669.966              6631491.279            -19229605.909            -2614.2531695            -2457.6501921             1462.1190439
    58252.708333333335759          61200.000000000            -19270854.701              4368890.985            -17751983.757            -2265.8504866            -2563.1145749             1816.7215256
    58252.718750000000000          62100.000000000            -21138589.579              2031137.843            -15968968.824            -1878.7651384            -2624.4284303             2139.8038128
    58252.729166666664241          63000.000000000            -22643033.359              -341532.126            -13911448.853            -1459.7020848            -2640.6079570             2425.8679358
    58252.739583333335759          63900.000000000            -23758625.602             -2708345.751            -11614973.800            -1015.8933328            -2611.4442442             2670.0655187
    58252.750000000000000          64800.000000000            -24466504.957             -5028690.725             -9119134.885             -554.9722672            -2537.5024564             2868.2764001
    58252.760416666664241          65700.000000000            -24754811.736             -7262807.048             -6466878.654              -84.8425821            -2420.1081044             3017.1742802
    58252.770833333335759          66600.000000000            -24618870.941             -9372460.472             -3703768.108              386.4559589            -2261.3208644             3114.2785677
    58252.781250000000000          67500.000000000            -24061253.878            -11321587.009              -877203.611              850.8827249            -2063.8965893             3157.9918476
    58252.791666666664241          68400.000000000            -23091718.459            -13076898.241              1964383.311             1300.5302331            -1831.2383171             3147.6226247
    58252.802083333335759          69300.000000000            -21727030.210            -14608437.923              4772349.976             1727.7549100            -1567.3372215             3083.3932372
    58252.812500000000000          70200.000000000            -19990667.793            -15890081.322              7498663.023             2125.3026470            -1276.7045681             2966.4330501
    58252.822916666664241          71100.000000000            -17912418.551            -16899969.697             10096706.259             2486.4273360             -964.2958332             2798.7572486
    58252.833333333335759          72000.000000000            -15527871.168            -17620873.412             12522063.118             2805.0007208             -635.4282114             2583.2317340
    58252.843750000000000          72900.000000000            -12877813.937            -18040478.315             14733261.523             3075.6120659             -295.6927906             2323.5247939
    58252.854166666664241          73800.000000000            -10007548.408            -18151591.158             16692469.593             3293.6563094               49.1372998             2024.0463618
    58252.864583333335759          74700.000000000             -6966129.332            -17952261.043             18366131.457             3455.4095351              393.2014457             1689.8758031
    58252.875000000000000          75600.000000000             -3805542.766            -17445815.034             19725533.290             3558.0907570              730.6474833             1326.6792767
    58252.885416666664241          76500.000000000              -579835.055            -16640807.318             20747290.717             3599.9091646             1055.7276879              940.6178121
    58252.895833333335759          77400.000000000              2655793.892            -15550882.432             21413749.759             3580.0961221             1362.8934974              538.2473310
    58252.906250000000000          78300.000000000              5845919.045            -14194554.321             21713294.670             3498.9213565             1646.8876505              126.4119283
    58252.916666666664241          79200.000000000              8935825.993            -12594904.108             21640557.212             3357.6929117             1902.8324249             -287.8681825
    58252.927083333335759          80100.000000000             11872439.220            -10779200.718             21196523.240             3158.7405973             2126.3126569             -697.5125590
    58252.937500000000000          81000.000000000             14605228.022             -8778449.613             20388533.859             2905.3828268             2313.4522251            -1095.4986491
    58252.947916666664241          81900.000000000             17087075.122             -6626876.128             19230179.910             2601.8769340             2460.9826910            -1474.9804206
    58252.958333333335759          82800.000000000             19275093.243             -4361351.050             17741090.142             2253.3532798             2566.3028117            -1829.4056747
    58252.968750000000000          83700.000000000             21131375.287             -2020767.195             15946615.117             1865.7337244             2627.5276882            -2152.6301068
    58252.979166666664241          84600.000000000             22623664.428               354623.132             13877410.675             1445.6353347             2643.5263947            -2439.0260975
    58252.989583333335759          85500.000000000             23725931.318              2723898.978             11568926.635             1000.2605279             2613.9470570            -2683.5841616
    58253.000000000000000              0.000000000             24418846.899              5046178.174              9060808.281              537.2752032             2539.2285188            -2882.0049796
    58253.010416666664241            900.000000000             24690140.828              7281328.972              6396220.013               64.6767719             2420.5979572            -3030.7799885
    58253.020833333335759           1800.000000000             24534837.419              9390673.083              3621102.332             -409.3456600             2260.0540805            -3127.2586368
    58253.031250000000000           2700.000000000             23955363.162             11337667.047               783374.951             -876.5563881             2060.3358517            -3169.7006075
    58253.041666666664241           3600.000000000             22961522.341             13088549.066             -2067899.801            -1328.8206602             1824.8770343            -3157.3115907
    58253.052083333335759           4500.000000000             21570339.870             14612938.752             -4883377.937            -1758.2516820             1557.7472135            -3090.2615395
    58253.062500000000000           5400.000000000             19805773.221             15884378.098             -7614303.067            -2157.3539853             1263.5803144            -2969.6847441
    58253.072916666664241           6300.000000000             17698298.119             16880802.982            -10213367.430            -2519.1600939              947.4919809            -2797.6615151
    58253.083333333335759           7200.000000000             15284375.365             17584935.908            -12635548.250            -2837.3575396              614.9874835            -2577.1817268
