    58250.916666666664241          79200.000000000             -2114428.319             15161107.784             21740401.724            -2735.2992199             -313.2229804              -56.0748670
    58250.927083333335759          80100.000000000             -4572993.702             14943700.033             21503602.244            -2719.1683170             -169.7751656             -469.4433130
    58250.937500000000000          81000.000000000             -6992800.047             14854406.444             20897728.584            -2649.3284317              -30.0080959             -875.0662221
    58250.947916666664241          81900.000000000             -9326218.702             14885951.454             19932898.264            -2527.6609545               97.3301275            -1265.9795557
    58250.958333333335759          82800.000000000            -11528124.672             15023395.962             18625402.402            -2357.8317396              204.0149672            -1635.4478593
    58250.968750000000000          83700.000000000            -13557448.223             15244760.222             16997447.449            -2145.1591742              282.6783003            -1977.0804908
    58250.979166666664241          84600.000000000            -15378578.785             15521932.975             15076794.029            -1896.4188461              327.1095608            -2284.9437149
    58250.989583333335759          85500.000000000            -16962567.048             15821832.807             12896297.524            -1619.5917534              332.5132151            -2553.6666114
    58251.000000000000000              0.000000000            -18288078.428             16107777.590             10493356.901            -1323.5652892              295.7121305            -2778.5387118
    58251.010416666664241            900.000000000            -19342060.286             16341009.367              7909280.176            -1017.7982256              215.2883579            -2955.5972998
    58251.020833333335759           1800.000000000            -20120096.227             16482315.364              5188576.693             -711.9625181               91.6552119            -3081.7023949
    58251.031250000000000           2700.000000000            -20626432.759             16493681.572              2378188.162             -415.5758688              -72.9427959            -3154.5976008
    58251.041666666664241           3600.000000000            -20873676.548             16339913.481              -473328.111             -137.6395493             -274.5027358            -3172.9552360
    58251.052083333335759           4500.000000000            -20882173.519             15990159.377             -3316649.042              113.7040492             -507.4063482            -3136.4044764
    58251.062500000000000           5400.000000000            -20679093.842             15419275.109             -6102552.925              331.4803355             -764.6281216            -3045.5416192
    58251.072916666664241           6300.000000000            -20297258.744             14608975.275             -8782787.587              510.1453661            -1038.0003075            -2901.9220050
    58251.083333333335759           7200.000000000            -19773755.584             13548724.102            -11310923.004              645.7919180            -1318.5244089            -2708.0335969
    58251.093750000000000           8100.000000000            -19148396.265             12236329.682            -13643172.039              736.2903961            -1596.7167065            -2467.2526823
    58251.104166666664241           9000.000000000            -18462080.375             10678217.081            -15739163.594              781.3588807            -1862.9739535            -2183.7826184
    58251.114583333335759           9900.000000000            -17755128.342              8889368.738            -17562653.496              782.5595669            -2107.9445371            -1862.5769581
    58251.125000000000000          10800.000000000            -17065650.897              6892933.956            -19082159.786              743.2219035            -2322.8902138            -1509.2486591
    58251.135416666664241          11700.000000000            -16428019.572              4719522.517            -20271510.777              668.2957591            -2500.0239757            -1129.9673751
    58251.145833333335759          12600.000000000            -15871498.611              2406210.040            -21110296.144              564.1407960            -2632.8106595             -731.3470537
    58251.156250000000000          13500.000000000            -15419091.967                -4705.972            -21584213.365              438.2607897            -2716.2185182             -320.3262158
    58251.166666666664241          14400.000000000            -15086650.168             -2467150.675            -21685304.050              298.9937828            -2746.9120466               95.9566339
    58251.177083333335759          15300.000000000            -14882271.261             -4932860.739            -21412076.864              155.1706427            -2723.3787847              510.2900014
    58251.187500000000000          16200.000000000            -14806018.160             -7353055.774            -20769515.987               15.7557196            -2645.9855176              915.5163888
    58251.197916666664241          17100.000000000            -14849962.116             -9680127.801            -19768976.161             -110.5161290            -2516.9621109             1304.6569522
    58251.208333333335759          18000.000000000            -14998549.145            -11869283.918            -18427967.420             -215.4918945            -2340.3140714             1671.0316451
    58251.218750000000000          18900.000000000            -15229273.624            -13880079.531            -16769834.490             -291.9284701            -2121.6676747             2008.3728298
    58251.229166666664241          19800.000000000            -15513631.435            -15677784.177            -14823337.563             -333.7838105            -1868.0540668             2310.9305259
    58251.239583333335759          20700.000000000            -15818314.337            -17234528.745            -12622142.735             -336.4601665            -1587.6410195             2573.5676728
    58251.250000000000000          21600.000000000            -16106598.199            -18530191.640            -10204231.733             -296.9903166            -1289.4229326             2791.8440058
    58251.260416666664241          22500.000000000            -16339870.550            -19552991.637             -7611241.724             -214.1599897             -982.8811574             2962.0873755
    58251.270833333335759          23400.000000000            -16479237.880            -20299766.555             -4887746.948              -88.5621617             -677.6277254             3081.4515822
    58251.281250000000000          24300.000000000            -16487150.407            -20775928.906             -2080494.629               77.4184713             -383.0460722             3147.9600359
    58251.291666666664241          25200.000000000            -16328981.713            -20995101.952               762391.846              279.6898990             -107.9423389             3160.5347975
    58251.302083333335759          26100.000000000            -15974502.647            -20978451.623              3592229.228              512.6025652              139.7796742             3119.0107941
    58251.312500000000000          27000.000000000            -15399193.149            -20753741.125              6360596.816              769.1585750              353.4078099             3024.1352261
    58251.322916666664241          27900.000000000            -14585342.008            -20354145.319              9020151.769             1041.2722552              527.6644362             2877.5524027
    58251.333333333335759          28800.000000000            -13522892.666            -19816870.805             11525424.346             1320.0721462              658.8940154             2681.7744341
    58251.343750000000000          29700.000000000            -12210002.803            -19181634.733             13833580.640             1596.2330378              745.1885557             2440.1383852
    58251.354166666664241          30600.000000000            -10653296.210            -18489060.420             15905140.932             1860.3256246              786.4464474             2156.7506514
    58251.364583333335759          31500.000000000             -8867796.911            -17779050.863             17704642.561             2103.1707605              784.3626384             1836.4194443
    58251.375000000000000          32400.000000000             -6876547.318            -17089201.911             19201237.059             2316.1851608              742.3506064             1484.5763930
    58251.385416666664241          33300.000000000             -4709923.951            -16453315.345             20369212.231             2491.7057237              665.3990617             1107.1883615
    58251.395833333335759          34200.000000000             -2404675.435            -15900068.389             21188430.919             2623.2804065              559.8686871              710.6606747
    58251.406250000000000          35100.000000000                -2717.905            -15451890.407             21644679.271             2705.9147730              433.2364104              301.7330289
    58251.416666666664241          36000.000000000              2450267.969            -15124089.895             21729918.557             2736.2648823              293.7966398             -112.6305473
    58251.427083333335759          36900.000000000              4906386.546            -14924265.628             21442435.802             2712.7690798              150.3305273             -525.3562251
    58251.437500000000000          37800.000000000              7317165.834            -14852025.276             20786889.909             2635.7134143               11.7555791             -929.3778396
    58251.447916666664241          38700.000000000              9635223.928            -14899023.303             19774251.367             2507.2277875             -113.2312209            -1317.7556141
    58251.458333333335759          39600.000000000             11815900.590            -15049317.885             18421635.197             2331.2124713             -216.5032156            -1683.7943620
    58251.468750000000000          40500.000000000             13818792.092            -15280034.412             16752028.468             2113.1972200             -290.8333422            -2021.1592705
    58251.479166666664241          41400.000000000             15609130.633            -15562311.224             14793915.432             1860.1377847             -330.1899922            -2323.9872743
    58251.489583333335759          42300.000000000             17158955.096            -15862492.120             12580805.182             1580.1570999             -329.9876824            -2586.9919609
    58251.500000000000000          43200.000000000             18448027.462            -16143520.237             10150668.588             1282.2406655             -287.2823373            -2805.5599197
    58251.510416666664241          44100.000000000             19464458.698            -16366479.610              7545293.141              975.8975926             -200.9030087            -2975.8364775
    58251.520833333335759          45000.000000000             20205018.956            -16492224.417              4809566.158              670.8003155              -71.5142601            -3094.7988585
    58251.531250000000000          45900.000000000             20675119.167            -16483031.903              1990698.473              376.4170203               98.3938427            -3160.3149769
    58251.541666666664241          46800.000000000             20888463.976            -16304213.569              -862597.721              101.6513224              304.5882984            -3171.1863197
    58251.552083333335759          47700.000000000             20866389.085            -15925620.309             -3700961.999             -145.4963975              541.2454888            -3127.1736989
    58251.562500000000000          48600.000000000             20636908.703            -15322981.138             -6475253.968             -358.2323287              801.1675441            -3029.0050361
    58251.572916666664241          49500.000000000             20233510.575            -14479021.409             -9137420.289             -531.2249211             1076.0543521            -2878.3647796
    58251.583333333335759          50400.000000000             19693746.332            -13384315.142            -11641343.902             -660.8025123             1356.8204526            -2677.8650138
    58251.593750000000000          51300.000000000             19057673.205            -12037836.639            -13943659.207             -745.0848504             1633.9441532            -2430.9987879
    58251.604166666664241          52200.000000000             18366209.220            -10447188.625            -16004517.578             -784.0432074             1897.8348454            -2142.0766443
    58251.614583333335759          53100.000000000             17659467.414             -8628497.126            -17788288.709             -779.4867444             2139.2037553            -1816.1477343
    58251.625000000000000          54000.000000000             16975135.362             -6605976.715            -19264184.661             -734.9758550             2349.4232578            -1458.9072718
    58251.635416666664241          54900.000000000             16346964.244             -4411182.949            -20406795.237             -655.6662112             2520.8604195            -1076.5923578
    58251.645833333335759          55800.000000000             15803427.123             -2081981.199            -21196525.192             -548.0900685             2647.1715711             -675.8684290
    58251.656250000000000          56700.000000000             15366598.950               338727.695            -21619925.927             -419.8838803             2723.5463848             -263.7087200
    58251.666666666664241          57600.000000000             15051301.776              2804475.098            -21669916.475             -279.4733749             2746.8920625              152.7308037
    58251.677083333335759          58500.000000000             14864547.793              5266828.387            -21345890.810             -135.7288496             2715.9507153              566.2385826
    58251.687500000000000          59400.000000000             14805300.864              7677068.651            -20653710.708                2.3955080             2631.3457306              969.6742656
    58251.697916666664241          60300.000000000             14864564.492              9987877.546            -19605585.504              126.2239746             2495.5557596             1356.0928759
    58251.708333333335759          61200.000000000             15025791.323             12154968.613            -18219842.102              227.7091147             2312.8177949             1718.8641758
    58251.718750000000000          62100.000000000             15265596.716             14138600.940            -16520590.475              299.7555056             2088.9635465             2051.7852365
    58251.729166666664241          63000.000000000             15554747.233             15904917.976            -14537291.593              336.5049670             1831.1958496             2349.1844102
    58251.739583333335759          63900.000000000             15859384.381             17427061.426            -12304236.248              333.5725009             1547.8140696             2606.0151099
    58251.750000000000000          64800.000000000             16142435.150             18686019.041             -9859944.588              288.2241658             1247.8993251             2817.9380291
    58251.760416666664241          65700.000000000             16365153.991             19671175.590             -7246497.291              199.4904032              940.9717708             2981.3906629
    58251.770833333335759          66600.000000000             16488736.145             20380547.724             -4508810.229               68.2108542              636.6331225             3093.6432351
    58251.781250000000000          67500.000000000             16475939.895             20820695.580             -1693865.172             -102.9906695              344.2080422             3152.8403792
    58251.791666666664241          68400.000000000             16292655.235             21006316.206              1150090.458             -309.7997591               72.3979261             3158.0281595
    58251.802083333335759          69300.000000000             15909358.838             20959535.878              3974361.464             -546.3696716             -171.0399403             3109.1662598
    58251.812500000000000          70200.000000000             15302399.736             20708929.589              6730627.072             -805.5380471             -379.5759377             3007.1253884
    58251.822916666664241          71100.000000000             14455066.703             20288306.098              9371754.220            -1079.0937269             -548.1439270             2853.6701605
    58251.833333333335759          72000.000000000             13358396.709             19735305.548             11852589.078            -1358.0835291             -673.3206983             2651.4279127
    58251.843750000000000          72900.000000000             12011693.574             19089863.460             14130714.395            -1633.1474270             -753.4425539             2403.8440740
    58251.854166666664241          73800.000000000             10422736.868             18392599.753             16167160.916            -1894.8696000             -788.6548536             2115.1248706
    58251.864583333335759          74700.000000000              8607672.604             17683194.069             17927061.868            -2134.1322891             -780.8928161             1790.1682702
    58251.875000000000000          75600.000000000              6590589.129             16998809.108             19380240.386            -2342.4593239             -733.7943735             1434.4841825
    58251.885416666664241          76500.000000000              4402793.307             16372621.841             20501720.696            -2512.3365699             -652.5483437             1054.1050328
    58251.895833333335759          77400.000000000              2081813.192             15832518.444             21272154.931            -2637.4973677             -543.6835379              655.4879113
    58251.906250000000000          78300.000000000              -329836.379             15400002.778             21678158.569            -2713.1622719             -414.8065772              245.4095885
    58251.916666666664241          79200.000000000             -2786079.909             15089360.353             21712548.692            -2736.2239983             -274.2980939             -169.1442252
    58251.927083333335759          80100.000000000             -5238846.394             14907110.267             21374480.535            -2705.3704220             -130.9785737             -581.0939037
    58251.937500000000000          81000.000000000             -7639715.363             14851766.906             20669479.171            -2621.1406628                6.2436985             -983.3836370
    58251.947916666664241          81900.000000000             -9941582.218             14913921.601             19609364.647            -2485.9117061              128.7293454            -1369.1001857
    58251.958333333335759          82800.000000000            -12100280.175             15076642.329             18212070.456            -2303.8155442              228.4556794            -1731.5908567
    58251.968750000000000          83700.000000000            -14076097.243             15316177.348             16501356.886            -2080.5894226              298.3421500            -2064.5787955
    58251.979166666664241          84600.000000000            -15835130.156             15602936.866             14506422.565            -1823.3643421              332.5407032            -2362.2735908
    58251.989583333335759          85500.000000000            -17350422.929             15902715.848             12261419.343            -1540.3994078              326.6794626            -2619.4751306
    58252.000000000000000              0.000000000            -18602845.568             16178111.319              9804877.524            -1240.7718326              278.0497821            -2831.6686221
    58252.010416666664241            900.000000000            -19581678.146             16390079.502              7179050.324             -934.0342949              185.7288017            -2995.1087296
    58252.020833333335759           1800.000000000            -20284876.716             16499572.094              4429188.242             -629.8528270               50.6320886            -3106.8908850
    58252.031250000000000           2700.000000000            -20719009.832             16469187.350              1602755.683             -337.6393794             -124.5063124            -3165.0080094
    58252.041666666664241           3600.000000000            -20898867.450             16264770.525             -1251396.310              -66.1936149             -335.2261799            -3168.3911382
    58252.052083333335759           4500.000000000            -20846756.992             15856899.778             -4083886.210              176.6317219             -575.5025610            -3116.9327774
    58252.062500000000000           5400.000000000            -20591513.976             15222197.837             -6845671.081              384.2283388             -837.9702737            -3011.4922077
    58252.072916666664241           6300.000000000            -20167266.143             14344416.436             -9488912.172              551.4807412            -1114.2027184            -2853.8823974
    58252.083333333335759           7200.000000000            -19612000.112             13215249.433            -11967820.478              674.9552686            -1395.0339502            -2646.8386475
    58252.093750000000000           8100.000000000            -18965987.556             11834841.380            -14239466.069              753.0221333            -1670.9111280            -2393.9695605
    58252.104166666664241           9000.000000000            -18270133.651             10211970.503            -16264535.710              785.9055496            -1932.2631790            -2099.6913717
    58252.114583333335759           9900.000000000            -17564313.606              8363898.120            -18008024.418              775.6600339            -2169.8708607            -1769.1470866
    58252.125000000000000          10800.000000000            -16885763.429              6315889.960            -19439848.066              726.0740126            -2375.2233855            -1408.1122151
    58252.135416666664241          11700.000000000            -16267588.718              4100427.937            -20535365.888              642.5048696            -2540.8473916            -1022.8891743
    58252.145833333335759          12600.000000000            -15737450.263              1756143.224            -21275803.687              531.6523454            -2660.5952615             -620.1926331
    58252.156250000000000          13500.000000000            -15316477.908              -673487.567            -21648570.683              401.2796564            -2729.8815273             -207.0282037
    58252.166666666664241          14400.000000000            -15018454.714             -3141632.111            -21647465.105              259.8937335            -2745.8582899              209.4330578
    58252.177083333335759          15300.000000000            -14849302.500             -5599719.978            -21272765.881              116.3975135            -2707.5230915              621.9818869
    58252.187500000000000          16200.000000000            -14806887.709             -7999125.381            -20531209.920              -20.2718061            -2615.7554209             1023.4973874
    58252.197916666664241          17100.000000000            -14881153.787            -10292850.197            -19435856.651             -141.5042335            -2473.2808757             1407.0706638
    58252.208333333335759          18000.000000000            -15054573.436            -12437142.770            -18005843.413             -239.3640133            -2284.5648341             1766.1233683
    58252.218750000000000          18900.000000000            -15302901.614            -14392990.913            -16266037.195             -306.9087936            -2055.6402047             2094.5191916
    58252.229166666664241          19800.000000000            -15596198.622            -16127432.778            -14246589.878             -338.4687168            -1793.8763115             2386.6665265
    58252.239583333335759          20700.000000000            -15900082.308            -17614636.626            -11982405.649             -329.8749058            -1507.6981565             2637.6107394
    58252.250000000000000          21600.000000000            -16177159.869            -18836709.695             -9512530.555             -278.6288566            -1206.2670991             2843.1147141
    58252.260416666664241          22500.000000000            -16388583.132            -19784206.905             -6879475.270             -184.0065976             -899.1353500             2999.7265641
    58252.270833333335759          23400.000000000            -16495666.751            -20456321.808             -4128483.027              -47.0940017             -595.8875505             3104.8336503
    58252.281250000000000          24300.000000000            -16461506.750            -20860754.239             -1306755.336              129.2477219             -305.7830724             3156.7022826
    58252.291666666664241          25200.000000000            -16252537.115            -21013261.440              1537351.434              340.4847007              -37.4125308             3154.5027268
    58252.302083333335759          26100.000000000            -15839964.784            -20936911.307              4355145.298              580.5770441              201.6186401             3098.3193709
    58252.312500000000000          27000.000000000            -15201028.234            -20661067.478              7098420.404              842.2029214              404.9678044             2989.1461304
    58252.322916666664241          27900.000000000            -14320031.727            -20220145.933              9720268.091             1117.0314528              567.7837103             2828.8673812
    58252.333333333335759          28800.000000000            -13189115.804            -19652191.139             12175864.457             1396.0340539              686.8776957             2620.2248993
    58252.343750000000000          29700.000000000            -11808734.622            -18997326.342             14423222.110             1669.8225211              760.8313187             2366.7714548
    58252.354166666664241          30600.000000000            -10187821.700            -18296137.128             16423894.438             1929.0012270              790.0365733             2072.8118572
    58252.364583333335759          31500.000000000             -8343637.234            -17588049.731             18143621.521             2164.5203237              776.6673244             1743.3323739
    58252.375000000000000          32400.000000000             -6301302.008            -16909765.679             19552907.662             2368.0168474              724.5831013             1383.9195527
    58252.385416666664241          33300.000000000             -4093034.531            -16293812.194             20627521.522             2532.1310596              639.1688418             1000.6695778
    58252.395833333335759          34200.000000000             -1757119.074            -15767263.509             21348910.856             2650.7862454              527.1165121              600.0893720
    58252.406250000000000          35100.000000000               663357.684            -15350681.942             21704525.014             2719.4214702              396.1566526              188.9907471
    58252.416666666664241          36000.000000000              3121954.922            -15057319.457             21688039.575             2735.1684537              254.7497571             -225.6210067
    58252.427083333335759          36900.000000000              5570457.333            -14892610.811             21299478.749             2696.9656842              111.7489324             -636.6626078
    58252.437500000000000          37800.000000000              7960527.414            -14853978.549             20545232.613             2605.6051298              -23.9535699            -1037.0907563
    58252.447916666664241          38700.000000000             10245368.527            -14930958.398             19437967.672             2463.7093337             -143.7826333            -1420.0208906
    58252.458333333335759          39600.000000000             12381336.056            -15105641.479             17996430.875             2275.6392288             -239.8257812            -1778.8449133
    58252.468750000000000          40500.000000000             14329435.432            -15353417.602             16245148.852             2047.3356127             -305.1545607            -2107.3459646
    58252.479166666664241          41400.000000000             16056649.584            -15643992.177             14214025.936             1786.0997741             -334.1091786            -2399.8082295
    58252.489583333335759          42300.000000000             17537044.463            -15942638.437             11937846.370             1500.3211796             -322.5349992            -2651.1197094
    58252.500000000000000          43200.000000000             18752609.372            -16211637.118              9455687.971             1199.1623102             -267.9612084            -2856.8658752
    58252.510416666664241          44100.000000000             19693798.767            -16411848.024              6810256.365              892.2125728             -169.7140964            -3013.4121624
    58252.520833333335759          45000.000000000             20359753.634            -16504352.092              4047150.742              589.1246288              -28.9598962            -3117.9733876
    58252.531250000000000          45900.000000000             20758192.971            -16452099.366              1214073.664              299.2473739              151.3251054            -3168.6683537
    58252.541666666664241          46800.000000000             20904978.891            -16221497.472             -1640001.037               31.2701293              366.4565405            -3164.5581824
    58252.552083333335759          47700.000000000             20823371.933            -15783877.118             -4465687.105             -207.1076871              610.2124111            -3105.6672489
    58252.562500000000000          48600.000000000             20543005.599            -15116775.693             -7214055.430             -409.4680515              875.0655523            -2992.9859969
    58252.572916666664241          49500.000000000             20098620.532            -14204987.068             -9837497.877             -570.9151344             1152.4690262            -2828.4553535
    58252.583333333335759          50400.000000000             19528608.563            -13041334.893            -12290568.859             -688.2555970             1433.1831187            -2614.9329299
    58252.593750000000000          51300.000000000             18873424.563            -11627137.725            -14530788.520             -760.1110557             1707.6308481            -2356.1416601
    58252.604166666664241          52200.000000000             18173929.403             -9972346.711            -16519392.191             -786.9581985             1966.2676975            -2056.6019715
    58252.614583333335759          53100.000000000             17469730.052             -8095349.664            -18222011.927             -771.0950487             2199.9507102            -1721.5489805
    58252.625000000000000          54000.000000000             16797582.800             -6022448.805            -19609277.461             -716.5349259             2400.2921604            -1356.8365494
    58252.635416666664241          54900.000000000             16189922.857             -3787032.480            -20657325.683             -628.8326294             2559.9837132             -968.8303054
    58252.645833333335759          55800.000000000             15673578.269             -1428473.248            -21348209.717             -514.8501119             2673.0782810             -564.2919234
    58252.656250000000000          56700.000000000             15268718.399              1009204.449            -21670200.830             -382.4713186             2735.2185908             -150.2570878
    58252.666666666664241          57600.000000000             14988077.631              3478834.981            -21617978.587             -240.2778298             2743.8037143              266.0903983
    58252.677083333335759          58500.000000000             14836483.761              5931741.757            -21192706.888              -97.1984074             2698.0873632              677.5459060
    58252.687500000000000          59400.000000000             14810708.308              8319423.820            -20401995.713               37.8535505             2599.2045170             1077.0102949
    58252.697916666664241          60300.000000000             14899643.189             10595233.832            -19259750.473              156.3403227             2450.1257930             1457.6129770
    58252.708333333335759          61200.000000000             15084795.355             12715983.202            -17785912.880              250.4438555             2255.5417960             1812.8296133
    58252.718750000000000          62100.000000000             15341078.657             14643413.380            -16006099.021              313.3801382             2021.6823682             2136.5924979
    58252.729166666664241          63000.000000000             15637870.760             16345477.853            -13951142.066              339.6719592             1756.0781179             2423.3918834
    58252.739583333335759          63900.000000000             15940292.875             17797387.048            -11656548.414              325.3697707             1467.2737377             2668.3667174
    58252.750000000000000          64800.000000000             16210661.774             18982377.682             -9161877.464              268.2124821             1164.5043661             2867.3834822
    58252.760416666664241          65700.000000000             16410057.214             19892178.879             -6510056.180              167.7223763              857.3475378             3017.1020704
    58252.770833333335759          66600.000000000             16499943.819             20527159.050             -3746640.522               25.2308964              555.3640733             3115.0278669
    58252.781250000000000          67500.000000000             16443784.732             20896149.704              -919036.447             -156.1653116              267.7415526             3159.5494507
    58252.791666666664241          68400.000000000             16208584.987             21015954.613              1924306.421             -371.7160888                2.9538048             3149.9615724
    58252.802083333335759          69300.000000000             15766305.478             20910564.530              4734715.116             -615.1926619             -231.5508651             3086.4732941
    58252.812500000000000          70200.000000000             15095093.557             20610108.634              7464114.346             -879.1189107             -429.6211524             2970.2014012
    58252.822916666664241          71100.000000000             14180283.399             20149583.589             10065835.054            -1155.0501296             -586.6239474             2803.1494002
    58252.833333333335759          72000.000000000             13015128.005             19567409.256             12495397.778            -1433.8887146             -699.6071787             2588.1726057
    58252.843750000000000          72900.000000000             11601234.878             18903866.412             14711258.570            -1706.2249160             -767.3984223             2328.9299821
    58252.854166666664241          73800.000000000              9948688.508             18199476.013             16675505.919            -1962.6899341             -790.6357678             2029.8235548
    58252.864583333335759          74700.000000000              8075854.416             17493381.660             18354497.887            -2194.3082291             -771.7299151             1695.9263267
    58252.875000000000000          75600.000000000              6008871.402             16821796.648             19719429.595            -2392.8359696             -714.7589798             1332.8997453
    58252.885416666664241          76500.000000000              3780850.158             16216574.602             20746822.147            -2551.0730537             -625.2999252              946.9018602
    58252.895833333335759          77400.000000000              1430807.378             15703958.083             21418925.163            -2663.1370709             -510.2028485              544.4873984
    58252.906250000000000          78300.000000000              -997625.676             15303553.005             21724026.232            -2724.6889134             -377.3164408              132.5010719
    58252.916666666664241          79200.000000000             -3457672.585             15027568.370             21656661.823            -2733.1014443             -235.1747614             -282.0344790
    58252.927083333335759          80100.000000000             -5901004.822             14880351.002             21217725.485            -2687.5646376              -92.6569478             -692.0346068
    58252.937500000000000          81000.000000000             -8279399.129             14858233.978             20414470.584            -2589.1228694               41.3674157            -1090.4708349
    58252.947916666664241          81900.000000000            -10546397.120             14949705.685             19260406.292            -2440.6424884              158.3938951            -1470.4895765
    58252.958333333335759          82800.000000000            -12658904.491             15135894.248             17775087.181            -2246.7103586              250.6261858            -1825.5295645
    58252.968750000000000          83700.000000000            -14578668.998             15391349.956             15983798.424            -2013.4666677              311.2931959            -2149.4360561
    58252.979166666664241          84600.000000000            -16273580.462             15685096.692             13917140.421            -1748.3778317              334.9277505            -2436.5697939
    58252.989583333335759          85500.000000000            -17718742.447             15981912.665             11610518.494            -1459.9577189              317.5957268            -2681.9086479
    58253.000000000000000              0.000000000            -18897273.589             16243791.452              9103545.184            -1157.4475514              257.0661994            -2881.1398606
    58253.010416666664241            900.000000000            -19800806.733             16431526.820              6439364.510             -850.4666294              152.9153615            -3030.7408700
    58253.020833333335759           1800.000000000            -20429665.620             16506359.414              3663909.357             -548.6473701                6.5595273            -3128.0468087
    58253.031250000000000           2700.000000000            -20792711.402             16431620.411               825104.751             -261.2689735             -178.7846789            -3171.3029813
    58253.041666666664241           3600.000000000            -20906864.292             16174306.864             -2027968.792                3.0957297             -398.2119004            -3159.7008951
    58253.052083333335759           4500.000000000            -20796318.665             15706525.725             -4845936.521              236.9060660             -645.3073862            -3093.3967717
    58253.062500000000000           5400.000000000            -20491482.262             15006748.421             -7579999.218              433.9387569             -912.3872547            -2973.5118725
    58253.072916666664241           6300.000000000            -20027681.342             14060825.241            -10182794.975              589.5209976            -1190.7902666            -2802.1144187
    58253.083333333335759           7200.000000000            -19443683.192             12862718.209            -12609236.494              700.7018810            -1471.2095109            -2582.1833565
