 Earth Radiation Model (ERM):   1

 satsinex_filename =igs_metadata_2063.snx                                                                               
 use cannonball f0 model as a priori SRP model
 POD Tool mode: 2 :: Orbit Determination and Prediction
  
 Initial Conditions mode: 1 :: A-priori orbit input file: igs20010.sp3
  
 Success: End of leap.second found,           28 values read
 Final entry in leap.second is,         2017           1   37.000000000000000     
 Satellites number:                    32 IC Eopch:         2018           5          13   0.0000000000000000     
  
STATUS :200413:1031:37.4 POD/:  A priori SRP model =       1
STATUS :200413:1031:37.4 POD/:  SRP model =       1
  
 PRN: G01, SVN:  63, BLK TYP: GPS-IIF, BLKID:   8, TX PWR: 240, MASS: 1633.000
 IC:    58251.000000000000        0.0000000000000000        22643795.085000001        13543687.888000000        4098419.4930000002        293.13466085866094        497.91393917053938       -3122.2764383857138     
 Orbit Determination
 day of year        2018         133 G01  beta   41.136558754059941     
 ECOM1 SRP MODEL IS ACTIVATED
 Orbit residuals: ICRF in orbital frame
 RMS-RTN ICRF FIT G01        0.0056        0.0077        0.0065
 Orbit residuals: ICRF
 RMS-XYZ ICRF FIT G01        0.0065        0.0068        0.0066
 External Orbit comparison
 Orbit comparison: ICRF
 RMS-RTN ICRF CMP G01        0.0117        0.0753        0.1244
 RMS-XYZ ICRF CMP G01        0.1296        0.0565        0.0362
 Orbit comparison: ITRF
 RMS-XYZ ITRF CMP G01        0.1033        0.0964        0.0364
  
  
 PRN: G02, SVN:  61, BLK TYP: GPS-IIR-B, BLKID:   6, TX PWR:  60, MASS: 1080.000
 IC:    58251.000000000000        0.0000000000000000       -9116008.9019999988       -19734995.561000001        15984855.078000000        1704.1015997398645        907.08268418163061        2144.4803686011583     
 Orbit Determination
 day of year        2018         133 G02  beta   38.195621607045375     
 ECOM1 SRP MODEL IS ACTIVATED
 Orbit residuals: ICRF in orbital frame
 RMS-RTN ICRF FIT G02        0.0089        0.0091        0.0078
 Orbit residuals: ICRF
 RMS-XYZ ICRF FIT G02        0.0087        0.0102        0.0064
 External Orbit comparison
 Orbit comparison: ICRF
 RMS-RTN ICRF CMP G02        0.0171        0.1162        0.1198
 RMS-XYZ ICRF CMP G02        0.1464        0.0767        0.0288
 Orbit comparison: ITRF
 RMS-XYZ ITRF CMP G02        0.1249        0.1082        0.0288
  
  
 PRN: G03, SVN:  69, BLK TYP: GPS-IIF, BLKID:   8, TX PWR: 240, MASS: 1633.000
 IC:    58251.000000000000        0.0000000000000000        13439581.719000001        9754955.0570000000        20723968.596999999       -392.69352469593287        2606.1482370793819       -965.19498189911246     
 Orbit Determination
 day of year        2018         133 G03  beta   72.039137538451996     
 ECOM1 SRP MODEL IS ACTIVATED
 Orbit residuals: ICRF in orbital frame
 RMS-RTN ICRF FIT G03        0.0018        0.0024        0.0055
 Orbit residuals: ICRF
 RMS-XYZ ICRF FIT G03        0.0032        0.0045        0.0029
 External Orbit comparison
 Orbit comparison: ICRF
 RMS-RTN ICRF CMP G03        0.0189        0.0548        0.1334
 RMS-XYZ ICRF CMP G03        0.0778        0.1060        0.0622
 Orbit comparison: ITRF
 RMS-XYZ ITRF CMP G03        0.0970        0.0887        0.0623
  
  
 PRN: G04, SVN:  49, BLK TYP: GPS-IIR-M, BLKID:   7, TX PWR: 145, MASS: 1080.000
 IC:    58251.000000000000        0.0000000000000000       -8387966.5929999994        23912969.928999998        7190812.0609999998       -99.398971722461283       -976.87576761096716        3055.5269371913746     
 Orbit Determination
 day of year        2018         133 G04  beta  -37.047972865571431     
 ECOM1 SRP MODEL IS ACTIVATED
 Orbit residuals: ICRF in orbital frame
 RMS-RTN ICRF FIT G04        0.0100        0.0086        0.0090
 Orbit residuals: ICRF
 RMS-XYZ ICRF FIT G04        0.0109        0.0096        0.0066
 External Orbit comparison
 Orbit comparison: ICRF
 RMS-RTN ICRF CMP G04        0.0294        0.2131        0.1655
 RMS-XYZ ICRF CMP G04        0.1846        0.1850        0.0732
 Orbit comparison: ITRF
 RMS-XYZ ITRF CMP G04        0.1862        0.1835        0.0732
  
  
 PRN: G05, SVN:  50, BLK TYP: GPS-IIR-M, BLKID:   7, TX PWR: 145, MASS: 1080.000
 IC:    58251.000000000000        0.0000000000000000       -3102082.1780000003       -25160365.580000002       -7652595.6020000000        409.90069549577311       -930.99780089035630        2953.1498814998195     
 Orbit Determination
 day of year        2018         133 G05  beta   71.717316506377017     
 ECOM1 SRP MODEL IS ACTIVATED
 Orbit residuals: ICRF in orbital frame
 RMS-RTN ICRF FIT G05        0.0033        0.0034        0.0084
 Orbit residuals: ICRF
 RMS-XYZ ICRF FIT G05        0.0053        0.0071        0.0037
 External Orbit comparison
 Orbit comparison: ICRF
 RMS-RTN ICRF CMP G05        0.0105        0.1013        0.1291
 RMS-XYZ ICRF CMP G05        0.1038        0.1246        0.0272
 Orbit comparison: ITRF
 RMS-XYZ ITRF CMP G05        0.1107        0.1185        0.0273
  
  
 PRN: G06, SVN:  67, BLK TYP: GPS-IIF, BLKID:   8, TX PWR: 240, MASS: 1633.000
 IC:    58251.000000000000        0.0000000000000000        5045764.9760000007       -14650692.607000001        21601812.101999998        2222.7442686473951        1589.3856061864644        562.39124675467610     
 Orbit Determination
 day of year        2018         133 G06  beta   40.747424954976275     
 ECOM1 SRP MODEL IS ACTIVATED
 Orbit residuals: ICRF in orbital frame
 RMS-RTN ICRF FIT G06        0.0067        0.0082        0.0045
 Orbit residuals: ICRF
 RMS-XYZ ICRF FIT G06        0.0066        0.0072        0.0061
 External Orbit comparison
 Orbit comparison: ICRF
 RMS-RTN ICRF CMP G06        0.0145        0.2515        0.1266
 RMS-XYZ ICRF CMP G06        0.2056        0.1775        0.0754
 Orbit comparison: ITRF
 RMS-XYZ ITRF CMP G06        0.2271        0.1492        0.0750
  
  
 PRN: G07, SVN:  48, BLK TYP: GPS-IIR-M, BLKID:   7, TX PWR: 145, MASS: 1080.000
 IC:    58251.000000000000        0.0000000000000000        20602695.608999997        1061164.2549999999       -16764018.757999998        1603.9197135344148        1444.7814181889407        1991.5741679575294     
 Orbit Determination
 day of year        2018         133 G07  beta  -17.683090316600008     
 ECOM1 SRP MODEL IS ACTIVATED
 Orbit residuals: ICRF in orbital frame
 RMS-RTN ICRF FIT G07        0.0105        0.0105        0.0070
 Orbit residuals: ICRF
 RMS-XYZ ICRF FIT G07        0.0089        0.0121        0.0066
 External Orbit comparison
 Orbit comparison: ICRF
 RMS-RTN ICRF CMP G07        0.0108        0.0374        0.0942
 RMS-XYZ ICRF CMP G07        0.0829        0.0332        0.0491
 Orbit comparison: ITRF
 RMS-XYZ ITRF CMP G07        0.0756        0.0476        0.0490
  
  
 PRN: G08, SVN:  72, BLK TYP: GPS-IIF, BLKID:   8, TX PWR: 240, MASS: 1633.000
 IC:    58251.000000000000        0.0000000000000000        14610621.200999999        8785211.0759999994       -20356584.827999998       -2329.9872232638299        1132.2669077645987       -1166.2627087607980     
 Orbit Determination
 day of year        2018         133 G08  beta  -7.4695506979836992     
 ECOM1 SRP MODEL IS ACTIVATED
 Orbit residuals: ICRF in orbital frame
 RMS-RTN ICRF FIT G08        0.0094        0.0086        0.0113
 Orbit residuals: ICRF
 RMS-XYZ ICRF FIT G08        0.0100        0.0104        0.0090
 External Orbit comparison
 Orbit comparison: ICRF
 RMS-RTN ICRF CMP G08        0.0192        0.2325        0.1169
 RMS-XYZ ICRF CMP G08        0.1818        0.1654        0.0877
 Orbit comparison: ITRF
 RMS-XYZ ITRF CMP G08        0.1430        0.2000        0.0875
  
  
 PRN: G09, SVN:  68, BLK TYP: GPS-IIF, BLKID:   8, TX PWR: 240, MASS: 1633.000
 IC:    58251.000000000000        0.0000000000000000        25049188.186999999       -7378555.7209999999        4860336.7340000002       -446.10916611924767        525.14157213922590        3076.8679493684322     
 Orbit Determination
 day of year        2018         133 G09  beta   29.115388789500720     
 ECOM1 SRP MODEL IS ACTIVATED
 Orbit residuals: ICRF in orbital frame
 RMS-RTN ICRF FIT G09        0.0055        0.0078        0.0031
 Orbit residuals: ICRF
 RMS-XYZ ICRF FIT G09        0.0068        0.0051        0.0053
 External Orbit comparison
 Orbit comparison: ICRF
 RMS-RTN ICRF CMP G09        0.0195        0.0873        0.1239
 RMS-XYZ ICRF CMP G09        0.0654        0.0748        0.1161
 Orbit comparison: ITRF
 RMS-XYZ ITRF CMP G09        0.0591        0.0800        0.1160
  
  
 PRN: G10, SVN:  73, BLK TYP: GPS-IIF, BLKID:   8, TX PWR: 240, MASS: 1633.000
 IC:    58251.000000000000        0.0000000000000000       -11023525.459000001        20689177.283000000       -12289484.667000001       -64.739189919084311       -1591.1126081719995       -2626.7837049234658     
 Orbit Determination
 day of year        2018         133 G10  beta   72.112801953340835     
 ECOM1 SRP MODEL IS ACTIVATED
 Orbit residuals: ICRF in orbital frame
 RMS-RTN ICRF FIT G10        0.0027        0.0031        0.0072
 Orbit residuals: ICRF
 RMS-XYZ ICRF FIT G10        0.0046        0.0051        0.0045
 External Orbit comparison
 Orbit comparison: ICRF
 RMS-RTN ICRF CMP G10        0.0103        0.1036        0.1592
 RMS-XYZ ICRF CMP G10        0.1068        0.1541        0.0320
 Orbit comparison: ITRF
 RMS-XYZ ITRF CMP G10        0.1465        0.1171        0.0322
  
  
 PRN: G11, SVN:  46, BLK TYP: GPS-IIR-A, BLKID:   5, TX PWR:  60, MASS: 1080.000
 IC:    58251.000000000000        0.0000000000000000        24026808.528000001        9897378.9840000011       -5639909.0029999996       -738.64365196228027        289.63237793184817       -2944.9521201821044     
 Orbit Determination
 day of year        2018         133 G11  beta   21.546838767219594     
 ECOM1 SRP MODEL IS ACTIVATED
 Orbit residuals: ICRF in orbital frame
 RMS-RTN ICRF FIT G11        0.0054        0.0075        0.0066
 Orbit residuals: ICRF
 RMS-XYZ ICRF FIT G11        0.0075        0.0057        0.0062
 External Orbit comparison
 Orbit comparison: ICRF
 RMS-RTN ICRF CMP G11        0.0207        0.1563        0.1189
 RMS-XYZ ICRF CMP G11        0.1520        0.1181        0.0442
 Orbit comparison: ITRF
 RMS-XYZ ITRF CMP G11        0.1049        0.1615        0.0441
  
  
 PRN: G12, SVN:  58, BLK TYP: GPS-IIR-M, BLKID:   7, TX PWR: 145, MASS: 1080.000
 IC:    58251.000000000000        0.0000000000000000       -10863237.472000001       -13693047.516000001        19868444.014000002        537.65931536443532       -2496.3527704309672       -1393.9658471271396     
 Orbit Determination
 day of year        2018         133 G12  beta  -37.118337373638809     
 ECOM1 SRP MODEL IS ACTIVATED
 Orbit residuals: ICRF in orbital frame
 RMS-RTN ICRF FIT G12        0.0093        0.0094        0.0080
 Orbit residuals: ICRF
 RMS-XYZ ICRF FIT G12        0.0095        0.0097        0.0074
 External Orbit comparison
 Orbit comparison: ICRF
 RMS-RTN ICRF CMP G12        0.0109        0.0373        0.1117
 RMS-XYZ ICRF CMP G12        0.0528        0.0956        0.0452
 Orbit comparison: ITRF
 RMS-XYZ ITRF CMP G12        0.0564        0.0936        0.0452
  
  
 PRN: G13, SVN:  43, BLK TYP: GPS-IIR-A, BLKID:   5, TX PWR:  60, MASS: 1080.000
 IC:    58251.000000000000        0.0000000000000000       -4798525.7879999997       -14312786.223999999       -21963275.108000003        2644.8445605309680       -787.88926257565618       -65.183619491755962     
 Orbit Determination
 day of year        2018         133 G13  beta   22.887930922936942     
 ECOM1 SRP MODEL IS ACTIVATED
 Orbit residuals: ICRF in orbital frame
 RMS-RTN ICRF FIT G13        0.0094        0.0098        0.0053
 Orbit residuals: ICRF
 RMS-XYZ ICRF FIT G13        0.0081        0.0099        0.0071
 External Orbit comparison
 Orbit comparison: ICRF
 RMS-RTN ICRF CMP G13        0.0118        0.1360        0.1271
 RMS-XYZ ICRF CMP G13        0.1278        0.1346        0.0190
 Orbit comparison: ITRF
 RMS-XYZ ITRF CMP G13        0.1234        0.1386        0.0191
  
  
 PRN: G14, SVN:  41, BLK TYP: GPS-IIR-A, BLKID:   5, TX PWR:  60, MASS: 1080.000
 IC:    58251.000000000000        0.0000000000000000       -9724211.4290000014        16832330.995000001        18312944.989999998       -2200.7741842903197        587.53466000035405       -1753.7520174756646     
 Orbit Determination
 day of year        2018         133 G14  beta   24.892071904875440     
 ECOM1 SRP MODEL IS ACTIVATED
 Orbit residuals: ICRF in orbital frame
 RMS-RTN ICRF FIT G14        0.0091        0.0098        0.0078
 Orbit residuals: ICRF
 RMS-XYZ ICRF FIT G14        0.0095        0.0102        0.0069
 External Orbit comparison
 Orbit comparison: ICRF
 RMS-RTN ICRF CMP G14        0.0274        0.1369        0.1051
 RMS-XYZ ICRF CMP G14        0.1095        0.1299        0.0408
 Orbit comparison: ITRF
 RMS-XYZ ITRF CMP G14        0.1261        0.1139        0.0409
  
  
 PRN: G15, SVN:  55, BLK TYP: GPS-IIR-M, BLKID:   7, TX PWR: 145, MASS: 1080.000
 IC:    58251.000000000000        0.0000000000000000       -16569370.105999999       -7769721.4430000000       -19582229.229000002        2093.2990911211818       -1263.5444996189326       -1245.3779269680381     
 Orbit Determination
 day of year        2018         133 G15  beta   32.393463326499230     
 ECOM1 SRP MODEL IS ACTIVATED
 Orbit residuals: ICRF in orbital frame
 RMS-RTN ICRF FIT G15        0.0107        0.0105        0.0058
 Orbit residuals: ICRF
 RMS-XYZ ICRF FIT G15        0.0101        0.0099        0.0076
 External Orbit comparison
 Orbit comparison: ICRF
 RMS-RTN ICRF CMP G15        0.0174        0.0475        0.1390
 RMS-XYZ ICRF CMP G15        0.0542        0.1075        0.0860
 Orbit comparison: ITRF
 RMS-XYZ ITRF CMP G15        0.0592        0.1049        0.0859
  
  
 PRN: G16, SVN:  56, BLK TYP: GPS-IIR-A, BLKID:   5, TX PWR:  60, MASS: 1080.000
 IC:    58251.000000000000        0.0000000000000000        174086.45600000001        25207015.125999998       -7801964.3969999999       -405.62872365856310        916.07343184202909        3050.8217371245846     
 Orbit Determination
 day of year        2018         133 G16  beta  -36.926516241077174     
 ECOM1 SRP MODEL IS ACTIVATED
 Orbit residuals: ICRF in orbital frame
 RMS-RTN ICRF FIT G16        0.0111        0.0103        0.0098
 Orbit residuals: ICRF
 RMS-XYZ ICRF FIT G16        0.0120        0.0105        0.0085
 External Orbit comparison
 Orbit comparison: ICRF
 RMS-RTN ICRF CMP G16        0.0197        0.0740        0.1256
 RMS-XYZ ICRF CMP G16        0.0807        0.1181        0.0343
 Orbit comparison: ITRF
 RMS-XYZ ITRF CMP G16        0.0897        0.1114        0.0342
  
  
 PRN: G17, SVN:  53, BLK TYP: GPS-IIR-M, BLKID:   7, TX PWR: 145, MASS: 1080.000
 IC:    58251.000000000000        0.0000000000000000        18156773.037999999       -15355228.790999999        12084489.561000001        1444.2102812118828       -349.82461386732757       -2712.3545227665454     
 Orbit Determination
 day of year        2018         133 G17  beta  -5.1957423187522922     
 ECOM1 SRP MODEL IS ACTIVATED
 Orbit residuals: ICRF in orbital frame
 RMS-RTN ICRF FIT G17        0.0109        0.0086        0.0131
 Orbit residuals: ICRF
 RMS-XYZ ICRF FIT G17        0.0108        0.0112        0.0111
 External Orbit comparison
 Orbit comparison: ICRF
 RMS-RTN ICRF CMP G17        0.0246        0.0767        0.1200
 RMS-XYZ ICRF CMP G17        0.0879        0.1070        0.0413
 Orbit comparison: ITRF
 RMS-XYZ ITRF CMP G17        0.1187        0.0713        0.0415
  
  
 PRN: G18, SVN:  34, BLK TYP: GPS-IIA, BLKID:   3, TX PWR:  50, MASS:  930.000
 IC:    58251.000000000000        0.0000000000000000        19530515.424000002        17587330.827000003       -4921877.5859999992       -630.18322467803955       -80.342970918864012       -3056.6616947380826     
 Orbit Determination
 day of year        2018         133 G18  beta   38.838661900964553     
 ECOM1 SRP MODEL IS ACTIVATED
 Orbit residuals: ICRF in orbital frame
 RMS-RTN ICRF FIT G18        0.0058        0.0075        0.0073
 Orbit residuals: ICRF
 RMS-XYZ ICRF FIT G18        0.0072        0.0069        0.0065
 External Orbit comparison
 Orbit comparison: ICRF
 RMS-RTN ICRF CMP G18        0.0103        0.1737        0.1326
 RMS-XYZ ICRF CMP G18        0.1802        0.1199        0.0314
 Orbit comparison: ITRF
 RMS-XYZ ITRF CMP G18        0.1506        0.1556        0.0311
  
  
 PRN: G19, SVN:  59, BLK TYP: GPS-IIR-B, BLKID:   6, TX PWR:  60, MASS: 1080.000
 IC:    58251.000000000000        0.0000000000000000        12676468.706000000       -15923151.030000001        16873317.083999999        2125.4252488240600       -534.61599229648709       -2047.7970497421920     
 Orbit Determination
 day of year        2018         133 G19  beta  -3.1106191773830356     
 ECOM1 SRP MODEL IS ACTIVATED
 Orbit residuals: ICRF in orbital frame
 RMS-RTN ICRF FIT G19        0.0098        0.0070        0.0167
 Orbit residuals: ICRF
 RMS-XYZ ICRF FIT G19        0.0098        0.0127        0.0129
 External Orbit comparison
 Orbit comparison: ICRF
 RMS-RTN ICRF CMP G19        0.0287        0.2844        0.1282
 RMS-XYZ ICRF CMP G19        0.2367        0.1731        0.1104
 Orbit comparison: ITRF
 RMS-XYZ ITRF CMP G19        0.2430        0.1640        0.1103
  
  
 PRN: G20, SVN:  51, BLK TYP: GPS-IIR-A, BLKID:   5, TX PWR:  60, MASS: 1080.000
 IC:    58251.000000000000        0.0000000000000000       -15860293.442000000        3653986.3070000000       -21128129.307000000       -33.995049312710762       -2664.5474718743935       -445.72014305368066     
 Orbit Determination
 day of year        2018         133 G20  beta   71.440563149561839     
 ECOM1 SRP MODEL IS ACTIVATED
 Orbit residuals: ICRF in orbital frame
 RMS-RTN ICRF FIT G20        0.0035        0.0038        0.0080
 Orbit residuals: ICRF
 RMS-XYZ ICRF FIT G20        0.0059        0.0061        0.0043
 External Orbit comparison
 Orbit comparison: ICRF
 RMS-RTN ICRF CMP G20        0.0093        0.1180        0.1525
 RMS-XYZ ICRF CMP G20        0.1146        0.1519        0.0322
 Orbit comparison: ITRF
 RMS-XYZ ITRF CMP G20        0.1440        0.1244        0.0323
  
  
 PRN: G21, SVN:  45, BLK TYP: GPS-IIR-A, BLKID:   5, TX PWR:  60, MASS: 1080.000
 IC:    58251.000000000000        0.0000000000000000       -18562732.848000001        3177576.7200000002       -17926007.978000000       -1920.2103260494769       -1529.5774468001910        1646.3248205520213     
 Orbit Determination
 day of year        2018         133 G21  beta   38.487041013055695     
 ECOM1 SRP MODEL IS ACTIVATED
 Orbit residuals: ICRF in orbital frame
 RMS-RTN ICRF FIT G21        0.0092        0.0088        0.0081
 Orbit residuals: ICRF
 RMS-XYZ ICRF FIT G21        0.0092        0.0100        0.0065
 External Orbit comparison
 Orbit comparison: ICRF
 RMS-RTN ICRF CMP G21        0.0183        0.1678        0.1039
 RMS-XYZ ICRF CMP G21        0.1457        0.1315        0.0279
 Orbit comparison: ITRF
 RMS-XYZ ITRF CMP G21        0.1615        0.1117        0.0277
  
  
 PRN: G22, SVN:  47, BLK TYP: GPS-IIR-B, BLKID:   6, TX PWR:  60, MASS: 1080.000
 IC:    58251.000000000000        0.0000000000000000        11192868.977000000        18036636.460000001        16217508.491000000       -367.77065661177039        2007.2244507484138       -2007.9660679493099     
 Orbit Determination
 day of year        2018         133 G22  beta   70.929440109747091     
 ECOM1 SRP MODEL IS ACTIVATED
 Orbit residuals: ICRF in orbital frame
 RMS-RTN ICRF FIT G22        0.0027        0.0024        0.0094
 Orbit residuals: ICRF
 RMS-XYZ ICRF FIT G22        0.0059        0.0071        0.0041
 External Orbit comparison
 Orbit comparison: ICRF
 RMS-RTN ICRF CMP G22        0.0065        0.0983        0.1343
 RMS-XYZ ICRF CMP G22        0.1048        0.1242        0.0365
 Orbit comparison: ITRF
 RMS-XYZ ITRF CMP G22        0.1011        0.1272        0.0366
  
  
 PRN: G23, SVN:  60, BLK TYP: GPS-IIR-B, BLKID:   6, TX PWR:  60, MASS: 1080.000
 IC:    58251.000000000000        0.0000000000000000        21484652.921000000        3002454.2259999998        15894071.666999999       -1704.9515393674374        973.47733318479732        2117.2913023550063     
 Orbit Determination
 day of year        2018         133 G23  beta   29.205128144891020     
 ECOM1 SRP MODEL IS ACTIVATED
 Orbit residuals: ICRF in orbital frame
 RMS-RTN ICRF FIT G23        0.0091        0.0096        0.0060
 Orbit residuals: ICRF
 RMS-XYZ ICRF FIT G23        0.0097        0.0086        0.0066
 External Orbit comparison
 Orbit comparison: ICRF
 RMS-RTN ICRF CMP G23        0.0132        0.0383        0.1324
 RMS-XYZ ICRF CMP G23        0.0558        0.1064        0.0688
 Orbit comparison: ITRF
 RMS-XYZ ITRF CMP G23        0.0654        0.1008        0.0687
  
  
 PRN: G24, SVN:  65, BLK TYP: GPS-IIF, BLKID:   8, TX PWR: 240, MASS: 1633.000
 IC:    58251.000000000000        0.0000000000000000       -22209076.979000002       -14843906.113000000        351391.90200000000        130.23776398971677       -294.65813208371401       -3114.3848742536502     
 Orbit Determination
 day of year        2018         133 G24  beta  -14.899398747671563     
 ECOM1 SRP MODEL IS ACTIVATED
 Orbit residuals: ICRF in orbital frame
 RMS-RTN ICRF FIT G24        0.0098        0.0110        0.0076
 Orbit residuals: ICRF
 RMS-XYZ ICRF FIT G24        0.0074        0.0123        0.0084
 External Orbit comparison
 Orbit comparison: ICRF
 RMS-RTN ICRF CMP G24        0.0361        0.0785        0.1172
 RMS-XYZ ICRF CMP G24        0.0950        0.0711        0.0844
 Orbit comparison: ITRF
 RMS-XYZ ITRF CMP G24        0.0999        0.0642        0.0843
  
  
 PRN: G25, SVN:  62, BLK TYP: GPS-IIF, BLKID:   8, TX PWR: 240, MASS: 1633.000
 IC:    58251.000000000000        0.0000000000000000       -15020969.518999999        1874227.2640000002        21619819.539000001        289.83854589983821       -2772.6021007169038        461.21506589278579     
 Orbit Determination
 day of year        2018         133 G25  beta  -36.979498581066302     
 ECOM1 SRP MODEL IS ACTIVATED
 Orbit residuals: ICRF in orbital frame
 RMS-RTN ICRF FIT G25        0.0075        0.0088        0.0066
 Orbit residuals: ICRF
 RMS-XYZ ICRF FIT G25        0.0089        0.0082        0.0055
 External Orbit comparison
 Orbit comparison: ICRF
 RMS-RTN ICRF CMP G25        0.0159        0.1111        0.1128
 RMS-XYZ ICRF CMP G25        0.0892        0.1288        0.0277
 Orbit comparison: ITRF
 RMS-XYZ ITRF CMP G25        0.1229        0.0973        0.0276
  
  
 PRN: G26, SVN:  71, BLK TYP: GPS-IIF, BLKID:   8, TX PWR: 240, MASS: 1633.000
 IC:    58251.000000000000        0.0000000000000000       -4903827.7549999999        25818154.589000002        3300844.9220000003       -263.57359681557864       -450.46407421678305        3135.7094319472089     
 Orbit Determination
 day of year        2018         133 G26  beta  -36.086797839146008     
 ECOM1 SRP MODEL IS ACTIVATED
 Orbit residuals: ICRF in orbital frame
 RMS-RTN ICRF FIT G26        0.0084        0.0101        0.0072
 Orbit residuals: ICRF
 RMS-XYZ ICRF FIT G26        0.0095        0.0086        0.0078
 External Orbit comparison
 Orbit comparison: ICRF
 RMS-RTN ICRF CMP G26        0.0133        0.1646        0.1227
 RMS-XYZ ICRF CMP G26        0.1334        0.1527        0.0347
 Orbit comparison: ITRF
 RMS-XYZ ITRF CMP G26        0.1474        0.1392        0.0348
  
  
 PRN: G27, SVN:  66, BLK TYP: GPS-IIF, BLKID:   8, TX PWR: 240, MASS: 1633.000
 IC:    58251.000000000000        0.0000000000000000        1040916.2630000000        15444498.365000000       -21623622.320999999       -2522.6522080015857        1036.4681704770774        646.25361090898514     
 Orbit Determination
 day of year        2018         133 G27  beta  -7.3426977031001774     
 ECOM1 SRP MODEL IS ACTIVATED
 Orbit residuals: ICRF in orbital frame
 RMS-RTN ICRF FIT G27        0.0099        0.0087        0.0120
 Orbit residuals: ICRF
 RMS-XYZ ICRF FIT G27        0.0113        0.0095        0.0099
 External Orbit comparison
 Orbit comparison: ICRF
 RMS-RTN ICRF CMP G27        0.0300        0.3608        0.1129
 RMS-XYZ ICRF CMP G27        0.2743        0.2142        0.1508
 Orbit comparison: ITRF
 RMS-XYZ ITRF CMP G27        0.2359        0.2560        0.1506
  
  
 PRN: G28, SVN:  44, BLK TYP: GPS-IIR-A, BLKID:   5, TX PWR:  60, MASS: 1080.000
 IC:    58251.000000000000        0.0000000000000000        13085612.166999999       -18054879.063999999       -13844155.870000001       -206.15235535800457        1854.7475611120462       -2498.6146165691316     
 Orbit Determination
 day of year        2018         133 G28  beta  -36.809051622895055     
 ECOM1 SRP MODEL IS ACTIVATED
 Orbit residuals: ICRF in orbital frame
 RMS-RTN ICRF FIT G28        0.0093        0.0097        0.0070
 Orbit residuals: ICRF
 RMS-XYZ ICRF FIT G28        0.0094        0.0095        0.0071
 External Orbit comparison
 Orbit comparison: ICRF
 RMS-RTN ICRF CMP G28        0.0202        0.0799        0.1588
 RMS-XYZ ICRF CMP G28        0.0929        0.1471        0.0417
 Orbit comparison: ITRF
 RMS-XYZ ITRF CMP G28        0.1453        0.0957        0.0416
  
  
 PRN: G29, SVN:  57, BLK TYP: GPS-IIR-M, BLKID:   7, TX PWR: 145, MASS: 1080.000
 IC:    58251.000000000000        0.0000000000000000       -25176180.899999999        3749416.7020000000        7535467.1600000001        834.24043285474181       -509.72037222236395        3034.5090309651569     
 Orbit Determination
 day of year        2018         133 G29  beta  -4.7744704662606647     
 ECOM1 SRP MODEL IS ACTIVATED
 Orbit residuals: ICRF in orbital frame
 RMS-RTN ICRF FIT G29        0.0087        0.0091        0.0118
 Orbit residuals: ICRF
 RMS-XYZ ICRF FIT G29        0.0113        0.0086        0.0097
 External Orbit comparison
 Orbit comparison: ICRF
 RMS-RTN ICRF CMP G29        0.0243        0.2521        0.1386
 RMS-XYZ ICRF CMP G29        0.1817        0.2026        0.0966
 Orbit comparison: ITRF
 RMS-XYZ ITRF CMP G29        0.1835        0.2010        0.0965
  
  
 PRN: G30, SVN:  64, BLK TYP: GPS-IIF, BLKID:   8, TX PWR: 240, MASS: 1633.000
 IC:    58251.000000000000        0.0000000000000000        14263531.536000000       -7899212.0839999998       -20987469.467000000        2012.5565207339823        1754.6228343527764        690.90550286322832     
 Orbit Determination
 day of year        2018         133 G30  beta  -18.372992453003121     
 ECOM1 SRP MODEL IS ACTIVATED
 Orbit residuals: ICRF in orbital frame
 RMS-RTN ICRF FIT G30        0.0100        0.0113        0.0076
 Orbit residuals: ICRF
 RMS-XYZ ICRF FIT G30        0.0085        0.0124        0.0077
 External Orbit comparison
 Orbit comparison: ICRF
 RMS-RTN ICRF CMP G30        0.0211        0.1148        0.0996
 RMS-XYZ ICRF CMP G30        0.0466        0.0771        0.1242
 Orbit comparison: ITRF
 RMS-XYZ ITRF CMP G30        0.0600        0.0674        0.1242
  
  
 PRN: G31, SVN:  52, BLK TYP: GPS-IIR-M, BLKID:   7, TX PWR: 145, MASS: 1080.000
 IC:    58251.000000000000        0.0000000000000000       -4162480.6429999997        15461374.430000000        21156082.286000002       -2156.3463737857528       -1602.2771802116185        789.02901208773255     
 Orbit Determination
 day of year        2018         133 G31  beta  -18.308278814995717     
 ECOM1 SRP MODEL IS ACTIVATED
 Orbit residuals: ICRF in orbital frame
 RMS-RTN ICRF FIT G31        0.0102        0.0108        0.0073
 Orbit residuals: ICRF
 RMS-XYZ ICRF FIT G31        0.0084        0.0113        0.0087
 External Orbit comparison
 Orbit comparison: ICRF
 RMS-RTN ICRF CMP G31        0.0172        0.0324        0.1005
 RMS-XYZ ICRF CMP G31        0.0826        0.0229        0.0641
 Orbit comparison: ITRF
 RMS-XYZ ITRF CMP G31        0.0722        0.0463        0.0639
  
  
 PRN: G32, SVN:  70, BLK TYP: GPS-IIF, BLKID:   8, TX PWR: 240, MASS: 1633.000
 IC:    58251.000000000000        0.0000000000000000       -18288078.440000001        16107777.598000001        10493356.900999999       -1323.7332868166268        295.74464511498809       -2778.4265973623842     
 Orbit Determination
 day of year        2018         133 G32  beta   28.875933079422659     
 ECOM1 SRP MODEL IS ACTIVATED
 Orbit residuals: ICRF in orbital frame
 RMS-RTN ICRF FIT G32        0.0077        0.0095        0.0067
 Orbit residuals: ICRF
 RMS-XYZ ICRF FIT G32        0.0081        0.0081        0.0080
 External Orbit comparison
 Orbit comparison: ICRF
 RMS-RTN ICRF CMP G32        0.0156        0.0495        0.1152
 RMS-XYZ ICRF CMP G32        0.0546        0.1026        0.0496
 Orbit comparison: ITRF
 RMS-XYZ ITRF CMP G32        0.0865        0.0777        0.0495
  
  
 CPU Time (sec)   430.77109000000002     
