Determining if the Fortran sgemm exists failed with the following output:
Change Dir: /data/thomas3/pod/build/CMakeFiles/CMakeTmp

Run Build Command(s):/usr/bin/gmake cmTC_340ec/fast && /usr/bin/gmake -f CMakeFiles/cmTC_340ec.dir/build.make CMakeFiles/cmTC_340ec.dir/build
gmake[1]: Entering directory `/data/thomas3/pod/build/CMakeFiles/CMakeTmp'
Building Fortran object CMakeFiles/cmTC_340ec.dir/testFortranCompiler.f.o
/usr/bin/gfortran   -g -O3 -frecursive -fall-intrinsics -Winteger-division -Wmaybe-uninitialized -Wunused-dummy-argument -fcheck=all -fbacktrace    -c /data/thomas3/pod/build/CMakeFiles/CMakeTmp/testFortranCompiler.f -o CMakeFiles/cmTC_340ec.dir/testFortranCompiler.f.o
Linking Fortran executable cmTC_340ec
/home/geodesy/cmake-3.16.3-Linux-x86_64/bin/cmake -E cmake_link_script CMakeFiles/cmTC_340ec.dir/link.txt --verbose=1
/usr/bin/gfortran    -g -O3 -frecursive -fall-intrinsics -Winteger-division -Wmaybe-uninitialized -Wunused-dummy-argument -fcheck=all -fbacktrace  CMakeFiles/cmTC_340ec.dir/testFortranCompiler.f.o  -o cmTC_340ec 
CMakeFiles/cmTC_340ec.dir/testFortranCompiler.f.o: In function `testfortran':
/data/thomas3/pod/build/CMakeFiles/CMakeTmp/testFortranCompiler.f:4: undefined reference to `sgemm_'
collect2: error: ld returned 1 exit status
gmake[1]: *** [cmTC_340ec] Error 1
gmake[1]: Leaving directory `/data/thomas3/pod/build/CMakeFiles/CMakeTmp'
gmake: *** [cmTC_340ec/fast] Error 2



Performing C SOURCE FILE Test CMAKE_HAVE_LIBC_PTHREAD failed with the following output:
Change Dir: /data/thomas3/pod/build/CMakeFiles/CMakeTmp

Run Build Command(s):/usr/bin/gmake cmTC_5e2a0/fast && /usr/bin/gmake -f CMakeFiles/cmTC_5e2a0.dir/build.make CMakeFiles/cmTC_5e2a0.dir/build
gmake[1]: Entering directory `/data/thomas3/pod/build/CMakeFiles/CMakeTmp'
Building C object CMakeFiles/cmTC_5e2a0.dir/src.c.o
/usr/bin/cc   -DCMAKE_HAVE_LIBC_PTHREAD   -o CMakeFiles/cmTC_5e2a0.dir/src.c.o   -c /data/thomas3/pod/build/CMakeFiles/CMakeTmp/src.c
Linking C executable cmTC_5e2a0
/home/geodesy/cmake-3.16.3-Linux-x86_64/bin/cmake -E cmake_link_script CMakeFiles/cmTC_5e2a0.dir/link.txt --verbose=1
/usr/bin/cc  -DCMAKE_HAVE_LIBC_PTHREAD    -rdynamic CMakeFiles/cmTC_5e2a0.dir/src.c.o  -o cmTC_5e2a0 
CMakeFiles/cmTC_5e2a0.dir/src.c.o: In function `main':
src.c:(.text+0x2d): undefined reference to `pthread_create'
src.c:(.text+0x39): undefined reference to `pthread_detach'
src.c:(.text+0x4a): undefined reference to `pthread_join'
collect2: error: ld returned 1 exit status
gmake[1]: *** [cmTC_5e2a0] Error 1
gmake[1]: Leaving directory `/data/thomas3/pod/build/CMakeFiles/CMakeTmp'
gmake: *** [cmTC_5e2a0/fast] Error 2


Source file was:
#include <pthread.h>

void* test_func(void* data)
{
  return data;
}

int main(void)
{
  pthread_t thread;
  pthread_create(&thread, NULL, test_func, NULL);
  pthread_detach(thread);
  pthread_join(thread, NULL);
  pthread_atfork(NULL, NULL, NULL);
  pthread_exit(NULL);

  return 0;
}

Determining if the function pthread_create exists in the pthreads failed with the following output:
Change Dir: /data/thomas3/pod/build/CMakeFiles/CMakeTmp

Run Build Command(s):/usr/bin/gmake cmTC_a1474/fast && /usr/bin/gmake -f CMakeFiles/cmTC_a1474.dir/build.make CMakeFiles/cmTC_a1474.dir/build
gmake[1]: Entering directory `/data/thomas3/pod/build/CMakeFiles/CMakeTmp'
Building C object CMakeFiles/cmTC_a1474.dir/CheckFunctionExists.c.o
/usr/bin/cc   -DCHECK_FUNCTION_EXISTS=pthread_create   -o CMakeFiles/cmTC_a1474.dir/CheckFunctionExists.c.o   -c /home/geodesy/cmake-3.16.3-Linux-x86_64/share/cmake-3.16/Modules/CheckFunctionExists.c
Linking C executable cmTC_a1474
/home/geodesy/cmake-3.16.3-Linux-x86_64/bin/cmake -E cmake_link_script CMakeFiles/cmTC_a1474.dir/link.txt --verbose=1
/usr/bin/cc  -DCHECK_FUNCTION_EXISTS=pthread_create    -rdynamic CMakeFiles/cmTC_a1474.dir/CheckFunctionExists.c.o  -o cmTC_a1474  -lpthreads 
/usr/bin/ld: cannot find -lpthreads
collect2: error: ld returned 1 exit status
gmake[1]: *** [cmTC_a1474] Error 1
gmake[1]: Leaving directory `/data/thomas3/pod/build/CMakeFiles/CMakeTmp'
gmake: *** [cmTC_a1474/fast] Error 2



Determining if the Fortran cheev exists failed with the following output:
Change Dir: /data/thomas3/pod/build/CMakeFiles/CMakeTmp

Run Build Command(s):/usr/bin/gmake cmTC_51234/fast && /usr/bin/gmake -f CMakeFiles/cmTC_51234.dir/build.make CMakeFiles/cmTC_51234.dir/build
gmake[1]: Entering directory `/data/thomas3/pod/build/CMakeFiles/CMakeTmp'
Building Fortran object CMakeFiles/cmTC_51234.dir/testFortranCompiler.f.o
/usr/bin/gfortran   -g -O3 -frecursive -fall-intrinsics -Winteger-division -Wmaybe-uninitialized -Wunused-dummy-argument -fcheck=all -fbacktrace    -c /data/thomas3/pod/build/CMakeFiles/CMakeTmp/testFortranCompiler.f -o CMakeFiles/cmTC_51234.dir/testFortranCompiler.f.o
Linking Fortran executable cmTC_51234
/home/geodesy/cmake-3.16.3-Linux-x86_64/bin/cmake -E cmake_link_script CMakeFiles/cmTC_51234.dir/link.txt --verbose=1
/usr/bin/gfortran    -g -O3 -frecursive -fall-intrinsics -Winteger-division -Wmaybe-uninitialized -Wunused-dummy-argument -fcheck=all -fbacktrace  CMakeFiles/cmTC_51234.dir/testFortranCompiler.f.o  -o cmTC_51234  /usr/lib64/libblas.so 
CMakeFiles/cmTC_51234.dir/testFortranCompiler.f.o: In function `testfortran':
/data/thomas3/pod/build/CMakeFiles/CMakeTmp/testFortranCompiler.f:4: undefined reference to `cheev_'
collect2: error: ld returned 1 exit status
gmake[1]: *** [cmTC_51234] Error 1
gmake[1]: Leaving directory `/data/thomas3/pod/build/CMakeFiles/CMakeTmp'
gmake: *** [cmTC_51234/fast] Error 2



