    58681.916666666664241          79200.000000000            -16060666.057              3729860.906            -20733388.632              569.7828429            -2591.3750202             -916.6751756
    58681.927083333335759          80100.000000000            -15599456.911              1346977.748            -21376262.004              451.6888866            -2695.5670160             -509.9199764
    58681.937500000000000          81000.000000000            -15252566.440             -1106601.994            -21648699.248              317.1482317            -2747.9606775              -94.6848033
    58681.947916666664241          81900.000000000            -15030920.334             -3583136.667            -21546324.065              174.8493501            -2746.3684884              321.7856359
    58681.958333333335759          82800.000000000            -14937478.144             -6033757.359            -21071287.389               33.7456555            -2690.4803536              732.2528504
    58681.968750000000000          83700.000000000            -14967159.177             -8410166.529            -20232203.466              -97.3098843            -2581.8712178             1129.6136158
    58681.979166666664241          84600.000000000            -15107095.523            -10666310.551            -19043971.652             -209.9238744            -2423.9357937             1507.0245043
    58681.989583333335759          85500.000000000            -15337200.126            -12759961.837            -17527489.011             -296.5012026            -2221.7536739             1858.0196589
    58682.000000000000000              0.000000000            -15631025.542            -14654150.384            -15709260.709             -350.5502178            -1981.8907877             2176.6198361
    58682.010416666664241            900.000000000            -15956877.862            -16318391.020            -13620916.847             -366.9428041            -1712.1455576             2457.4310275
    58682.020833333335759           1800.000000000            -16279140.714            -17729661.140            -11298645.756             -342.1197255            -1421.2501027             2695.7312656
    58682.031250000000000           2700.000000000            -16559756.592            -18873093.704             -8782554.901             -274.2338940            -1118.5383886             2887.5445198
    58682.041666666664241           3600.000000000            -16759807.288            -19742361.521             -6115971.404             -163.2267034             -813.5942740             3029.7008817
    58682.052083333335759           4500.000000000            -16841131.950            -20339740.792             -3344694.779              -10.8351794             -515.8929504             3119.8825175
    58682.062500000000000           5400.000000000            -16767920.487            -20675854.048              -516214.810              179.4696785             -234.4492997             3156.6551288
    58682.072916666664241           6300.000000000            -16508221.525            -20769104.655              2321092.337              402.6104466               22.5137683             3139.4849018
    58682.083333333335759           7200.000000000            -16035307.820            -20644826.408              5118776.794              652.0914280              247.8648587             3068.7411332
    58682.093750000000000           8100.000000000            -15328847.761            -20334182.109              7829123.729              920.2399830              435.8207057             2945.6849074
    58682.104166666664241           9000.000000000            -14375839.163            -19872853.993             10405945.795             1198.4917979              582.1507284             2772.4443456
    58682.114583333335759           9900.000000000            -13171270.513            -19299576.255             12805347.508             1477.7093809              684.3223608             2551.9770717
    58682.125000000000000          10800.000000000            -11718485.006            -18654565.392             14986450.363             1748.5220010              741.5821544             2288.0206320
    58682.135416666664241          11700.000000000            -10029233.636            -17977907.550             16912068.206             2001.6746163              754.9699605             1985.0316763
    58682.145833333335759          12600.000000000             -8123414.981            -17307963.435             18549323.131             2228.3730944              727.2658564             1648.1147614
    58682.156250000000000          13500.000000000             -6028510.661            -16679850.586             19870192.976             2420.6131930              662.8718427             1282.9416810
    58682.166666666664241          14400.000000000             -3778736.542            -16124059.944             20851982.297             2571.4813418              567.6326109              895.6622702
    58682.177083333335759          15300.000000000             -1413940.100            -15665258.803             21477709.604             2675.4162233              448.6018234              492.8076787
    58682.187500000000000          16200.000000000              1021716.316            -15321325.559             21736404.551             2728.4214604              313.7622897               81.1871726
    58682.197916666664241          17100.000000000              3481238.537            -15102653.325             21623309.757             2728.2213575              171.7101081             -332.2203929
    58682.208333333335759          18000.000000000              5916395.799            -15011749.776             21139983.018             2674.3535649               31.3142286             -740.3791818
    58682.218750000000000          18900.000000000              8279369.408            -15043149.803             20294296.851             2568.1946979              -98.6360783            -1136.3116861
    58682.229166666664241          19800.000000000             10524393.586            -15183645.986             19100333.604             2412.9172960             -209.7827341            -1513.2152029
    58682.239583333335759          20700.000000000             12609326.921            -15412829.961             17578175.855             2213.3789789             -294.5360364            -1864.5777851
    58682.250000000000000          21600.000000000             14497094.716            -15703925.912             15753593.370             1975.9471849             -346.3844831            -2184.2918025
    58682.260416666664241          22500.000000000             16156946.724            -16024885.945             13657629.689             1708.2653707             -360.1649721            -2466.7630994
    58682.270833333335759          23400.000000000             17565481.137            -16339706.623             11326093.252             1418.9689173             -332.2823665            -2707.0136147
    58682.281250000000000          24300.000000000             18707394.072            -16609916.773              8798959.924             1117.3611267             -260.8691560            -2900.7752604
    58682.291666666664241          25200.000000000             19575924.010            -16796179.289              6119695.801              813.0615042             -145.8781211            -3044.5728513
    58682.302083333335759          26100.000000000             20172972.271            -16859944.356              3334511.104              515.6398937               10.8965486            -3135.7939597
    58682.312500000000000          27000.000000000             20508893.236            -16765088.749               491557.835              234.2508907              205.8713927            -3172.7437415
    58682.322916666664241          27900.000000000             20601961.164            -16479475.611             -2359914.511              -22.7167811              433.7977899            -3154.6830442
    58682.333333333335759          28800.000000000             20477533.596            -15976371.635             -5170429.487             -247.9616181              687.9537256            -3081.8484704
    58682.343750000000000          29700.000000000             20166943.748            -15235663.828             -7891163.823             -435.5481198              960.3959833            -2955.4535025
    58682.354166666664241          30600.000000000             19706165.596            -14244825.729            -10474819.877             -581.1313580             1242.2628795            -2777.6702945
    58682.364583333335759          31500.000000000             19134304.883            -12999592.896            -12876473.029             -682.1178884             1524.1154116            -2551.5922716
    58682.375000000000000          32400.000000000             18491976.606            -11504319.207            -15054377.017             -737.7562173             1796.3029713            -2281.1782155
    58682.385416666664241          33300.000000000             17819634.322             -9771998.560            -16970711.044             -749.1530292             2049.3386739            -1971.1790413
    58682.395833333335759          34200.000000000             17155918.612             -7823950.201            -18592253.815             -719.2145541             2274.2689338            -1627.0489408
    58682.406250000000000          35100.000000000             16536091.151             -5689179.721            -19890971.335             -652.5156475             2463.0221871            -1254.8429783
    58682.416666666664241          36000.000000000             15990617.137             -3403440.938            -20844507.332             -555.1022153             2608.7226179             -861.1035426
    58682.427083333335759          36900.000000000             15543952.467             -1008035.963            -21436567.466             -434.2353940             2705.9563046             -452.7382879
    58682.437500000000000          37800.000000000             15213583.409              1451598.837            -21657190.872             -298.0882621             2750.9793082              -36.8923228
    58682.447916666664241          38700.000000000             15009355.898              3927464.932            -21502905.144             -155.4077138             2741.8597332              379.1825563
    58682.458333333335759          39600.000000000             14933119.651              6370669.824            -20976763.334              -15.1554083             2678.5486005              788.2588428
    58682.468750000000000          40500.000000000             14978699.386              8733126.060            -20088263.951              113.8576359             2562.8773291             1183.2618895
    58682.479166666664241          41400.000000000             15132192.277             10969215.122            -18853157.270              223.3281940             2398.4826085             1557.3936344
    58682.489583333335759          42300.000000000             15372577.821             13037352.307            -17293143.291              305.7956849             2190.6623174             1904.2492807
    58682.500000000000000          43200.000000000             15672614.146             14901393.178            -15435468.596              354.9417924             1946.1688032             2217.9249934
    58682.510416666664241          44100.000000000             15999983.794             16531828.938            -13312430.954              365.8435264             1672.9481739             2493.1149620
    58682.520833333335759          45000.000000000             16318642.734             17906726.792            -10960801.873              335.1703992             1379.8361952             2725.1964770
    58682.531250000000000          45900.000000000             16590318.958             19012381.563             -8421178.381              261.3186987             1076.2228661             2910.3019645
    58682.541666666664241          46800.000000000             16776101.835             19843656.209             -5737276.144              144.4783601              771.6987330             3045.3772189
    58682.552083333335759          47700.000000000             16838060.507             20404000.878             -2955176.573              -13.3694529              475.6964718             3128.2253498
    58682.562500000000000          48600.000000000             16740829.112             20705152.318              -122540.904             -208.5233210              197.1412307             3157.5362197
    58682.572916666664241          49500.000000000             16453098.411             20766527.437              2712195.682             -435.6978422              -55.8773073             3132.9013843
    58682.583333333335759          50400.000000000             15948957.397             20614336.038              5500636.943             -688.2196027             -276.3991612             3054.8147527
    58682.593750000000000          51300.000000000             15209034.485             20280447.922              8195232.765             -958.2751541             -458.8439943             2924.6593645
    58682.604166666664241          52200.000000000             14221395.612             19801058.394             10750068.401            -1237.2015321             -599.2078867             2744.6808227
    58682.614583333335759          53100.000000000             12982165.757             19215203.248             13121624.037            -1515.8084326             -695.2000599             2517.9480428
    58682.625000000000000          54000.000000000             11495850.697             18563179.571             15269493.608            -1784.7201444             -746.3148639             2248.3020635
    58682.635416666664241          54900.000000000              9775346.810             17884931.862             17157052.472            -2034.7247266             -753.8366551             1940.2937369
    58682.645833333335759          55800.000000000              7841638.125             17218464.058             18752064.318            -2257.1177300             -720.7775604             1599.1111637
    58682.656250000000000          56700.000000000              5723191.171             16598336.980             20027218.502            -2444.0279866             -651.7504694             1230.4977864
    58682.666666666664241          57600.000000000              3455069.169             16054307.585             20960589.811            -2588.7136184             -552.7818627              840.6620922
    58682.677083333335759          58500.000000000              1077797.317             15610161.297             21536013.561            -2685.8174228             -431.0711973              436.1799314
    58682.687500000000000          59400.000000000             -1363979.866             15282781.781             21743369.861            -2731.5721512             -294.7054825               23.8905196
    58682.697916666664241          60300.000000000             -3823000.401             15081493.949             21578771.854            -2723.9478773             -152.3393244             -389.2127206
    58682.708333333335759          61200.000000000             -6250991.022             15007706.161             21044653.877            -2662.7356112              -12.8520606             -796.0952140
    58682.718750000000000          62100.000000000             -8600318.445             15054866.610             20149756.629            -2549.5635045              115.0054234            -1189.7967838
    58682.729166666664241          63000.000000000            -10825624.321             15208737.294             18909007.799            -2387.8443682              222.9610272            -1563.5481472
    58682.739583333335759          63900.000000000            -12885382.398             15447977.014             17343298.058            -2182.6557055              303.5556208            -1910.8866385
    58682.750000000000000          64800.000000000            -14743318.654             15745012.979             15479153.951            -1940.5559924              350.4481265            -2225.7692765
    58682.760416666664241          65700.000000000            -16369639.632             16067169.316             13348310.981            -1669.3434178              358.6793776            -2502.6811451
    58682.770833333335759          66600.000000000            -17742020.866             16378010.380             10987192.055            -1377.7656362              324.8839545            -2736.7369414
    58682.781250000000000          67500.000000000            -18846315.980             16638847.854              8436298.445            -1075.1911886              247.4410012            -2923.7734808
    58682.791666666664241          68400.000000000            -19676957.392             16810353.504              5739522.392             -771.2549975              126.5572580            -3060.4309590
    58682.802083333335759          69300.000000000            -20237031.425             16854214.481              2943392.424             -475.4916575              -35.7218655            -3144.2208590
    58682.812500000000000          70200.000000000            -20538023.297             16734765.615                96264.305             -196.9710165             -235.5744837            -3173.5785774
    58682.822916666664241          71100.000000000            -20599240.677             16420533.275             -2752527.871               56.0492755             -467.5359936            -3147.8991233
    58682.833333333335759          72000.000000000            -20446937.536             15885628.323             -5553544.614              276.4400390             -724.6996698            -3067.5546143
    58682.843750000000000          72900.000000000            -20113172.358             15110931.185             -8258121.187              458.4725540             -998.9764800            -2933.8927421
    58682.854166666664241          73800.000000000            -19634445.819             14085020.211            -10819237.673              598.0348868            -1281.4038982            -2749.2158855
    58682.864583333335759          74700.000000000            -19050172.347             12804804.612            -13192361.605              692.7834492            -1562.4913151            -2516.7410868
    58682.875000000000000          75600.000000000            -18401046.926             11275835.291            -15336246.208              742.2233986            -1832.5880027            -2240.5416486
    58682.885416666664241          76500.000000000            -17727372.936              9512279.975            -17213668.288              747.7145157            -2082.2585853            -1925.4716246
    58682.895833333335759          77400.000000000            -17067418.429              7536562.812            -18792091.085              712.4023813            -2302.6506407            -1577.0749458
    58682.906250000000000          78300.000000000            -16455866.956              5378682.327            -20044239.222              641.0778611            -2485.8394263            -1201.4813136
    58682.916666666664241          79200.000000000            -15922424.952              3075234.716            -20948574.908              539.9709349            -2625.1357645             -805.2913061
    58682.927083333335759          80100.000000000            -15490641.032               668181.306            -21489666.868              416.4876326            -2715.3447667             -395.4533492
    58682.937500000000000          81000.000000000            -15176983.575             -1796590.810            -21658445.932              278.9011455            -2752.9652400               20.8646751
    58682.947916666664241          81900.000000000            -14990212.156             -4270857.954            -21452343.698              136.0099520            -2736.3221811              436.4063896
    58682.958333333335759          82800.000000000            -14931066.283             -6705736.289            -20875313.207               -3.2229959            -2665.6275974              843.9577221
    58682.968750000000000          83700.000000000            -14992281.908             -9053379.948            -19937732.951             -130.0354183            -2542.9678678             1236.4749454
    58682.979166666664241          84600.000000000            -15158933.049            -11268635.062            -18656197.795             -236.2206148            -2372.2188281             1607.2075538
    58682.989583333335759          85500.000000000            -15409082.950            -13310586.255            -17053202.457             -314.4582105            -2158.8926211             1949.8138085
    58683.000000000000000              0.000000000            -15714717.218            -15143937.009            -15156725.021             -358.6080039            -1909.9229681             2258.4670545
