    58681.916666666664241          79200.000000000              5046468.400             15684663.507            -20742582.966            -3775.9348996               24.0114492             -909.6141498
    58681.927083333335759          80100.000000000              1614207.815             15570258.606            -21379040.257            -3840.2658653             -277.8357726             -502.7435646
    58681.937500000000000          81000.000000000             -1846029.691             15186082.306            -21645013.482            -3838.0346056             -574.6092983              -87.5174036
    58681.947916666664241          81900.000000000             -5274322.466             14539032.907            -21536238.293            -3769.4022635             -861.1527038              328.8200131
    58681.958333333335759          82800.000000000             -8611420.165             13640566.401            -21054976.239            -3635.6957635            -1132.5091454              739.0327612
    58681.968750000000000          83700.000000000            -11799779.715             12506477.347            -20209948.913            -3439.3749120            -1384.0081672             1136.0222985
    58681.979166666664241          84600.000000000            -14784562.479             11156604.487            -19016157.889            -3183.9793045            -1611.3458955             1512.9518942
    58681.989583333335759          85500.000000000            -17514575.139              9614467.666            -17494595.566            -2874.0566676            -1810.6572925             1863.3642672
    58682.000000000000000              0.000000000            -19943138.453              7906843.720            -15671853.943            -2515.0745549            -1978.5793801             2181.2904626
    58682.010416666664241            900.000000000            -22028869.835              6063289.844            -13579639.995            -2113.3175378            -2112.3045805             2461.3482792
    58682.020833333335759           1800.000000000            -23736367.739              4115623.656            -11254207.698            -1675.7721824            -2209.6235625             2698.8288591
    58682.031250000000000           2700.000000000            -25036787.919              2097369.557             -8735717.862            -1210.0021940            -2268.9572079             2889.7703494
    58682.041666666664241           3600.000000000            -25908303.790                43181.302             -6067537.813             -724.0161389            -2289.3775291             3031.0178386
    58682.052083333335759           4500.000000000            -26336445.308             -2011749.296             -3295493.491             -226.1301327            -2270.6175646             3120.2690524
    58682.062500000000000           5400.000000000            -26314312.868             -4032287.672              -467086.955              275.1721826            -2213.0704553             3156.1055517
    58682.072916666664241           6300.000000000            -25842664.806             -5983946.245              2369307.667              771.3801534            -2117.7780589             3138.0094190
    58682.083333333335759           7200.000000000            -24929878.998             -7833459.379              5165256.772             1254.0950351            -1986.4095875             3066.3656248
    58682.093750000000000           8100.000000000            -23591790.885             -9549334.844              7873075.700             1715.1653820            -1821.2308569             2942.4504521
    58682.104166666664241           9000.000000000            -21851411.904            -11102373.624             10446620.652             2146.8171360            -1625.0648208             2768.4065026
    58682.114583333335759           9900.000000000            -19738533.831            -12466150.563             12842052.317             2541.7768065            -1401.2441160             2547.2049333
    58682.125000000000000          10800.000000000            -17289225.926            -13617448.981             15018560.032             2893.3862922            -1153.5563901             2282.5956631
    58682.135416666664241          11700.000000000            -14545232.988            -14536643.150             16939036.025             3195.7080436             -886.1832077             1979.0463581
    58682.145833333335759          12600.000000000            -11553283.558            -15208023.189             18570690.013             3443.6193872             -603.6333451             1641.6710607
    58682.156250000000000          13500.000000000             -8364318.512            -15620057.711             19885595.244             3632.8949421             -310.6713027             1276.1493670
    58682.166666666664241          14400.000000000             -5032651.212            -15765590.298             20861157.901             3760.2761405              -12.2418751              888.6371034
    58682.177083333335759          15300.000000000             -1615071.235            -15641966.633             21480502.660             3823.5269310              286.6083533              485.6694974
    58682.187500000000000          16200.000000000              1830095.478            -15251089.938             21732768.120             3821.4748021              580.8116869               74.0579051
    58682.197916666664241          17100.000000000              5243956.497            -14599403.168             21613306.815             3754.0363134              865.3612179             -339.2187619
    58682.208333333335759          18000.000000000              8568038.484            -13697797.335             21123785.582             3622.2263916             1135.3929295             -747.1266603
    58682.218750000000000          18900.000000000             11745273.602            -12561446.252             20272183.270             3428.1507355             1386.2669053            -1142.6923072
    58682.229166666664241          19800.000000000             14720971.274            -11209569.026             19072684.042             3174.9808026             1613.6464636            -1519.1190090
    58682.239583333335759          20700.000000000             17443759.451             -9665122.749             17545466.014             2866.9110296             1813.5739434            -1869.9027301
    58682.250000000000000          21600.000000000             19866479.342             -7954428.977             15716386.560             2509.0981739             1982.5417932            -2188.9455393
    58682.260416666664241          22500.000000000             21947017.555             -6106738.884             13616567.348             2107.5829719             2117.5575543            -2470.6646194
    58682.270833333335759          23400.000000000             23649059.975             -4153743.205             11281884.068             1669.1946726             2216.2013056            -2710.0947082
    58682.281250000000000          24300.000000000             24942752.362             -2129034.409              8752367.737             1201.4394310             2276.6741586            -2902.9817672
    58682.291666666664241          25200.000000000             25805253.769               -67529.758              6071526.485              712.3740083             2297.8364652            -3045.8656751
    58682.302083333335759          26100.000000000             26221170.384              1995134.941              3285598.651              210.4667095             2279.2345413            -3136.1498226
    58682.312500000000000          27000.000000000             26182859.354              4023230.075               442749.878             -295.5520392             2221.1149090            -3172.1556591
    58682.322916666664241          27900.000000000             25690594.520              5981563.889             -2407771.461             -796.8466331             2124.4253259            -3153.1605089
    58682.333333333335759          28800.000000000             24752588.704              7836108.955             -5216504.842            -1284.6375460             1990.8021857            -3079.4173330
    58682.343750000000000          29700.000000000             23384870.229              9554611.138             -7934657.476            -1750.3634266             1822.5442344            -2952.1555528
    58682.354166666664241          30600.000000000             21611014.522             11107168.852            -10514976.244            -2185.8404048             1622.5729252            -2773.5625461
    58682.364583333335759          31500.000000000             19461734.974             12466770.877            -12912594.324            -2583.4149653             1394.3801204            -2546.7459617
    58682.375000000000000          32400.000000000             16974340.432             13609781.804            -15085835.500            -2936.1068633             1141.9642178            -2275.6775404
    58682.385416666664241          33300.000000000             14192069.793             14516365.299            -16996960.025            -3237.7388114              869.7561061            -1965.1196507
    58682.395833333335759          34200.000000000             11163316.927             15170836.774            -18612837.206            -3483.0500405              582.5366359            -1620.5362227
    58682.406250000000000          35100.000000000              7940761.595             15561938.669            -19905531.574            -3667.7913077              285.3474988            -1247.9901676
    58682.416666666664241          36000.000000000              4580423.923             15683033.318            -20852791.544            -3788.7994622              -16.6024458             -854.0296931
    58682.427083333335759          36900.000000000              1140661.489             15532210.250            -21438431.744            -3844.0502627             -318.0332992             -445.5661468
    58682.437500000000000          37800.000000000             -2318871.053             15112306.649            -21652602.628            -3832.6887309             -613.6906127              -29.7461504
    58682.447916666664241          38700.000000000             -5738279.487             14430841.583            -21491943.482            -3755.0369032             -898.4402143              386.1791797
    58682.458333333335759          39600.000000000             -9058484.480             13499866.348            -20959617.458            -3612.5793844            -1167.3594798              794.9851822
    58682.468750000000000          40500.000000000            -12222253.365             12335734.923            -20065229.658            -3407.9275949            -1415.8233217             1189.6021522
    58682.479166666664241          41400.000000000            -15175190.628             10958799.994            -18824631.594            -3144.7640277            -1639.5833760             1563.2389623
    58682.489583333335759          42300.000000000            -17866669.850              9393041.258            -17259617.416            -2827.7681865            -1834.8390907             1909.4996036
    58682.500000000000000          43200.000000000            -20250691.473              7665633.805            -15397519.177            -2462.5261576            -1998.2996556             2222.4907128
    58682.510416666664241          44100.000000000            -22286652.623              5806465.201            -13270710.007            -2055.4259804            -2127.2359567             2496.9184398
    58682.520833333335759          45000.000000000            -23940017.232              3847610.518            -10916025.422            -1613.5411260            -2219.5219712             2728.1733063
    58682.531250000000000          45900.000000000            -25182876.842              1822775.016             -8374114.065            -1144.5044717            -2273.6652495             2912.4020048
    58682.541666666664241          46800.000000000            -25994394.604              -233285.648             -5688730.005             -656.3751841            -2288.8263409             3046.5653838
    58682.552083333335759          47700.000000000            -26361127.189             -2285357.729             -2905979.249             -157.5008937            -2264.8272171             3128.4821372
    58682.562500000000000          48600.000000000            -26277221.397             -4298364.411               -73533.465              343.6225281            -2202.1489179             3156.8579809
    58682.572916666664241          49500.000000000            -25744484.320             -6237953.987              2760176.031              838.4913864            -2101.9187949             3131.3003311
    58682.583333333335759          50400.000000000            -24772327.824             -8071072.070              5546771.037             1318.7327096            -1965.8878562             3052.3187069
    58682.593750000000000          51300.000000000            -23377589.904             -9766509.176              8238733.322             1776.2390122            -1796.3988111             2921.3112557
    58682.604166666664241          52200.000000000            -21584237.117            -11295415.614             10790193.302             2203.2975263            -1596.3454961             2740.5379463
    58682.614583333335759          53100.000000000            -19422953.790            -12631776.260             13157688.838             2592.7123164            -1369.1244158             2513.0810895
    58682.625000000000000          54000.000000000            -16930625.078            -13752838.455             15300883.078             2937.9178514            -1118.5791733             2242.7939385
    58682.635416666664241          54900.000000000            -14149722.133            -14639486.985             17183230.978             3233.0827469             -848.9385862             1934.2381847
    58682.645833333335759          55800.000000000            -11127598.763            -15276560.839             18772584.901             3473.2025172             -564.7493040             1592.6112213
    58682.656250000000000          56700.000000000             -7915709.974            -15653107.150             20041730.484             3654.1802784             -270.8037551             1223.6640854
    58682.666666666664241          57600.000000000             -4568763.654            -15762568.504             20968844.819             3772.8944249               27.9357330              833.6110358
    58682.677083333335759          58500.000000000             -1143817.568            -15602900.563             21537869.864             3827.2523683              326.4157681              429.0317712
    58682.687500000000000          59400.000000000              2300665.427            -15176617.747             21738794.937             3816.2294818              619.5727762               16.7673601
    58682.697916666664241          60300.000000000              5705790.252            -14490765.549             21567843.145             3739.8924493              902.4149725             -396.1889606
    58682.708333333335759          61200.000000000              9013216.192            -13556818.980             21027557.700             3599.4062869             1170.1043941             -802.8048522
    58682.718750000000000          62100.000000000             12166142.219            -12390507.558             20126785.242             3397.0243958             1418.0378867            -1196.1244065
    58682.729166666664241          63000.000000000             15110275.517            -11011568.335             18880554.668             3136.0611426             1641.9258518            -1569.3845894
    58682.739583333335759          63900.000000000             17794767.354             -9443429.527             17309851.370             2820.8466457             1837.8674723            -1916.1308786
    58682.750000000000000          64800.000000000             20173100.203             -7712828.537             15441288.478             2456.6636941             2002.4210578            -2230.3302129
    58682.760416666664241          65700.000000000             22203910.130             -5849369.393             13306678.406             2049.6670360             2132.6680973            -2506.4792209
    58682.770833333335759          66600.000000000             23851728.827             -3885025.906             10942509.920             1606.7856511             2226.2695858            -2739.7055858
    58682.781250000000000          67500.000000000             25087630.398             -1853598.143              8389337.895             1135.6090472             2281.5132195            -2925.8603378
    58682.791666666664241          68400.000000000             25889769.178               209868.973              5691094.915              644.2590937             2297.3501367            -3061.5988750
    58682.802083333335759          69300.000000000             26243796.420              2269694.969              2894335.825              141.2493822             2273.4200283            -3144.4486077
    58682.812500000000000          70200.000000000             26143145.702              4290190.124                47428.152             -364.6654152             2210.0636510            -3172.8613019
    58682.822916666664241          71100.000000000             25589179.329              6236287.098             -2800297.073             -864.6472992             2108.3220492            -3146.2484835
    58682.833333333335759          72000.000000000             24591190.760              8074165.721             -5599418.234            -1349.9365518             1969.9221172            -3064.9986313
    58682.843750000000000          72900.000000000             23166261.166              9771858.623             -8301303.015            -1812.0136949             1797.2484928            -2930.4753401
    58682.854166666664241          73800.000000000             21338971.432             11299825.558            -10858977.915            -2242.7581558             1593.3021614            -2744.9961369
    58682.864583333335759          74700.000000000             19140974.206             12631484.741            -13227970.063            -2634.6000015             1361.6465305            -2511.7921735
    58682.875000000000000          75600.000000000             16610433.827             13743690.445            -15367104.421            -2980.6612416             1106.3421001            -2234.9495599
    58682.885416666664241          76500.000000000             13791345.002             14617147.183            -17239240.376            -3274.8834769              831.8711759            -1919.3336173
    58682.895833333335759          77400.000000000             10732743.821             15236752.300            -18811933.118            -3512.1390537              543.0543449            -1570.4977960
    58682.906250000000000          78300.000000000              7487827.057             15591860.393            -20058006.938            -3688.3233702              244.9606301            -1194.5793987
    58682.916666666664241          79200.000000000              4112997.575             15676464.791            -20956029.637            -3800.4265238              -57.1866263             -798.1845524
    58682.927083333335759          80100.000000000               666855.039             15489293.201            -21490679.571            -3846.5830764             -358.1060487             -388.2650884
    58682.937500000000000          81000.000000000             -2790848.074             15033816.499            -21652999.277            -3826.0993014             -652.5545951               28.0098987
    58682.947916666664241          81900.000000000             -6200264.787             14318171.514            -21440532.161            -3739.4578520             -935.4219990              443.3850195
    58682.958333333335759          82800.000000000             -9502506.157             13355000.392            -20857341.208            -3588.3003273            -1201.8214103              850.6493555
    58682.968750000000000          83700.000000000            -12640668.500             12161210.737            -19913911.062            -3375.3886881            -1447.1745387             1242.7644254
    58682.979166666664241          84600.000000000            -15560816.875             10757662.158            -18626937.123            -3104.5468941            -1667.2898066             1612.9869510
    58682.989583333335759          85500.000000000            -18212907.775              9168786.117            -17019007.297            -2780.5844761            -1858.4322493             1954.9842578
    58683.000000000000000              0.000000000            -20551635.643              7422146.967            -15118183.937            -2409.2040291            -2017.3841354             2262.9404174
