 Earth Radiation Model (ERM):   1

 satsinex_filename =igs_metadata_2063.snx                                                                               
 use cannonball f0 model as a priori SRP model
 POD Tool mode: 4 :: Orbit Integration and Partials
  
 Initial Conditions mode: 2 :: Initial Conditions input file: orb_pea.out
  
 Success: End of leap.second found,           28 values read
 Final entry in leap.second is,         2017           1   37.000000000000000     
 Satellites number:                    31 IC Eopch:         2019           7          18   0.0000000000000000     
  
STATUS :200413:1158:52.0 POD/:  A priori SRP model =       1
STATUS :200413:1158:52.0 POD/:  SRP model =       1
  
 PRN: G01, SVN:  63, BLK TYP: GPS-IIF, BLKID:   8, TX PWR: 240, MASS: 1633.000
 Zo   58682.000000000000        0.0000000000000000        14226165.490072558        20021922.780617103       -9875597.1333478689       -1254.2766914518352        2274.3003140188648        2891.6623324271636        1.0541736913241484        9.8303201971211519E-004  -6.9563756956193597E-003   1.0028986089109489E-003  -1.1124571823715635E-003   2.4210495046374453E-004  -1.1435016874620551E-003  -9.7427434875832289E-003  -3.7559237541982776E-003
 Orbit Propagation
 day of year        2019         199 G01  beta  -21.057049139392195     
 ECOM1 SRP MODEL IS ACTIVATED
 Orbit residuals: ICRF
 RMS-XYZ ICRF FIT G01        0.0000        0.0000        0.0000
 External Orbit comparison
 Orbit comparison: ICRF
 RMS-RTN ICRF CMP G01        0.0152        0.0296        0.0129
 RMS-XYZ ICRF CMP G01        0.0211        0.0127        0.0259
 Orbit comparison: ITRF
 RMS-XYZ ITRF CMP G01        0.0190        0.0157        0.0259
  
  
 PRN: G02, SVN:  61, BLK TYP: GPS-IIR-B, BLKID:   6, TX PWR:  60, MASS: 1080.000
 Zo   58682.000000000000        0.0000000000000000       -3162645.8802677654       -24201903.137992181       -9686770.7016726509        2560.8240930813349        865.19184055121195       -2836.5054479169862       0.99751496955658492        2.3339413970367619E-003  -1.1319902319753009E-002   1.7510534316628856E-002  -2.9978954055498662E-003   6.8682374305008686E-003  -5.0044557453556926E-003   1.9157516183417142E-002  -8.7184210648869036E-003
 Orbit Propagation
 day of year        2019         199 G02  beta  -22.344309774912709     
 ECOM1 SRP MODEL IS ACTIVATED
 Orbit residuals: ICRF
 RMS-XYZ ICRF FIT G02        0.0000        0.0000        0.0000
 External Orbit comparison
 Orbit comparison: ICRF
 RMS-RTN ICRF CMP G02        0.0328        0.0508        0.0640
 RMS-XYZ ICRF CMP G02        0.0531        0.0446        0.0543
 Orbit comparison: ITRF
 RMS-XYZ ITRF CMP G02        0.0558        0.0411        0.0543
  
  
 PRN: G03, SVN:  69, BLK TYP: GPS-IIF, BLKID:   8, TX PWR: 240, MASS: 1633.000
 Zo   58682.000000000000        0.0000000000000000        11200725.179479992        10203712.515750023       -21859528.144580700       -2525.6669960630011        2929.0661149050138        82.033797502478691        1.0557501748340838       -1.4076410462611991E-003  -4.7030948660996639E-003  -1.5969420591565719E-003  -2.2272791140458097E-003   5.3623866764943686E-003   1.0005346566220326E-002  -6.5181552257414666E-003   2.1040958443054570E-003
 Orbit Propagation
 day of year        2019         199 G03  beta   22.320842238368382     
 ECOM1 SRP MODEL IS ACTIVATED
 Orbit residuals: ICRF
 RMS-XYZ ICRF FIT G03        0.0000        0.0000        0.0000
 External Orbit comparison
 Orbit comparison: ICRF
 RMS-RTN ICRF CMP G03        0.0160        0.0429        0.0350
 RMS-XYZ ICRF CMP G03        0.0493        0.0285        0.0091
 Orbit comparison: ITRF
 RMS-XYZ ITRF CMP G03        0.0384        0.0421        0.0091
  
  
 PRN: G05, SVN:  50, BLK TYP: GPS-IIR-M, BLKID:   7, TX PWR: 145, MASS: 1080.000
 Zo   58682.000000000000        0.0000000000000000        6291963.9303438608       -22508967.677925318        12684133.074890217        2837.6980504465632       -666.59845559131884       -2544.6922762062809       0.95846489059275242       -4.7866924051599312E-003  -8.7570665121022590E-003   8.0961609018063135E-003   6.8104804420285911E-004  -1.1516433631207680E-003  -2.5390738488619280E-003   1.2906265993625831E-002  -3.5247018279533594E-003
 Orbit Propagation
 day of year        2019         199 G05  beta   21.197980835133873     
 ECOM1 SRP MODEL IS ACTIVATED
 Orbit residuals: ICRF
 RMS-XYZ ICRF FIT G05        0.0000        0.0000        0.0000
 External Orbit comparison
 Orbit comparison: ICRF
 RMS-RTN ICRF CMP G05        0.0296        0.0855        0.0431
 RMS-XYZ ICRF CMP G05        0.0616        0.0726        0.0311
 Orbit comparison: ITRF
 RMS-XYZ ITRF CMP G05        0.0650        0.0696        0.0310
  
  
 PRN: G06, SVN:  67, BLK TYP: GPS-IIF, BLKID:   8, TX PWR: 240, MASS: 1633.000
 Zo   58682.000000000000        0.0000000000000000        8442553.1740619652       -15601446.160892963       -19737284.642063666        2096.4970005506188        2936.7721677197328       -1418.5741176128522        1.0462186834655240        2.3854666078135440E-003  -7.3339377056606397E-003   5.2800731774019193E-003  -1.5486909556364893E-003  -1.6322350171012773E-003   6.2673350912642650E-003   3.0652451280292524E-003  -2.8833307886922438E-003
 Orbit Propagation
 day of year        2019         199 G06  beta  -21.309091195951712     
 ECOM1 SRP MODEL IS ACTIVATED
 Orbit residuals: ICRF
 RMS-XYZ ICRF FIT G06        0.0000        0.0000        0.0000
 External Orbit comparison
 Orbit comparison: ICRF
 RMS-RTN ICRF CMP G06        0.0185        0.0179        0.0202
 RMS-XYZ ICRF CMP G06        0.0233        0.0193        0.0124
 Orbit comparison: ITRF
 RMS-XYZ ITRF CMP G06        0.0225        0.0203        0.0124
  
  
 PRN: G07, SVN:  48, BLK TYP: GPS-IIR-M, BLKID:   7, TX PWR: 145, MASS: 1080.000
 Zo   58682.000000000000        0.0000000000000000        16923846.592253175        6147645.1025535688        19638202.617461450        218.82269649628924        3599.5572069861446       -1381.6276835639812       0.94352171667722384       -5.2358151178929545E-003  -8.3757317899915834E-003  -4.8723882651282961E-004   1.1783271054472328E-003  -7.4885048540670627E-004  -2.0042412874176505E-002   3.6883567225911712E-002  -2.6096162865480227E-003
 Orbit Propagation
 day of year        2019         199 G07  beta   49.145348558513568     
 ECOM1 SRP MODEL IS ACTIVATED
 Orbit residuals: ICRF
 RMS-XYZ ICRF FIT G07        0.0000        0.0000        0.0000
 External Orbit comparison
 Orbit comparison: ICRF
 RMS-RTN ICRF CMP G07        0.0334        0.0418        0.0310
 RMS-XYZ ICRF CMP G07        0.0270        0.0352        0.0431
 Orbit comparison: ITRF
 RMS-XYZ ITRF CMP G07        0.0331        0.0295        0.0431
  
  
 PRN: G08, SVN:  72, BLK TYP: GPS-IIF, BLKID:   8, TX PWR: 240, MASS: 1633.000
 Zo   58682.000000000000        0.0000000000000000        13629935.446768178        14407944.345258163        17593455.241445206       -3281.4066690611280        796.19428913841830        1913.2567160630556        1.0487162886833088        5.1924521190741316E-004  -5.0121988678099756E-003  -1.3139056755610734E-003  -1.3325879318275750E-003   2.9480831417465557E-003   2.5995723679708782E-003  -2.7109752508682784E-004  -7.8037789899615372E-003
 Orbit Propagation
 day of year        2019         199 G08  beta  -31.978466868474587     
 ECOM1 SRP MODEL IS ACTIVATED
 Orbit residuals: ICRF
 RMS-XYZ ICRF FIT G08        0.0000        0.0000        0.0000
 External Orbit comparison
 Orbit comparison: ICRF
 RMS-RTN ICRF CMP G08        0.0179        0.0699        0.0293
 RMS-XYZ ICRF CMP G08        0.0492        0.0460        0.0390
 Orbit comparison: ITRF
 RMS-XYZ ITRF CMP G08        0.0373        0.0561        0.0390
  
  
 PRN: G09, SVN:  68, BLK TYP: GPS-IIF, BLKID:   8, TX PWR: 240, MASS: 1633.000
 Zo   58682.000000000000        0.0000000000000000        26305868.006000929        3490106.2356343456        954326.89698569791       -178.88026355896173        2245.7266169407103       -3152.8563434902658        1.0482791312587636        2.6371188043231839E-003  -5.6595224197894412E-003  -3.8293789699594466E-003  -1.1174114531721383E-004   1.3667303150667076E-003   3.9144281698391030E-003   5.4598670343008176E-003   1.2554709788938044E-003
 Orbit Propagation
 day of year        2019         199 G09  beta   68.870868489476749     
 ECOM1 SRP MODEL IS ACTIVATED
 Orbit residuals: ICRF
 RMS-XYZ ICRF FIT G09        0.0000        0.0000        0.0000
 External Orbit comparison
 Orbit comparison: ICRF
 RMS-RTN ICRF CMP G09        0.0125        0.0376        0.0412
 RMS-XYZ ICRF CMP G09        0.0235        0.0400        0.0334
 Orbit comparison: ITRF
 RMS-XYZ ITRF CMP G09        0.0334        0.0323        0.0333
  
  
 PRN: G10, SVN:  73, BLK TYP: GPS-IIF, BLKID:   8, TX PWR: 240, MASS: 1633.000
 Zo   58682.000000000000        0.0000000000000000       -20087327.188523866        15763718.758178454        7748874.8432782833       -709.16974632651261       -2359.5680090783826        2966.2132724017933        1.0517725725520146        1.0741304853011263E-003  -6.7708614527870001E-004  -1.2164364576043344E-003   6.7184232150283691E-004   1.0012106265670526E-003   9.5644328858723940E-003  -6.1040859015977882E-003  -2.8227946736433906E-003
 Orbit Propagation
 day of year        2019         199 G10  beta   22.172944299185410     
 ECOM1 SRP MODEL IS ACTIVATED
 Orbit residuals: ICRF
 RMS-XYZ ICRF FIT G10        0.0000        0.0000        0.0000
 External Orbit comparison
 Orbit comparison: ICRF
 RMS-RTN ICRF CMP G10        0.0190        0.0605        0.0362
 RMS-XYZ ICRF CMP G10        0.0423        0.0519        0.0292
 Orbit comparison: ITRF
 RMS-XYZ ITRF CMP G10        0.0509        0.0434        0.0292
  
  
 PRN: G11, SVN:  46, BLK TYP: GPS-IIR-A, BLKID:   5, TX PWR:  60, MASS: 1080.000
 Zo   58682.000000000000        0.0000000000000000        19459377.252436750        18291908.840372834       -656170.79932548257       -1606.4900859331233        1729.7255847860765        3043.3398715473927       0.99742405272163126       -1.9374208575763765E-004  -2.2984397630093426E-002   1.4203737738356415E-002   4.3591448522790682E-004   1.2310877061797636E-004  -9.2543787892019388E-003   9.4870751045531172E-003  -3.4928951078400201E-003
 Orbit Propagation
 day of year        2019         199 G11  beta  -28.785564326753072     
 ECOM1 SRP MODEL IS ACTIVATED
 Orbit residuals: ICRF
 RMS-XYZ ICRF FIT G11        0.0000        0.0000        0.0000
 External Orbit comparison
 Orbit comparison: ICRF
 RMS-RTN ICRF CMP G11        0.0238        0.0635        0.0532
 RMS-XYZ ICRF CMP G11        0.0569        0.0346        0.0547
 Orbit comparison: ITRF
 RMS-XYZ ITRF CMP G11        0.0498        0.0442        0.0548
  
  
 PRN: G12, SVN:  58, BLK TYP: GPS-IIR-M, BLKID:   7, TX PWR: 145, MASS: 1080.000
 Zo   58682.000000000000        0.0000000000000000       -8252989.0312958360       -12679901.299856085       -22029864.629617658        2848.3655452055536       -2555.1488950659627        423.61326827337945       0.96535566862038213       -4.7426184068080956E-003  -5.8831127544450787E-003   5.5479290178867815E-003  -1.1435385964554034E-003   2.7224159839075871E-003   2.5041996997315877E-003   1.1587834602898302E-002  -4.8733767602930321E-003
 Orbit Propagation
 day of year        2019         199 G12  beta  -1.5420030485498313     
 ECOM1 SRP MODEL IS ACTIVATED
 Orbit residuals: ICRF
 RMS-XYZ ICRF FIT G12        0.0000        0.0000        0.0000
 External Orbit comparison
 Orbit comparison: ICRF
 RMS-RTN ICRF CMP G12        0.0239        0.0630        0.0100
 RMS-XYZ ICRF CMP G12        0.0405        0.0456        0.0302
 Orbit comparison: ITRF
 RMS-XYZ ITRF CMP G12        0.0458        0.0404        0.0302
  
  
 PRN: G13, SVN:  43, BLK TYP: GPS-IIR-A, BLKID:   5, TX PWR:  60, MASS: 1080.000
 Zo   58682.000000000000        0.0000000000000000       -2457045.4287190111       -15902686.973680517        21011736.488318380        3756.8098353220335        534.97420101729267        845.08081178482212       0.95834733727667443       -3.5725857380949021E-003  -1.8056630657130386E-003  -5.4123179038318662E-004   6.4761013199476978E-004   4.6385379248172328E-004  -4.8134149532575686E-003   1.3237908512775738E-002  -4.0042755390460043E-004
 Orbit Propagation
 day of year        2019         199 G13  beta   74.004370209376461     
 ECOM1 SRP MODEL IS ACTIVATED
 Orbit residuals: ICRF
 RMS-XYZ ICRF FIT G13        0.0000        0.0000        0.0000
 External Orbit comparison
 Orbit comparison: ICRF
 RMS-RTN ICRF CMP G13        0.0184        0.0898        0.0274
 RMS-XYZ ICRF CMP G13        0.0643        0.0555        0.0441
 Orbit comparison: ITRF
 RMS-XYZ ITRF CMP G13        0.0682        0.0505        0.0441
  
  
 PRN: G14, SVN:  41, BLK TYP: GPS-IIR-A, BLKID:   5, TX PWR:  60, MASS: 1080.000
 Zo   58682.000000000000        0.0000000000000000       -13426909.287088731        10930870.128980419       -19865733.170383554       -3279.1028717145809       -1728.0434339477642        1227.1762537695397       0.96615933553262079       -4.0439852445005873E-003  -4.5081614385665287E-004  -4.7066839778879999E-004  -1.7548188358208674E-003  -7.6322351431228389E-004  -7.8857887296366804E-003   2.8256705957628345E-002  -2.8815340364053274E-003
 Orbit Propagation
 day of year        2019         199 G14  beta   72.358710282758224     
 ECOM1 SRP MODEL IS ACTIVATED
 Orbit residuals: ICRF
 RMS-XYZ ICRF FIT G14        0.0000        0.0000        0.0000
 External Orbit comparison
 Orbit comparison: ICRF
 RMS-RTN ICRF CMP G14        0.0227        0.0407        0.0470
 RMS-XYZ ICRF CMP G14        0.0400        0.0497        0.0177
 Orbit comparison: ITRF
 RMS-XYZ ITRF CMP G14        0.0387        0.0507        0.0176
  
  
 PRN: G15, SVN:  55, BLK TYP: GPS-IIR-M, BLKID:   7, TX PWR: 145, MASS: 1080.000
 Zo   58682.000000000000        0.0000000000000000       -15071256.142143209       -13644281.146874560        16619451.398303950        3196.6357828382042       -1200.8917363013736        1921.3832435382833       0.94710122466354496       -5.5982184036243209E-003   6.5263853655762904E-004   1.6517620810171637E-004   6.8857349540016809E-004  -6.0473511767224317E-004  -1.2489543825199973E-002   3.1525067055250183E-002  -1.7204492530164092E-003
 Orbit Propagation
 day of year        2019         199 G15  beta   64.990849010671226     
 ECOM1 SRP MODEL IS ACTIVATED
 Orbit residuals: ICRF
 RMS-XYZ ICRF FIT G15        0.0000        0.0000        0.0000
 External Orbit comparison
 Orbit comparison: ICRF
 RMS-RTN ICRF CMP G15        0.0437        0.0871        0.0293
 RMS-XYZ ICRF CMP G15        0.0732        0.0542        0.0454
 Orbit comparison: ITRF
 RMS-XYZ ITRF CMP G15        0.0545        0.0729        0.0454
  
  
 PRN: G16, SVN:  56, BLK TYP: GPS-IIR-A, BLKID:   5, TX PWR:  60, MASS: 1080.000
 Zo   58682.000000000000        0.0000000000000000       -9208086.1897422522        21435561.773974624        12902727.850942949       -2834.6250468810636        389.70780979642018       -2590.0240414560690       0.99110106424912126        5.4189030152175424E-004  -1.5983755406202855E-003   5.8392932155229048E-003  -8.0402703265831357E-004   1.1369232173596346E-003   9.1442751770381945E-005   1.4683089714967465E-002  -4.6920358225376029E-003
 Orbit Propagation
 day of year        2019         199 G16  beta  -2.3520624529238408     
 ECOM1 SRP MODEL IS ACTIVATED
 Orbit residuals: ICRF
 RMS-XYZ ICRF FIT G16        0.0000        0.0000        0.0000
 External Orbit comparison
 Orbit comparison: ICRF
 RMS-RTN ICRF CMP G16        0.0330        0.0706        0.0239
 RMS-XYZ ICRF CMP G16        0.0535        0.0379        0.0485
 Orbit comparison: ITRF
 RMS-XYZ ITRF CMP G16        0.0341        0.0559        0.0485
  
  
 PRN: G17, SVN:  53, BLK TYP: GPS-IIR-M, BLKID:   7, TX PWR: 145, MASS: 1080.000
 Zo   58682.000000000000        0.0000000000000000        20245853.349727284       -6032077.2041278575       -15748216.388971010        2418.3557605880342        2091.5687929684773        2241.6882668760877       0.96505711410384976       -5.5159009853039329E-003  -1.4275009403276518E-002   1.0908548099725779E-002  -9.0774125298307242E-004  -5.8948013590848789E-004   5.6102406735922096E-003   1.9404855700309746E-002  -3.5863711595854053E-003
 Orbit Propagation
 day of year        2019         199 G17  beta  -33.710337961918640     
 ECOM1 SRP MODEL IS ACTIVATED
 Orbit residuals: ICRF
 RMS-XYZ ICRF FIT G17        0.0000        0.0000        0.0000
 External Orbit comparison
 Orbit comparison: ICRF
 RMS-RTN ICRF CMP G17        0.0133        0.0754        0.0463
 RMS-XYZ ICRF CMP G17        0.0500        0.0657        0.0344
 Orbit comparison: ITRF
 RMS-XYZ ITRF CMP G17        0.0591        0.0577        0.0344
  
  
 PRN: G18, SVN:  34, BLK TYP: GPS-IIA, BLKID:   3, TX PWR:  50, MASS:  930.000
 Zo   58682.000000000000        0.0000000000000000        11244747.926583726        23968039.208443470       -1462270.2954714987       -1978.7040006884740        1054.9325428788904        3167.2392105023587       0.98911834424626377        7.7009842235300193E-003  -2.7178968656248058E-003  -3.2875101528812949E-003   3.3715105658951795E-004  -1.8563216594665224E-003  -3.5325448820176992E-003  -2.6901014098452921E-003  -9.2933443417039258E-003
 Orbit Propagation
 day of year        2019         199 G18  beta  -21.911794935673623     
 ECOM1 SRP MODEL IS ACTIVATED
 Orbit residuals: ICRF
 RMS-XYZ ICRF FIT G18        0.0000        0.0000        0.0000
 External Orbit comparison
 Orbit comparison: ICRF
 RMS-RTN ICRF CMP G18        0.0200        0.0460        0.0217
 RMS-XYZ ICRF CMP G18        0.0184        0.0341        0.0385
 Orbit comparison: ITRF
 RMS-XYZ ITRF CMP G18        0.0324        0.0212        0.0385
  
  
 PRN: G19, SVN:  59, BLK TYP: GPS-IIR-B, BLKID:   6, TX PWR:  60, MASS: 1080.000
 Zo   58682.000000000000        0.0000000000000000        14576480.363506673       -9877505.3540689424       -20172584.241346058        3093.6931925926733        1821.5051259131878        1369.5527128580893       0.99288092266928352       -3.7896393138773204E-003  -1.4105816438606552E-002   1.1935981119360731E-002  -1.1977826735058580E-003  -1.2151550549813150E-003  -1.9104190327021418E-003   2.0960603630240163E-002  -2.5800270455942588E-003
 Orbit Propagation
 day of year        2019         199 G19  beta  -34.127549440231498     
 ECOM1 SRP MODEL IS ACTIVATED
 Orbit residuals: ICRF
 RMS-XYZ ICRF FIT G19        0.0000        0.0000        0.0000
 External Orbit comparison
 Orbit comparison: ICRF
 RMS-RTN ICRF CMP G19        0.0155        0.0452        0.0545
 RMS-XYZ ICRF CMP G19        0.0310        0.0518        0.0401
 Orbit comparison: ITRF
 RMS-XYZ ITRF CMP G19        0.0428        0.0426        0.0401
  
  
 PRN: G20, SVN:  51, BLK TYP: GPS-IIR-A, BLKID:   5, TX PWR:  60, MASS: 1080.000
 Zo   58682.000000000000        0.0000000000000000       -19548585.722282186        9022568.4373298511        15553981.653209453        218.87609590772675       -3234.3728425843169        2120.8180865420127       0.98671820684044809       -7.1745852349603964E-003  -3.6466297673695804E-003   8.6686586179942487E-003   1.2989889198899629E-003  -6.6303196607819586E-003  -3.6516863375234657E-003   1.5478042551259770E-002  -7.4904134678198788E-003
 Orbit Propagation
 day of year        2019         199 G20  beta   17.108459065295992     
 ECOM1 SRP MODEL IS ACTIVATED
 Orbit residuals: ICRF
 RMS-XYZ ICRF FIT G20        0.0000        0.0000        0.0000
 External Orbit comparison
 Orbit comparison: ICRF
 RMS-RTN ICRF CMP G20        0.0305        0.0699        0.0232
 RMS-XYZ ICRF CMP G20        0.0444        0.0555        0.0360
 Orbit comparison: ITRF
 RMS-XYZ ITRF CMP G20        0.0504        0.0501        0.0360
  
  
 PRN: G21, SVN:  45, BLK TYP: GPS-IIR-A, BLKID:   5, TX PWR:  60, MASS: 1080.000
 Zo   58682.000000000000        0.0000000000000000       -16723812.390788537       -67983.754364332461        21460452.455843072       -953.83345177994420       -3576.8618093305804       -767.59772422570711       0.97984168160969409       -2.0409298088948703E-003  -2.3287117545075051E-002   2.2697380523548423E-002  -7.2228896296205826E-004  -2.8559485672236084E-003   4.7448386112022446E-003   1.5045232855361204E-002  -2.1655895081973625E-004
 Orbit Propagation
 day of year        2019         199 G21  beta  -21.949571262532057     
 ECOM1 SRP MODEL IS ACTIVATED
 Orbit residuals: ICRF
 RMS-XYZ ICRF FIT G21        0.0000        0.0000        0.0000
 External Orbit comparison
 Orbit comparison: ICRF
 RMS-RTN ICRF CMP G21        0.0481        0.0743        0.0305
 RMS-XYZ ICRF CMP G21        0.0381        0.0687        0.0511
 Orbit comparison: ITRF
 RMS-XYZ ITRF CMP G21        0.0637        0.0459        0.0510
  
  
 PRN: G22, SVN:  47, BLK TYP: GPS-IIR-B, BLKID:   6, TX PWR:  60, MASS: 1080.000
 Zo   58682.000000000000        0.0000000000000000        6040917.9218527852        16625303.363453200       -19562533.099816758       -2821.0330961624436        2421.5627551787125        1181.9663230732410       0.98502300089960670       -7.3589095186329442E-003  -1.6786712134977958E-002   1.4504826725241875E-002  -1.6660889866664289E-003  -2.6713360948801119E-004   6.6356454809210295E-003   1.4218527759963968E-002  -2.3739228234770666E-003
 Orbit Propagation
 day of year        2019         199 G22  beta   19.317553384694335     
 ECOM1 SRP MODEL IS ACTIVATED
 Orbit residuals: ICRF
 RMS-XYZ ICRF FIT G22        0.0000        0.0000        0.0000
 External Orbit comparison
 Orbit comparison: ICRF
 RMS-RTN ICRF CMP G22        0.0212        0.0338        0.0383
 RMS-XYZ ICRF CMP G22        0.0417        0.0326        0.0162
 Orbit comparison: ITRF
 RMS-XYZ ITRF CMP G22        0.0485        0.0213        0.0162
  
  
 PRN: G23, SVN:  60, BLK TYP: GPS-IIR-B, BLKID:   6, TX PWR:  60, MASS: 1080.000
 Zo   58682.000000000000        0.0000000000000000        20962735.423691370        11290034.576843502       -10997866.869853368       -2322.5743421943512        1633.2881930434262       -2706.7784326159140       0.96560688431610553       -1.9308692054517862E-003   2.0362619651583557E-003  -2.6066781040887999E-004  -3.8785481031052434E-003   3.4585028312597950E-003  -7.1886280640175906E-003   1.1149151337268733E-002   5.3855693011457244E-003
 Orbit Propagation
 day of year        2019         199 G23  beta   68.339021425426083     
 ECOM1 SRP MODEL IS ACTIVATED
 Orbit residuals: ICRF
 RMS-XYZ ICRF FIT G23        0.0000        0.0000        0.0000
 External Orbit comparison
 Orbit comparison: ICRF
 RMS-RTN ICRF CMP G23        0.0172        0.0366        0.0588
 RMS-XYZ ICRF CMP G23        0.0187        0.0369        0.0581
 Orbit comparison: ITRF
 RMS-XYZ ITRF CMP G23        0.0331        0.0248        0.0581
  
  
 PRN: G24, SVN:  65, BLK TYP: GPS-IIF, BLKID:   8, TX PWR: 240, MASS: 1633.000
 Zo   58682.000000000000        0.0000000000000000       -14280751.016702162       -21254672.003085837       -6518302.7546447646        1566.7492404906066       -1938.2213076225291        2992.1007124295807        1.0626832757696107        2.4677994338525959E-003  -2.4568857564171306E-003  -2.5734086936408497E-003   2.3109265099555496E-003  -2.4320102074365611E-004   7.4409646319235293E-004   2.3943914888893171E-002  -3.1778476196525664E-003
 Orbit Propagation
 day of year        2019         199 G24  beta   52.032371620207940     
 ECOM1 SRP MODEL IS ACTIVATED
 Orbit residuals: ICRF
 RMS-XYZ ICRF FIT G24        0.0000        0.0000        0.0000
 External Orbit comparison
 Orbit comparison: ICRF
 RMS-RTN ICRF CMP G24        0.0221        0.0659        0.0467
 RMS-XYZ ICRF CMP G24        0.0502        0.0615        0.0266
 Orbit comparison: ITRF
 RMS-XYZ ITRF CMP G24        0.0570        0.0552        0.0267
  
  
 PRN: G25, SVN:  62, BLK TYP: GPS-IIF, BLKID:   8, TX PWR: 240, MASS: 1633.000
 Zo   58682.000000000000        0.0000000000000000       -17681426.356289234       -467833.65922355087       -20102994.586864013        1575.7322407494546       -3254.5773757126490       -1299.6679647082763        1.0546582043153072        1.0880832704299676E-003  -6.7356003566617561E-003   1.3480399072779616E-003  -5.4353756471083937E-004   3.4095984365952346E-003   3.3907795416716034E-003  -7.5370840161040238E-003  -3.4676798372928232E-003
 Orbit Propagation
 day of year        2019         199 G25  beta   1.5449973293008856     
 ECOM1 SRP MODEL IS ACTIVATED
 Orbit residuals: ICRF
 RMS-XYZ ICRF FIT G25        0.0000        0.0000        0.0000
 External Orbit comparison
 Orbit comparison: ICRF
 RMS-RTN ICRF CMP G25        0.0147        0.0502        0.0101
 RMS-XYZ ICRF CMP G25        0.0259        0.0351        0.0306
 Orbit comparison: ITRF
 RMS-XYZ ITRF CMP G25        0.0318        0.0299        0.0306
  
  
 PRN: G26, SVN:  71, BLK TYP: GPS-IIF, BLKID:   8, TX PWR: 240, MASS: 1633.000
 Zo   58682.000000000000        0.0000000000000000       -14680219.808043750        22034405.894027386        3080611.4375690343       -2084.5219709151352       -949.21254875953775       -3107.2172678237303        1.0546748605584224        3.7739740026311369E-004  -6.1469441481802880E-003   4.0301195808693669E-003   9.7662799845386471E-005   7.5336934281768379E-004   1.1731193086217838E-003   1.3357374666032196E-003  -4.8250675860540288E-003
 Orbit Propagation
 day of year        2019         199 G26  beta   3.2486415825641957     
 ECOM1 SRP MODEL IS ACTIVATED
 Orbit residuals: ICRF
 RMS-XYZ ICRF FIT G26        0.0000        0.0000        0.0000
 External Orbit comparison
 Orbit comparison: ICRF
 RMS-RTN ICRF CMP G26        0.0334        0.0811        0.0193
 RMS-XYZ ICRF CMP G26        0.0599        0.0388        0.0545
 Orbit comparison: ITRF
 RMS-XYZ ITRF CMP G26        0.0248        0.0668        0.0545
  
  
 PRN: G27, SVN:  66, BLK TYP: GPS-IIF, BLKID:   8, TX PWR: 240, MASS: 1633.000
 Zo   58682.000000000000        0.0000000000000000       -712752.05538115499        14825044.316009210        21898071.526545729       -3848.9841565162719       -503.03495393822817        243.17159989917988        1.0483092690776414        2.5408153550369578E-003  -7.8569258501869389E-003   3.4107464813398062E-003  -1.6855784221778548E-003   4.4973651309868582E-003   3.7674643572152325E-003   1.1691115551981379E-002  -9.8531215679604246E-003
 Orbit Propagation
 day of year        2019         199 G27  beta  -32.609557605304644     
 ECOM1 SRP MODEL IS ACTIVATED
 Orbit residuals: ICRF
 RMS-XYZ ICRF FIT G27        0.0000        0.0000        0.0000
 External Orbit comparison
 Orbit comparison: ICRF
 RMS-RTN ICRF CMP G27        0.0219        0.0736        0.0444
 RMS-XYZ ICRF CMP G27        0.0592        0.0537        0.0386
 Orbit comparison: ITRF
 RMS-XYZ ITRF CMP G27        0.0603        0.0524        0.0386
  
  
 PRN: G28, SVN:  44, BLK TYP: GPS-IIR-A, BLKID:   5, TX PWR:  60, MASS: 1080.000
 Zo   58682.000000000000        0.0000000000000000        21477928.844515514       -13474069.223116865        8339483.3551543625        430.28593512539209        2395.8622296700946        2989.3410089407375       0.98078704913356762       -2.1171837657935830E-003   4.9606129060259570E-004  -2.2344032989961653E-003  -4.4990568152005018E-005   5.4490339049168002E-003  -4.9730328123584215E-003   9.9913003671863870E-003  -4.8843329939880862E-003
 Orbit Propagation
 day of year        2019         199 G28  beta  -2.4924051035421853     
 ECOM1 SRP MODEL IS ACTIVATED
 Orbit residuals: ICRF
 RMS-XYZ ICRF FIT G28        0.0000        0.0000        0.0000
 External Orbit comparison
 Orbit comparison: ICRF
 RMS-RTN ICRF CMP G28        0.0170        0.0469        0.0285
 RMS-XYZ ICRF CMP G28        0.0200        0.0253        0.0475
 Orbit comparison: ITRF
 RMS-XYZ ITRF CMP G28        0.0232        0.0223        0.0476
  
  
 PRN: G29, SVN:  57, BLK TYP: GPS-IIR-M, BLKID:   7, TX PWR: 145, MASS: 1080.000
 Zo   58682.000000000000        0.0000000000000000       -25319389.590368006       -7697583.5952185551       -2210417.0975450715        876.85995617431001       -1977.0625933830383       -3214.9568569823705       0.96999214837476633       -5.2295665917829514E-003  -1.2016332196711377E-002   6.4981970994876940E-003  -7.3282424543911790E-004   7.8901379944426304E-004  -5.0770013700353906E-003   3.0400940101327732E-002  -3.9482215609630417E-003
 Orbit Propagation
 day of year        2019         199 G29  beta  -33.936509337871634     
 ECOM1 SRP MODEL IS ACTIVATED
 Orbit residuals: ICRF
 RMS-XYZ ICRF FIT G29        0.0000        0.0000        0.0000
 External Orbit comparison
 Orbit comparison: ICRF
 RMS-RTN ICRF CMP G29        0.0251        0.0453        0.0617
 RMS-XYZ ICRF CMP G29        0.0348        0.0418        0.0594
 Orbit comparison: ITRF
 RMS-XYZ ITRF CMP G29        0.0319        0.0440        0.0595
  
  
 PRN: G30, SVN:  64, BLK TYP: GPS-IIF, BLKID:   8, TX PWR: 240, MASS: 1633.000
 Zo   58682.000000000000        0.0000000000000000        14570461.666869298       -5960770.0799198048        21427832.689153966        1268.7501247639766        3653.3337120599126        134.22756219684484        1.0537905804659971        1.2223352836733710E-004  -9.1492412920897020E-003  -6.9758592304820614E-004  -7.5239493123288831E-004  -2.3677331230503732E-004  -4.8239075654689829E-003   1.5913508888407493E-002  -2.9243506126630627E-003
 Orbit Propagation
 day of year        2019         199 G30  beta   47.767947061272956     
 ECOM1 SRP MODEL IS ACTIVATED
 Orbit residuals: ICRF
 RMS-XYZ ICRF FIT G30        0.0000        0.0000        0.0000
 External Orbit comparison
 Orbit comparison: ICRF
 RMS-RTN ICRF CMP G30        0.0161        0.0288        0.0187
 RMS-XYZ ICRF CMP G30        0.0184        0.0169        0.0285
 Orbit comparison: ITRF
 RMS-XYZ ITRF CMP G30        0.0121        0.0219        0.0285
  
  
 PRN: G31, SVN:  52, BLK TYP: GPS-IIR-M, BLKID:   7, TX PWR: 145, MASS: 1080.000
 Zo   58682.000000000000        0.0000000000000000       -7932107.7949760072        17468241.630465057       -18555434.447376337       -2136.1530630953766       -2758.2880129910845       -1639.9964910137821       0.95567731974541414       -7.7888459950819213E-003  -1.6529059923730893E-002   2.8191055744199423E-003  -2.9009159823153025E-003  -2.0812245545668105E-003  -1.7890863899240078E-002   5.2004661370030555E-002  -5.8159769451464512E-003
 Orbit Propagation
 day of year        2019         199 G31  beta   48.520267788110708     
 ECOM1 SRP MODEL IS ACTIVATED
 Orbit residuals: ICRF
 RMS-XYZ ICRF FIT G31        0.0000        0.0000        0.0000
 External Orbit comparison
 Orbit comparison: ICRF
 RMS-RTN ICRF CMP G31        0.0409        0.0523        0.0313
 RMS-XYZ ICRF CMP G31        0.0296        0.0580        0.0336
 Orbit comparison: ITRF
 RMS-XYZ ITRF CMP G31        0.0423        0.0495        0.0337
  
  
 PRN: G32, SVN:  70, BLK TYP: GPS-IIF, BLKID:   8, TX PWR: 240, MASS: 1633.000
 Zo   58682.000000000000        0.0000000000000000       -19943138.452936716        7906843.7196091376       -15671853.942800594       -2515.0745548925711       -1978.5793800857284        2181.2904626042550        1.0504906496409723        1.3021404398552475E-003  -1.4788405788554254E-002  -3.0318858294378654E-003  -8.6048765805847604E-004  -2.8253807837803169E-003   2.2801798922783756E-003   1.2535185699971908E-002  -7.0945006197287060E-003
 Orbit Propagation
 day of year        2019         199 G32  beta   69.273596028229647     
 ECOM1 SRP MODEL IS ACTIVATED
 Orbit residuals: ICRF
 RMS-XYZ ICRF FIT G32        0.0000        0.0000        0.0000
 External Orbit comparison
 Orbit comparison: ICRF
 RMS-RTN ICRF CMP G32        0.0182        0.0289        0.0325
 RMS-XYZ ICRF CMP G32        0.0166        0.0341        0.0281
 Orbit comparison: ITRF
 RMS-XYZ ITRF CMP G32        0.0261        0.0275        0.0281
  
  
 CPU Time (sec)   108.42458700000000     
